[1.517s] running develop
[1.518s] running egg_info
[1.518s] creating brain.egg-info
[1.518s] writing brain.egg-info/PKG-INFO
[1.518s] writing dependency_links to brain.egg-info/dependency_links.txt
[1.518s] writing entry points to brain.egg-info/entry_points.txt
[1.518s] writing requirements to brain.egg-info/requires.txt
[1.518s] writing top-level names to brain.egg-info/top_level.txt
[1.519s] writing manifest file 'brain.egg-info/SOURCES.txt'
[1.519s] reading manifest file 'brain.egg-info/SOURCES.txt'
[1.519s] writing manifest file 'brain.egg-info/SOURCES.txt'
[1.519s] running build_ext
[1.519s] Creating /home/autonomous-car/Desktop/Autonomous_car_ros2/install/brain/lib/python3.6/site-packages/site.py
[1.519s] Creating /home/autonomous-car/Desktop/Autonomous_car_ros2/install/brain/lib/python3.6/site-packages/brain.egg-link (link to .)
[1.519s] 
[1.519s] Installed /home/autonomous-car/Desktop/Autonomous_car_ros2/build/brain
[1.519s] running install_data
[1.519s] creating /home/autonomous-car/Desktop/Autonomous_car_ros2/install/brain/share/ament_index
[1.519s] creating /home/autonomous-car/Desktop/Autonomous_car_ros2/install/brain/share/ament_index/resource_index
[1.519s] creating /home/autonomous-car/Desktop/Autonomous_car_ros2/install/brain/share/ament_index/resource_index/packages
[1.519s] copying resource/brain -> /home/autonomous-car/Desktop/Autonomous_car_ros2/install/brain/share/ament_index/resource_index/packages
[1.519s] copying package.xml -> /home/autonomous-car/Desktop/Autonomous_car_ros2/install/brain/share/brain
