[0.256s] [  3%] Built target new_msg__cpp
[0.256s] [ 13%] Built target new_msg__rosidl_generator_c
[0.256s] [ 24%] Built target new_msg__rosidl_typesupport_introspection_cpp
[0.257s] [ 34%] Built target new_msg__rosidl_typesupport_introspection_c
[0.257s] [ 44%] Built target new_msg__rosidl_typesupport_fastrtps_cpp
[0.257s] [ 55%] Built target new_msg__rosidl_typesupport_fastrtps_c
[0.258s] [ 65%] Built target new_msg__rosidl_typesupport_cpp
[0.258s] [ 75%] Built target new_msg__rosidl_typesupport_c
[0.258s] [ 75%] Built target new_msg
[0.258s] [ 79%] Built target new_msg__py
[0.258s] [ 86%] Built target new_msg__python
[0.258s] [ 93%] Built target custom_msgs__rosidl_typesupport_fastrtps_c__pyext
[0.258s] [100%] Built target custom_msgs__rosidl_typesupport_c__pyext
[0.953s] [  3%] Built target new_msg__cpp
[0.954s] [ 13%] Built target new_msg__rosidl_generator_c
[0.978s] [ 24%] Built target new_msg__rosidl_typesupport_introspection_cpp
[0.983s] [ 34%] Built target new_msg__rosidl_typesupport_introspection_c
[0.985s] [ 44%] Built target new_msg__rosidl_typesupport_fastrtps_cpp
[1.005s] [ 55%] Built target new_msg__rosidl_typesupport_cpp
[1.010s] [ 65%] Built target new_msg__rosidl_typesupport_fastrtps_c
[1.029s] [ 75%] Built target new_msg__rosidl_typesupport_c
[1.044s] [ 75%] Built target new_msg
[1.060s] [ 79%] Built target new_msg__py
[1.080s] [ 86%] Built target new_msg__python
[1.102s] [ 93%] Built target custom_msgs__rosidl_typesupport_fastrtps_c__pyext
[1.102s] [100%] Built target custom_msgs__rosidl_typesupport_c__pyext
[1.116s] [36mInstall the project...[0m
[1.122s] -- Install configuration: ""
[1.123s] -- Execute custom install script
[1.123s] -- Up-to-date symlink: /home/autonomous-car/Desktop/Autonomous_car_ros2/install/custom_msgs/share/ament_index/resource_index/rosidl_interfaces/custom_msgs
[1.123s] -- Up-to-date symlink: /home/autonomous-car/Desktop/Autonomous_car_ros2/install/custom_msgs/include/custom_msgs/msg/radar_scan.hpp
[1.124s] -- Up-to-date symlink: /home/autonomous-car/Desktop/Autonomous_car_ros2/install/custom_msgs/include/custom_msgs/msg/radar_scan__struct.hpp
[1.124s] -- Up-to-date symlink: /home/autonomous-car/Desktop/Autonomous_car_ros2/install/custom_msgs/include/custom_msgs/msg/radar_scan__traits.hpp
[1.124s] -- Up-to-date symlink: /home/autonomous-car/Desktop/Autonomous_car_ros2/install/custom_msgs/include/custom_msgs/msg/radar_scan.h
[1.124s] -- Up-to-date symlink: /home/autonomous-car/Desktop/Autonomous_car_ros2/install/custom_msgs/include/custom_msgs/msg/radar_scan__functions.h
[1.124s] -- Up-to-date symlink: /home/autonomous-car/Desktop/Autonomous_car_ros2/install/custom_msgs/include/custom_msgs/msg/radar_scan__struct.h
[1.124s] -- Up-to-date symlink: /home/autonomous-car/Desktop/Autonomous_car_ros2/install/custom_msgs/include/custom_msgs/msg/radar_scan__type_support.h
[1.125s] -- Up-to-date symlink: /home/autonomous-car/Desktop/Autonomous_car_ros2/install/custom_msgs/include/custom_msgs/msg/rosidl_generator_c__visibility_control.h
[1.125s] -- Up-to-date symlink: /home/autonomous-car/Desktop/Autonomous_car_ros2/install/custom_msgs/share/custom_msgs/environment/library_path.sh
[1.125s] -- Up-to-date symlink: /home/autonomous-car/Desktop/Autonomous_car_ros2/install/custom_msgs/share/custom_msgs/environment/library_path.dsv
[1.125s] -- Up-to-date symlink: /home/autonomous-car/Desktop/Autonomous_car_ros2/install/custom_msgs/lib/libnew_msg__rosidl_generator_c.so
[1.126s] -- Up-to-date symlink: /home/autonomous-car/Desktop/Autonomous_car_ros2/install/custom_msgs/lib/libnew_msg__rosidl_typesupport_c.so
[1.126s] -- Up-to-date symlink: /home/autonomous-car/Desktop/Autonomous_car_ros2/install/custom_msgs/lib/libnew_msg__rosidl_typesupport_cpp.so
[1.126s] -- Up-to-date symlink: /home/autonomous-car/Desktop/Autonomous_car_ros2/install/custom_msgs/include/custom_msgs/msg/radar_scan__rosidl_typesupport_introspection_c.h
[1.126s] -- Up-to-date symlink: /home/autonomous-car/Desktop/Autonomous_car_ros2/install/custom_msgs/include/custom_msgs/msg/rosidl_typesupport_introspection_c__visibility_control.h
[1.127s] -- Up-to-date symlink: /home/autonomous-car/Desktop/Autonomous_car_ros2/install/custom_msgs/lib/libnew_msg__rosidl_typesupport_introspection_c.so
[1.127s] -- Up-to-date symlink: /home/autonomous-car/Desktop/Autonomous_car_ros2/install/custom_msgs/include/custom_msgs/msg/radar_scan__rosidl_typesupport_introspection_cpp.hpp
[1.127s] -- Up-to-date symlink: /home/autonomous-car/Desktop/Autonomous_car_ros2/install/custom_msgs/lib/libnew_msg__rosidl_typesupport_introspection_cpp.so
[1.128s] -- Up-to-date symlink: /home/autonomous-car/Desktop/Autonomous_car_ros2/install/custom_msgs/include/custom_msgs/msg/radar_scan__rosidl_typesupport_fastrtps_c.h
[1.128s] -- Up-to-date symlink: /home/autonomous-car/Desktop/Autonomous_car_ros2/install/custom_msgs/include/custom_msgs/msg/rosidl_typesupport_fastrtps_c__visibility_control.h
[1.128s] -- Up-to-date symlink: /home/autonomous-car/Desktop/Autonomous_car_ros2/install/custom_msgs/lib/libnew_msg__rosidl_typesupport_fastrtps_c.so
[1.128s] -- Up-to-date symlink: /home/autonomous-car/Desktop/Autonomous_car_ros2/install/custom_msgs/include/custom_msgs/msg/radar_scan__rosidl_typesupport_fastrtps_cpp.hpp
[1.129s] -- Up-to-date symlink: /home/autonomous-car/Desktop/Autonomous_car_ros2/install/custom_msgs/include/custom_msgs/msg/rosidl_typesupport_fastrtps_cpp__visibility_control.h
[1.129s] -- Up-to-date symlink: /home/autonomous-car/Desktop/Autonomous_car_ros2/install/custom_msgs/lib/libnew_msg__rosidl_typesupport_fastrtps_cpp.so
[1.129s] -- Up-to-date symlink: /home/autonomous-car/Desktop/Autonomous_car_ros2/install/custom_msgs/share/custom_msgs/environment/pythonpath.sh
[1.129s] -- Up-to-date symlink: /home/autonomous-car/Desktop/Autonomous_car_ros2/install/custom_msgs/share/custom_msgs/environment/pythonpath.dsv
[1.129s] -- Up-to-date symlink: /home/autonomous-car/Desktop/Autonomous_car_ros2/install/custom_msgs/lib/python3.6/site-packages/custom_msgs/__init__.py
[1.130s] -- Up-to-date symlink: /home/autonomous-car/Desktop/Autonomous_car_ros2/install/custom_msgs/lib/python3.6/site-packages/custom_msgs/msg/__init__.py
[1.130s] -- Up-to-date symlink: /home/autonomous-car/Desktop/Autonomous_car_ros2/install/custom_msgs/lib/python3.6/site-packages/custom_msgs/msg/_radar_scan.py
[1.130s] -- Up-to-date symlink: /home/autonomous-car/Desktop/Autonomous_car_ros2/install/custom_msgs/lib/python3.6/site-packages/custom_msgs/custom_msgs_s__rosidl_typesupport_c.cpython-36m-x86_64-linux-gnu.so
[1.131s] -- Up-to-date symlink: /home/autonomous-car/Desktop/Autonomous_car_ros2/install/custom_msgs/lib/python3.6/site-packages/custom_msgs/custom_msgs_s__rosidl_typesupport_fastrtps_c.cpython-36m-x86_64-linux-gnu.so
[1.131s] -- Up-to-date symlink: /home/autonomous-car/Desktop/Autonomous_car_ros2/install/custom_msgs/lib/libnew_msg__python.so
[1.131s] -- Up-to-date symlink: /home/autonomous-car/Desktop/Autonomous_car_ros2/install/custom_msgs/share/custom_msgs/msg/RadarScan.idl
[1.131s] -- Up-to-date symlink: /home/autonomous-car/Desktop/Autonomous_car_ros2/install/custom_msgs/share/custom_msgs/msg/RadarScan.msg
[1.131s] -- Up-to-date symlink: /home/autonomous-car/Desktop/Autonomous_car_ros2/install/custom_msgs/share/ament_index/resource_index/package_run_dependencies/custom_msgs
[1.132s] -- Up-to-date symlink: /home/autonomous-car/Desktop/Autonomous_car_ros2/install/custom_msgs/share/ament_index/resource_index/parent_prefix_path/custom_msgs
[1.132s] -- Up-to-date symlink: /home/autonomous-car/Desktop/Autonomous_car_ros2/install/custom_msgs/share/custom_msgs/environment/ament_prefix_path.sh
[1.132s] -- Up-to-date symlink: /home/autonomous-car/Desktop/Autonomous_car_ros2/install/custom_msgs/share/custom_msgs/environment/ament_prefix_path.dsv
[1.132s] -- Up-to-date symlink: /home/autonomous-car/Desktop/Autonomous_car_ros2/install/custom_msgs/share/custom_msgs/environment/path.sh
[1.132s] -- Up-to-date symlink: /home/autonomous-car/Desktop/Autonomous_car_ros2/install/custom_msgs/share/custom_msgs/environment/path.dsv
[1.133s] -- Up-to-date symlink: /home/autonomous-car/Desktop/Autonomous_car_ros2/install/custom_msgs/share/custom_msgs/local_setup.bash
[1.133s] -- Up-to-date symlink: /home/autonomous-car/Desktop/Autonomous_car_ros2/install/custom_msgs/share/custom_msgs/local_setup.sh
[1.133s] -- Up-to-date symlink: /home/autonomous-car/Desktop/Autonomous_car_ros2/install/custom_msgs/share/custom_msgs/local_setup.zsh
[1.133s] -- Up-to-date symlink: /home/autonomous-car/Desktop/Autonomous_car_ros2/install/custom_msgs/share/custom_msgs/local_setup.dsv
[1.133s] -- Symlinking: /home/autonomous-car/Desktop/Autonomous_car_ros2/install/custom_msgs/share/custom_msgs/package.dsv
[1.140s] -- Up-to-date symlink: /home/autonomous-car/Desktop/Autonomous_car_ros2/install/custom_msgs/share/ament_index/resource_index/packages/custom_msgs
[1.140s] -- Up-to-date symlink: /home/autonomous-car/Desktop/Autonomous_car_ros2/install/custom_msgs/share/custom_msgs/cmake/rosidl_cmake-extras.cmake
[1.140s] -- Up-to-date symlink: /home/autonomous-car/Desktop/Autonomous_car_ros2/install/custom_msgs/share/custom_msgs/cmake/ament_cmake_export_dependencies-extras.cmake
[1.141s] -- Up-to-date symlink: /home/autonomous-car/Desktop/Autonomous_car_ros2/install/custom_msgs/share/custom_msgs/cmake/ament_cmake_export_include_directories-extras.cmake
[1.141s] -- Up-to-date symlink: /home/autonomous-car/Desktop/Autonomous_car_ros2/install/custom_msgs/share/custom_msgs/cmake/ament_cmake_export_libraries-extras.cmake
[1.141s] -- Up-to-date symlink: /home/autonomous-car/Desktop/Autonomous_car_ros2/install/custom_msgs/share/custom_msgs/cmake/custom_msgsConfig.cmake
[1.141s] -- Up-to-date symlink: /home/autonomous-car/Desktop/Autonomous_car_ros2/install/custom_msgs/share/custom_msgs/cmake/custom_msgsConfig-version.cmake
[1.141s] -- Up-to-date symlink: /home/autonomous-car/Desktop/Autonomous_car_ros2/install/custom_msgs/share/custom_msgs/package.xml
