[2.101s] running develop
[2.247s] Removing /home/autonomous-car/Desktop/Autonomous_car_ros2/install/gather_data/lib/python3.6/site-packages/gather-data.egg-link (link to .)
[2.563s] running egg_info
[2.563s] writing /home/autonomous-car/Desktop/Autonomous_car_ros2/build/gather_data/gather_data.egg-info/PKG-INFO
[2.563s] writing dependency_links to /home/autonomous-car/Desktop/Autonomous_car_ros2/build/gather_data/gather_data.egg-info/dependency_links.txt
[2.563s] writing entry points to /home/autonomous-car/Desktop/Autonomous_car_ros2/build/gather_data/gather_data.egg-info/entry_points.txt
[2.563s] writing requirements to /home/autonomous-car/Desktop/Autonomous_car_ros2/build/gather_data/gather_data.egg-info/requires.txt
[2.563s] writing top-level names to /home/autonomous-car/Desktop/Autonomous_car_ros2/build/gather_data/gather_data.egg-info/top_level.txt
[2.589s] reading manifest file '/home/autonomous-car/Desktop/Autonomous_car_ros2/build/gather_data/gather_data.egg-info/SOURCES.txt'
[2.593s] writing manifest file '/home/autonomous-car/Desktop/Autonomous_car_ros2/build/gather_data/gather_data.egg-info/SOURCES.txt'
[2.593s] running build
[2.593s] running build_py
[2.593s] copying gather_data/gather_data.py -> /home/autonomous-car/Desktop/Autonomous_car_ros2/build/gather_data/build/lib/gather_data
[2.593s] running install
[2.594s] running install_lib
[2.594s] creating /home/autonomous-car/Desktop/Autonomous_car_ros2/install/gather_data/lib/python3.6/site-packages/gather_data
[2.594s] copying /home/autonomous-car/Desktop/Autonomous_car_ros2/build/gather_data/build/lib/gather_data/gather_data.py -> /home/autonomous-car/Desktop/Autonomous_car_ros2/install/gather_data/lib/python3.6/site-packages/gather_data
[2.594s] copying /home/autonomous-car/Desktop/Autonomous_car_ros2/build/gather_data/build/lib/gather_data/__init__.py -> /home/autonomous-car/Desktop/Autonomous_car_ros2/install/gather_data/lib/python3.6/site-packages/gather_data
[2.595s] byte-compiling /home/autonomous-car/Desktop/Autonomous_car_ros2/install/gather_data/lib/python3.6/site-packages/gather_data/gather_data.py to gather_data.cpython-36.pyc
[2.595s] byte-compiling /home/autonomous-car/Desktop/Autonomous_car_ros2/install/gather_data/lib/python3.6/site-packages/gather_data/__init__.py to __init__.cpython-36.pyc
[2.596s] running install_data
[2.596s] running install_egg_info
[2.598s] Copying /home/autonomous-car/Desktop/Autonomous_car_ros2/build/gather_data/gather_data.egg-info to /home/autonomous-car/Desktop/Autonomous_car_ros2/install/gather_data/lib/python3.6/site-packages/gather_data-0.0.0-py3.6.egg-info
[2.599s] running install_scripts
[2.615s] writing list of installed files to '/home/autonomous-car/Desktop/Autonomous_car_ros2/build/gather_data/install.log'
