[1.166s] -- The C compiler identification is GNU 7.5.0
[1.226s] -- The CXX compiler identification is GNU 7.5.0
[1.235s] -- Check for working C compiler: /usr/bin/cc
[1.317s] -- Check for working C compiler: /usr/bin/cc -- works
[1.321s] -- Detecting C compiler ABI info
[1.397s] -- Detecting C compiler ABI info - done
[1.399s] -- Detecting C compile features
[1.651s] -- Detecting C compile features - done
[1.651s] -- Check for working CXX compiler: /usr/bin/c++
[1.705s] -- Check for working CXX compiler: /usr/bin/c++ -- works
[1.706s] -- Detecting CXX compiler ABI info
[1.760s] -- Detecting CXX compiler ABI info - done
[1.764s] -- Detecting CXX compile features
[1.990s] -- Detecting CXX compile features - done
[1.992s] -- Found ament_cmake: 0.8.2 (/opt/ros/eloquent/share/ament_cmake/cmake)
[2.025s] -- Found PythonInterp: /usr/bin/python3 (found suitable version "3.6.9", minimum required is "3") 
[2.025s] -- Using PYTHON_EXECUTABLE: /usr/bin/python3
[2.205s] -- Override CMake install command with custom implementation using symlinks instead of copying resources
[2.282s] -- Configuring done
[2.284s] -- Generating done
[2.284s] -- Build files have been written to: /home/autonomous-car/Desktop/Autonomous_car_ros2/build/vision_opencv
[2.367s] [36mInstall the project...[0m
[2.373s] -- Install configuration: ""
[2.374s] -- Execute custom install script
[2.374s] -- Up-to-date symlink: /home/autonomous-car/Desktop/Autonomous_car_ros2/install/vision_opencv/share/ament_index/resource_index/package_run_dependencies/vision_opencv
[2.374s] -- Up-to-date symlink: /home/autonomous-car/Desktop/Autonomous_car_ros2/install/vision_opencv/share/ament_index/resource_index/parent_prefix_path/vision_opencv
[2.374s] -- Up-to-date symlink: /home/autonomous-car/Desktop/Autonomous_car_ros2/install/vision_opencv/share/vision_opencv/environment/ament_prefix_path.sh
[2.375s] -- Up-to-date symlink: /home/autonomous-car/Desktop/Autonomous_car_ros2/install/vision_opencv/share/vision_opencv/environment/ament_prefix_path.dsv
[2.375s] -- Up-to-date symlink: /home/autonomous-car/Desktop/Autonomous_car_ros2/install/vision_opencv/share/vision_opencv/environment/path.sh
[2.375s] -- Up-to-date symlink: /home/autonomous-car/Desktop/Autonomous_car_ros2/install/vision_opencv/share/vision_opencv/environment/path.dsv
[2.375s] -- Up-to-date symlink: /home/autonomous-car/Desktop/Autonomous_car_ros2/install/vision_opencv/share/vision_opencv/local_setup.bash
[2.375s] -- Up-to-date symlink: /home/autonomous-car/Desktop/Autonomous_car_ros2/install/vision_opencv/share/vision_opencv/local_setup.sh
[2.376s] -- Up-to-date symlink: /home/autonomous-car/Desktop/Autonomous_car_ros2/install/vision_opencv/share/vision_opencv/local_setup.zsh
[2.376s] -- Up-to-date symlink: /home/autonomous-car/Desktop/Autonomous_car_ros2/install/vision_opencv/share/vision_opencv/local_setup.dsv
[2.376s] -- Symlinking: /home/autonomous-car/Desktop/Autonomous_car_ros2/install/vision_opencv/share/vision_opencv/package.dsv
[2.384s] -- Up-to-date symlink: /home/autonomous-car/Desktop/Autonomous_car_ros2/install/vision_opencv/share/ament_index/resource_index/packages/vision_opencv
[2.385s] -- Up-to-date symlink: /home/autonomous-car/Desktop/Autonomous_car_ros2/install/vision_opencv/share/vision_opencv/cmake/vision_opencvConfig.cmake
[2.385s] -- Up-to-date symlink: /home/autonomous-car/Desktop/Autonomous_car_ros2/install/vision_opencv/share/vision_opencv/cmake/vision_opencvConfig-version.cmake
[2.385s] -- Up-to-date symlink: /home/autonomous-car/Desktop/Autonomous_car_ros2/install/vision_opencv/share/vision_opencv/package.xml
