Determining if the pthread_create exist failed with the following output:
Change Dir: /home/autonomous-car/Desktop/Autonomous_car_ros2/build/cv_bridge/CMakeFiles/CMakeTmp

Run Build Command:"/usr/bin/make" "cmTC_ef764/fast"
/usr/bin/make -f CMakeFiles/cmTC_ef764.dir/build.make CMakeFiles/cmTC_ef764.dir/build
make[1]: Entering directory '/home/autonomous-car/Desktop/Autonomous_car_ros2/build/cv_bridge/CMakeFiles/CMakeTmp'
Building C object CMakeFiles/cmTC_ef764.dir/CheckSymbolExists.c.o
/usr/bin/cc    -o CMakeFiles/cmTC_ef764.dir/CheckSymbolExists.c.o   -c /home/autonomous-car/Desktop/Autonomous_car_ros2/build/cv_bridge/CMakeFiles/CMakeTmp/CheckSymbolExists.c
Linking C executable cmTC_ef764
/usr/bin/cmake -E cmake_link_script CMakeFiles/cmTC_ef764.dir/link.txt --verbose=1
/usr/bin/cc      CMakeFiles/cmTC_ef764.dir/CheckSymbolExists.c.o  -o cmTC_ef764 
CMakeFiles/cmTC_ef764.dir/CheckSymbolExists.c.o: In function `main':
CheckSymbolExists.c:(.text+0x1b): undefined reference to `pthread_create'
collect2: error: ld returned 1 exit status
CMakeFiles/cmTC_ef764.dir/build.make:97: recipe for target 'cmTC_ef764' failed
make[1]: *** [cmTC_ef764] Error 1
make[1]: Leaving directory '/home/autonomous-car/Desktop/Autonomous_car_ros2/build/cv_bridge/CMakeFiles/CMakeTmp'
Makefile:126: recipe for target 'cmTC_ef764/fast' failed
make: *** [cmTC_ef764/fast] Error 2

File /home/autonomous-car/Desktop/Autonomous_car_ros2/build/cv_bridge/CMakeFiles/CMakeTmp/CheckSymbolExists.c:
/* */
#include <pthread.h>

int main(int argc, char** argv)
{
  (void)argv;
#ifndef pthread_create
  return ((int*)(&pthread_create))[argc];
#else
  (void)argc;
  return 0;
#endif
}

Determining if the pthread_create exist failed with the following output:
Change Dir: /home/autonomous-car/Desktop/Autonomous_car_ros2/build/cv_bridge/CMakeFiles/CMakeTmp

Run Build Command:"/usr/bin/make" "cmTC_999db/fast"
/usr/bin/make -f CMakeFiles/cmTC_999db.dir/build.make CMakeFiles/cmTC_999db.dir/build
make[1]: Entering directory '/home/autonomous-car/Desktop/Autonomous_car_ros2/build/cv_bridge/CMakeFiles/CMakeTmp'
Building C object CMakeFiles/cmTC_999db.dir/CheckSymbolExists.c.o
/usr/bin/cc    -o CMakeFiles/cmTC_999db.dir/CheckSymbolExists.c.o   -c /home/autonomous-car/Desktop/Autonomous_car_ros2/build/cv_bridge/CMakeFiles/CMakeTmp/CheckSymbolExists.c
Linking C executable cmTC_999db
/usr/bin/cmake -E cmake_link_script CMakeFiles/cmTC_999db.dir/link.txt --verbose=1
/usr/bin/cc      CMakeFiles/cmTC_999db.dir/CheckSymbolExists.c.o  -o cmTC_999db 
CMakeFiles/cmTC_999db.dir/CheckSymbolExists.c.o: In function `main':
CheckSymbolExists.c:(.text+0x1b): undefined reference to `pthread_create'
collect2: error: ld returned 1 exit status
CMakeFiles/cmTC_999db.dir/build.make:97: recipe for target 'cmTC_999db' failed
make[1]: *** [cmTC_999db] Error 1
make[1]: Leaving directory '/home/autonomous-car/Desktop/Autonomous_car_ros2/build/cv_bridge/CMakeFiles/CMakeTmp'
Makefile:126: recipe for target 'cmTC_999db/fast' failed
make: *** [cmTC_999db/fast] Error 2

File /home/autonomous-car/Desktop/Autonomous_car_ros2/build/cv_bridge/CMakeFiles/CMakeTmp/CheckSymbolExists.c:
/* */
#include <pthread.h>

int main(int argc, char** argv)
{
  (void)argv;
#ifndef pthread_create
  return ((int*)(&pthread_create))[argc];
#else
  (void)argc;
  return 0;
#endif
}

Determining if the pthread_create exist failed with the following output:
Change Dir: /home/autonomous-car/Desktop/Autonomous_car_ros2/build/cv_bridge/CMakeFiles/CMakeTmp

Run Build Command:"/usr/bin/make" "cmTC_1ecd1/fast"
/usr/bin/make -f CMakeFiles/cmTC_1ecd1.dir/build.make CMakeFiles/cmTC_1ecd1.dir/build
make[1]: Entering directory '/home/autonomous-car/Desktop/Autonomous_car_ros2/build/cv_bridge/CMakeFiles/CMakeTmp'
Building C object CMakeFiles/cmTC_1ecd1.dir/CheckSymbolExists.c.o
/usr/bin/cc    -o CMakeFiles/cmTC_1ecd1.dir/CheckSymbolExists.c.o   -c /home/autonomous-car/Desktop/Autonomous_car_ros2/build/cv_bridge/CMakeFiles/CMakeTmp/CheckSymbolExists.c
Linking C executable cmTC_1ecd1
/usr/bin/cmake -E cmake_link_script CMakeFiles/cmTC_1ecd1.dir/link.txt --verbose=1
/usr/bin/cc      CMakeFiles/cmTC_1ecd1.dir/CheckSymbolExists.c.o  -o cmTC_1ecd1 
CMakeFiles/cmTC_1ecd1.dir/CheckSymbolExists.c.o: In function `main':
CheckSymbolExists.c:(.text+0x1b): undefined reference to `pthread_create'
collect2: error: ld returned 1 exit status
CMakeFiles/cmTC_1ecd1.dir/build.make:97: recipe for target 'cmTC_1ecd1' failed
make[1]: *** [cmTC_1ecd1] Error 1
make[1]: Leaving directory '/home/autonomous-car/Desktop/Autonomous_car_ros2/build/cv_bridge/CMakeFiles/CMakeTmp'
Makefile:126: recipe for target 'cmTC_1ecd1/fast' failed
make: *** [cmTC_1ecd1/fast] Error 2

File /home/autonomous-car/Desktop/Autonomous_car_ros2/build/cv_bridge/CMakeFiles/CMakeTmp/CheckSymbolExists.c:
/* */
#include <pthread.h>

int main(int argc, char** argv)
{
  (void)argv;
#ifndef pthread_create
  return ((int*)(&pthread_create))[argc];
#else
  (void)argc;
  return 0;
#endif
}

Determining if the pthread_create exist failed with the following output:
Change Dir: /home/autonomous-car/Desktop/Autonomous_car_ros2/build/cv_bridge/CMakeFiles/CMakeTmp

Run Build Command:"/usr/bin/make" "cmTC_ab9d4/fast"
/usr/bin/make -f CMakeFiles/cmTC_ab9d4.dir/build.make CMakeFiles/cmTC_ab9d4.dir/build
make[1]: Entering directory '/home/autonomous-car/Desktop/Autonomous_car_ros2/build/cv_bridge/CMakeFiles/CMakeTmp'
Building C object CMakeFiles/cmTC_ab9d4.dir/CheckSymbolExists.c.o
/usr/bin/cc    -o CMakeFiles/cmTC_ab9d4.dir/CheckSymbolExists.c.o   -c /home/autonomous-car/Desktop/Autonomous_car_ros2/build/cv_bridge/CMakeFiles/CMakeTmp/CheckSymbolExists.c
Linking C executable cmTC_ab9d4
/usr/bin/cmake -E cmake_link_script CMakeFiles/cmTC_ab9d4.dir/link.txt --verbose=1
/usr/bin/cc      CMakeFiles/cmTC_ab9d4.dir/CheckSymbolExists.c.o  -o cmTC_ab9d4 
CMakeFiles/cmTC_ab9d4.dir/CheckSymbolExists.c.o: In function `main':
CheckSymbolExists.c:(.text+0x1b): undefined reference to `pthread_create'
collect2: error: ld returned 1 exit status
CMakeFiles/cmTC_ab9d4.dir/build.make:97: recipe for target 'cmTC_ab9d4' failed
make[1]: *** [cmTC_ab9d4] Error 1
make[1]: Leaving directory '/home/autonomous-car/Desktop/Autonomous_car_ros2/build/cv_bridge/CMakeFiles/CMakeTmp'
Makefile:126: recipe for target 'cmTC_ab9d4/fast' failed
make: *** [cmTC_ab9d4/fast] Error 2

File /home/autonomous-car/Desktop/Autonomous_car_ros2/build/cv_bridge/CMakeFiles/CMakeTmp/CheckSymbolExists.c:
/* */
#include <pthread.h>

int main(int argc, char** argv)
{
  (void)argv;
#ifndef pthread_create
  return ((int*)(&pthread_create))[argc];
#else
  (void)argc;
  return 0;
#endif
}

Determining if the pthread_create exist failed with the following output:
Change Dir: /home/autonomous-car/Desktop/Autonomous_car_ros2/build/cv_bridge/CMakeFiles/CMakeTmp

Run Build Command:"/usr/bin/make" "cmTC_f5319/fast"
/usr/bin/make -f CMakeFiles/cmTC_f5319.dir/build.make CMakeFiles/cmTC_f5319.dir/build
make[1]: Entering directory '/home/autonomous-car/Desktop/Autonomous_car_ros2/build/cv_bridge/CMakeFiles/CMakeTmp'
Building C object CMakeFiles/cmTC_f5319.dir/CheckSymbolExists.c.o
/usr/bin/cc    -o CMakeFiles/cmTC_f5319.dir/CheckSymbolExists.c.o   -c /home/autonomous-car/Desktop/Autonomous_car_ros2/build/cv_bridge/CMakeFiles/CMakeTmp/CheckSymbolExists.c
Linking C executable cmTC_f5319
/usr/bin/cmake -E cmake_link_script CMakeFiles/cmTC_f5319.dir/link.txt --verbose=1
/usr/bin/cc      CMakeFiles/cmTC_f5319.dir/CheckSymbolExists.c.o  -o cmTC_f5319 
CMakeFiles/cmTC_f5319.dir/CheckSymbolExists.c.o: In function `main':
CheckSymbolExists.c:(.text+0x1b): undefined reference to `pthread_create'
collect2: error: ld returned 1 exit status
CMakeFiles/cmTC_f5319.dir/build.make:97: recipe for target 'cmTC_f5319' failed
make[1]: *** [cmTC_f5319] Error 1
make[1]: Leaving directory '/home/autonomous-car/Desktop/Autonomous_car_ros2/build/cv_bridge/CMakeFiles/CMakeTmp'
Makefile:126: recipe for target 'cmTC_f5319/fast' failed
make: *** [cmTC_f5319/fast] Error 2

File /home/autonomous-car/Desktop/Autonomous_car_ros2/build/cv_bridge/CMakeFiles/CMakeTmp/CheckSymbolExists.c:
/* */
#include <pthread.h>

int main(int argc, char** argv)
{
  (void)argv;
#ifndef pthread_create
  return ((int*)(&pthread_create))[argc];
#else
  (void)argc;
  return 0;
#endif
}

Determining if the pthread_create exist failed with the following output:
Change Dir: /home/autonomous-car/Desktop/Autonomous_car_ros2/build/cv_bridge/CMakeFiles/CMakeTmp

Run Build Command:"/usr/bin/make" "cmTC_dd6df/fast"
/usr/bin/make -f CMakeFiles/cmTC_dd6df.dir/build.make CMakeFiles/cmTC_dd6df.dir/build
make[1]: Entering directory '/home/autonomous-car/Desktop/Autonomous_car_ros2/build/cv_bridge/CMakeFiles/CMakeTmp'
Building C object CMakeFiles/cmTC_dd6df.dir/CheckSymbolExists.c.o
/usr/bin/cc    -o CMakeFiles/cmTC_dd6df.dir/CheckSymbolExists.c.o   -c /home/autonomous-car/Desktop/Autonomous_car_ros2/build/cv_bridge/CMakeFiles/CMakeTmp/CheckSymbolExists.c
Linking C executable cmTC_dd6df
/usr/bin/cmake -E cmake_link_script CMakeFiles/cmTC_dd6df.dir/link.txt --verbose=1
/usr/bin/cc      CMakeFiles/cmTC_dd6df.dir/CheckSymbolExists.c.o  -o cmTC_dd6df 
CMakeFiles/cmTC_dd6df.dir/CheckSymbolExists.c.o: In function `main':
CheckSymbolExists.c:(.text+0x1b): undefined reference to `pthread_create'
collect2: error: ld returned 1 exit status
CMakeFiles/cmTC_dd6df.dir/build.make:97: recipe for target 'cmTC_dd6df' failed
make[1]: *** [cmTC_dd6df] Error 1
make[1]: Leaving directory '/home/autonomous-car/Desktop/Autonomous_car_ros2/build/cv_bridge/CMakeFiles/CMakeTmp'
Makefile:126: recipe for target 'cmTC_dd6df/fast' failed
make: *** [cmTC_dd6df/fast] Error 2

File /home/autonomous-car/Desktop/Autonomous_car_ros2/build/cv_bridge/CMakeFiles/CMakeTmp/CheckSymbolExists.c:
/* */
#include <pthread.h>

int main(int argc, char** argv)
{
  (void)argv;
#ifndef pthread_create
  return ((int*)(&pthread_create))[argc];
#else
  (void)argc;
  return 0;
#endif
}

