[1.271s] running develop
[1.271s] running egg_info
[1.271s] creating GUI.egg-info
[1.271s] writing GUI.egg-info/PKG-INFO
[1.271s] writing dependency_links to GUI.egg-info/dependency_links.txt
[1.271s] writing entry points to GUI.egg-info/entry_points.txt
[1.271s] writing requirements to GUI.egg-info/requires.txt
[1.271s] writing top-level names to GUI.egg-info/top_level.txt
[1.272s] writing manifest file 'GUI.egg-info/SOURCES.txt'
[1.272s] reading manifest file 'GUI.egg-info/SOURCES.txt'
[1.272s] writing manifest file 'GUI.egg-info/SOURCES.txt'
[1.272s] running build_ext
[1.272s] Creating /home/autonomous-car/Desktop/Autonomous_car_ros2/install/GUI/lib/python3.6/site-packages/site.py
[1.272s] Creating /home/autonomous-car/Desktop/Autonomous_car_ros2/install/GUI/lib/python3.6/site-packages/GUI.egg-link (link to .)
[1.272s] 
[1.272s] Installed /home/autonomous-car/Desktop/Autonomous_car_ros2/build/GUI
[1.272s] running install_data
[1.272s] creating /home/autonomous-car/Desktop/Autonomous_car_ros2/install/GUI/share/ament_index
[1.272s] creating /home/autonomous-car/Desktop/Autonomous_car_ros2/install/GUI/share/ament_index/resource_index
[1.272s] creating /home/autonomous-car/Desktop/Autonomous_car_ros2/install/GUI/share/ament_index/resource_index/packages
[1.272s] copying resource/GUI -> /home/autonomous-car/Desktop/Autonomous_car_ros2/install/GUI/share/ament_index/resource_index/packages
[1.272s] copying package.xml -> /home/autonomous-car/Desktop/Autonomous_car_ros2/install/GUI/share/GUI
