[1.309s] running develop
[2.136s] running egg_info
[2.137s] writing /home/autonomous-car/Desktop/Autonomous_car_ros2/build/gui/gui.egg-info/PKG-INFO
[2.137s] writing dependency_links to /home/autonomous-car/Desktop/Autonomous_car_ros2/build/gui/gui.egg-info/dependency_links.txt
[2.137s] writing entry points to /home/autonomous-car/Desktop/Autonomous_car_ros2/build/gui/gui.egg-info/entry_points.txt
[2.137s] writing requirements to /home/autonomous-car/Desktop/Autonomous_car_ros2/build/gui/gui.egg-info/requires.txt
[2.138s] writing top-level names to /home/autonomous-car/Desktop/Autonomous_car_ros2/build/gui/gui.egg-info/top_level.txt
[2.191s] reading manifest file '/home/autonomous-car/Desktop/Autonomous_car_ros2/build/gui/gui.egg-info/SOURCES.txt'
[2.192s] writing manifest file '/home/autonomous-car/Desktop/Autonomous_car_ros2/build/gui/gui.egg-info/SOURCES.txt'
[2.192s] running build
[2.193s] running build_py
[2.193s] running install
[2.193s] running install_lib
[2.194s] running install_data
[2.195s] running install_egg_info
[2.198s] removing '/home/autonomous-car/Desktop/Autonomous_car_ros2/install/gui/lib/python3.6/site-packages/gui-0.0.0-py3.6.egg-info' (and everything under it)
[2.198s] Copying /home/autonomous-car/Desktop/Autonomous_car_ros2/build/gui/gui.egg-info to /home/autonomous-car/Desktop/Autonomous_car_ros2/install/gui/lib/python3.6/site-packages/gui-0.0.0-py3.6.egg-info
[2.199s] running install_scripts
[2.225s] Installing gui script to /home/autonomous-car/Desktop/Autonomous_car_ros2/install/gui/lib/gui
[2.225s] Installing rev_cam script to /home/autonomous-car/Desktop/Autonomous_car_ros2/install/gui/lib/gui
[2.225s] writing list of installed files to '/home/autonomous-car/Desktop/Autonomous_car_ros2/build/gui/install.log'
