[0.492s] [ 25%] Built target gtest
[0.492s] [ 25%] Built target gtest_main
[0.492s] [ 43%] Built target cv_bridge
[0.492s] [ 81%] Built target cv_bridge-utest
[0.492s] [100%] Built target cv_bridge_boost
[0.580s] [ 12%] Built target gtest_main
[0.591s] [ 31%] Built target cv_bridge
[0.592s] [ 43%] Built target gtest
[0.621s] [ 62%] Built target cv_bridge_boost
[0.623s] [100%] Built target cv_bridge-utest
[0.639s] [36mInstall the project...[0m
[0.649s] -- Install configuration: ""
[0.649s] -- Execute custom install script
[0.650s] -- Up-to-date symlink: /home/autonomous-car/Desktop/Autonomous_car_ros2/install/cv_bridge/share/cv_bridge/environment/pythonpath.sh
[0.650s] -- Up-to-date symlink: /home/autonomous-car/Desktop/Autonomous_car_ros2/install/cv_bridge/share/cv_bridge/environment/pythonpath.dsv
[0.650s] -- Up-to-date symlink: /home/autonomous-car/Desktop/Autonomous_car_ros2/install/cv_bridge/lib/python3.6/site-packages/cv_bridge/__init__.py
[0.650s] -- Up-to-date symlink: /home/autonomous-car/Desktop/Autonomous_car_ros2/install/cv_bridge/lib/python3.6/site-packages/cv_bridge/core.py
[0.651s] -- Up-to-date symlink: /home/autonomous-car/Desktop/Autonomous_car_ros2/install/cv_bridge/lib/libcv_bridge.so
[0.651s] -- Up-to-date symlink: /home/autonomous-car/Desktop/Autonomous_car_ros2/install/cv_bridge/include/cv_bridge/cv_bridge_export.h
[0.651s] -- Up-to-date symlink: /home/autonomous-car/Desktop/Autonomous_car_ros2/install/cv_bridge/lib/python3.6/site-packages/cv_bridge/boost//cv_bridge_boost.so
[0.652s] -- Up-to-date symlink: /home/autonomous-car/Desktop/Autonomous_car_ros2/install/cv_bridge/share/cv_bridge/environment/library_path.sh
[0.652s] -- Up-to-date symlink: /home/autonomous-car/Desktop/Autonomous_car_ros2/install/cv_bridge/share/cv_bridge/environment/library_path.dsv
[0.652s] -- Up-to-date symlink: /home/autonomous-car/Desktop/Autonomous_car_ros2/install/cv_bridge/include/cv_bridge/cv_bridge.h
[0.652s] -- Up-to-date symlink: /home/autonomous-car/Desktop/Autonomous_car_ros2/install/cv_bridge/include/cv_bridge/rgb_colors.h
[0.652s] -- Up-to-date symlink: /home/autonomous-car/Desktop/Autonomous_car_ros2/install/cv_bridge/share/ament_index/resource_index/package_run_dependencies/cv_bridge
[0.653s] -- Up-to-date symlink: /home/autonomous-car/Desktop/Autonomous_car_ros2/install/cv_bridge/share/ament_index/resource_index/parent_prefix_path/cv_bridge
[0.653s] -- Up-to-date symlink: /home/autonomous-car/Desktop/Autonomous_car_ros2/install/cv_bridge/share/cv_bridge/environment/ament_prefix_path.sh
[0.653s] -- Up-to-date symlink: /home/autonomous-car/Desktop/Autonomous_car_ros2/install/cv_bridge/share/cv_bridge/environment/ament_prefix_path.dsv
[0.653s] -- Up-to-date symlink: /home/autonomous-car/Desktop/Autonomous_car_ros2/install/cv_bridge/share/cv_bridge/environment/path.sh
[0.654s] -- Up-to-date symlink: /home/autonomous-car/Desktop/Autonomous_car_ros2/install/cv_bridge/share/cv_bridge/environment/path.dsv
[0.654s] -- Up-to-date symlink: /home/autonomous-car/Desktop/Autonomous_car_ros2/install/cv_bridge/share/cv_bridge/local_setup.bash
[0.654s] -- Up-to-date symlink: /home/autonomous-car/Desktop/Autonomous_car_ros2/install/cv_bridge/share/cv_bridge/local_setup.sh
[0.654s] -- Up-to-date symlink: /home/autonomous-car/Desktop/Autonomous_car_ros2/install/cv_bridge/share/cv_bridge/local_setup.zsh
[0.654s] -- Up-to-date symlink: /home/autonomous-car/Desktop/Autonomous_car_ros2/install/cv_bridge/share/cv_bridge/local_setup.dsv
[0.654s] -- Symlinking: /home/autonomous-car/Desktop/Autonomous_car_ros2/install/cv_bridge/share/cv_bridge/package.dsv
[0.664s] -- Up-to-date symlink: /home/autonomous-car/Desktop/Autonomous_car_ros2/install/cv_bridge/share/ament_index/resource_index/packages/cv_bridge
[0.664s] -- Up-to-date symlink: /home/autonomous-car/Desktop/Autonomous_car_ros2/install/cv_bridge/share/cv_bridge/cmake/cv_bridge-extras.cmake
[0.664s] -- Up-to-date symlink: /home/autonomous-car/Desktop/Autonomous_car_ros2/install/cv_bridge/share/cv_bridge/cmake/ament_cmake_export_dependencies-extras.cmake
[0.665s] -- Up-to-date symlink: /home/autonomous-car/Desktop/Autonomous_car_ros2/install/cv_bridge/share/cv_bridge/cmake/ament_cmake_export_include_directories-extras.cmake
[0.665s] -- Up-to-date symlink: /home/autonomous-car/Desktop/Autonomous_car_ros2/install/cv_bridge/share/cv_bridge/cmake/ament_cmake_export_libraries-extras.cmake
[0.665s] -- Up-to-date symlink: /home/autonomous-car/Desktop/Autonomous_car_ros2/install/cv_bridge/share/cv_bridge/cmake/cv_bridgeConfig.cmake
[0.665s] -- Up-to-date symlink: /home/autonomous-car/Desktop/Autonomous_car_ros2/install/cv_bridge/share/cv_bridge/cmake/cv_bridgeConfig-version.cmake
[0.666s] -- Up-to-date symlink: /home/autonomous-car/Desktop/Autonomous_car_ros2/install/cv_bridge/share/cv_bridge/package.xml
[0.702s] Listing '/home/autonomous-car/Desktop/Autonomous_car_ros2/install/cv_bridge/lib/python3.6/site-packages/cv_bridge'...
[0.702s] Listing '/home/autonomous-car/Desktop/Autonomous_car_ros2/install/cv_bridge/lib/python3.6/site-packages/cv_bridge/boost'...
