[0.819s] running develop
[1.088s] Removing /home/autonomous-car/Desktop/Autonomous_car_ros2/install/control_accel_ard/lib/python3.6/site-packages/control-accel-ard.egg-link (link to .)
[1.519s] running egg_info
[1.520s] writing /home/autonomous-car/Desktop/Autonomous_car_ros2/build/control_accel_ard/control_accel_ard.egg-info/PKG-INFO
[1.520s] writing dependency_links to /home/autonomous-car/Desktop/Autonomous_car_ros2/build/control_accel_ard/control_accel_ard.egg-info/dependency_links.txt
[1.520s] writing entry points to /home/autonomous-car/Desktop/Autonomous_car_ros2/build/control_accel_ard/control_accel_ard.egg-info/entry_points.txt
[1.520s] writing requirements to /home/autonomous-car/Desktop/Autonomous_car_ros2/build/control_accel_ard/control_accel_ard.egg-info/requires.txt
[1.520s] writing top-level names to /home/autonomous-car/Desktop/Autonomous_car_ros2/build/control_accel_ard/control_accel_ard.egg-info/top_level.txt
[1.552s] reading manifest file '/home/autonomous-car/Desktop/Autonomous_car_ros2/build/control_accel_ard/control_accel_ard.egg-info/SOURCES.txt'
[1.553s] writing manifest file '/home/autonomous-car/Desktop/Autonomous_car_ros2/build/control_accel_ard/control_accel_ard.egg-info/SOURCES.txt'
[1.553s] running build
[1.554s] running build_py
[1.554s] creating /home/autonomous-car/Desktop/Autonomous_car_ros2/build/control_accel_ard/build
[1.554s] creating /home/autonomous-car/Desktop/Autonomous_car_ros2/build/control_accel_ard/build/lib
[1.554s] creating /home/autonomous-car/Desktop/Autonomous_car_ros2/build/control_accel_ard/build/lib/control_accel_ard
[1.554s] copying control_accel_ard/recv_data.py -> /home/autonomous-car/Desktop/Autonomous_car_ros2/build/control_accel_ard/build/lib/control_accel_ard
[1.554s] copying control_accel_ard/__init__.py -> /home/autonomous-car/Desktop/Autonomous_car_ros2/build/control_accel_ard/build/lib/control_accel_ard
[1.554s] running install
[1.554s] running install_lib
[1.555s] creating /home/autonomous-car/Desktop/Autonomous_car_ros2/install/control_accel_ard/lib/python3.6/site-packages/control_accel_ard
[1.555s] copying /home/autonomous-car/Desktop/Autonomous_car_ros2/build/control_accel_ard/build/lib/control_accel_ard/recv_data.py -> /home/autonomous-car/Desktop/Autonomous_car_ros2/install/control_accel_ard/lib/python3.6/site-packages/control_accel_ard
[1.555s] copying /home/autonomous-car/Desktop/Autonomous_car_ros2/build/control_accel_ard/build/lib/control_accel_ard/__init__.py -> /home/autonomous-car/Desktop/Autonomous_car_ros2/install/control_accel_ard/lib/python3.6/site-packages/control_accel_ard
[1.555s] byte-compiling /home/autonomous-car/Desktop/Autonomous_car_ros2/install/control_accel_ard/lib/python3.6/site-packages/control_accel_ard/recv_data.py to recv_data.cpython-36.pyc
[1.556s] byte-compiling /home/autonomous-car/Desktop/Autonomous_car_ros2/install/control_accel_ard/lib/python3.6/site-packages/control_accel_ard/__init__.py to __init__.cpython-36.pyc
[1.556s] running install_data
[1.556s] running install_egg_info
[1.557s] Copying /home/autonomous-car/Desktop/Autonomous_car_ros2/build/control_accel_ard/control_accel_ard.egg-info to /home/autonomous-car/Desktop/Autonomous_car_ros2/install/control_accel_ard/lib/python3.6/site-packages/control_accel_ard-0.0.0-py3.6.egg-info
[1.558s] running install_scripts
[1.574s] writing list of installed files to '/home/autonomous-car/Desktop/Autonomous_car_ros2/build/control_accel_ard/install.log'
