[2.128s] running develop
[2.295s] Removing /home/autonomous-car/Desktop/Autonomous_car_ros2/install/gui/lib/python3.6/site-packages/gui.egg-link (link to .)
[2.606s] running egg_info
[2.606s] writing /home/autonomous-car/Desktop/Autonomous_car_ros2/build/gui/gui.egg-info/PKG-INFO
[2.609s] writing dependency_links to /home/autonomous-car/Desktop/Autonomous_car_ros2/build/gui/gui.egg-info/dependency_links.txt
[2.609s] writing entry points to /home/autonomous-car/Desktop/Autonomous_car_ros2/build/gui/gui.egg-info/entry_points.txt
[2.609s] writing requirements to /home/autonomous-car/Desktop/Autonomous_car_ros2/build/gui/gui.egg-info/requires.txt
[2.609s] writing top-level names to /home/autonomous-car/Desktop/Autonomous_car_ros2/build/gui/gui.egg-info/top_level.txt
[2.639s] reading manifest file '/home/autonomous-car/Desktop/Autonomous_car_ros2/build/gui/gui.egg-info/SOURCES.txt'
[2.641s] writing manifest file '/home/autonomous-car/Desktop/Autonomous_car_ros2/build/gui/gui.egg-info/SOURCES.txt'
[2.641s] running build
[2.641s] running build_py
[2.642s] running install
[2.642s] running install_lib
[2.642s] creating /home/autonomous-car/Desktop/Autonomous_car_ros2/install/gui/lib/python3.6/site-packages/gui
[2.642s] copying /home/autonomous-car/Desktop/Autonomous_car_ros2/build/gui/build/lib/gui/reverse_cam.py -> /home/autonomous-car/Desktop/Autonomous_car_ros2/install/gui/lib/python3.6/site-packages/gui
[2.642s] copying /home/autonomous-car/Desktop/Autonomous_car_ros2/build/gui/build/lib/gui/__init__.py -> /home/autonomous-car/Desktop/Autonomous_car_ros2/install/gui/lib/python3.6/site-packages/gui
[2.643s] copying /home/autonomous-car/Desktop/Autonomous_car_ros2/build/gui/build/lib/gui/graphic_ui.py -> /home/autonomous-car/Desktop/Autonomous_car_ros2/install/gui/lib/python3.6/site-packages/gui
[2.643s] byte-compiling /home/autonomous-car/Desktop/Autonomous_car_ros2/install/gui/lib/python3.6/site-packages/gui/reverse_cam.py to reverse_cam.cpython-36.pyc
[2.643s] byte-compiling /home/autonomous-car/Desktop/Autonomous_car_ros2/install/gui/lib/python3.6/site-packages/gui/__init__.py to __init__.cpython-36.pyc
[2.643s] byte-compiling /home/autonomous-car/Desktop/Autonomous_car_ros2/install/gui/lib/python3.6/site-packages/gui/graphic_ui.py to graphic_ui.cpython-36.pyc
[2.646s] running install_data
[2.646s] running install_egg_info
[2.648s] Copying /home/autonomous-car/Desktop/Autonomous_car_ros2/build/gui/gui.egg-info to /home/autonomous-car/Desktop/Autonomous_car_ros2/install/gui/lib/python3.6/site-packages/gui-0.0.0-py3.6.egg-info
[2.649s] running install_scripts
[2.666s] Installing gui script to /home/autonomous-car/Desktop/Autonomous_car_ros2/install/gui/lib/gui
[2.667s] Installing rev_cam script to /home/autonomous-car/Desktop/Autonomous_car_ros2/install/gui/lib/gui
[2.667s] writing list of installed files to '/home/autonomous-car/Desktop/Autonomous_car_ros2/build/gui/install.log'
