[1.181s] running develop
[1.321s] running egg_info
[1.323s] creating gather_data.egg-info
[1.324s] writing gather_data.egg-info/PKG-INFO
[1.324s] writing dependency_links to gather_data.egg-info/dependency_links.txt
[1.324s] writing entry points to gather_data.egg-info/entry_points.txt
[1.324s] writing requirements to gather_data.egg-info/requires.txt
[1.324s] writing top-level names to gather_data.egg-info/top_level.txt
[1.324s] writing manifest file 'gather_data.egg-info/SOURCES.txt'
[1.342s] reading manifest file 'gather_data.egg-info/SOURCES.txt'
[1.343s] writing manifest file 'gather_data.egg-info/SOURCES.txt'
[1.344s] running build_ext
[1.344s] Creating /home/autonomous-car/Desktop/Autonomous_car_ros2/install/gather_data/lib/python3.6/site-packages/site.py
[1.345s] Creating /home/autonomous-car/Desktop/Autonomous_car_ros2/install/gather_data/lib/python3.6/site-packages/gather-data.egg-link (link to .)
[1.346s] 
[1.346s] Installed /home/autonomous-car/Desktop/Autonomous_car_ros2/build/gather_data
[1.346s] running install_data
[1.346s] creating /home/autonomous-car/Desktop/Autonomous_car_ros2/install/gather_data/share/ament_index
[1.346s] creating /home/autonomous-car/Desktop/Autonomous_car_ros2/install/gather_data/share/ament_index/resource_index
[1.346s] creating /home/autonomous-car/Desktop/Autonomous_car_ros2/install/gather_data/share/ament_index/resource_index/packages
[1.346s] copying resource/gather_data -> /home/autonomous-car/Desktop/Autonomous_car_ros2/install/gather_data/share/ament_index/resource_index/packages
[1.346s] copying package.xml -> /home/autonomous-car/Desktop/Autonomous_car_ros2/install/gather_data/share/gather_data
