[1.056s] Invoking command in '/home/autonomous-car/Desktop/Autonomous_car_ros2/build/arduino_serial': PYTHONPATH=/home/autonomous-car/Desktop/Autonomous_car_ros2/install/arduino_serial/lib/python3.6/site-packages:${PYTHONPATH} /usr/bin/python3 setup.py develop --prefix /home/autonomous-car/Desktop/Autonomous_car_ros2/install/arduino_serial --editable --build-directory /home/autonomous-car/Desktop/Autonomous_car_ros2/build/arduino_serial/build --no-deps install_data --install-dir /home/autonomous-car/Desktop/Autonomous_car_ros2/install/arduino_serial
[1.265s] running develop
[1.364s] running egg_info
[1.365s] creating arduino_serial.egg-info
[1.365s] writing arduino_serial.egg-info/PKG-INFO
[1.365s] writing dependency_links to arduino_serial.egg-info/dependency_links.txt
[1.365s] writing entry points to arduino_serial.egg-info/entry_points.txt
[1.365s] writing requirements to arduino_serial.egg-info/requires.txt
[1.365s] writing top-level names to arduino_serial.egg-info/top_level.txt
[1.366s] writing manifest file 'arduino_serial.egg-info/SOURCES.txt'
[1.388s] reading manifest file 'arduino_serial.egg-info/SOURCES.txt'
[1.390s] writing manifest file 'arduino_serial.egg-info/SOURCES.txt'
[1.391s] running build_ext
[1.391s] Creating /home/autonomous-car/Desktop/Autonomous_car_ros2/install/arduino_serial/lib/python3.6/site-packages/site.py
[1.391s] Creating /home/autonomous-car/Desktop/Autonomous_car_ros2/install/arduino_serial/lib/python3.6/site-packages/arduino-serial.egg-link (link to .)
[1.391s] 
[1.391s] Installed /home/autonomous-car/Desktop/Autonomous_car_ros2/build/arduino_serial
[1.391s] running install_data
[1.391s] creating /home/autonomous-car/Desktop/Autonomous_car_ros2/install/arduino_serial/share/ament_index
[1.391s] creating /home/autonomous-car/Desktop/Autonomous_car_ros2/install/arduino_serial/share/ament_index/resource_index
[1.392s] creating /home/autonomous-car/Desktop/Autonomous_car_ros2/install/arduino_serial/share/ament_index/resource_index/packages
[1.392s] copying resource/arduino_serial -> /home/autonomous-car/Desktop/Autonomous_car_ros2/install/arduino_serial/share/ament_index/resource_index/packages
[1.392s] copying package.xml -> /home/autonomous-car/Desktop/Autonomous_car_ros2/install/arduino_serial/share/arduino_serial
[1.418s] Invoked command in '/home/autonomous-car/Desktop/Autonomous_car_ros2/build/arduino_serial' returned '0': PYTHONPATH=/home/autonomous-car/Desktop/Autonomous_car_ros2/install/arduino_serial/lib/python3.6/site-packages:${PYTHONPATH} /usr/bin/python3 setup.py develop --prefix /home/autonomous-car/Desktop/Autonomous_car_ros2/install/arduino_serial --editable --build-directory /home/autonomous-car/Desktop/Autonomous_car_ros2/build/arduino_serial/build --no-deps install_data --install-dir /home/autonomous-car/Desktop/Autonomous_car_ros2/install/arduino_serial
