[0.027s] Invoking command in '/home/autonomous-car/Desktop/Autonomous_car_ros2/build/cv_bridge': CMAKE_PREFIX_PATH=/home/autonomous-car/Desktop/Autonomous_car_ros2/install/vision_opencv:/home/autonomous-car/Desktop/Autonomous_car_ros2/install/image_geometry:/home/autonomous-car/Desktop/Autonomous_car_ros2/install/custom_msgs:/home/autonomous-car/Desktop/Autonomous_car_ros2/install/cv_bridge:/home/autonomous-car/Desktop/Autonomous_car_ros2/install/stereo_yolo3:/home/autonomous-car/Desktop/Autonomous_car_ros2/install/opencv_tests:/home/autonomous-car/Desktop/Autonomous_car_ros2/install/gui:/home/autonomous-car/Desktop/Autonomous_car_ros2/install/dataset_creator:/home/autonomous-car/Desktop/Autonomous_car_ros2/install/brain:/home/autonomous-car/Desktop/Autonomous_car_ros2/install/control_accel_ard:/home/autonomous-car/Desktop/Autonomous_car_ros2/install/arduino_serial:/home/autonomous-car/Desktop/Autonomous_car_ros2/install/GUI:/opt/ros/eloquent:/opt/ros/melodic /usr/bin/cmake --build /home/autonomous-car/Desktop/Autonomous_car_ros2/build/cv_bridge -- -j6 -l6
[0.261s] [ 25%] Built target gtest_main
[0.261s] [ 31%] Built target cv_bridge
[0.261s] [ 43%] Built target gtest
[0.261s] [ 62%] Built target cv_bridge_boost
[0.261s] [100%] Built target cv_bridge-utest
[0.263s] Invoked command in '/home/autonomous-car/Desktop/Autonomous_car_ros2/build/cv_bridge' returned '0': CMAKE_PREFIX_PATH=/home/autonomous-car/Desktop/Autonomous_car_ros2/install/vision_opencv:/home/autonomous-car/Desktop/Autonomous_car_ros2/install/image_geometry:/home/autonomous-car/Desktop/Autonomous_car_ros2/install/custom_msgs:/home/autonomous-car/Desktop/Autonomous_car_ros2/install/cv_bridge:/home/autonomous-car/Desktop/Autonomous_car_ros2/install/stereo_yolo3:/home/autonomous-car/Desktop/Autonomous_car_ros2/install/opencv_tests:/home/autonomous-car/Desktop/Autonomous_car_ros2/install/gui:/home/autonomous-car/Desktop/Autonomous_car_ros2/install/dataset_creator:/home/autonomous-car/Desktop/Autonomous_car_ros2/install/brain:/home/autonomous-car/Desktop/Autonomous_car_ros2/install/control_accel_ard:/home/autonomous-car/Desktop/Autonomous_car_ros2/install/arduino_serial:/home/autonomous-car/Desktop/Autonomous_car_ros2/install/GUI:/opt/ros/eloquent:/opt/ros/melodic /usr/bin/cmake --build /home/autonomous-car/Desktop/Autonomous_car_ros2/build/cv_bridge -- -j6 -l6
[0.496s] Invoking command in '/home/autonomous-car/Desktop/Autonomous_car_ros2/build/cv_bridge': CMAKE_PREFIX_PATH=/home/autonomous-car/Desktop/Autonomous_car_ros2/install/vision_opencv:/home/autonomous-car/Desktop/Autonomous_car_ros2/install/image_geometry:/home/autonomous-car/Desktop/Autonomous_car_ros2/install/custom_msgs:/home/autonomous-car/Desktop/Autonomous_car_ros2/install/cv_bridge:/home/autonomous-car/Desktop/Autonomous_car_ros2/install/stereo_yolo3:/home/autonomous-car/Desktop/Autonomous_car_ros2/install/opencv_tests:/home/autonomous-car/Desktop/Autonomous_car_ros2/install/gui:/home/autonomous-car/Desktop/Autonomous_car_ros2/install/dataset_creator:/home/autonomous-car/Desktop/Autonomous_car_ros2/install/brain:/home/autonomous-car/Desktop/Autonomous_car_ros2/install/control_accel_ard:/home/autonomous-car/Desktop/Autonomous_car_ros2/install/arduino_serial:/home/autonomous-car/Desktop/Autonomous_car_ros2/install/GUI:/opt/ros/eloquent:/opt/ros/melodic /usr/bin/cmake --build /home/autonomous-car/Desktop/Autonomous_car_ros2/build/cv_bridge --target install -- -j6 -l6
[0.547s] [ 12%] Built target gtest_main
[0.549s] [ 25%] Built target gtest
[0.556s] [ 43%] Built target cv_bridge
[0.583s] [ 62%] Built target cv_bridge_boost
[0.584s] [100%] Built target cv_bridge-utest
[0.599s] [36mInstall the project...[0m
[0.605s] -- Install configuration: ""
[0.607s] -- Execute custom install script
[0.607s] -- Up-to-date symlink: /home/autonomous-car/Desktop/Autonomous_car_ros2/install/cv_bridge/share/cv_bridge/environment/pythonpath.sh
[0.607s] -- Up-to-date symlink: /home/autonomous-car/Desktop/Autonomous_car_ros2/install/cv_bridge/share/cv_bridge/environment/pythonpath.dsv
[0.607s] -- Up-to-date symlink: /home/autonomous-car/Desktop/Autonomous_car_ros2/install/cv_bridge/lib/python3.6/site-packages/cv_bridge/__init__.py
[0.607s] -- Up-to-date symlink: /home/autonomous-car/Desktop/Autonomous_car_ros2/install/cv_bridge/lib/python3.6/site-packages/cv_bridge/core.py
[0.608s] -- Up-to-date symlink: /home/autonomous-car/Desktop/Autonomous_car_ros2/install/cv_bridge/lib/libcv_bridge.so
[0.608s] -- Up-to-date symlink: /home/autonomous-car/Desktop/Autonomous_car_ros2/install/cv_bridge/include/cv_bridge/cv_bridge_export.h
[0.608s] -- Up-to-date symlink: /home/autonomous-car/Desktop/Autonomous_car_ros2/install/cv_bridge/lib/python3.6/site-packages/cv_bridge/boost//cv_bridge_boost.so
[0.608s] -- Up-to-date symlink: /home/autonomous-car/Desktop/Autonomous_car_ros2/install/cv_bridge/share/cv_bridge/environment/library_path.sh
[0.608s] -- Up-to-date symlink: /home/autonomous-car/Desktop/Autonomous_car_ros2/install/cv_bridge/share/cv_bridge/environment/library_path.dsv
[0.609s] -- Up-to-date symlink: /home/autonomous-car/Desktop/Autonomous_car_ros2/install/cv_bridge/include/cv_bridge/cv_bridge.h
[0.609s] -- Up-to-date symlink: /home/autonomous-car/Desktop/Autonomous_car_ros2/install/cv_bridge/include/cv_bridge/rgb_colors.h
[0.609s] -- Up-to-date symlink: /home/autonomous-car/Desktop/Autonomous_car_ros2/install/cv_bridge/share/ament_index/resource_index/package_run_dependencies/cv_bridge
[0.609s] -- Up-to-date symlink: /home/autonomous-car/Desktop/Autonomous_car_ros2/install/cv_bridge/share/ament_index/resource_index/parent_prefix_path/cv_bridge
[0.610s] -- Up-to-date symlink: /home/autonomous-car/Desktop/Autonomous_car_ros2/install/cv_bridge/share/cv_bridge/environment/ament_prefix_path.sh
[0.610s] -- Up-to-date symlink: /home/autonomous-car/Desktop/Autonomous_car_ros2/install/cv_bridge/share/cv_bridge/environment/ament_prefix_path.dsv
[0.610s] -- Up-to-date symlink: /home/autonomous-car/Desktop/Autonomous_car_ros2/install/cv_bridge/share/cv_bridge/environment/path.sh
[0.611s] -- Up-to-date symlink: /home/autonomous-car/Desktop/Autonomous_car_ros2/install/cv_bridge/share/cv_bridge/environment/path.dsv
[0.611s] -- Up-to-date symlink: /home/autonomous-car/Desktop/Autonomous_car_ros2/install/cv_bridge/share/cv_bridge/local_setup.bash
[0.611s] -- Up-to-date symlink: /home/autonomous-car/Desktop/Autonomous_car_ros2/install/cv_bridge/share/cv_bridge/local_setup.sh
[0.611s] -- Up-to-date symlink: /home/autonomous-car/Desktop/Autonomous_car_ros2/install/cv_bridge/share/cv_bridge/local_setup.zsh
[0.611s] -- Up-to-date symlink: /home/autonomous-car/Desktop/Autonomous_car_ros2/install/cv_bridge/share/cv_bridge/local_setup.dsv
[0.611s] -- Symlinking: /home/autonomous-car/Desktop/Autonomous_car_ros2/install/cv_bridge/share/cv_bridge/package.dsv
[0.619s] -- Up-to-date symlink: /home/autonomous-car/Desktop/Autonomous_car_ros2/install/cv_bridge/share/ament_index/resource_index/packages/cv_bridge
[0.619s] -- Up-to-date symlink: /home/autonomous-car/Desktop/Autonomous_car_ros2/install/cv_bridge/share/cv_bridge/cmake/cv_bridge-extras.cmake
[0.619s] -- Up-to-date symlink: /home/autonomous-car/Desktop/Autonomous_car_ros2/install/cv_bridge/share/cv_bridge/cmake/ament_cmake_export_dependencies-extras.cmake
[0.619s] -- Up-to-date symlink: /home/autonomous-car/Desktop/Autonomous_car_ros2/install/cv_bridge/share/cv_bridge/cmake/ament_cmake_export_include_directories-extras.cmake
[0.620s] -- Up-to-date symlink: /home/autonomous-car/Desktop/Autonomous_car_ros2/install/cv_bridge/share/cv_bridge/cmake/ament_cmake_export_libraries-extras.cmake
[0.620s] -- Up-to-date symlink: /home/autonomous-car/Desktop/Autonomous_car_ros2/install/cv_bridge/share/cv_bridge/cmake/cv_bridgeConfig.cmake
[0.620s] -- Up-to-date symlink: /home/autonomous-car/Desktop/Autonomous_car_ros2/install/cv_bridge/share/cv_bridge/cmake/cv_bridgeConfig-version.cmake
[0.620s] -- Up-to-date symlink: /home/autonomous-car/Desktop/Autonomous_car_ros2/install/cv_bridge/share/cv_bridge/package.xml
[0.662s] Listing '/home/autonomous-car/Desktop/Autonomous_car_ros2/install/cv_bridge/lib/python3.6/site-packages/cv_bridge'...
[0.663s] Listing '/home/autonomous-car/Desktop/Autonomous_car_ros2/install/cv_bridge/lib/python3.6/site-packages/cv_bridge/boost'...
[0.673s] Invoked command in '/home/autonomous-car/Desktop/Autonomous_car_ros2/build/cv_bridge' returned '0': CMAKE_PREFIX_PATH=/home/autonomous-car/Desktop/Autonomous_car_ros2/install/vision_opencv:/home/autonomous-car/Desktop/Autonomous_car_ros2/install/image_geometry:/home/autonomous-car/Desktop/Autonomous_car_ros2/install/custom_msgs:/home/autonomous-car/Desktop/Autonomous_car_ros2/install/cv_bridge:/home/autonomous-car/Desktop/Autonomous_car_ros2/install/stereo_yolo3:/home/autonomous-car/Desktop/Autonomous_car_ros2/install/opencv_tests:/home/autonomous-car/Desktop/Autonomous_car_ros2/install/gui:/home/autonomous-car/Desktop/Autonomous_car_ros2/install/dataset_creator:/home/autonomous-car/Desktop/Autonomous_car_ros2/install/brain:/home/autonomous-car/Desktop/Autonomous_car_ros2/install/control_accel_ard:/home/autonomous-car/Desktop/Autonomous_car_ros2/install/arduino_serial:/home/autonomous-car/Desktop/Autonomous_car_ros2/install/GUI:/opt/ros/eloquent:/opt/ros/melodic /usr/bin/cmake --build /home/autonomous-car/Desktop/Autonomous_car_ros2/build/cv_bridge --target install -- -j6 -l6
