[0.036s] Invoking command in '/home/autonomous-car/Desktop/Autonomous_car_ros2/build/cv_bridge': CMAKE_PREFIX_PATH=/home/autonomous-car/Desktop/Autonomous_car_ros2/install/vision_opencv:/home/autonomous-car/Desktop/Autonomous_car_ros2/install/image_geometry:/home/autonomous-car/Desktop/Autonomous_car_ros2/install/custom_msgs:/home/autonomous-car/Desktop/Autonomous_car_ros2/install/cv_bridge:/home/autonomous-car/Desktop/Autonomous_car_ros2/install/stereo_yolo3:/home/autonomous-car/Desktop/Autonomous_car_ros2/install/opencv_tests:/home/autonomous-car/Desktop/Autonomous_car_ros2/install/gui:/home/autonomous-car/Desktop/Autonomous_car_ros2/install/gather_data:/home/autonomous-car/Desktop/Autonomous_car_ros2/install/dataset_creator:/home/autonomous-car/Desktop/Autonomous_car_ros2/install/brain:/home/autonomous-car/Desktop/Autonomous_car_ros2/install/Gather_data:/home/autonomous-car/Desktop/Autonomous_car_ros2/install/control_accel_ard:/home/autonomous-car/Desktop/Autonomous_car_ros2/install/arduino_serial:/home/autonomous-car/Desktop/Autonomous_car_ros2/install/GUI:/opt/ros/eloquent:/opt/ros/melodic /usr/bin/cmake /home/autonomous-car/Desktop/Autonomous_car_ros2/src/vision_opencv/cv_bridge -DAMENT_CMAKE_SYMLINK_INSTALL=1 -DCMAKE_INSTALL_PREFIX=/home/autonomous-car/Desktop/Autonomous_car_ros2/install/cv_bridge
[0.317s] -- Found ament_cmake_ros: 0.8.0 (/opt/ros/eloquent/share/ament_cmake_ros/cmake)
[0.317s] -- Found PythonInterp: /usr/bin/python3 (found suitable version "3.6.9", minimum required is "3") 
[0.317s] -- Using PYTHON_EXECUTABLE: /usr/bin/python3
[0.347s] -- Override CMake install command with custom implementation using symlinks instead of copying resources
[0.354s] -- Found PythonLibs: /usr/lib/x86_64-linux-gnu/libpython3.6m.so (found version "3.6.9") 
[0.377s] -- Boost version: 1.65.1
[0.377s] -- Found the following Boost libraries:
[0.377s] --   python3
[0.378s] -- Found sensor_msgs: 0.8.1 (/opt/ros/eloquent/share/sensor_msgs/cmake)
[0.391s] -- Found rosidl_adapter: 0.8.2 (/opt/ros/eloquent/share/rosidl_adapter/cmake)
[0.484s] -- Found PythonInterp: /usr/bin/python3 (found version "3.6.9") 
[0.486s] -- Found PythonLibs: /usr/lib/x86_64-linux-gnu/libpython3.6m.so (found suitable version "3.6.9", minimum required is "3.6") 
[0.488s] -- Found ament_lint_auto: 0.8.1 (/opt/ros/eloquent/share/ament_lint_auto/cmake)
[0.568s] -- Found gtest sources under '/opt/ros/eloquent/src/gtest_vendor': C++ tests using 'Google Test' will be built
[1.922s] -- Configuring done
[1.944s] -- Generating done
[1.946s] -- Build files have been written to: /home/autonomous-car/Desktop/Autonomous_car_ros2/build/cv_bridge
[1.950s] Invoked command in '/home/autonomous-car/Desktop/Autonomous_car_ros2/build/cv_bridge' returned '0': CMAKE_PREFIX_PATH=/home/autonomous-car/Desktop/Autonomous_car_ros2/install/vision_opencv:/home/autonomous-car/Desktop/Autonomous_car_ros2/install/image_geometry:/home/autonomous-car/Desktop/Autonomous_car_ros2/install/custom_msgs:/home/autonomous-car/Desktop/Autonomous_car_ros2/install/cv_bridge:/home/autonomous-car/Desktop/Autonomous_car_ros2/install/stereo_yolo3:/home/autonomous-car/Desktop/Autonomous_car_ros2/install/opencv_tests:/home/autonomous-car/Desktop/Autonomous_car_ros2/install/gui:/home/autonomous-car/Desktop/Autonomous_car_ros2/install/gather_data:/home/autonomous-car/Desktop/Autonomous_car_ros2/install/dataset_creator:/home/autonomous-car/Desktop/Autonomous_car_ros2/install/brain:/home/autonomous-car/Desktop/Autonomous_car_ros2/install/Gather_data:/home/autonomous-car/Desktop/Autonomous_car_ros2/install/control_accel_ard:/home/autonomous-car/Desktop/Autonomous_car_ros2/install/arduino_serial:/home/autonomous-car/Desktop/Autonomous_car_ros2/install/GUI:/opt/ros/eloquent:/opt/ros/melodic /usr/bin/cmake /home/autonomous-car/Desktop/Autonomous_car_ros2/src/vision_opencv/cv_bridge -DAMENT_CMAKE_SYMLINK_INSTALL=1 -DCMAKE_INSTALL_PREFIX=/home/autonomous-car/Desktop/Autonomous_car_ros2/install/cv_bridge
[1.953s] Invoking command in '/home/autonomous-car/Desktop/Autonomous_car_ros2/build/cv_bridge': CMAKE_PREFIX_PATH=/home/autonomous-car/Desktop/Autonomous_car_ros2/install/vision_opencv:/home/autonomous-car/Desktop/Autonomous_car_ros2/install/image_geometry:/home/autonomous-car/Desktop/Autonomous_car_ros2/install/custom_msgs:/home/autonomous-car/Desktop/Autonomous_car_ros2/install/cv_bridge:/home/autonomous-car/Desktop/Autonomous_car_ros2/install/stereo_yolo3:/home/autonomous-car/Desktop/Autonomous_car_ros2/install/opencv_tests:/home/autonomous-car/Desktop/Autonomous_car_ros2/install/gui:/home/autonomous-car/Desktop/Autonomous_car_ros2/install/gather_data:/home/autonomous-car/Desktop/Autonomous_car_ros2/install/dataset_creator:/home/autonomous-car/Desktop/Autonomous_car_ros2/install/brain:/home/autonomous-car/Desktop/Autonomous_car_ros2/install/Gather_data:/home/autonomous-car/Desktop/Autonomous_car_ros2/install/control_accel_ard:/home/autonomous-car/Desktop/Autonomous_car_ros2/install/arduino_serial:/home/autonomous-car/Desktop/Autonomous_car_ros2/install/GUI:/opt/ros/eloquent:/opt/ros/melodic /usr/bin/cmake --build /home/autonomous-car/Desktop/Autonomous_car_ros2/build/cv_bridge -- -j6 -l6
[2.001s] [ 12%] Built target gtest_main
[2.016s] [ 25%] Built target gtest
[2.024s] [ 43%] Built target cv_bridge
[2.062s] [ 62%] Built target cv_bridge_boost
[2.069s] [100%] Built target cv_bridge-utest
[2.079s] Invoked command in '/home/autonomous-car/Desktop/Autonomous_car_ros2/build/cv_bridge' returned '0': CMAKE_PREFIX_PATH=/home/autonomous-car/Desktop/Autonomous_car_ros2/install/vision_opencv:/home/autonomous-car/Desktop/Autonomous_car_ros2/install/image_geometry:/home/autonomous-car/Desktop/Autonomous_car_ros2/install/custom_msgs:/home/autonomous-car/Desktop/Autonomous_car_ros2/install/cv_bridge:/home/autonomous-car/Desktop/Autonomous_car_ros2/install/stereo_yolo3:/home/autonomous-car/Desktop/Autonomous_car_ros2/install/opencv_tests:/home/autonomous-car/Desktop/Autonomous_car_ros2/install/gui:/home/autonomous-car/Desktop/Autonomous_car_ros2/install/gather_data:/home/autonomous-car/Desktop/Autonomous_car_ros2/install/dataset_creator:/home/autonomous-car/Desktop/Autonomous_car_ros2/install/brain:/home/autonomous-car/Desktop/Autonomous_car_ros2/install/Gather_data:/home/autonomous-car/Desktop/Autonomous_car_ros2/install/control_accel_ard:/home/autonomous-car/Desktop/Autonomous_car_ros2/install/arduino_serial:/home/autonomous-car/Desktop/Autonomous_car_ros2/install/GUI:/opt/ros/eloquent:/opt/ros/melodic /usr/bin/cmake --build /home/autonomous-car/Desktop/Autonomous_car_ros2/build/cv_bridge -- -j6 -l6
[2.105s] Invoking command in '/home/autonomous-car/Desktop/Autonomous_car_ros2/build/cv_bridge': CMAKE_PREFIX_PATH=/home/autonomous-car/Desktop/Autonomous_car_ros2/install/vision_opencv:/home/autonomous-car/Desktop/Autonomous_car_ros2/install/image_geometry:/home/autonomous-car/Desktop/Autonomous_car_ros2/install/custom_msgs:/home/autonomous-car/Desktop/Autonomous_car_ros2/install/cv_bridge:/home/autonomous-car/Desktop/Autonomous_car_ros2/install/stereo_yolo3:/home/autonomous-car/Desktop/Autonomous_car_ros2/install/opencv_tests:/home/autonomous-car/Desktop/Autonomous_car_ros2/install/gui:/home/autonomous-car/Desktop/Autonomous_car_ros2/install/gather_data:/home/autonomous-car/Desktop/Autonomous_car_ros2/install/dataset_creator:/home/autonomous-car/Desktop/Autonomous_car_ros2/install/brain:/home/autonomous-car/Desktop/Autonomous_car_ros2/install/Gather_data:/home/autonomous-car/Desktop/Autonomous_car_ros2/install/control_accel_ard:/home/autonomous-car/Desktop/Autonomous_car_ros2/install/arduino_serial:/home/autonomous-car/Desktop/Autonomous_car_ros2/install/GUI:/opt/ros/eloquent:/opt/ros/melodic /usr/bin/cmake --build /home/autonomous-car/Desktop/Autonomous_car_ros2/build/cv_bridge --target install -- -j6 -l6
[2.163s] [ 12%] Built target gtest
[2.167s] [ 25%] Built target gtest_main
[2.185s] [ 43%] Built target cv_bridge
[2.223s] [ 81%] Built target cv_bridge-utest
[2.227s] [100%] Built target cv_bridge_boost
[2.261s] [36mInstall the project...[0m
[2.273s] -- Install configuration: ""
[2.274s] -- Execute custom install script
[2.274s] -- Up-to-date symlink: /home/autonomous-car/Desktop/Autonomous_car_ros2/install/cv_bridge/share/cv_bridge/environment/pythonpath.sh
[2.275s] -- Up-to-date symlink: /home/autonomous-car/Desktop/Autonomous_car_ros2/install/cv_bridge/share/cv_bridge/environment/pythonpath.dsv
[2.275s] -- Up-to-date symlink: /home/autonomous-car/Desktop/Autonomous_car_ros2/install/cv_bridge/lib/python3.6/site-packages/cv_bridge/__init__.py
[2.276s] -- Up-to-date symlink: /home/autonomous-car/Desktop/Autonomous_car_ros2/install/cv_bridge/lib/python3.6/site-packages/cv_bridge/core.py
[2.276s] -- Up-to-date symlink: /home/autonomous-car/Desktop/Autonomous_car_ros2/install/cv_bridge/lib/libcv_bridge.so
[2.277s] -- Up-to-date symlink: /home/autonomous-car/Desktop/Autonomous_car_ros2/install/cv_bridge/include/cv_bridge/cv_bridge_export.h
[2.278s] -- Up-to-date symlink: /home/autonomous-car/Desktop/Autonomous_car_ros2/install/cv_bridge/lib/python3.6/site-packages/cv_bridge/boost//cv_bridge_boost.so
[2.278s] -- Up-to-date symlink: /home/autonomous-car/Desktop/Autonomous_car_ros2/install/cv_bridge/share/cv_bridge/environment/library_path.sh
[2.278s] -- Up-to-date symlink: /home/autonomous-car/Desktop/Autonomous_car_ros2/install/cv_bridge/share/cv_bridge/environment/library_path.dsv
[2.279s] -- Up-to-date symlink: /home/autonomous-car/Desktop/Autonomous_car_ros2/install/cv_bridge/include/cv_bridge/cv_bridge.h
[2.279s] -- Up-to-date symlink: /home/autonomous-car/Desktop/Autonomous_car_ros2/install/cv_bridge/include/cv_bridge/rgb_colors.h
[2.280s] -- Up-to-date symlink: /home/autonomous-car/Desktop/Autonomous_car_ros2/install/cv_bridge/share/ament_index/resource_index/package_run_dependencies/cv_bridge
[2.280s] -- Up-to-date symlink: /home/autonomous-car/Desktop/Autonomous_car_ros2/install/cv_bridge/share/ament_index/resource_index/parent_prefix_path/cv_bridge
[2.281s] -- Up-to-date symlink: /home/autonomous-car/Desktop/Autonomous_car_ros2/install/cv_bridge/share/cv_bridge/environment/ament_prefix_path.sh
[2.281s] -- Up-to-date symlink: /home/autonomous-car/Desktop/Autonomous_car_ros2/install/cv_bridge/share/cv_bridge/environment/ament_prefix_path.dsv
[2.281s] -- Up-to-date symlink: /home/autonomous-car/Desktop/Autonomous_car_ros2/install/cv_bridge/share/cv_bridge/environment/path.sh
[2.282s] -- Up-to-date symlink: /home/autonomous-car/Desktop/Autonomous_car_ros2/install/cv_bridge/share/cv_bridge/environment/path.dsv
[2.282s] -- Up-to-date symlink: /home/autonomous-car/Desktop/Autonomous_car_ros2/install/cv_bridge/share/cv_bridge/local_setup.bash
[2.283s] -- Up-to-date symlink: /home/autonomous-car/Desktop/Autonomous_car_ros2/install/cv_bridge/share/cv_bridge/local_setup.sh
[2.283s] -- Up-to-date symlink: /home/autonomous-car/Desktop/Autonomous_car_ros2/install/cv_bridge/share/cv_bridge/local_setup.zsh
[2.283s] -- Up-to-date symlink: /home/autonomous-car/Desktop/Autonomous_car_ros2/install/cv_bridge/share/cv_bridge/local_setup.dsv
[2.284s] -- Symlinking: /home/autonomous-car/Desktop/Autonomous_car_ros2/install/cv_bridge/share/cv_bridge/package.dsv
[2.292s] -- Up-to-date symlink: /home/autonomous-car/Desktop/Autonomous_car_ros2/install/cv_bridge/share/ament_index/resource_index/packages/cv_bridge
[2.292s] -- Up-to-date symlink: /home/autonomous-car/Desktop/Autonomous_car_ros2/install/cv_bridge/share/cv_bridge/cmake/cv_bridge-extras.cmake
[2.292s] -- Up-to-date symlink: /home/autonomous-car/Desktop/Autonomous_car_ros2/install/cv_bridge/share/cv_bridge/cmake/ament_cmake_export_dependencies-extras.cmake
[2.292s] -- Up-to-date symlink: /home/autonomous-car/Desktop/Autonomous_car_ros2/install/cv_bridge/share/cv_bridge/cmake/ament_cmake_export_include_directories-extras.cmake
[2.293s] -- Up-to-date symlink: /home/autonomous-car/Desktop/Autonomous_car_ros2/install/cv_bridge/share/cv_bridge/cmake/ament_cmake_export_libraries-extras.cmake
[2.293s] -- Up-to-date symlink: /home/autonomous-car/Desktop/Autonomous_car_ros2/install/cv_bridge/share/cv_bridge/cmake/cv_bridgeConfig.cmake
[2.293s] -- Up-to-date symlink: /home/autonomous-car/Desktop/Autonomous_car_ros2/install/cv_bridge/share/cv_bridge/cmake/cv_bridgeConfig-version.cmake
[2.293s] -- Up-to-date symlink: /home/autonomous-car/Desktop/Autonomous_car_ros2/install/cv_bridge/share/cv_bridge/package.xml
[2.327s] Listing '/home/autonomous-car/Desktop/Autonomous_car_ros2/install/cv_bridge/lib/python3.6/site-packages/cv_bridge'...
[2.327s] Listing '/home/autonomous-car/Desktop/Autonomous_car_ros2/install/cv_bridge/lib/python3.6/site-packages/cv_bridge/boost'...
[2.340s] Invoked command in '/home/autonomous-car/Desktop/Autonomous_car_ros2/build/cv_bridge' returned '0': CMAKE_PREFIX_PATH=/home/autonomous-car/Desktop/Autonomous_car_ros2/install/vision_opencv:/home/autonomous-car/Desktop/Autonomous_car_ros2/install/image_geometry:/home/autonomous-car/Desktop/Autonomous_car_ros2/install/custom_msgs:/home/autonomous-car/Desktop/Autonomous_car_ros2/install/cv_bridge:/home/autonomous-car/Desktop/Autonomous_car_ros2/install/stereo_yolo3:/home/autonomous-car/Desktop/Autonomous_car_ros2/install/opencv_tests:/home/autonomous-car/Desktop/Autonomous_car_ros2/install/gui:/home/autonomous-car/Desktop/Autonomous_car_ros2/install/gather_data:/home/autonomous-car/Desktop/Autonomous_car_ros2/install/dataset_creator:/home/autonomous-car/Desktop/Autonomous_car_ros2/install/brain:/home/autonomous-car/Desktop/Autonomous_car_ros2/install/Gather_data:/home/autonomous-car/Desktop/Autonomous_car_ros2/install/control_accel_ard:/home/autonomous-car/Desktop/Autonomous_car_ros2/install/arduino_serial:/home/autonomous-car/Desktop/Autonomous_car_ros2/install/GUI:/opt/ros/eloquent:/opt/ros/melodic /usr/bin/cmake --build /home/autonomous-car/Desktop/Autonomous_car_ros2/build/cv_bridge --target install -- -j6 -l6
