[0.115s] DEBUG:colcon:Command line arguments: ['/usr/bin/colcon', 'build', '--symlink-install']
[0.115s] DEBUG:colcon:Parsed command line arguments: Namespace(ament_cmake_args=None, base_paths=['.'], build_base='build', catkin_cmake_args=None, catkin_skip_building_tests=False, cmake_args=None, cmake_clean_cache=False, cmake_clean_first=False, cmake_force_configure=False, cmake_target=None, cmake_target_skip_unavailable=False, continue_on_error=False, event_handlers=None, executor='parallel', ignore_user_meta=False, install_base='install', log_base=None, log_level=None, main=<bound method BuildVerb.main of <colcon_core.verb.build.BuildVerb object at 0x7f65256e7588>>, merge_install=False, metas=['./colcon.meta'], packages_above=None, packages_above_depth=None, packages_end=None, packages_ignore=None, packages_ignore_regex=None, packages_select=None, packages_select_build_failed=False, packages_select_by_dep=None, packages_select_regex=None, packages_select_test_failures=False, packages_skip=None, packages_skip_build_finished=False, packages_skip_by_dep=None, packages_skip_regex=None, packages_skip_test_passed=False, packages_skip_up_to=None, packages_start=None, packages_up_to=None, parallel_workers=6, paths=None, symlink_install=True, test_result_base=None, verb_extension=<colcon_core.verb.build.BuildVerb object at 0x7f65256e7588>, verb_name='build', verb_parser=<colcon_defaults.argument_parser.defaults.DefaultArgumentsDecorator object at 0x7f65256e77b8>)
[0.143s] Level 1:colcon.colcon_core.package_discovery:discover_packages(colcon_meta) check parameters
[0.143s] Level 1:colcon.colcon_core.package_discovery:discover_packages(recursive) check parameters
[0.143s] Level 1:colcon.colcon_core.package_discovery:discover_packages(ignore) check parameters
[0.143s] Level 1:colcon.colcon_core.package_discovery:discover_packages(path) check parameters
[0.143s] Level 1:colcon.colcon_core.package_discovery:discover_packages(colcon_meta) discover
[0.143s] Level 1:colcon.colcon_core.package_discovery:discover_packages(recursive) discover
[0.143s] INFO:colcon.colcon_core.package_discovery:Crawling recursively for packages in '/home/autonomous-car/Desktop/Autonomous_car_ros2'
[0.144s] Level 1:colcon.colcon_core.package_identification:_identify(.) by extensions ['ignore', 'ignore_ament_install']
[0.144s] Level 1:colcon.colcon_core.package_identification:_identify(.) by extension 'ignore'
[0.144s] Level 1:colcon.colcon_core.package_identification:_identify(.) by extension 'ignore_ament_install'
[0.144s] Level 1:colcon.colcon_core.package_identification:_identify(.) by extensions ['colcon_pkg']
[0.144s] Level 1:colcon.colcon_core.package_identification:_identify(.) by extension 'colcon_pkg'
[0.144s] Level 1:colcon.colcon_core.package_identification:_identify(.) by extensions ['colcon_meta']
[0.144s] Level 1:colcon.colcon_core.package_identification:_identify(.) by extension 'colcon_meta'
[0.144s] Level 1:colcon.colcon_core.package_identification:_identify(.) by extensions ['ros']
[0.144s] Level 1:colcon.colcon_core.package_identification:_identify(.) by extension 'ros'
[0.153s] Level 1:colcon.colcon_core.package_identification:_identify(.) by extensions ['cmake', 'python']
[0.153s] Level 1:colcon.colcon_core.package_identification:_identify(.) by extension 'cmake'
[0.153s] Level 1:colcon.colcon_core.package_identification:_identify(.) by extension 'python'
[0.153s] Level 1:colcon.colcon_core.package_identification:_identify(.) by extensions ['python_setup_py']
[0.153s] Level 1:colcon.colcon_core.package_identification:_identify(.) by extension 'python_setup_py'
[0.153s] Level 1:colcon.colcon_core.package_identification:_identify(build) by extensions ['ignore', 'ignore_ament_install']
[0.153s] Level 1:colcon.colcon_core.package_identification:_identify(build) by extension 'ignore'
[0.153s] Level 1:colcon.colcon_core.package_identification:_identify(build) ignored
[0.154s] Level 1:colcon.colcon_core.package_identification:_identify(install) by extensions ['ignore', 'ignore_ament_install']
[0.154s] Level 1:colcon.colcon_core.package_identification:_identify(install) by extension 'ignore'
[0.154s] Level 1:colcon.colcon_core.package_identification:_identify(install) ignored
[0.154s] Level 1:colcon.colcon_core.package_identification:_identify(log) by extensions ['ignore', 'ignore_ament_install']
[0.154s] Level 1:colcon.colcon_core.package_identification:_identify(log) by extension 'ignore'
[0.154s] Level 1:colcon.colcon_core.package_identification:_identify(log) ignored
[0.154s] Level 1:colcon.colcon_core.package_identification:_identify(src) by extensions ['ignore', 'ignore_ament_install']
[0.154s] Level 1:colcon.colcon_core.package_identification:_identify(src) by extension 'ignore'
[0.154s] Level 1:colcon.colcon_core.package_identification:_identify(src) by extension 'ignore_ament_install'
[0.154s] Level 1:colcon.colcon_core.package_identification:_identify(src) by extensions ['colcon_pkg']
[0.154s] Level 1:colcon.colcon_core.package_identification:_identify(src) by extension 'colcon_pkg'
[0.154s] Level 1:colcon.colcon_core.package_identification:_identify(src) by extensions ['colcon_meta']
[0.154s] Level 1:colcon.colcon_core.package_identification:_identify(src) by extension 'colcon_meta'
[0.154s] Level 1:colcon.colcon_core.package_identification:_identify(src) by extensions ['ros']
[0.154s] Level 1:colcon.colcon_core.package_identification:_identify(src) by extension 'ros'
[0.154s] Level 1:colcon.colcon_core.package_identification:_identify(src) by extensions ['cmake', 'python']
[0.154s] Level 1:colcon.colcon_core.package_identification:_identify(src) by extension 'cmake'
[0.155s] Level 1:colcon.colcon_core.package_identification:_identify(src) by extension 'python'
[0.155s] Level 1:colcon.colcon_core.package_identification:_identify(src) by extensions ['python_setup_py']
[0.155s] Level 1:colcon.colcon_core.package_identification:_identify(src) by extension 'python_setup_py'
[0.155s] Level 1:colcon.colcon_core.package_identification:_identify(src/dataset_creator) by extensions ['ignore', 'ignore_ament_install']
[0.155s] Level 1:colcon.colcon_core.package_identification:_identify(src/dataset_creator) by extension 'ignore'
[0.155s] Level 1:colcon.colcon_core.package_identification:_identify(src/dataset_creator) by extension 'ignore_ament_install'
[0.155s] Level 1:colcon.colcon_core.package_identification:_identify(src/dataset_creator) by extensions ['colcon_pkg']
[0.155s] Level 1:colcon.colcon_core.package_identification:_identify(src/dataset_creator) by extension 'colcon_pkg'
[0.155s] Level 1:colcon.colcon_core.package_identification:_identify(src/dataset_creator) by extensions ['colcon_meta']
[0.155s] Level 1:colcon.colcon_core.package_identification:_identify(src/dataset_creator) by extension 'colcon_meta'
[0.155s] Level 1:colcon.colcon_core.package_identification:_identify(src/dataset_creator) by extensions ['ros']
[0.155s] Level 1:colcon.colcon_core.package_identification:_identify(src/dataset_creator) by extension 'ros'
[0.157s] DEBUG:colcon.colcon_core.package_identification:Package 'src/dataset_creator' with type 'ros.ament_python' and name 'dataset_creator'
[0.157s] Level 1:colcon.colcon_core.package_identification:_identify(src/stereo_yolo3) by extensions ['ignore', 'ignore_ament_install']
[0.157s] Level 1:colcon.colcon_core.package_identification:_identify(src/stereo_yolo3) by extension 'ignore'
[0.157s] Level 1:colcon.colcon_core.package_identification:_identify(src/stereo_yolo3) by extension 'ignore_ament_install'
[0.157s] Level 1:colcon.colcon_core.package_identification:_identify(src/stereo_yolo3) by extensions ['colcon_pkg']
[0.157s] Level 1:colcon.colcon_core.package_identification:_identify(src/stereo_yolo3) by extension 'colcon_pkg'
[0.158s] Level 1:colcon.colcon_core.package_identification:_identify(src/stereo_yolo3) by extensions ['colcon_meta']
[0.158s] Level 1:colcon.colcon_core.package_identification:_identify(src/stereo_yolo3) by extension 'colcon_meta'
[0.158s] Level 1:colcon.colcon_core.package_identification:_identify(src/stereo_yolo3) by extensions ['ros']
[0.158s] Level 1:colcon.colcon_core.package_identification:_identify(src/stereo_yolo3) by extension 'ros'
[0.158s] DEBUG:colcon.colcon_core.package_identification:Package 'src/stereo_yolo3' with type 'ros.ament_python' and name 'stereo_yolo3'
[0.159s] Level 1:colcon.colcon_core.package_identification:_identify(src/vision_opencv) by extensions ['ignore', 'ignore_ament_install']
[0.159s] Level 1:colcon.colcon_core.package_identification:_identify(src/vision_opencv) by extension 'ignore'
[0.159s] Level 1:colcon.colcon_core.package_identification:_identify(src/vision_opencv) by extension 'ignore_ament_install'
[0.159s] Level 1:colcon.colcon_core.package_identification:_identify(src/vision_opencv) by extensions ['colcon_pkg']
[0.159s] Level 1:colcon.colcon_core.package_identification:_identify(src/vision_opencv) by extension 'colcon_pkg'
[0.159s] Level 1:colcon.colcon_core.package_identification:_identify(src/vision_opencv) by extensions ['colcon_meta']
[0.159s] Level 1:colcon.colcon_core.package_identification:_identify(src/vision_opencv) by extension 'colcon_meta'
[0.159s] Level 1:colcon.colcon_core.package_identification:_identify(src/vision_opencv) by extensions ['ros']
[0.159s] Level 1:colcon.colcon_core.package_identification:_identify(src/vision_opencv) by extension 'ros'
[0.159s] Level 1:colcon.colcon_core.package_identification:_identify(src/vision_opencv) by extensions ['cmake', 'python']
[0.159s] Level 1:colcon.colcon_core.package_identification:_identify(src/vision_opencv) by extension 'cmake'
[0.159s] Level 1:colcon.colcon_core.package_identification:_identify(src/vision_opencv) by extension 'python'
[0.159s] Level 1:colcon.colcon_core.package_identification:_identify(src/vision_opencv) by extensions ['python_setup_py']
[0.159s] Level 1:colcon.colcon_core.package_identification:_identify(src/vision_opencv) by extension 'python_setup_py'
[0.159s] Level 1:colcon.colcon_core.package_identification:_identify(src/vision_opencv/cv_bridge) by extensions ['ignore', 'ignore_ament_install']
[0.159s] Level 1:colcon.colcon_core.package_identification:_identify(src/vision_opencv/cv_bridge) by extension 'ignore'
[0.159s] Level 1:colcon.colcon_core.package_identification:_identify(src/vision_opencv/cv_bridge) by extension 'ignore_ament_install'
[0.159s] Level 1:colcon.colcon_core.package_identification:_identify(src/vision_opencv/cv_bridge) by extensions ['colcon_pkg']
[0.159s] Level 1:colcon.colcon_core.package_identification:_identify(src/vision_opencv/cv_bridge) by extension 'colcon_pkg'
[0.159s] Level 1:colcon.colcon_core.package_identification:_identify(src/vision_opencv/cv_bridge) by extensions ['colcon_meta']
[0.159s] Level 1:colcon.colcon_core.package_identification:_identify(src/vision_opencv/cv_bridge) by extension 'colcon_meta'
[0.160s] Level 1:colcon.colcon_core.package_identification:_identify(src/vision_opencv/cv_bridge) by extensions ['ros']
[0.160s] Level 1:colcon.colcon_core.package_identification:_identify(src/vision_opencv/cv_bridge) by extension 'ros'
[0.160s] DEBUG:colcon.colcon_core.package_identification:Package 'src/vision_opencv/cv_bridge' with type 'ros.ament_cmake' and name 'cv_bridge'
[0.160s] Level 1:colcon.colcon_core.package_identification:_identify(src/vision_opencv/image_geometry) by extensions ['ignore', 'ignore_ament_install']
[0.160s] Level 1:colcon.colcon_core.package_identification:_identify(src/vision_opencv/image_geometry) by extension 'ignore'
[0.161s] Level 1:colcon.colcon_core.package_identification:_identify(src/vision_opencv/image_geometry) by extension 'ignore_ament_install'
[0.161s] Level 1:colcon.colcon_core.package_identification:_identify(src/vision_opencv/image_geometry) by extensions ['colcon_pkg']
[0.161s] Level 1:colcon.colcon_core.package_identification:_identify(src/vision_opencv/image_geometry) by extension 'colcon_pkg'
[0.161s] Level 1:colcon.colcon_core.package_identification:_identify(src/vision_opencv/image_geometry) by extensions ['colcon_meta']
[0.161s] Level 1:colcon.colcon_core.package_identification:_identify(src/vision_opencv/image_geometry) by extension 'colcon_meta'
[0.161s] Level 1:colcon.colcon_core.package_identification:_identify(src/vision_opencv/image_geometry) by extensions ['ros']
[0.161s] Level 1:colcon.colcon_core.package_identification:_identify(src/vision_opencv/image_geometry) by extension 'ros'
[0.161s] DEBUG:colcon.colcon_core.package_identification:Package 'src/vision_opencv/image_geometry' with type 'ros.ament_cmake' and name 'image_geometry'
[0.161s] Level 1:colcon.colcon_core.package_identification:_identify(src/vision_opencv/opencv_tests) by extensions ['ignore', 'ignore_ament_install']
[0.162s] Level 1:colcon.colcon_core.package_identification:_identify(src/vision_opencv/opencv_tests) by extension 'ignore'
[0.162s] Level 1:colcon.colcon_core.package_identification:_identify(src/vision_opencv/opencv_tests) by extension 'ignore_ament_install'
[0.162s] Level 1:colcon.colcon_core.package_identification:_identify(src/vision_opencv/opencv_tests) by extensions ['colcon_pkg']
[0.162s] Level 1:colcon.colcon_core.package_identification:_identify(src/vision_opencv/opencv_tests) by extension 'colcon_pkg'
[0.162s] Level 1:colcon.colcon_core.package_identification:_identify(src/vision_opencv/opencv_tests) by extensions ['colcon_meta']
[0.162s] Level 1:colcon.colcon_core.package_identification:_identify(src/vision_opencv/opencv_tests) by extension 'colcon_meta'
[0.162s] Level 1:colcon.colcon_core.package_identification:_identify(src/vision_opencv/opencv_tests) by extensions ['ros']
[0.162s] Level 1:colcon.colcon_core.package_identification:_identify(src/vision_opencv/opencv_tests) by extension 'ros'
[0.162s] DEBUG:colcon.colcon_core.package_identification:Package 'src/vision_opencv/opencv_tests' with type 'ros.ament_python' and name 'opencv_tests'
[0.162s] Level 1:colcon.colcon_core.package_identification:_identify(src/vision_opencv/vision_opencv) by extensions ['ignore', 'ignore_ament_install']
[0.162s] Level 1:colcon.colcon_core.package_identification:_identify(src/vision_opencv/vision_opencv) by extension 'ignore'
[0.163s] Level 1:colcon.colcon_core.package_identification:_identify(src/vision_opencv/vision_opencv) by extension 'ignore_ament_install'
[0.163s] Level 1:colcon.colcon_core.package_identification:_identify(src/vision_opencv/vision_opencv) by extensions ['colcon_pkg']
[0.163s] Level 1:colcon.colcon_core.package_identification:_identify(src/vision_opencv/vision_opencv) by extension 'colcon_pkg'
[0.163s] Level 1:colcon.colcon_core.package_identification:_identify(src/vision_opencv/vision_opencv) by extensions ['colcon_meta']
[0.163s] Level 1:colcon.colcon_core.package_identification:_identify(src/vision_opencv/vision_opencv) by extension 'colcon_meta'
[0.163s] Level 1:colcon.colcon_core.package_identification:_identify(src/vision_opencv/vision_opencv) by extensions ['ros']
[0.163s] Level 1:colcon.colcon_core.package_identification:_identify(src/vision_opencv/vision_opencv) by extension 'ros'
[0.163s] DEBUG:colcon.colcon_core.package_identification:Package 'src/vision_opencv/vision_opencv' with type 'ros.ament_cmake' and name 'vision_opencv'
[0.163s] Level 1:colcon.colcon_core.package_discovery:discover_packages(recursive) using defaults
[0.163s] Level 1:colcon.colcon_core.package_discovery:discover_packages(ignore) discover
[0.163s] Level 1:colcon.colcon_core.package_discovery:discover_packages(ignore) using defaults
[0.163s] Level 1:colcon.colcon_core.package_discovery:discover_packages(path) discover
[0.163s] Level 1:colcon.colcon_core.package_discovery:discover_packages(path) using defaults
[0.165s] Level 1:colcon.colcon_core.package_augmentation.check_dependency_constraint:stereo_yolo3 depends on cv_bridge which has version 2.1.4: constraints {}
[0.165s] Level 1:colcon.colcon_core.package_augmentation.check_dependency_constraint:opencv_tests depends on cv_bridge which has version 2.1.4: constraints {}
[0.165s] Level 1:colcon.colcon_core.package_augmentation.check_dependency_constraint:vision_opencv depends on image_geometry which has version 2.1.4: constraints {}
[0.165s] Level 1:colcon.colcon_core.package_augmentation.check_dependency_constraint:vision_opencv depends on cv_bridge which has version 2.1.4: constraints {}
[0.165s] Level 1:colcon.colcon_core.package_augmentation.check_dependency_constraint:dataset_creator depends on cv_bridge which has version 2.1.4: constraints {}
[0.169s] Level 5:colcon.colcon_core.verb:set package 'cv_bridge' build argument 'cmake_args' from command line to 'None'
[0.169s] Level 5:colcon.colcon_core.verb:set package 'cv_bridge' build argument 'cmake_target' from command line to 'None'
[0.169s] Level 5:colcon.colcon_core.verb:set package 'cv_bridge' build argument 'cmake_target_skip_unavailable' from command line to 'False'
[0.169s] Level 5:colcon.colcon_core.verb:set package 'cv_bridge' build argument 'cmake_clean_cache' from command line to 'False'
[0.169s] Level 5:colcon.colcon_core.verb:set package 'cv_bridge' build argument 'cmake_clean_first' from command line to 'False'
[0.169s] Level 5:colcon.colcon_core.verb:set package 'cv_bridge' build argument 'cmake_force_configure' from command line to 'False'
[0.169s] Level 5:colcon.colcon_core.verb:set package 'cv_bridge' build argument 'ament_cmake_args' from command line to 'None'
[0.169s] Level 5:colcon.colcon_core.verb:set package 'cv_bridge' build argument 'catkin_cmake_args' from command line to 'None'
[0.169s] Level 5:colcon.colcon_core.verb:set package 'cv_bridge' build argument 'catkin_skip_building_tests' from command line to 'False'
[0.169s] DEBUG:colcon.colcon_core.verb:Building package 'cv_bridge' with the following arguments: {'ament_cmake_args': None, 'build_base': '/home/autonomous-car/Desktop/Autonomous_car_ros2/build/cv_bridge', 'catkin_cmake_args': None, 'catkin_skip_building_tests': False, 'cmake_args': None, 'cmake_clean_cache': False, 'cmake_clean_first': False, 'cmake_force_configure': False, 'cmake_target': None, 'cmake_target_skip_unavailable': False, 'install_base': '/home/autonomous-car/Desktop/Autonomous_car_ros2/install/cv_bridge', 'merge_install': False, 'path': '/home/autonomous-car/Desktop/Autonomous_car_ros2/src/vision_opencv/cv_bridge', 'symlink_install': True, 'test_result_base': None}
[0.171s] Level 5:colcon.colcon_core.verb:set package 'image_geometry' build argument 'cmake_args' from command line to 'None'
[0.171s] Level 5:colcon.colcon_core.verb:set package 'image_geometry' build argument 'cmake_target' from command line to 'None'
[0.171s] Level 5:colcon.colcon_core.verb:set package 'image_geometry' build argument 'cmake_target_skip_unavailable' from command line to 'False'
[0.171s] Level 5:colcon.colcon_core.verb:set package 'image_geometry' build argument 'cmake_clean_cache' from command line to 'False'
[0.171s] Level 5:colcon.colcon_core.verb:set package 'image_geometry' build argument 'cmake_clean_first' from command line to 'False'
[0.171s] Level 5:colcon.colcon_core.verb:set package 'image_geometry' build argument 'cmake_force_configure' from command line to 'False'
[0.171s] Level 5:colcon.colcon_core.verb:set package 'image_geometry' build argument 'ament_cmake_args' from command line to 'None'
[0.171s] Level 5:colcon.colcon_core.verb:set package 'image_geometry' build argument 'catkin_cmake_args' from command line to 'None'
[0.171s] Level 5:colcon.colcon_core.verb:set package 'image_geometry' build argument 'catkin_skip_building_tests' from command line to 'False'
[0.171s] DEBUG:colcon.colcon_core.verb:Building package 'image_geometry' with the following arguments: {'ament_cmake_args': None, 'build_base': '/home/autonomous-car/Desktop/Autonomous_car_ros2/build/image_geometry', 'catkin_cmake_args': None, 'catkin_skip_building_tests': False, 'cmake_args': None, 'cmake_clean_cache': False, 'cmake_clean_first': False, 'cmake_force_configure': False, 'cmake_target': None, 'cmake_target_skip_unavailable': False, 'install_base': '/home/autonomous-car/Desktop/Autonomous_car_ros2/install/image_geometry', 'merge_install': False, 'path': '/home/autonomous-car/Desktop/Autonomous_car_ros2/src/vision_opencv/image_geometry', 'symlink_install': True, 'test_result_base': None}
[0.174s] Level 5:colcon.colcon_core.verb:set package 'dataset_creator' build argument 'cmake_args' from command line to 'None'
[0.174s] Level 5:colcon.colcon_core.verb:set package 'dataset_creator' build argument 'cmake_target' from command line to 'None'
[0.174s] Level 5:colcon.colcon_core.verb:set package 'dataset_creator' build argument 'cmake_target_skip_unavailable' from command line to 'False'
[0.174s] Level 5:colcon.colcon_core.verb:set package 'dataset_creator' build argument 'cmake_clean_cache' from command line to 'False'
[0.174s] Level 5:colcon.colcon_core.verb:set package 'dataset_creator' build argument 'cmake_clean_first' from command line to 'False'
[0.174s] Level 5:colcon.colcon_core.verb:set package 'dataset_creator' build argument 'cmake_force_configure' from command line to 'False'
[0.174s] Level 5:colcon.colcon_core.verb:set package 'dataset_creator' build argument 'ament_cmake_args' from command line to 'None'
[0.174s] Level 5:colcon.colcon_core.verb:set package 'dataset_creator' build argument 'catkin_cmake_args' from command line to 'None'
[0.174s] Level 5:colcon.colcon_core.verb:set package 'dataset_creator' build argument 'catkin_skip_building_tests' from command line to 'False'
[0.174s] DEBUG:colcon.colcon_core.verb:Building package 'dataset_creator' with the following arguments: {'ament_cmake_args': None, 'build_base': '/home/autonomous-car/Desktop/Autonomous_car_ros2/build/dataset_creator', 'catkin_cmake_args': None, 'catkin_skip_building_tests': False, 'cmake_args': None, 'cmake_clean_cache': False, 'cmake_clean_first': False, 'cmake_force_configure': False, 'cmake_target': None, 'cmake_target_skip_unavailable': False, 'install_base': '/home/autonomous-car/Desktop/Autonomous_car_ros2/install/dataset_creator', 'merge_install': False, 'path': '/home/autonomous-car/Desktop/Autonomous_car_ros2/src/dataset_creator', 'symlink_install': True, 'test_result_base': None}
[0.176s] Level 5:colcon.colcon_core.verb:set package 'opencv_tests' build argument 'cmake_args' from command line to 'None'
[0.176s] Level 5:colcon.colcon_core.verb:set package 'opencv_tests' build argument 'cmake_target' from command line to 'None'
[0.176s] Level 5:colcon.colcon_core.verb:set package 'opencv_tests' build argument 'cmake_target_skip_unavailable' from command line to 'False'
[0.176s] Level 5:colcon.colcon_core.verb:set package 'opencv_tests' build argument 'cmake_clean_cache' from command line to 'False'
[0.176s] Level 5:colcon.colcon_core.verb:set package 'opencv_tests' build argument 'cmake_clean_first' from command line to 'False'
[0.176s] Level 5:colcon.colcon_core.verb:set package 'opencv_tests' build argument 'cmake_force_configure' from command line to 'False'
[0.176s] Level 5:colcon.colcon_core.verb:set package 'opencv_tests' build argument 'ament_cmake_args' from command line to 'None'
[0.176s] Level 5:colcon.colcon_core.verb:set package 'opencv_tests' build argument 'catkin_cmake_args' from command line to 'None'
[0.176s] Level 5:colcon.colcon_core.verb:set package 'opencv_tests' build argument 'catkin_skip_building_tests' from command line to 'False'
[0.176s] DEBUG:colcon.colcon_core.verb:Building package 'opencv_tests' with the following arguments: {'ament_cmake_args': None, 'build_base': '/home/autonomous-car/Desktop/Autonomous_car_ros2/build/opencv_tests', 'catkin_cmake_args': None, 'catkin_skip_building_tests': False, 'cmake_args': None, 'cmake_clean_cache': False, 'cmake_clean_first': False, 'cmake_force_configure': False, 'cmake_target': None, 'cmake_target_skip_unavailable': False, 'install_base': '/home/autonomous-car/Desktop/Autonomous_car_ros2/install/opencv_tests', 'merge_install': False, 'path': '/home/autonomous-car/Desktop/Autonomous_car_ros2/src/vision_opencv/opencv_tests', 'symlink_install': True, 'test_result_base': None}
[0.178s] Level 5:colcon.colcon_core.verb:set package 'stereo_yolo3' build argument 'cmake_args' from command line to 'None'
[0.178s] Level 5:colcon.colcon_core.verb:set package 'stereo_yolo3' build argument 'cmake_target' from command line to 'None'
[0.178s] Level 5:colcon.colcon_core.verb:set package 'stereo_yolo3' build argument 'cmake_target_skip_unavailable' from command line to 'False'
[0.178s] Level 5:colcon.colcon_core.verb:set package 'stereo_yolo3' build argument 'cmake_clean_cache' from command line to 'False'
[0.178s] Level 5:colcon.colcon_core.verb:set package 'stereo_yolo3' build argument 'cmake_clean_first' from command line to 'False'
[0.178s] Level 5:colcon.colcon_core.verb:set package 'stereo_yolo3' build argument 'cmake_force_configure' from command line to 'False'
[0.178s] Level 5:colcon.colcon_core.verb:set package 'stereo_yolo3' build argument 'ament_cmake_args' from command line to 'None'
[0.178s] Level 5:colcon.colcon_core.verb:set package 'stereo_yolo3' build argument 'catkin_cmake_args' from command line to 'None'
[0.178s] Level 5:colcon.colcon_core.verb:set package 'stereo_yolo3' build argument 'catkin_skip_building_tests' from command line to 'False'
[0.178s] DEBUG:colcon.colcon_core.verb:Building package 'stereo_yolo3' with the following arguments: {'ament_cmake_args': None, 'build_base': '/home/autonomous-car/Desktop/Autonomous_car_ros2/build/stereo_yolo3', 'catkin_cmake_args': None, 'catkin_skip_building_tests': False, 'cmake_args': None, 'cmake_clean_cache': False, 'cmake_clean_first': False, 'cmake_force_configure': False, 'cmake_target': None, 'cmake_target_skip_unavailable': False, 'install_base': '/home/autonomous-car/Desktop/Autonomous_car_ros2/install/stereo_yolo3', 'merge_install': False, 'path': '/home/autonomous-car/Desktop/Autonomous_car_ros2/src/stereo_yolo3', 'symlink_install': True, 'test_result_base': None}
[0.180s] Level 5:colcon.colcon_core.verb:set package 'vision_opencv' build argument 'cmake_args' from command line to 'None'
[0.180s] Level 5:colcon.colcon_core.verb:set package 'vision_opencv' build argument 'cmake_target' from command line to 'None'
[0.180s] Level 5:colcon.colcon_core.verb:set package 'vision_opencv' build argument 'cmake_target_skip_unavailable' from command line to 'False'
[0.180s] Level 5:colcon.colcon_core.verb:set package 'vision_opencv' build argument 'cmake_clean_cache' from command line to 'False'
[0.180s] Level 5:colcon.colcon_core.verb:set package 'vision_opencv' build argument 'cmake_clean_first' from command line to 'False'
[0.180s] Level 5:colcon.colcon_core.verb:set package 'vision_opencv' build argument 'cmake_force_configure' from command line to 'False'
[0.180s] Level 5:colcon.colcon_core.verb:set package 'vision_opencv' build argument 'ament_cmake_args' from command line to 'None'
[0.180s] Level 5:colcon.colcon_core.verb:set package 'vision_opencv' build argument 'catkin_cmake_args' from command line to 'None'
[0.180s] Level 5:colcon.colcon_core.verb:set package 'vision_opencv' build argument 'catkin_skip_building_tests' from command line to 'False'
[0.180s] DEBUG:colcon.colcon_core.verb:Building package 'vision_opencv' with the following arguments: {'ament_cmake_args': None, 'build_base': '/home/autonomous-car/Desktop/Autonomous_car_ros2/build/vision_opencv', 'catkin_cmake_args': None, 'catkin_skip_building_tests': False, 'cmake_args': None, 'cmake_clean_cache': False, 'cmake_clean_first': False, 'cmake_force_configure': False, 'cmake_target': None, 'cmake_target_skip_unavailable': False, 'install_base': '/home/autonomous-car/Desktop/Autonomous_car_ros2/install/vision_opencv', 'merge_install': False, 'path': '/home/autonomous-car/Desktop/Autonomous_car_ros2/src/vision_opencv/vision_opencv', 'symlink_install': True, 'test_result_base': None}
[0.181s] INFO:colcon.colcon_core.executor:Executing jobs using 'parallel' executor
[0.190s] DEBUG:colcon.colcon_parallel_executor.executor.parallel:run_until_complete
[0.191s] INFO:colcon.colcon_ros.task.ament_cmake.build:Building ROS package in '/home/autonomous-car/Desktop/Autonomous_car_ros2/src/vision_opencv/cv_bridge' with build type 'ament_cmake'
[0.193s] INFO:colcon.colcon_core.plugin_system:Skipping extension 'colcon_core.shell.bat': Not used on non-Windows systems
[0.193s] INFO:colcon.colcon_cmake.task.cmake.build:Building CMake package in '/home/autonomous-car/Desktop/Autonomous_car_ros2/src/vision_opencv/cv_bridge'
[0.194s] INFO:colcon.colcon_core.shell:Skip shell extension 'powershell' for command environment: Not usable outside of PowerShell
[0.194s] DEBUG:colcon.colcon_core.shell:Skip shell extension 'dsv' for command environment
[0.196s] DEBUG:colcon.colcon_core.shell:Ignoring prefix path '/opt/ros/eloquent'
[0.196s] DEBUG:colcon.colcon_core.shell:Ignoring prefix path '/opt/ros/melodic'
[0.198s] INFO:colcon.colcon_ros.task.ament_cmake.build:Building ROS package in '/home/autonomous-car/Desktop/Autonomous_car_ros2/src/vision_opencv/image_geometry' with build type 'ament_cmake'
[0.198s] INFO:colcon.colcon_cmake.task.cmake.build:Building CMake package in '/home/autonomous-car/Desktop/Autonomous_car_ros2/src/vision_opencv/image_geometry'
[0.199s] INFO:colcon.colcon_core.shell:Skip shell extension 'powershell' for command environment: Not usable outside of PowerShell
[0.199s] DEBUG:colcon.colcon_core.shell:Skip shell extension 'dsv' for command environment
[0.200s] DEBUG:colcon.colcon_core.shell:Ignoring prefix path '/opt/ros/eloquent'
[0.201s] DEBUG:colcon.colcon_core.shell:Ignoring prefix path '/opt/ros/melodic'
[0.206s] DEBUG:colcon.colcon_core.event_handler.log_command:Invoking command in '/home/autonomous-car/Desktop/Autonomous_car_ros2/build/cv_bridge': CMAKE_PREFIX_PATH=/home/autonomous-car/Desktop/Autonomous_car_ros2/install/vision_opencv:/home/autonomous-car/Desktop/Autonomous_car_ros2/install/image_geometry:/home/autonomous-car/Desktop/Autonomous_car_ros2/install/custom_msgs:/home/autonomous-car/Desktop/Autonomous_car_ros2/install/cv_bridge:/home/autonomous-car/Desktop/Autonomous_car_ros2/install/stereo_yolo3:/home/autonomous-car/Desktop/Autonomous_car_ros2/install/opencv_tests:/home/autonomous-car/Desktop/Autonomous_car_ros2/install/dataset_creator:/opt/ros/eloquent:/opt/ros/melodic /usr/bin/cmake --build /home/autonomous-car/Desktop/Autonomous_car_ros2/build/cv_bridge -- -j6 -l6
[0.212s] DEBUG:colcon.colcon_core.event_handler.log_command:Invoking command in '/home/autonomous-car/Desktop/Autonomous_car_ros2/build/image_geometry': CMAKE_PREFIX_PATH=/home/autonomous-car/Desktop/Autonomous_car_ros2/install/vision_opencv:/home/autonomous-car/Desktop/Autonomous_car_ros2/install/image_geometry:/home/autonomous-car/Desktop/Autonomous_car_ros2/install/custom_msgs:/home/autonomous-car/Desktop/Autonomous_car_ros2/install/cv_bridge:/home/autonomous-car/Desktop/Autonomous_car_ros2/install/stereo_yolo3:/home/autonomous-car/Desktop/Autonomous_car_ros2/install/opencv_tests:/home/autonomous-car/Desktop/Autonomous_car_ros2/install/dataset_creator:/opt/ros/eloquent:/opt/ros/melodic /usr/bin/cmake --build /home/autonomous-car/Desktop/Autonomous_car_ros2/build/image_geometry -- -j6 -l6
[0.287s] DEBUG:colcon.colcon_core.event_handler.log_command:Invoked command in '/home/autonomous-car/Desktop/Autonomous_car_ros2/build/cv_bridge' returned '0': CMAKE_PREFIX_PATH=/home/autonomous-car/Desktop/Autonomous_car_ros2/install/vision_opencv:/home/autonomous-car/Desktop/Autonomous_car_ros2/install/image_geometry:/home/autonomous-car/Desktop/Autonomous_car_ros2/install/custom_msgs:/home/autonomous-car/Desktop/Autonomous_car_ros2/install/cv_bridge:/home/autonomous-car/Desktop/Autonomous_car_ros2/install/stereo_yolo3:/home/autonomous-car/Desktop/Autonomous_car_ros2/install/opencv_tests:/home/autonomous-car/Desktop/Autonomous_car_ros2/install/dataset_creator:/opt/ros/eloquent:/opt/ros/melodic /usr/bin/cmake --build /home/autonomous-car/Desktop/Autonomous_car_ros2/build/cv_bridge -- -j6 -l6
[0.292s] DEBUG:colcon.colcon_core.event_handler.log_command:Invoked command in '/home/autonomous-car/Desktop/Autonomous_car_ros2/build/image_geometry' returned '0': CMAKE_PREFIX_PATH=/home/autonomous-car/Desktop/Autonomous_car_ros2/install/vision_opencv:/home/autonomous-car/Desktop/Autonomous_car_ros2/install/image_geometry:/home/autonomous-car/Desktop/Autonomous_car_ros2/install/custom_msgs:/home/autonomous-car/Desktop/Autonomous_car_ros2/install/cv_bridge:/home/autonomous-car/Desktop/Autonomous_car_ros2/install/stereo_yolo3:/home/autonomous-car/Desktop/Autonomous_car_ros2/install/opencv_tests:/home/autonomous-car/Desktop/Autonomous_car_ros2/install/dataset_creator:/opt/ros/eloquent:/opt/ros/melodic /usr/bin/cmake --build /home/autonomous-car/Desktop/Autonomous_car_ros2/build/image_geometry -- -j6 -l6
[0.308s] DEBUG:colcon.colcon_core.event_handler.log_command:Invoking command in '/home/autonomous-car/Desktop/Autonomous_car_ros2/build/cv_bridge': CMAKE_PREFIX_PATH=/home/autonomous-car/Desktop/Autonomous_car_ros2/install/vision_opencv:/home/autonomous-car/Desktop/Autonomous_car_ros2/install/image_geometry:/home/autonomous-car/Desktop/Autonomous_car_ros2/install/custom_msgs:/home/autonomous-car/Desktop/Autonomous_car_ros2/install/cv_bridge:/home/autonomous-car/Desktop/Autonomous_car_ros2/install/stereo_yolo3:/home/autonomous-car/Desktop/Autonomous_car_ros2/install/opencv_tests:/home/autonomous-car/Desktop/Autonomous_car_ros2/install/dataset_creator:/opt/ros/eloquent:/opt/ros/melodic /usr/bin/cmake --build /home/autonomous-car/Desktop/Autonomous_car_ros2/build/cv_bridge --target install -- -j6 -l6
[0.314s] DEBUG:colcon.colcon_core.event_handler.log_command:Invoking command in '/home/autonomous-car/Desktop/Autonomous_car_ros2/build/image_geometry': CMAKE_PREFIX_PATH=/home/autonomous-car/Desktop/Autonomous_car_ros2/install/vision_opencv:/home/autonomous-car/Desktop/Autonomous_car_ros2/install/image_geometry:/home/autonomous-car/Desktop/Autonomous_car_ros2/install/custom_msgs:/home/autonomous-car/Desktop/Autonomous_car_ros2/install/cv_bridge:/home/autonomous-car/Desktop/Autonomous_car_ros2/install/stereo_yolo3:/home/autonomous-car/Desktop/Autonomous_car_ros2/install/opencv_tests:/home/autonomous-car/Desktop/Autonomous_car_ros2/install/dataset_creator:/opt/ros/eloquent:/opt/ros/melodic /usr/bin/cmake --build /home/autonomous-car/Desktop/Autonomous_car_ros2/build/image_geometry --target install -- -j6 -l6
[0.439s] Level 1:colcon.colcon_core.environment:create_environment_scripts_only(cv_bridge)
[0.440s] DEBUG:colcon.colcon_core.event_handler.log_command:Invoked command in '/home/autonomous-car/Desktop/Autonomous_car_ros2/build/cv_bridge' returned '0': CMAKE_PREFIX_PATH=/home/autonomous-car/Desktop/Autonomous_car_ros2/install/vision_opencv:/home/autonomous-car/Desktop/Autonomous_car_ros2/install/image_geometry:/home/autonomous-car/Desktop/Autonomous_car_ros2/install/custom_msgs:/home/autonomous-car/Desktop/Autonomous_car_ros2/install/cv_bridge:/home/autonomous-car/Desktop/Autonomous_car_ros2/install/stereo_yolo3:/home/autonomous-car/Desktop/Autonomous_car_ros2/install/opencv_tests:/home/autonomous-car/Desktop/Autonomous_car_ros2/install/dataset_creator:/opt/ros/eloquent:/opt/ros/melodic /usr/bin/cmake --build /home/autonomous-car/Desktop/Autonomous_car_ros2/build/cv_bridge --target install -- -j6 -l6
[0.442s] Level 1:colcon.colcon_core.environment:checking '/home/autonomous-car/Desktop/Autonomous_car_ros2/install/cv_bridge' for CMake module files
[0.443s] Level 1:colcon.colcon_core.environment:checking '/home/autonomous-car/Desktop/Autonomous_car_ros2/install/cv_bridge' for CMake config files
[0.443s] Level 1:colcon.colcon_core.shell:create_environment_hook('cv_bridge', 'cmake_prefix_path')
[0.444s] INFO:colcon.colcon_core.shell:Creating environment hook '/home/autonomous-car/Desktop/Autonomous_car_ros2/install/cv_bridge/share/cv_bridge/hook/cmake_prefix_path.ps1'
[0.444s] INFO:colcon.colcon_core.shell:Creating environment descriptor '/home/autonomous-car/Desktop/Autonomous_car_ros2/install/cv_bridge/share/cv_bridge/hook/cmake_prefix_path.dsv'
[0.444s] INFO:colcon.colcon_core.shell:Creating environment hook '/home/autonomous-car/Desktop/Autonomous_car_ros2/install/cv_bridge/share/cv_bridge/hook/cmake_prefix_path.sh'
[0.445s] Level 1:colcon.colcon_core.environment:checking '/home/autonomous-car/Desktop/Autonomous_car_ros2/install/cv_bridge/lib'
[0.445s] Level 1:colcon.colcon_core.shell:create_environment_hook('cv_bridge', 'ld_library_path_lib')
[0.446s] INFO:colcon.colcon_core.shell:Creating environment hook '/home/autonomous-car/Desktop/Autonomous_car_ros2/install/cv_bridge/share/cv_bridge/hook/ld_library_path_lib.ps1'
[0.446s] INFO:colcon.colcon_core.shell:Creating environment descriptor '/home/autonomous-car/Desktop/Autonomous_car_ros2/install/cv_bridge/share/cv_bridge/hook/ld_library_path_lib.dsv'
[0.446s] INFO:colcon.colcon_core.shell:Creating environment hook '/home/autonomous-car/Desktop/Autonomous_car_ros2/install/cv_bridge/share/cv_bridge/hook/ld_library_path_lib.sh'
[0.447s] Level 1:colcon.colcon_core.environment:checking '/home/autonomous-car/Desktop/Autonomous_car_ros2/install/cv_bridge/bin'
[0.447s] Level 1:colcon.colcon_core.environment:checking '/home/autonomous-car/Desktop/Autonomous_car_ros2/install/cv_bridge/lib/pkgconfig/cv_bridge.pc'
[0.447s] Level 1:colcon.colcon_core.environment:checking '/home/autonomous-car/Desktop/Autonomous_car_ros2/install/cv_bridge/lib/python3.6/site-packages'
[0.447s] Level 1:colcon.colcon_core.shell:create_environment_hook('cv_bridge', 'pythonpath')
[0.447s] INFO:colcon.colcon_core.shell:Creating environment hook '/home/autonomous-car/Desktop/Autonomous_car_ros2/install/cv_bridge/share/cv_bridge/hook/pythonpath.ps1'
[0.447s] INFO:colcon.colcon_core.shell:Creating environment descriptor '/home/autonomous-car/Desktop/Autonomous_car_ros2/install/cv_bridge/share/cv_bridge/hook/pythonpath.dsv'
[0.447s] INFO:colcon.colcon_core.shell:Creating environment hook '/home/autonomous-car/Desktop/Autonomous_car_ros2/install/cv_bridge/share/cv_bridge/hook/pythonpath.sh'
[0.448s] INFO:colcon.colcon_core.shell:Creating package script '/home/autonomous-car/Desktop/Autonomous_car_ros2/install/cv_bridge/share/cv_bridge/package.ps1'
[0.449s] INFO:colcon.colcon_core.shell:Creating package descriptor '/home/autonomous-car/Desktop/Autonomous_car_ros2/install/cv_bridge/share/cv_bridge/package.dsv'
[0.449s] INFO:colcon.colcon_core.shell:Creating package script '/home/autonomous-car/Desktop/Autonomous_car_ros2/install/cv_bridge/share/cv_bridge/package.sh'
[0.450s] INFO:colcon.colcon_core.shell:Creating package script '/home/autonomous-car/Desktop/Autonomous_car_ros2/install/cv_bridge/share/cv_bridge/package.bash'
[0.451s] INFO:colcon.colcon_core.shell:Creating package script '/home/autonomous-car/Desktop/Autonomous_car_ros2/install/cv_bridge/share/cv_bridge/package.zsh'
[0.451s] Level 1:colcon.colcon_core.environment:create_file_with_runtime_dependencies(/home/autonomous-car/Desktop/Autonomous_car_ros2/install/cv_bridge/share/colcon-core/packages/cv_bridge)
[0.452s] INFO:colcon.colcon_ros.task.ament_python.build:Building ROS package in '/home/autonomous-car/Desktop/Autonomous_car_ros2/src/dataset_creator' with build type 'ament_python'
[0.452s] Level 1:colcon.colcon_core.shell:create_environment_hook('dataset_creator', 'ament_prefix_path')
[0.452s] INFO:colcon.colcon_core.shell:Creating environment hook '/home/autonomous-car/Desktop/Autonomous_car_ros2/install/dataset_creator/share/dataset_creator/hook/ament_prefix_path.ps1'
[0.453s] INFO:colcon.colcon_core.shell:Creating environment descriptor '/home/autonomous-car/Desktop/Autonomous_car_ros2/install/dataset_creator/share/dataset_creator/hook/ament_prefix_path.dsv'
[0.453s] INFO:colcon.colcon_core.shell:Creating environment hook '/home/autonomous-car/Desktop/Autonomous_car_ros2/install/dataset_creator/share/dataset_creator/hook/ament_prefix_path.sh'
[0.453s] INFO:colcon.colcon_core.shell:Skip shell extension 'powershell' for command environment: Not usable outside of PowerShell
[0.453s] DEBUG:colcon.colcon_core.shell:Skip shell extension 'dsv' for command environment
[0.455s] DEBUG:colcon.colcon_core.shell:Ignoring prefix path '/opt/ros/eloquent'
[0.455s] DEBUG:colcon.colcon_core.shell:Ignoring prefix path '/opt/ros/melodic'
[0.457s] INFO:colcon.colcon_ros.task.ament_python.build:Building ROS package in '/home/autonomous-car/Desktop/Autonomous_car_ros2/src/vision_opencv/opencv_tests' with build type 'ament_python'
[0.457s] Level 1:colcon.colcon_core.shell:create_environment_hook('opencv_tests', 'ament_prefix_path')
[0.457s] INFO:colcon.colcon_core.shell:Creating environment hook '/home/autonomous-car/Desktop/Autonomous_car_ros2/install/opencv_tests/share/opencv_tests/hook/ament_prefix_path.ps1'
[0.458s] INFO:colcon.colcon_core.shell:Creating environment descriptor '/home/autonomous-car/Desktop/Autonomous_car_ros2/install/opencv_tests/share/opencv_tests/hook/ament_prefix_path.dsv'
[0.458s] INFO:colcon.colcon_core.shell:Creating environment hook '/home/autonomous-car/Desktop/Autonomous_car_ros2/install/opencv_tests/share/opencv_tests/hook/ament_prefix_path.sh'
[0.459s] INFO:colcon.colcon_core.shell:Skip shell extension 'powershell' for command environment: Not usable outside of PowerShell
[0.459s] DEBUG:colcon.colcon_core.shell:Skip shell extension 'dsv' for command environment
[0.460s] DEBUG:colcon.colcon_core.shell:Ignoring prefix path '/opt/ros/eloquent'
[0.460s] DEBUG:colcon.colcon_core.shell:Ignoring prefix path '/opt/ros/melodic'
[0.462s] INFO:colcon.colcon_ros.task.ament_python.build:Building ROS package in '/home/autonomous-car/Desktop/Autonomous_car_ros2/src/stereo_yolo3' with build type 'ament_python'
[0.462s] Level 1:colcon.colcon_core.shell:create_environment_hook('stereo_yolo3', 'ament_prefix_path')
[0.463s] INFO:colcon.colcon_core.shell:Creating environment hook '/home/autonomous-car/Desktop/Autonomous_car_ros2/install/stereo_yolo3/share/stereo_yolo3/hook/ament_prefix_path.ps1'
[0.463s] INFO:colcon.colcon_core.shell:Creating environment descriptor '/home/autonomous-car/Desktop/Autonomous_car_ros2/install/stereo_yolo3/share/stereo_yolo3/hook/ament_prefix_path.dsv'
[0.464s] INFO:colcon.colcon_core.shell:Creating environment hook '/home/autonomous-car/Desktop/Autonomous_car_ros2/install/stereo_yolo3/share/stereo_yolo3/hook/ament_prefix_path.sh'
[0.464s] INFO:colcon.colcon_core.shell:Skip shell extension 'powershell' for command environment: Not usable outside of PowerShell
[0.464s] DEBUG:colcon.colcon_core.shell:Skip shell extension 'dsv' for command environment
[0.466s] DEBUG:colcon.colcon_core.shell:Ignoring prefix path '/opt/ros/eloquent'
[0.466s] DEBUG:colcon.colcon_core.shell:Ignoring prefix path '/opt/ros/melodic'
[0.469s] Level 1:colcon.colcon_core.environment:create_environment_scripts_only(image_geometry)
[0.470s] Level 1:colcon.colcon_core.environment:checking '/home/autonomous-car/Desktop/Autonomous_car_ros2/install/image_geometry' for CMake module files
[0.470s] DEBUG:colcon.colcon_core.event_handler.log_command:Invoked command in '/home/autonomous-car/Desktop/Autonomous_car_ros2/build/image_geometry' returned '0': CMAKE_PREFIX_PATH=/home/autonomous-car/Desktop/Autonomous_car_ros2/install/vision_opencv:/home/autonomous-car/Desktop/Autonomous_car_ros2/install/image_geometry:/home/autonomous-car/Desktop/Autonomous_car_ros2/install/custom_msgs:/home/autonomous-car/Desktop/Autonomous_car_ros2/install/cv_bridge:/home/autonomous-car/Desktop/Autonomous_car_ros2/install/stereo_yolo3:/home/autonomous-car/Desktop/Autonomous_car_ros2/install/opencv_tests:/home/autonomous-car/Desktop/Autonomous_car_ros2/install/dataset_creator:/opt/ros/eloquent:/opt/ros/melodic /usr/bin/cmake --build /home/autonomous-car/Desktop/Autonomous_car_ros2/build/image_geometry --target install -- -j6 -l6
[0.471s] Level 1:colcon.colcon_core.environment:checking '/home/autonomous-car/Desktop/Autonomous_car_ros2/install/image_geometry' for CMake config files
[0.471s] Level 1:colcon.colcon_core.shell:create_environment_hook('image_geometry', 'cmake_prefix_path')
[0.471s] INFO:colcon.colcon_core.shell:Creating environment hook '/home/autonomous-car/Desktop/Autonomous_car_ros2/install/image_geometry/share/image_geometry/hook/cmake_prefix_path.ps1'
[0.472s] INFO:colcon.colcon_core.shell:Creating environment descriptor '/home/autonomous-car/Desktop/Autonomous_car_ros2/install/image_geometry/share/image_geometry/hook/cmake_prefix_path.dsv'
[0.472s] INFO:colcon.colcon_core.shell:Creating environment hook '/home/autonomous-car/Desktop/Autonomous_car_ros2/install/image_geometry/share/image_geometry/hook/cmake_prefix_path.sh'
[0.473s] Level 1:colcon.colcon_core.environment:checking '/home/autonomous-car/Desktop/Autonomous_car_ros2/install/image_geometry/lib'
[0.473s] Level 1:colcon.colcon_core.shell:create_environment_hook('image_geometry', 'ld_library_path_lib')
[0.473s] INFO:colcon.colcon_core.shell:Creating environment hook '/home/autonomous-car/Desktop/Autonomous_car_ros2/install/image_geometry/share/image_geometry/hook/ld_library_path_lib.ps1'
[0.473s] INFO:colcon.colcon_core.shell:Creating environment descriptor '/home/autonomous-car/Desktop/Autonomous_car_ros2/install/image_geometry/share/image_geometry/hook/ld_library_path_lib.dsv'
[0.474s] INFO:colcon.colcon_core.shell:Creating environment hook '/home/autonomous-car/Desktop/Autonomous_car_ros2/install/image_geometry/share/image_geometry/hook/ld_library_path_lib.sh'
[0.474s] Level 1:colcon.colcon_core.environment:checking '/home/autonomous-car/Desktop/Autonomous_car_ros2/install/image_geometry/bin'
[0.474s] Level 1:colcon.colcon_core.environment:checking '/home/autonomous-car/Desktop/Autonomous_car_ros2/install/image_geometry/lib/pkgconfig/image_geometry.pc'
[0.474s] Level 1:colcon.colcon_core.environment:checking '/home/autonomous-car/Desktop/Autonomous_car_ros2/install/image_geometry/lib/python3.6/site-packages'
[0.474s] Level 1:colcon.colcon_core.shell:create_environment_hook('image_geometry', 'pythonpath')
[0.475s] INFO:colcon.colcon_core.shell:Creating environment hook '/home/autonomous-car/Desktop/Autonomous_car_ros2/install/image_geometry/share/image_geometry/hook/pythonpath.ps1'
[0.475s] INFO:colcon.colcon_core.shell:Creating environment descriptor '/home/autonomous-car/Desktop/Autonomous_car_ros2/install/image_geometry/share/image_geometry/hook/pythonpath.dsv'
[0.475s] INFO:colcon.colcon_core.shell:Creating environment hook '/home/autonomous-car/Desktop/Autonomous_car_ros2/install/image_geometry/share/image_geometry/hook/pythonpath.sh'
[0.476s] INFO:colcon.colcon_core.shell:Creating package script '/home/autonomous-car/Desktop/Autonomous_car_ros2/install/image_geometry/share/image_geometry/package.ps1'
[0.476s] INFO:colcon.colcon_core.shell:Creating package descriptor '/home/autonomous-car/Desktop/Autonomous_car_ros2/install/image_geometry/share/image_geometry/package.dsv'
[0.476s] INFO:colcon.colcon_core.shell:Creating package script '/home/autonomous-car/Desktop/Autonomous_car_ros2/install/image_geometry/share/image_geometry/package.sh'
[0.477s] INFO:colcon.colcon_core.shell:Creating package script '/home/autonomous-car/Desktop/Autonomous_car_ros2/install/image_geometry/share/image_geometry/package.bash'
[0.477s] INFO:colcon.colcon_core.shell:Creating package script '/home/autonomous-car/Desktop/Autonomous_car_ros2/install/image_geometry/share/image_geometry/package.zsh'
[0.477s] Level 1:colcon.colcon_core.environment:create_file_with_runtime_dependencies(/home/autonomous-car/Desktop/Autonomous_car_ros2/install/image_geometry/share/colcon-core/packages/image_geometry)
[0.478s] INFO:colcon.colcon_ros.task.ament_cmake.build:Building ROS package in '/home/autonomous-car/Desktop/Autonomous_car_ros2/src/vision_opencv/vision_opencv' with build type 'ament_cmake'
[0.479s] INFO:colcon.colcon_cmake.task.cmake.build:Building CMake package in '/home/autonomous-car/Desktop/Autonomous_car_ros2/src/vision_opencv/vision_opencv'
[0.479s] INFO:colcon.colcon_core.shell:Skip shell extension 'powershell' for command environment: Not usable outside of PowerShell
[0.479s] DEBUG:colcon.colcon_core.shell:Skip shell extension 'dsv' for command environment
[0.481s] DEBUG:colcon.colcon_core.shell:Ignoring prefix path '/opt/ros/eloquent'
[0.481s] DEBUG:colcon.colcon_core.shell:Ignoring prefix path '/opt/ros/melodic'
[0.697s] INFO:colcon.colcon_core.task.python.build:Building Python package in '/home/autonomous-car/Desktop/Autonomous_car_ros2/src/dataset_creator'
[0.698s] INFO:colcon.colcon_core.shell:Skip shell extension 'powershell' for command environment: Not usable outside of PowerShell
[0.698s] DEBUG:colcon.colcon_core.shell:Skip shell extension 'dsv' for command environment
[0.699s] DEBUG:colcon.colcon_core.shell:Ignoring prefix path '/opt/ros/eloquent'
[0.699s] DEBUG:colcon.colcon_core.shell:Ignoring prefix path '/opt/ros/melodic'
[0.915s] INFO:colcon.colcon_core.task.python.build:Building Python package in '/home/autonomous-car/Desktop/Autonomous_car_ros2/src/vision_opencv/opencv_tests'
[0.916s] INFO:colcon.colcon_core.shell:Skip shell extension 'powershell' for command environment: Not usable outside of PowerShell
[0.916s] DEBUG:colcon.colcon_core.shell:Skip shell extension 'dsv' for command environment
[0.917s] DEBUG:colcon.colcon_core.shell:Ignoring prefix path '/opt/ros/eloquent'
[0.917s] DEBUG:colcon.colcon_core.shell:Ignoring prefix path '/opt/ros/melodic'
[1.131s] INFO:colcon.colcon_core.task.python.build:Building Python package in '/home/autonomous-car/Desktop/Autonomous_car_ros2/src/stereo_yolo3'
[1.132s] INFO:colcon.colcon_core.shell:Skip shell extension 'powershell' for command environment: Not usable outside of PowerShell
[1.132s] DEBUG:colcon.colcon_core.shell:Skip shell extension 'dsv' for command environment
[1.134s] DEBUG:colcon.colcon_core.shell:Ignoring prefix path '/opt/ros/eloquent'
[1.134s] DEBUG:colcon.colcon_core.shell:Ignoring prefix path '/opt/ros/melodic'
[1.139s] DEBUG:colcon.colcon_core.event_handler.log_command:Invoking command in '/home/autonomous-car/Desktop/Autonomous_car_ros2/build/vision_opencv': CMAKE_PREFIX_PATH=/home/autonomous-car/Desktop/Autonomous_car_ros2/install/image_geometry:/home/autonomous-car/Desktop/Autonomous_car_ros2/install/cv_bridge:/home/autonomous-car/Desktop/Autonomous_car_ros2/install/vision_opencv:/home/autonomous-car/Desktop/Autonomous_car_ros2/install/custom_msgs:/home/autonomous-car/Desktop/Autonomous_car_ros2/install/stereo_yolo3:/home/autonomous-car/Desktop/Autonomous_car_ros2/install/opencv_tests:/home/autonomous-car/Desktop/Autonomous_car_ros2/install/dataset_creator:/opt/ros/eloquent:/opt/ros/melodic LD_LIBRARY_PATH=/home/autonomous-car/Desktop/Autonomous_car_ros2/install/image_geometry/lib:/home/autonomous-car/Desktop/Autonomous_car_ros2/install/cv_bridge/lib:/home/autonomous-car/Desktop/Autonomous_car_ros2/install/custom_msgs/lib:/opt/ros/eloquent/opt/yaml_cpp_vendor/lib:/opt/ros/eloquent/opt/rviz_ogre_vendor/lib:/opt/ros/eloquent/lib:/opt/ros/melodic/lib PYTHONPATH=/home/autonomous-car/Desktop/Autonomous_car_ros2/install/image_geometry/lib/python3.6/site-packages:/home/autonomous-car/Desktop/Autonomous_car_ros2/install/cv_bridge/lib/python3.6/site-packages:/home/autonomous-car/Desktop/Autonomous_car_ros2/build/stereo_yolo3:/home/autonomous-car/Desktop/Autonomous_car_ros2/install/stereo_yolo3/lib/python3.6/site-packages:/home/autonomous-car/Desktop/Autonomous_car_ros2/build/opencv_tests:/home/autonomous-car/Desktop/Autonomous_car_ros2/install/opencv_tests/lib/python3.6/site-packages:/home/autonomous-car/Desktop/Autonomous_car_ros2/build/dataset_creator:/home/autonomous-car/Desktop/Autonomous_car_ros2/install/dataset_creator/lib/python3.6/site-packages:/home/autonomous-car/Desktop/Autonomous_car_ros2/install/custom_msgs/lib/python3.6/site-packages:/opt/ros/eloquent/lib/python3.6/site-packages:/opt/ros/melodic/lib/python2.7/dist-packages /usr/bin/cmake --build /home/autonomous-car/Desktop/Autonomous_car_ros2/build/vision_opencv -- -j6 -l6
[1.353s] DEBUG:colcon.colcon_core.event_handler.log_command:Invoking command in '/home/autonomous-car/Desktop/Autonomous_car_ros2/build/dataset_creator': CMAKE_PREFIX_PATH=/home/autonomous-car/Desktop/Autonomous_car_ros2/install/cv_bridge:/home/autonomous-car/Desktop/Autonomous_car_ros2/install/vision_opencv:/home/autonomous-car/Desktop/Autonomous_car_ros2/install/image_geometry:/home/autonomous-car/Desktop/Autonomous_car_ros2/install/custom_msgs:/opt/ros/melodic LD_LIBRARY_PATH=/home/autonomous-car/Desktop/Autonomous_car_ros2/install/cv_bridge/lib:/home/autonomous-car/Desktop/Autonomous_car_ros2/install/image_geometry/lib:/home/autonomous-car/Desktop/Autonomous_car_ros2/install/custom_msgs/lib:/opt/ros/eloquent/opt/yaml_cpp_vendor/lib:/opt/ros/eloquent/opt/rviz_ogre_vendor/lib:/opt/ros/eloquent/lib:/opt/ros/melodic/lib PYTHONPATH=/home/autonomous-car/Desktop/Autonomous_car_ros2/install/dataset_creator/lib/python3.6/site-packages:/home/autonomous-car/Desktop/Autonomous_car_ros2/install/cv_bridge/lib/python3.6/site-packages:/home/autonomous-car/Desktop/Autonomous_car_ros2/build/stereo_yolo3:/home/autonomous-car/Desktop/Autonomous_car_ros2/install/stereo_yolo3/lib/python3.6/site-packages:/home/autonomous-car/Desktop/Autonomous_car_ros2/build/opencv_tests:/home/autonomous-car/Desktop/Autonomous_car_ros2/install/opencv_tests/lib/python3.6/site-packages:/home/autonomous-car/Desktop/Autonomous_car_ros2/install/image_geometry/lib/python3.6/site-packages:/home/autonomous-car/Desktop/Autonomous_car_ros2/build/dataset_creator:/home/autonomous-car/Desktop/Autonomous_car_ros2/install/dataset_creator/lib/python3.6/site-packages:/home/autonomous-car/Desktop/Autonomous_car_ros2/install/custom_msgs/lib/python3.6/site-packages:/opt/ros/eloquent/lib/python3.6/site-packages:/opt/ros/melodic/lib/python2.7/dist-packages /usr/bin/python3 setup.py develop --prefix /home/autonomous-car/Desktop/Autonomous_car_ros2/install/dataset_creator --editable --build-directory /home/autonomous-car/Desktop/Autonomous_car_ros2/build/dataset_creator/build --no-deps install_data --install-dir /home/autonomous-car/Desktop/Autonomous_car_ros2/install/dataset_creator
[1.570s] DEBUG:colcon.colcon_core.event_handler.log_command:Invoking command in '/home/autonomous-car/Desktop/Autonomous_car_ros2/build/opencv_tests': CMAKE_PREFIX_PATH=/home/autonomous-car/Desktop/Autonomous_car_ros2/install/cv_bridge:/home/autonomous-car/Desktop/Autonomous_car_ros2/install/vision_opencv:/home/autonomous-car/Desktop/Autonomous_car_ros2/install/image_geometry:/home/autonomous-car/Desktop/Autonomous_car_ros2/install/custom_msgs:/opt/ros/melodic LD_LIBRARY_PATH=/home/autonomous-car/Desktop/Autonomous_car_ros2/install/cv_bridge/lib:/home/autonomous-car/Desktop/Autonomous_car_ros2/install/image_geometry/lib:/home/autonomous-car/Desktop/Autonomous_car_ros2/install/custom_msgs/lib:/opt/ros/eloquent/opt/yaml_cpp_vendor/lib:/opt/ros/eloquent/opt/rviz_ogre_vendor/lib:/opt/ros/eloquent/lib:/opt/ros/melodic/lib PYTHONPATH=/home/autonomous-car/Desktop/Autonomous_car_ros2/install/opencv_tests/lib/python3.6/site-packages:/home/autonomous-car/Desktop/Autonomous_car_ros2/install/cv_bridge/lib/python3.6/site-packages:/home/autonomous-car/Desktop/Autonomous_car_ros2/build/stereo_yolo3:/home/autonomous-car/Desktop/Autonomous_car_ros2/install/stereo_yolo3/lib/python3.6/site-packages:/home/autonomous-car/Desktop/Autonomous_car_ros2/build/opencv_tests:/home/autonomous-car/Desktop/Autonomous_car_ros2/install/opencv_tests/lib/python3.6/site-packages:/home/autonomous-car/Desktop/Autonomous_car_ros2/install/image_geometry/lib/python3.6/site-packages:/home/autonomous-car/Desktop/Autonomous_car_ros2/build/dataset_creator:/home/autonomous-car/Desktop/Autonomous_car_ros2/install/dataset_creator/lib/python3.6/site-packages:/home/autonomous-car/Desktop/Autonomous_car_ros2/install/custom_msgs/lib/python3.6/site-packages:/opt/ros/eloquent/lib/python3.6/site-packages:/opt/ros/melodic/lib/python2.7/dist-packages /usr/bin/python3 setup.py develop --prefix /home/autonomous-car/Desktop/Autonomous_car_ros2/install/opencv_tests --editable --build-directory /home/autonomous-car/Desktop/Autonomous_car_ros2/build/opencv_tests/build --no-deps install_data --install-dir /home/autonomous-car/Desktop/Autonomous_car_ros2/install/opencv_tests
[1.572s] DEBUG:colcon.colcon_core.event_handler.log_command:Invoked command in '/home/autonomous-car/Desktop/Autonomous_car_ros2/build/vision_opencv' returned '0': CMAKE_PREFIX_PATH=/home/autonomous-car/Desktop/Autonomous_car_ros2/install/image_geometry:/home/autonomous-car/Desktop/Autonomous_car_ros2/install/cv_bridge:/home/autonomous-car/Desktop/Autonomous_car_ros2/install/vision_opencv:/home/autonomous-car/Desktop/Autonomous_car_ros2/install/custom_msgs:/home/autonomous-car/Desktop/Autonomous_car_ros2/install/stereo_yolo3:/home/autonomous-car/Desktop/Autonomous_car_ros2/install/opencv_tests:/home/autonomous-car/Desktop/Autonomous_car_ros2/install/dataset_creator:/opt/ros/eloquent:/opt/ros/melodic LD_LIBRARY_PATH=/home/autonomous-car/Desktop/Autonomous_car_ros2/install/image_geometry/lib:/home/autonomous-car/Desktop/Autonomous_car_ros2/install/cv_bridge/lib:/home/autonomous-car/Desktop/Autonomous_car_ros2/install/custom_msgs/lib:/opt/ros/eloquent/opt/yaml_cpp_vendor/lib:/opt/ros/eloquent/opt/rviz_ogre_vendor/lib:/opt/ros/eloquent/lib:/opt/ros/melodic/lib PYTHONPATH=/home/autonomous-car/Desktop/Autonomous_car_ros2/install/image_geometry/lib/python3.6/site-packages:/home/autonomous-car/Desktop/Autonomous_car_ros2/install/cv_bridge/lib/python3.6/site-packages:/home/autonomous-car/Desktop/Autonomous_car_ros2/build/stereo_yolo3:/home/autonomous-car/Desktop/Autonomous_car_ros2/install/stereo_yolo3/lib/python3.6/site-packages:/home/autonomous-car/Desktop/Autonomous_car_ros2/build/opencv_tests:/home/autonomous-car/Desktop/Autonomous_car_ros2/install/opencv_tests/lib/python3.6/site-packages:/home/autonomous-car/Desktop/Autonomous_car_ros2/build/dataset_creator:/home/autonomous-car/Desktop/Autonomous_car_ros2/install/dataset_creator/lib/python3.6/site-packages:/home/autonomous-car/Desktop/Autonomous_car_ros2/install/custom_msgs/lib/python3.6/site-packages:/opt/ros/eloquent/lib/python3.6/site-packages:/opt/ros/melodic/lib/python2.7/dist-packages /usr/bin/cmake --build /home/autonomous-car/Desktop/Autonomous_car_ros2/build/vision_opencv -- -j6 -l6
[1.796s] DEBUG:colcon.colcon_core.event_handler.log_command:Invoking command in '/home/autonomous-car/Desktop/Autonomous_car_ros2/build/stereo_yolo3': CMAKE_PREFIX_PATH=/home/autonomous-car/Desktop/Autonomous_car_ros2/install/cv_bridge:/home/autonomous-car/Desktop/Autonomous_car_ros2/install/vision_opencv:/home/autonomous-car/Desktop/Autonomous_car_ros2/install/image_geometry:/home/autonomous-car/Desktop/Autonomous_car_ros2/install/custom_msgs:/opt/ros/melodic LD_LIBRARY_PATH=/home/autonomous-car/Desktop/Autonomous_car_ros2/install/cv_bridge/lib:/home/autonomous-car/Desktop/Autonomous_car_ros2/install/image_geometry/lib:/home/autonomous-car/Desktop/Autonomous_car_ros2/install/custom_msgs/lib:/opt/ros/eloquent/opt/yaml_cpp_vendor/lib:/opt/ros/eloquent/opt/rviz_ogre_vendor/lib:/opt/ros/eloquent/lib:/opt/ros/melodic/lib PYTHONPATH=/home/autonomous-car/Desktop/Autonomous_car_ros2/install/stereo_yolo3/lib/python3.6/site-packages:/home/autonomous-car/Desktop/Autonomous_car_ros2/install/cv_bridge/lib/python3.6/site-packages:/home/autonomous-car/Desktop/Autonomous_car_ros2/build/stereo_yolo3:/home/autonomous-car/Desktop/Autonomous_car_ros2/install/stereo_yolo3/lib/python3.6/site-packages:/home/autonomous-car/Desktop/Autonomous_car_ros2/build/opencv_tests:/home/autonomous-car/Desktop/Autonomous_car_ros2/install/opencv_tests/lib/python3.6/site-packages:/home/autonomous-car/Desktop/Autonomous_car_ros2/install/image_geometry/lib/python3.6/site-packages:/home/autonomous-car/Desktop/Autonomous_car_ros2/build/dataset_creator:/home/autonomous-car/Desktop/Autonomous_car_ros2/install/dataset_creator/lib/python3.6/site-packages:/home/autonomous-car/Desktop/Autonomous_car_ros2/install/custom_msgs/lib/python3.6/site-packages:/opt/ros/eloquent/lib/python3.6/site-packages:/opt/ros/melodic/lib/python2.7/dist-packages /usr/bin/python3 setup.py develop --prefix /home/autonomous-car/Desktop/Autonomous_car_ros2/install/stereo_yolo3 --editable --build-directory /home/autonomous-car/Desktop/Autonomous_car_ros2/build/stereo_yolo3/build --no-deps install_data --install-dir /home/autonomous-car/Desktop/Autonomous_car_ros2/install/stereo_yolo3
[1.797s] Level 1:colcon.colcon_core.shell:create_environment_hook('dataset_creator', 'pythonpath_develop')
[1.798s] INFO:colcon.colcon_core.shell:Creating environment hook '/home/autonomous-car/Desktop/Autonomous_car_ros2/build/dataset_creator/share/dataset_creator/hook/pythonpath_develop.ps1'
[1.798s] DEBUG:colcon.colcon_core.event_handler.log_command:Invoked command in '/home/autonomous-car/Desktop/Autonomous_car_ros2/build/dataset_creator' returned '0': CMAKE_PREFIX_PATH=/home/autonomous-car/Desktop/Autonomous_car_ros2/install/cv_bridge:/home/autonomous-car/Desktop/Autonomous_car_ros2/install/vision_opencv:/home/autonomous-car/Desktop/Autonomous_car_ros2/install/image_geometry:/home/autonomous-car/Desktop/Autonomous_car_ros2/install/custom_msgs:/opt/ros/melodic LD_LIBRARY_PATH=/home/autonomous-car/Desktop/Autonomous_car_ros2/install/cv_bridge/lib:/home/autonomous-car/Desktop/Autonomous_car_ros2/install/image_geometry/lib:/home/autonomous-car/Desktop/Autonomous_car_ros2/install/custom_msgs/lib:/opt/ros/eloquent/opt/yaml_cpp_vendor/lib:/opt/ros/eloquent/opt/rviz_ogre_vendor/lib:/opt/ros/eloquent/lib:/opt/ros/melodic/lib PYTHONPATH=/home/autonomous-car/Desktop/Autonomous_car_ros2/install/dataset_creator/lib/python3.6/site-packages:/home/autonomous-car/Desktop/Autonomous_car_ros2/install/cv_bridge/lib/python3.6/site-packages:/home/autonomous-car/Desktop/Autonomous_car_ros2/build/stereo_yolo3:/home/autonomous-car/Desktop/Autonomous_car_ros2/install/stereo_yolo3/lib/python3.6/site-packages:/home/autonomous-car/Desktop/Autonomous_car_ros2/build/opencv_tests:/home/autonomous-car/Desktop/Autonomous_car_ros2/install/opencv_tests/lib/python3.6/site-packages:/home/autonomous-car/Desktop/Autonomous_car_ros2/install/image_geometry/lib/python3.6/site-packages:/home/autonomous-car/Desktop/Autonomous_car_ros2/build/dataset_creator:/home/autonomous-car/Desktop/Autonomous_car_ros2/install/dataset_creator/lib/python3.6/site-packages:/home/autonomous-car/Desktop/Autonomous_car_ros2/install/custom_msgs/lib/python3.6/site-packages:/opt/ros/eloquent/lib/python3.6/site-packages:/opt/ros/melodic/lib/python2.7/dist-packages /usr/bin/python3 setup.py develop --prefix /home/autonomous-car/Desktop/Autonomous_car_ros2/install/dataset_creator --editable --build-directory /home/autonomous-car/Desktop/Autonomous_car_ros2/build/dataset_creator/build --no-deps install_data --install-dir /home/autonomous-car/Desktop/Autonomous_car_ros2/install/dataset_creator
[1.798s] INFO:colcon.colcon_core.shell:Creating environment descriptor '/home/autonomous-car/Desktop/Autonomous_car_ros2/build/dataset_creator/share/dataset_creator/hook/pythonpath_develop.dsv'
[1.798s] INFO:colcon.colcon_core.shell:Creating environment hook '/home/autonomous-car/Desktop/Autonomous_car_ros2/build/dataset_creator/share/dataset_creator/hook/pythonpath_develop.sh'
[1.799s] Level 1:colcon.colcon_core.environment:checking '/home/autonomous-car/Desktop/Autonomous_car_ros2/install/dataset_creator' for CMake module files
[1.800s] Level 1:colcon.colcon_core.environment:checking '/home/autonomous-car/Desktop/Autonomous_car_ros2/install/dataset_creator' for CMake config files
[1.800s] Level 1:colcon.colcon_core.environment:checking '/home/autonomous-car/Desktop/Autonomous_car_ros2/install/dataset_creator/lib'
[1.800s] Level 1:colcon.colcon_core.environment:checking '/home/autonomous-car/Desktop/Autonomous_car_ros2/install/dataset_creator/bin'
[1.800s] Level 1:colcon.colcon_core.environment:checking '/home/autonomous-car/Desktop/Autonomous_car_ros2/install/dataset_creator/lib/pkgconfig/dataset_creator.pc'
[1.800s] Level 1:colcon.colcon_core.environment:checking '/home/autonomous-car/Desktop/Autonomous_car_ros2/install/dataset_creator/lib/python3.6/site-packages'
[1.800s] Level 1:colcon.colcon_core.shell:create_environment_hook('dataset_creator', 'pythonpath')
[1.801s] INFO:colcon.colcon_core.shell:Creating environment hook '/home/autonomous-car/Desktop/Autonomous_car_ros2/install/dataset_creator/share/dataset_creator/hook/pythonpath.ps1'
[1.801s] INFO:colcon.colcon_core.shell:Creating environment descriptor '/home/autonomous-car/Desktop/Autonomous_car_ros2/install/dataset_creator/share/dataset_creator/hook/pythonpath.dsv'
[1.801s] INFO:colcon.colcon_core.shell:Creating environment hook '/home/autonomous-car/Desktop/Autonomous_car_ros2/install/dataset_creator/share/dataset_creator/hook/pythonpath.sh'
[1.801s] Level 1:colcon.colcon_core.environment:create_environment_scripts_only(dataset_creator)
[1.802s] INFO:colcon.colcon_core.shell:Creating package script '/home/autonomous-car/Desktop/Autonomous_car_ros2/install/dataset_creator/share/dataset_creator/package.ps1'
[1.802s] INFO:colcon.colcon_core.shell:Creating package descriptor '/home/autonomous-car/Desktop/Autonomous_car_ros2/install/dataset_creator/share/dataset_creator/package.dsv'
[1.803s] INFO:colcon.colcon_core.shell:Creating package script '/home/autonomous-car/Desktop/Autonomous_car_ros2/install/dataset_creator/share/dataset_creator/package.sh'
[1.803s] INFO:colcon.colcon_core.shell:Creating package script '/home/autonomous-car/Desktop/Autonomous_car_ros2/install/dataset_creator/share/dataset_creator/package.bash'
[1.803s] INFO:colcon.colcon_core.shell:Creating package script '/home/autonomous-car/Desktop/Autonomous_car_ros2/install/dataset_creator/share/dataset_creator/package.zsh'
[1.803s] Level 1:colcon.colcon_core.environment:create_file_with_runtime_dependencies(/home/autonomous-car/Desktop/Autonomous_car_ros2/install/dataset_creator/share/colcon-core/packages/dataset_creator)
[1.806s] DEBUG:colcon.colcon_core.event_handler.log_command:Invoking command in '/home/autonomous-car/Desktop/Autonomous_car_ros2/build/vision_opencv': CMAKE_PREFIX_PATH=/home/autonomous-car/Desktop/Autonomous_car_ros2/install/image_geometry:/home/autonomous-car/Desktop/Autonomous_car_ros2/install/cv_bridge:/home/autonomous-car/Desktop/Autonomous_car_ros2/install/vision_opencv:/home/autonomous-car/Desktop/Autonomous_car_ros2/install/custom_msgs:/home/autonomous-car/Desktop/Autonomous_car_ros2/install/stereo_yolo3:/home/autonomous-car/Desktop/Autonomous_car_ros2/install/opencv_tests:/home/autonomous-car/Desktop/Autonomous_car_ros2/install/dataset_creator:/opt/ros/eloquent:/opt/ros/melodic LD_LIBRARY_PATH=/home/autonomous-car/Desktop/Autonomous_car_ros2/install/image_geometry/lib:/home/autonomous-car/Desktop/Autonomous_car_ros2/install/cv_bridge/lib:/home/autonomous-car/Desktop/Autonomous_car_ros2/install/custom_msgs/lib:/opt/ros/eloquent/opt/yaml_cpp_vendor/lib:/opt/ros/eloquent/opt/rviz_ogre_vendor/lib:/opt/ros/eloquent/lib:/opt/ros/melodic/lib PYTHONPATH=/home/autonomous-car/Desktop/Autonomous_car_ros2/install/image_geometry/lib/python3.6/site-packages:/home/autonomous-car/Desktop/Autonomous_car_ros2/install/cv_bridge/lib/python3.6/site-packages:/home/autonomous-car/Desktop/Autonomous_car_ros2/build/stereo_yolo3:/home/autonomous-car/Desktop/Autonomous_car_ros2/install/stereo_yolo3/lib/python3.6/site-packages:/home/autonomous-car/Desktop/Autonomous_car_ros2/build/opencv_tests:/home/autonomous-car/Desktop/Autonomous_car_ros2/install/opencv_tests/lib/python3.6/site-packages:/home/autonomous-car/Desktop/Autonomous_car_ros2/build/dataset_creator:/home/autonomous-car/Desktop/Autonomous_car_ros2/install/dataset_creator/lib/python3.6/site-packages:/home/autonomous-car/Desktop/Autonomous_car_ros2/install/custom_msgs/lib/python3.6/site-packages:/opt/ros/eloquent/lib/python3.6/site-packages:/opt/ros/melodic/lib/python2.7/dist-packages /usr/bin/cmake --build /home/autonomous-car/Desktop/Autonomous_car_ros2/build/vision_opencv --target install -- -j6 -l6
[1.862s] Level 1:colcon.colcon_core.environment:create_environment_scripts_only(vision_opencv)
[1.863s] Level 1:colcon.colcon_core.environment:checking '/home/autonomous-car/Desktop/Autonomous_car_ros2/install/vision_opencv' for CMake module files
[1.864s] DEBUG:colcon.colcon_core.event_handler.log_command:Invoked command in '/home/autonomous-car/Desktop/Autonomous_car_ros2/build/vision_opencv' returned '0': CMAKE_PREFIX_PATH=/home/autonomous-car/Desktop/Autonomous_car_ros2/install/image_geometry:/home/autonomous-car/Desktop/Autonomous_car_ros2/install/cv_bridge:/home/autonomous-car/Desktop/Autonomous_car_ros2/install/vision_opencv:/home/autonomous-car/Desktop/Autonomous_car_ros2/install/custom_msgs:/home/autonomous-car/Desktop/Autonomous_car_ros2/install/stereo_yolo3:/home/autonomous-car/Desktop/Autonomous_car_ros2/install/opencv_tests:/home/autonomous-car/Desktop/Autonomous_car_ros2/install/dataset_creator:/opt/ros/eloquent:/opt/ros/melodic LD_LIBRARY_PATH=/home/autonomous-car/Desktop/Autonomous_car_ros2/install/image_geometry/lib:/home/autonomous-car/Desktop/Autonomous_car_ros2/install/cv_bridge/lib:/home/autonomous-car/Desktop/Autonomous_car_ros2/install/custom_msgs/lib:/opt/ros/eloquent/opt/yaml_cpp_vendor/lib:/opt/ros/eloquent/opt/rviz_ogre_vendor/lib:/opt/ros/eloquent/lib:/opt/ros/melodic/lib PYTHONPATH=/home/autonomous-car/Desktop/Autonomous_car_ros2/install/image_geometry/lib/python3.6/site-packages:/home/autonomous-car/Desktop/Autonomous_car_ros2/install/cv_bridge/lib/python3.6/site-packages:/home/autonomous-car/Desktop/Autonomous_car_ros2/build/stereo_yolo3:/home/autonomous-car/Desktop/Autonomous_car_ros2/install/stereo_yolo3/lib/python3.6/site-packages:/home/autonomous-car/Desktop/Autonomous_car_ros2/build/opencv_tests:/home/autonomous-car/Desktop/Autonomous_car_ros2/install/opencv_tests/lib/python3.6/site-packages:/home/autonomous-car/Desktop/Autonomous_car_ros2/build/dataset_creator:/home/autonomous-car/Desktop/Autonomous_car_ros2/install/dataset_creator/lib/python3.6/site-packages:/home/autonomous-car/Desktop/Autonomous_car_ros2/install/custom_msgs/lib/python3.6/site-packages:/opt/ros/eloquent/lib/python3.6/site-packages:/opt/ros/melodic/lib/python2.7/dist-packages /usr/bin/cmake --build /home/autonomous-car/Desktop/Autonomous_car_ros2/build/vision_opencv --target install -- -j6 -l6
[1.864s] Level 1:colcon.colcon_core.environment:checking '/home/autonomous-car/Desktop/Autonomous_car_ros2/install/vision_opencv' for CMake config files
[1.864s] Level 1:colcon.colcon_core.shell:create_environment_hook('vision_opencv', 'cmake_prefix_path')
[1.864s] INFO:colcon.colcon_core.shell:Creating environment hook '/home/autonomous-car/Desktop/Autonomous_car_ros2/install/vision_opencv/share/vision_opencv/hook/cmake_prefix_path.ps1'
[1.865s] INFO:colcon.colcon_core.shell:Creating environment descriptor '/home/autonomous-car/Desktop/Autonomous_car_ros2/install/vision_opencv/share/vision_opencv/hook/cmake_prefix_path.dsv'
[1.865s] INFO:colcon.colcon_core.shell:Creating environment hook '/home/autonomous-car/Desktop/Autonomous_car_ros2/install/vision_opencv/share/vision_opencv/hook/cmake_prefix_path.sh'
[1.866s] Level 1:colcon.colcon_core.environment:checking '/home/autonomous-car/Desktop/Autonomous_car_ros2/install/vision_opencv/bin'
[1.866s] Level 1:colcon.colcon_core.environment:checking '/home/autonomous-car/Desktop/Autonomous_car_ros2/install/vision_opencv/lib/pkgconfig/vision_opencv.pc'
[1.866s] Level 1:colcon.colcon_core.environment:checking '/home/autonomous-car/Desktop/Autonomous_car_ros2/install/vision_opencv/lib/python3.6/site-packages'
[1.866s] INFO:colcon.colcon_core.shell:Creating package script '/home/autonomous-car/Desktop/Autonomous_car_ros2/install/vision_opencv/share/vision_opencv/package.ps1'
[1.867s] INFO:colcon.colcon_core.shell:Creating package descriptor '/home/autonomous-car/Desktop/Autonomous_car_ros2/install/vision_opencv/share/vision_opencv/package.dsv'
[1.867s] INFO:colcon.colcon_core.shell:Creating package script '/home/autonomous-car/Desktop/Autonomous_car_ros2/install/vision_opencv/share/vision_opencv/package.sh'
[1.867s] INFO:colcon.colcon_core.shell:Creating package script '/home/autonomous-car/Desktop/Autonomous_car_ros2/install/vision_opencv/share/vision_opencv/package.bash'
[1.867s] INFO:colcon.colcon_core.shell:Creating package script '/home/autonomous-car/Desktop/Autonomous_car_ros2/install/vision_opencv/share/vision_opencv/package.zsh'
[1.868s] Level 1:colcon.colcon_core.environment:create_file_with_runtime_dependencies(/home/autonomous-car/Desktop/Autonomous_car_ros2/install/vision_opencv/share/colcon-core/packages/vision_opencv)
[1.939s] Level 1:colcon.colcon_core.shell:create_environment_hook('opencv_tests', 'pythonpath_develop')
[1.939s] INFO:colcon.colcon_core.shell:Creating environment hook '/home/autonomous-car/Desktop/Autonomous_car_ros2/build/opencv_tests/share/opencv_tests/hook/pythonpath_develop.ps1'
[1.940s] DEBUG:colcon.colcon_core.event_handler.log_command:Invoked command in '/home/autonomous-car/Desktop/Autonomous_car_ros2/build/opencv_tests' returned '0': CMAKE_PREFIX_PATH=/home/autonomous-car/Desktop/Autonomous_car_ros2/install/cv_bridge:/home/autonomous-car/Desktop/Autonomous_car_ros2/install/vision_opencv:/home/autonomous-car/Desktop/Autonomous_car_ros2/install/image_geometry:/home/autonomous-car/Desktop/Autonomous_car_ros2/install/custom_msgs:/opt/ros/melodic LD_LIBRARY_PATH=/home/autonomous-car/Desktop/Autonomous_car_ros2/install/cv_bridge/lib:/home/autonomous-car/Desktop/Autonomous_car_ros2/install/image_geometry/lib:/home/autonomous-car/Desktop/Autonomous_car_ros2/install/custom_msgs/lib:/opt/ros/eloquent/opt/yaml_cpp_vendor/lib:/opt/ros/eloquent/opt/rviz_ogre_vendor/lib:/opt/ros/eloquent/lib:/opt/ros/melodic/lib PYTHONPATH=/home/autonomous-car/Desktop/Autonomous_car_ros2/install/opencv_tests/lib/python3.6/site-packages:/home/autonomous-car/Desktop/Autonomous_car_ros2/install/cv_bridge/lib/python3.6/site-packages:/home/autonomous-car/Desktop/Autonomous_car_ros2/build/stereo_yolo3:/home/autonomous-car/Desktop/Autonomous_car_ros2/install/stereo_yolo3/lib/python3.6/site-packages:/home/autonomous-car/Desktop/Autonomous_car_ros2/build/opencv_tests:/home/autonomous-car/Desktop/Autonomous_car_ros2/install/opencv_tests/lib/python3.6/site-packages:/home/autonomous-car/Desktop/Autonomous_car_ros2/install/image_geometry/lib/python3.6/site-packages:/home/autonomous-car/Desktop/Autonomous_car_ros2/build/dataset_creator:/home/autonomous-car/Desktop/Autonomous_car_ros2/install/dataset_creator/lib/python3.6/site-packages:/home/autonomous-car/Desktop/Autonomous_car_ros2/install/custom_msgs/lib/python3.6/site-packages:/opt/ros/eloquent/lib/python3.6/site-packages:/opt/ros/melodic/lib/python2.7/dist-packages /usr/bin/python3 setup.py develop --prefix /home/autonomous-car/Desktop/Autonomous_car_ros2/install/opencv_tests --editable --build-directory /home/autonomous-car/Desktop/Autonomous_car_ros2/build/opencv_tests/build --no-deps install_data --install-dir /home/autonomous-car/Desktop/Autonomous_car_ros2/install/opencv_tests
[1.940s] INFO:colcon.colcon_core.shell:Creating environment descriptor '/home/autonomous-car/Desktop/Autonomous_car_ros2/build/opencv_tests/share/opencv_tests/hook/pythonpath_develop.dsv'
[1.940s] INFO:colcon.colcon_core.shell:Creating environment hook '/home/autonomous-car/Desktop/Autonomous_car_ros2/build/opencv_tests/share/opencv_tests/hook/pythonpath_develop.sh'
[1.941s] Level 1:colcon.colcon_core.environment:checking '/home/autonomous-car/Desktop/Autonomous_car_ros2/install/opencv_tests' for CMake module files
[1.941s] Level 1:colcon.colcon_core.environment:checking '/home/autonomous-car/Desktop/Autonomous_car_ros2/install/opencv_tests' for CMake config files
[1.942s] Level 1:colcon.colcon_core.environment:checking '/home/autonomous-car/Desktop/Autonomous_car_ros2/install/opencv_tests/lib'
[1.942s] Level 1:colcon.colcon_core.environment:checking '/home/autonomous-car/Desktop/Autonomous_car_ros2/install/opencv_tests/bin'
[1.942s] Level 1:colcon.colcon_core.environment:checking '/home/autonomous-car/Desktop/Autonomous_car_ros2/install/opencv_tests/lib/pkgconfig/opencv_tests.pc'
[1.942s] Level 1:colcon.colcon_core.environment:checking '/home/autonomous-car/Desktop/Autonomous_car_ros2/install/opencv_tests/lib/python3.6/site-packages'
[1.942s] Level 1:colcon.colcon_core.shell:create_environment_hook('opencv_tests', 'pythonpath')
[1.943s] INFO:colcon.colcon_core.shell:Creating environment hook '/home/autonomous-car/Desktop/Autonomous_car_ros2/install/opencv_tests/share/opencv_tests/hook/pythonpath.ps1'
[1.943s] INFO:colcon.colcon_core.shell:Creating environment descriptor '/home/autonomous-car/Desktop/Autonomous_car_ros2/install/opencv_tests/share/opencv_tests/hook/pythonpath.dsv'
[1.943s] INFO:colcon.colcon_core.shell:Creating environment hook '/home/autonomous-car/Desktop/Autonomous_car_ros2/install/opencv_tests/share/opencv_tests/hook/pythonpath.sh'
[1.943s] Level 1:colcon.colcon_core.environment:create_environment_scripts_only(opencv_tests)
[1.944s] INFO:colcon.colcon_core.shell:Creating package script '/home/autonomous-car/Desktop/Autonomous_car_ros2/install/opencv_tests/share/opencv_tests/package.ps1'
[1.944s] INFO:colcon.colcon_core.shell:Creating package descriptor '/home/autonomous-car/Desktop/Autonomous_car_ros2/install/opencv_tests/share/opencv_tests/package.dsv'
[1.944s] INFO:colcon.colcon_core.shell:Creating package script '/home/autonomous-car/Desktop/Autonomous_car_ros2/install/opencv_tests/share/opencv_tests/package.sh'
[1.945s] INFO:colcon.colcon_core.shell:Creating package script '/home/autonomous-car/Desktop/Autonomous_car_ros2/install/opencv_tests/share/opencv_tests/package.bash'
[1.945s] INFO:colcon.colcon_core.shell:Creating package script '/home/autonomous-car/Desktop/Autonomous_car_ros2/install/opencv_tests/share/opencv_tests/package.zsh'
[1.945s] Level 1:colcon.colcon_core.environment:create_file_with_runtime_dependencies(/home/autonomous-car/Desktop/Autonomous_car_ros2/install/opencv_tests/share/colcon-core/packages/opencv_tests)
[2.158s] Level 1:colcon.colcon_core.shell:create_environment_hook('stereo_yolo3', 'pythonpath_develop')
[2.158s] INFO:colcon.colcon_core.shell:Creating environment hook '/home/autonomous-car/Desktop/Autonomous_car_ros2/build/stereo_yolo3/share/stereo_yolo3/hook/pythonpath_develop.ps1'
[2.158s] DEBUG:colcon.colcon_core.event_handler.log_command:Invoked command in '/home/autonomous-car/Desktop/Autonomous_car_ros2/build/stereo_yolo3' returned '0': CMAKE_PREFIX_PATH=/home/autonomous-car/Desktop/Autonomous_car_ros2/install/cv_bridge:/home/autonomous-car/Desktop/Autonomous_car_ros2/install/vision_opencv:/home/autonomous-car/Desktop/Autonomous_car_ros2/install/image_geometry:/home/autonomous-car/Desktop/Autonomous_car_ros2/install/custom_msgs:/opt/ros/melodic LD_LIBRARY_PATH=/home/autonomous-car/Desktop/Autonomous_car_ros2/install/cv_bridge/lib:/home/autonomous-car/Desktop/Autonomous_car_ros2/install/image_geometry/lib:/home/autonomous-car/Desktop/Autonomous_car_ros2/install/custom_msgs/lib:/opt/ros/eloquent/opt/yaml_cpp_vendor/lib:/opt/ros/eloquent/opt/rviz_ogre_vendor/lib:/opt/ros/eloquent/lib:/opt/ros/melodic/lib PYTHONPATH=/home/autonomous-car/Desktop/Autonomous_car_ros2/install/stereo_yolo3/lib/python3.6/site-packages:/home/autonomous-car/Desktop/Autonomous_car_ros2/install/cv_bridge/lib/python3.6/site-packages:/home/autonomous-car/Desktop/Autonomous_car_ros2/build/stereo_yolo3:/home/autonomous-car/Desktop/Autonomous_car_ros2/install/stereo_yolo3/lib/python3.6/site-packages:/home/autonomous-car/Desktop/Autonomous_car_ros2/build/opencv_tests:/home/autonomous-car/Desktop/Autonomous_car_ros2/install/opencv_tests/lib/python3.6/site-packages:/home/autonomous-car/Desktop/Autonomous_car_ros2/install/image_geometry/lib/python3.6/site-packages:/home/autonomous-car/Desktop/Autonomous_car_ros2/build/dataset_creator:/home/autonomous-car/Desktop/Autonomous_car_ros2/install/dataset_creator/lib/python3.6/site-packages:/home/autonomous-car/Desktop/Autonomous_car_ros2/install/custom_msgs/lib/python3.6/site-packages:/opt/ros/eloquent/lib/python3.6/site-packages:/opt/ros/melodic/lib/python2.7/dist-packages /usr/bin/python3 setup.py develop --prefix /home/autonomous-car/Desktop/Autonomous_car_ros2/install/stereo_yolo3 --editable --build-directory /home/autonomous-car/Desktop/Autonomous_car_ros2/build/stereo_yolo3/build --no-deps install_data --install-dir /home/autonomous-car/Desktop/Autonomous_car_ros2/install/stereo_yolo3
[2.159s] INFO:colcon.colcon_core.shell:Creating environment descriptor '/home/autonomous-car/Desktop/Autonomous_car_ros2/build/stereo_yolo3/share/stereo_yolo3/hook/pythonpath_develop.dsv'
[2.159s] INFO:colcon.colcon_core.shell:Creating environment hook '/home/autonomous-car/Desktop/Autonomous_car_ros2/build/stereo_yolo3/share/stereo_yolo3/hook/pythonpath_develop.sh'
[2.160s] Level 1:colcon.colcon_core.environment:checking '/home/autonomous-car/Desktop/Autonomous_car_ros2/install/stereo_yolo3' for CMake module files
[2.160s] Level 1:colcon.colcon_core.environment:checking '/home/autonomous-car/Desktop/Autonomous_car_ros2/install/stereo_yolo3' for CMake config files
[2.161s] Level 1:colcon.colcon_core.environment:checking '/home/autonomous-car/Desktop/Autonomous_car_ros2/install/stereo_yolo3/lib'
[2.161s] Level 1:colcon.colcon_core.environment:checking '/home/autonomous-car/Desktop/Autonomous_car_ros2/install/stereo_yolo3/bin'
[2.161s] Level 1:colcon.colcon_core.environment:checking '/home/autonomous-car/Desktop/Autonomous_car_ros2/install/stereo_yolo3/lib/pkgconfig/stereo_yolo3.pc'
[2.161s] Level 1:colcon.colcon_core.environment:checking '/home/autonomous-car/Desktop/Autonomous_car_ros2/install/stereo_yolo3/lib/python3.6/site-packages'
[2.161s] Level 1:colcon.colcon_core.shell:create_environment_hook('stereo_yolo3', 'pythonpath')
[2.161s] INFO:colcon.colcon_core.shell:Creating environment hook '/home/autonomous-car/Desktop/Autonomous_car_ros2/install/stereo_yolo3/share/stereo_yolo3/hook/pythonpath.ps1'
[2.161s] INFO:colcon.colcon_core.shell:Creating environment descriptor '/home/autonomous-car/Desktop/Autonomous_car_ros2/install/stereo_yolo3/share/stereo_yolo3/hook/pythonpath.dsv'
[2.162s] INFO:colcon.colcon_core.shell:Creating environment hook '/home/autonomous-car/Desktop/Autonomous_car_ros2/install/stereo_yolo3/share/stereo_yolo3/hook/pythonpath.sh'
[2.162s] Level 1:colcon.colcon_core.environment:create_environment_scripts_only(stereo_yolo3)
[2.162s] INFO:colcon.colcon_core.shell:Creating package script '/home/autonomous-car/Desktop/Autonomous_car_ros2/install/stereo_yolo3/share/stereo_yolo3/package.ps1'
[2.163s] INFO:colcon.colcon_core.shell:Creating package descriptor '/home/autonomous-car/Desktop/Autonomous_car_ros2/install/stereo_yolo3/share/stereo_yolo3/package.dsv'
[2.163s] INFO:colcon.colcon_core.shell:Creating package script '/home/autonomous-car/Desktop/Autonomous_car_ros2/install/stereo_yolo3/share/stereo_yolo3/package.sh'
[2.163s] INFO:colcon.colcon_core.shell:Creating package script '/home/autonomous-car/Desktop/Autonomous_car_ros2/install/stereo_yolo3/share/stereo_yolo3/package.bash'
[2.164s] INFO:colcon.colcon_core.shell:Creating package script '/home/autonomous-car/Desktop/Autonomous_car_ros2/install/stereo_yolo3/share/stereo_yolo3/package.zsh'
[2.164s] Level 1:colcon.colcon_core.environment:create_file_with_runtime_dependencies(/home/autonomous-car/Desktop/Autonomous_car_ros2/install/stereo_yolo3/share/colcon-core/packages/stereo_yolo3)
[2.164s] DEBUG:colcon.colcon_parallel_executor.executor.parallel:closing loop
[2.165s] DEBUG:colcon.colcon_parallel_executor.executor.parallel:loop closed
[2.165s] DEBUG:colcon.colcon_parallel_executor.executor.parallel:run_until_complete finished with '0'
[2.165s] DEBUG:colcon.colcon_core.event_reactor:joining thread
[2.169s] INFO:colcon.colcon_core.plugin_system:Skipping extension 'colcon_notification.desktop_notification.terminal_notifier': Not used on non-Darwin systems
[2.170s] INFO:colcon.colcon_core.plugin_system:Skipping extension 'colcon_notification.desktop_notification.win32': Not used on non-Windows systems
[2.170s] INFO:colcon.colcon_notification.desktop_notification:Sending desktop notification using 'notify2'
[2.171s] DEBUG:colcon.colcon_core.event_reactor:joined thread
[2.172s] INFO:colcon.colcon_core.shell:Creating prefix script '/home/autonomous-car/Desktop/Autonomous_car_ros2/install/local_setup.ps1'
[2.173s] INFO:colcon.colcon_core.shell:Creating prefix util module '/home/autonomous-car/Desktop/Autonomous_car_ros2/install/_local_setup_util_ps1.py'
[2.175s] INFO:colcon.colcon_core.shell:Creating prefix chain script '/home/autonomous-car/Desktop/Autonomous_car_ros2/install/setup.ps1'
[2.179s] INFO:colcon.colcon_core.shell:Creating prefix script '/home/autonomous-car/Desktop/Autonomous_car_ros2/install/local_setup.sh'
[2.180s] INFO:colcon.colcon_core.shell:Creating prefix util module '/home/autonomous-car/Desktop/Autonomous_car_ros2/install/_local_setup_util_sh.py'
[2.180s] INFO:colcon.colcon_core.shell:Creating prefix chain script '/home/autonomous-car/Desktop/Autonomous_car_ros2/install/setup.sh'
[2.182s] INFO:colcon.colcon_core.shell:Creating prefix script '/home/autonomous-car/Desktop/Autonomous_car_ros2/install/local_setup.bash'
[2.183s] INFO:colcon.colcon_core.shell:Creating prefix chain script '/home/autonomous-car/Desktop/Autonomous_car_ros2/install/setup.bash'
[2.185s] INFO:colcon.colcon_core.shell:Creating prefix script '/home/autonomous-car/Desktop/Autonomous_car_ros2/install/local_setup.zsh'
[2.185s] INFO:colcon.colcon_core.shell:Creating prefix chain script '/home/autonomous-car/Desktop/Autonomous_car_ros2/install/setup.zsh'
