[1.462s] running develop
[1.645s] running egg_info
[1.645s] creating gather_data.egg-info
[1.645s] writing gather_data.egg-info/PKG-INFO
[1.645s] writing dependency_links to gather_data.egg-info/dependency_links.txt
[1.645s] writing entry points to gather_data.egg-info/entry_points.txt
[1.646s] writing requirements to gather_data.egg-info/requires.txt
[1.646s] writing top-level names to gather_data.egg-info/top_level.txt
[1.649s] writing manifest file 'gather_data.egg-info/SOURCES.txt'
[1.682s] reading manifest file 'gather_data.egg-info/SOURCES.txt'
[1.682s] writing manifest file 'gather_data.egg-info/SOURCES.txt'
[1.712s] running build_ext
[1.712s] Creating /home/autonomous-car/Desktop/Autonomous_car_ros2/install/gather_data/lib/python3.8/site-packages/site.py
[1.714s] Creating /home/autonomous-car/Desktop/Autonomous_car_ros2/install/gather_data/lib/python3.8/site-packages/gather-data.egg-link (link to .)
[1.714s] 
[1.714s] Installed /home/autonomous-car/Desktop/Autonomous_car_ros2/build/gather_data
[1.715s] running install_data
[1.715s] creating /home/autonomous-car/Desktop/Autonomous_car_ros2/install/gather_data/share/ament_index
[1.715s] creating /home/autonomous-car/Desktop/Autonomous_car_ros2/install/gather_data/share/ament_index/resource_index
[1.715s] creating /home/autonomous-car/Desktop/Autonomous_car_ros2/install/gather_data/share/ament_index/resource_index/packages
[1.715s] copying resource/gather_data -> /home/autonomous-car/Desktop/Autonomous_car_ros2/install/gather_data/share/ament_index/resource_index/packages
[1.715s] copying package.xml -> /home/autonomous-car/Desktop/Autonomous_car_ros2/install/gather_data/share/gather_data
