[1.245s] Invoking command in '/home/autonomous-car/Desktop/Autonomous_car_ros2/build/gather_data': CMAKE_PREFIX_PATH=/home/autonomous-car/Desktop/Autonomous_car_ros2/install/cv_bridge:/home/autonomous-car/Desktop/Autonomous_car_ros2/install/vision_opencv:/home/autonomous-car/Desktop/Autonomous_car_ros2/install/image_geometry:/home/autonomous-car/Desktop/Autonomous_car_ros2/install/custom_msgs:/opt/ros/noetic LD_LIBRARY_PATH=/home/autonomous-car/Desktop/Autonomous_car_ros2/install/cv_bridge/lib:/home/autonomous-car/Desktop/Autonomous_car_ros2/install/image_geometry/lib:/home/autonomous-car/Desktop/Autonomous_car_ros2/install/custom_msgs/lib:/opt/ros/foxy/opt/yaml_cpp_vendor/lib:/opt/ros/foxy/opt/rviz_ogre_vendor/lib:/opt/ros/foxy/lib/x86_64-linux-gnu:/opt/ros/foxy/lib:/opt/ros/noetic/lib PYTHONPATH=/home/autonomous-car/Desktop/Autonomous_car_ros2/install/gather_data/lib/python3.8/site-packages:/home/autonomous-car/Desktop/Autonomous_car_ros2/install/cv_bridge/lib/python3.8/site-packages:${PYTHONPATH} /usr/bin/python3 setup.py develop --prefix /home/autonomous-car/Desktop/Autonomous_car_ros2/install/gather_data --editable --build-directory /home/autonomous-car/Desktop/Autonomous_car_ros2/build/gather_data/build --no-deps install_data --install-dir /home/autonomous-car/Desktop/Autonomous_car_ros2/install/gather_data
[1.462s] running develop
[1.645s] running egg_info
[1.645s] creating gather_data.egg-info
[1.645s] writing gather_data.egg-info/PKG-INFO
[1.645s] writing dependency_links to gather_data.egg-info/dependency_links.txt
[1.645s] writing entry points to gather_data.egg-info/entry_points.txt
[1.646s] writing requirements to gather_data.egg-info/requires.txt
[1.646s] writing top-level names to gather_data.egg-info/top_level.txt
[1.649s] writing manifest file 'gather_data.egg-info/SOURCES.txt'
[1.682s] reading manifest file 'gather_data.egg-info/SOURCES.txt'
[1.682s] writing manifest file 'gather_data.egg-info/SOURCES.txt'
[1.712s] running build_ext
[1.712s] Creating /home/autonomous-car/Desktop/Autonomous_car_ros2/install/gather_data/lib/python3.8/site-packages/site.py
[1.714s] Creating /home/autonomous-car/Desktop/Autonomous_car_ros2/install/gather_data/lib/python3.8/site-packages/gather-data.egg-link (link to .)
[1.714s] 
[1.714s] Installed /home/autonomous-car/Desktop/Autonomous_car_ros2/build/gather_data
[1.715s] running install_data
[1.715s] creating /home/autonomous-car/Desktop/Autonomous_car_ros2/install/gather_data/share/ament_index
[1.715s] creating /home/autonomous-car/Desktop/Autonomous_car_ros2/install/gather_data/share/ament_index/resource_index
[1.715s] creating /home/autonomous-car/Desktop/Autonomous_car_ros2/install/gather_data/share/ament_index/resource_index/packages
[1.715s] copying resource/gather_data -> /home/autonomous-car/Desktop/Autonomous_car_ros2/install/gather_data/share/ament_index/resource_index/packages
[1.715s] copying package.xml -> /home/autonomous-car/Desktop/Autonomous_car_ros2/install/gather_data/share/gather_data
[1.759s] Invoked command in '/home/autonomous-car/Desktop/Autonomous_car_ros2/build/gather_data' returned '0': CMAKE_PREFIX_PATH=/home/autonomous-car/Desktop/Autonomous_car_ros2/install/cv_bridge:/home/autonomous-car/Desktop/Autonomous_car_ros2/install/vision_opencv:/home/autonomous-car/Desktop/Autonomous_car_ros2/install/image_geometry:/home/autonomous-car/Desktop/Autonomous_car_ros2/install/custom_msgs:/opt/ros/noetic LD_LIBRARY_PATH=/home/autonomous-car/Desktop/Autonomous_car_ros2/install/cv_bridge/lib:/home/autonomous-car/Desktop/Autonomous_car_ros2/install/image_geometry/lib:/home/autonomous-car/Desktop/Autonomous_car_ros2/install/custom_msgs/lib:/opt/ros/foxy/opt/yaml_cpp_vendor/lib:/opt/ros/foxy/opt/rviz_ogre_vendor/lib:/opt/ros/foxy/lib/x86_64-linux-gnu:/opt/ros/foxy/lib:/opt/ros/noetic/lib PYTHONPATH=/home/autonomous-car/Desktop/Autonomous_car_ros2/install/gather_data/lib/python3.8/site-packages:/home/autonomous-car/Desktop/Autonomous_car_ros2/install/cv_bridge/lib/python3.8/site-packages:${PYTHONPATH} /usr/bin/python3 setup.py develop --prefix /home/autonomous-car/Desktop/Autonomous_car_ros2/install/gather_data --editable --build-directory /home/autonomous-car/Desktop/Autonomous_car_ros2/build/gather_data/build --no-deps install_data --install-dir /home/autonomous-car/Desktop/Autonomous_car_ros2/install/gather_data
