[0.022s] Invoking command in '/home/autonomous-car/Desktop/Autonomous_car_ros2/build/custom_msgs': CMAKE_PREFIX_PATH=/home/autonomous-car/Desktop/Autonomous_car_ros2/install/cv_bridge:/home/autonomous-car/Desktop/Autonomous_car_ros2/install/vision_opencv:/home/autonomous-car/Desktop/Autonomous_car_ros2/install/image_geometry:/home/autonomous-car/Desktop/Autonomous_car_ros2/install/custom_msgs:/home/autonomous-car/Desktop/Autonomous_car_ros2/install/stereo_yolo3:/home/autonomous-car/Desktop/Autonomous_car_ros2/install/opencv_tests:/home/autonomous-car/Desktop/Autonomous_car_ros2/install/dataset_creator:/opt/ros/eloquent:/opt/ros/melodic LD_LIBRARY_PATH=/home/autonomous-car/Desktop/Autonomous_car_ros2/install/cv_bridge/lib:/home/autonomous-car/Desktop/Autonomous_car_ros2/install/image_geometry/lib:/home/autonomous-car/Desktop/Autonomous_car_ros2/install/custom_msgs/lib:/opt/ros/eloquent/opt/yaml_cpp_vendor/lib:/opt/ros/eloquent/opt/rviz_ogre_vendor/lib:/opt/ros/eloquent/lib:/opt/ros/melodic/lib PYTHONPATH=/home/autonomous-car/Desktop/Autonomous_car_ros2/install/cv_bridge/lib/python3.6/site-packages:/home/autonomous-car/Desktop/Autonomous_car_ros2/build/stereo_yolo3:/home/autonomous-car/Desktop/Autonomous_car_ros2/install/stereo_yolo3/lib/python3.6/site-packages:/home/autonomous-car/Desktop/Autonomous_car_ros2/build/opencv_tests:/home/autonomous-car/Desktop/Autonomous_car_ros2/install/opencv_tests/lib/python3.6/site-packages:/home/autonomous-car/Desktop/Autonomous_car_ros2/install/image_geometry/lib/python3.6/site-packages:/home/autonomous-car/Desktop/Autonomous_car_ros2/build/dataset_creator:/home/autonomous-car/Desktop/Autonomous_car_ros2/install/dataset_creator/lib/python3.6/site-packages:/home/autonomous-car/Desktop/Autonomous_car_ros2/install/custom_msgs/lib/python3.6/site-packages:/opt/ros/eloquent/lib/python3.6/site-packages:/opt/ros/melodic/lib/python2.7/dist-packages /usr/bin/cmake --build /home/autonomous-car/Desktop/Autonomous_car_ros2/build/custom_msgs -- -j6 -l6
[0.452s] [  3%] Built target new_msg__cpp
[0.452s] [ 13%] Built target new_msg__rosidl_generator_c
[0.452s] [ 24%] Built target new_msg__rosidl_typesupport_introspection_c
[0.453s] [ 34%] Built target new_msg__rosidl_typesupport_fastrtps_cpp
[0.453s] [ 44%] Built target new_msg__rosidl_typesupport_introspection_cpp
[0.453s] [ 55%] Built target new_msg__rosidl_typesupport_fastrtps_c
[0.453s] [ 65%] Built target new_msg__rosidl_typesupport_cpp
[0.453s] [ 75%] Built target new_msg__rosidl_typesupport_c
[0.453s] [ 75%] Built target new_msg
[0.453s] [ 79%] Built target new_msg__py
[0.453s] [ 86%] Built target new_msg__python
[0.453s] [100%] Built target custom_msgs__rosidl_typesupport_c__pyext
[0.454s] [100%] Built target custom_msgs__rosidl_typesupport_fastrtps_c__pyext
[0.666s] Invoked command in '/home/autonomous-car/Desktop/Autonomous_car_ros2/build/custom_msgs' returned '0': CMAKE_PREFIX_PATH=/home/autonomous-car/Desktop/Autonomous_car_ros2/install/cv_bridge:/home/autonomous-car/Desktop/Autonomous_car_ros2/install/vision_opencv:/home/autonomous-car/Desktop/Autonomous_car_ros2/install/image_geometry:/home/autonomous-car/Desktop/Autonomous_car_ros2/install/custom_msgs:/home/autonomous-car/Desktop/Autonomous_car_ros2/install/stereo_yolo3:/home/autonomous-car/Desktop/Autonomous_car_ros2/install/opencv_tests:/home/autonomous-car/Desktop/Autonomous_car_ros2/install/dataset_creator:/opt/ros/eloquent:/opt/ros/melodic LD_LIBRARY_PATH=/home/autonomous-car/Desktop/Autonomous_car_ros2/install/cv_bridge/lib:/home/autonomous-car/Desktop/Autonomous_car_ros2/install/image_geometry/lib:/home/autonomous-car/Desktop/Autonomous_car_ros2/install/custom_msgs/lib:/opt/ros/eloquent/opt/yaml_cpp_vendor/lib:/opt/ros/eloquent/opt/rviz_ogre_vendor/lib:/opt/ros/eloquent/lib:/opt/ros/melodic/lib PYTHONPATH=/home/autonomous-car/Desktop/Autonomous_car_ros2/install/cv_bridge/lib/python3.6/site-packages:/home/autonomous-car/Desktop/Autonomous_car_ros2/build/stereo_yolo3:/home/autonomous-car/Desktop/Autonomous_car_ros2/install/stereo_yolo3/lib/python3.6/site-packages:/home/autonomous-car/Desktop/Autonomous_car_ros2/build/opencv_tests:/home/autonomous-car/Desktop/Autonomous_car_ros2/install/opencv_tests/lib/python3.6/site-packages:/home/autonomous-car/Desktop/Autonomous_car_ros2/install/image_geometry/lib/python3.6/site-packages:/home/autonomous-car/Desktop/Autonomous_car_ros2/build/dataset_creator:/home/autonomous-car/Desktop/Autonomous_car_ros2/install/dataset_creator/lib/python3.6/site-packages:/home/autonomous-car/Desktop/Autonomous_car_ros2/install/custom_msgs/lib/python3.6/site-packages:/opt/ros/eloquent/lib/python3.6/site-packages:/opt/ros/melodic/lib/python2.7/dist-packages /usr/bin/cmake --build /home/autonomous-car/Desktop/Autonomous_car_ros2/build/custom_msgs -- -j6 -l6
[0.890s] Invoking command in '/home/autonomous-car/Desktop/Autonomous_car_ros2/build/custom_msgs': CMAKE_PREFIX_PATH=/home/autonomous-car/Desktop/Autonomous_car_ros2/install/cv_bridge:/home/autonomous-car/Desktop/Autonomous_car_ros2/install/vision_opencv:/home/autonomous-car/Desktop/Autonomous_car_ros2/install/image_geometry:/home/autonomous-car/Desktop/Autonomous_car_ros2/install/custom_msgs:/home/autonomous-car/Desktop/Autonomous_car_ros2/install/stereo_yolo3:/home/autonomous-car/Desktop/Autonomous_car_ros2/install/opencv_tests:/home/autonomous-car/Desktop/Autonomous_car_ros2/install/dataset_creator:/opt/ros/eloquent:/opt/ros/melodic LD_LIBRARY_PATH=/home/autonomous-car/Desktop/Autonomous_car_ros2/install/cv_bridge/lib:/home/autonomous-car/Desktop/Autonomous_car_ros2/install/image_geometry/lib:/home/autonomous-car/Desktop/Autonomous_car_ros2/install/custom_msgs/lib:/opt/ros/eloquent/opt/yaml_cpp_vendor/lib:/opt/ros/eloquent/opt/rviz_ogre_vendor/lib:/opt/ros/eloquent/lib:/opt/ros/melodic/lib PYTHONPATH=/home/autonomous-car/Desktop/Autonomous_car_ros2/install/cv_bridge/lib/python3.6/site-packages:/home/autonomous-car/Desktop/Autonomous_car_ros2/build/stereo_yolo3:/home/autonomous-car/Desktop/Autonomous_car_ros2/install/stereo_yolo3/lib/python3.6/site-packages:/home/autonomous-car/Desktop/Autonomous_car_ros2/build/opencv_tests:/home/autonomous-car/Desktop/Autonomous_car_ros2/install/opencv_tests/lib/python3.6/site-packages:/home/autonomous-car/Desktop/Autonomous_car_ros2/install/image_geometry/lib/python3.6/site-packages:/home/autonomous-car/Desktop/Autonomous_car_ros2/build/dataset_creator:/home/autonomous-car/Desktop/Autonomous_car_ros2/install/dataset_creator/lib/python3.6/site-packages:/home/autonomous-car/Desktop/Autonomous_car_ros2/install/custom_msgs/lib/python3.6/site-packages:/opt/ros/eloquent/lib/python3.6/site-packages:/opt/ros/melodic/lib/python2.7/dist-packages /usr/bin/cmake --build /home/autonomous-car/Desktop/Autonomous_car_ros2/build/custom_msgs --target install -- -j6 -l6
[0.936s] [  3%] Built target new_msg__cpp
[0.938s] [ 13%] Built target new_msg__rosidl_generator_c
[0.954s] [ 24%] Built target new_msg__rosidl_typesupport_introspection_cpp
[0.959s] [ 34%] Built target new_msg__rosidl_typesupport_introspection_c
[0.961s] [ 44%] Built target new_msg__rosidl_typesupport_fastrtps_cpp
[0.980s] [ 55%] Built target new_msg__rosidl_typesupport_cpp
[0.981s] [ 65%] Built target new_msg__rosidl_typesupport_fastrtps_c
[0.999s] [ 75%] Built target new_msg__rosidl_typesupport_c
[1.013s] [ 75%] Built target new_msg
[1.030s] [ 79%] Built target new_msg__py
[1.049s] [ 86%] Built target new_msg__python
[1.069s] [ 93%] Built target custom_msgs__rosidl_typesupport_c__pyext
[1.070s] [100%] Built target custom_msgs__rosidl_typesupport_fastrtps_c__pyext
[1.084s] [36mInstall the project...[0m
[1.091s] -- Install configuration: ""
[1.092s] -- Execute custom install script
[1.093s] -- Up-to-date symlink: /home/autonomous-car/Desktop/Autonomous_car_ros2/install/custom_msgs/share/ament_index/resource_index/rosidl_interfaces/custom_msgs
[1.095s] -- Up-to-date symlink: /home/autonomous-car/Desktop/Autonomous_car_ros2/install/custom_msgs/include/custom_msgs/msg/radar_scan.hpp
[1.095s] -- Up-to-date symlink: /home/autonomous-car/Desktop/Autonomous_car_ros2/install/custom_msgs/include/custom_msgs/msg/radar_scan__struct.hpp
[1.095s] -- Up-to-date symlink: /home/autonomous-car/Desktop/Autonomous_car_ros2/install/custom_msgs/include/custom_msgs/msg/radar_scan__traits.hpp
[1.096s] -- Up-to-date symlink: /home/autonomous-car/Desktop/Autonomous_car_ros2/install/custom_msgs/include/custom_msgs/msg/radar_scan.h
[1.096s] -- Up-to-date symlink: /home/autonomous-car/Desktop/Autonomous_car_ros2/install/custom_msgs/include/custom_msgs/msg/radar_scan__functions.h
[1.097s] -- Up-to-date symlink: /home/autonomous-car/Desktop/Autonomous_car_ros2/install/custom_msgs/include/custom_msgs/msg/radar_scan__struct.h
[1.097s] -- Up-to-date symlink: /home/autonomous-car/Desktop/Autonomous_car_ros2/install/custom_msgs/include/custom_msgs/msg/radar_scan__type_support.h
[1.097s] -- Up-to-date symlink: /home/autonomous-car/Desktop/Autonomous_car_ros2/install/custom_msgs/include/custom_msgs/msg/rosidl_generator_c__visibility_control.h
[1.098s] -- Up-to-date symlink: /home/autonomous-car/Desktop/Autonomous_car_ros2/install/custom_msgs/share/custom_msgs/environment/library_path.sh
[1.098s] -- Up-to-date symlink: /home/autonomous-car/Desktop/Autonomous_car_ros2/install/custom_msgs/share/custom_msgs/environment/library_path.dsv
[1.099s] -- Up-to-date symlink: /home/autonomous-car/Desktop/Autonomous_car_ros2/install/custom_msgs/lib/libnew_msg__rosidl_generator_c.so
[1.100s] -- Up-to-date symlink: /home/autonomous-car/Desktop/Autonomous_car_ros2/install/custom_msgs/lib/libnew_msg__rosidl_typesupport_c.so
[1.100s] -- Up-to-date symlink: /home/autonomous-car/Desktop/Autonomous_car_ros2/install/custom_msgs/lib/libnew_msg__rosidl_typesupport_cpp.so
[1.101s] -- Up-to-date symlink: /home/autonomous-car/Desktop/Autonomous_car_ros2/install/custom_msgs/include/custom_msgs/msg/radar_scan__rosidl_typesupport_introspection_c.h
[1.101s] -- Up-to-date symlink: /home/autonomous-car/Desktop/Autonomous_car_ros2/install/custom_msgs/include/custom_msgs/msg/rosidl_typesupport_introspection_c__visibility_control.h
[1.102s] -- Up-to-date symlink: /home/autonomous-car/Desktop/Autonomous_car_ros2/install/custom_msgs/lib/libnew_msg__rosidl_typesupport_introspection_c.so
[1.103s] -- Up-to-date symlink: /home/autonomous-car/Desktop/Autonomous_car_ros2/install/custom_msgs/include/custom_msgs/msg/radar_scan__rosidl_typesupport_introspection_cpp.hpp
[1.103s] -- Up-to-date symlink: /home/autonomous-car/Desktop/Autonomous_car_ros2/install/custom_msgs/lib/libnew_msg__rosidl_typesupport_introspection_cpp.so
[1.104s] -- Up-to-date symlink: /home/autonomous-car/Desktop/Autonomous_car_ros2/install/custom_msgs/include/custom_msgs/msg/radar_scan__rosidl_typesupport_fastrtps_c.h
[1.104s] -- Up-to-date symlink: /home/autonomous-car/Desktop/Autonomous_car_ros2/install/custom_msgs/include/custom_msgs/msg/rosidl_typesupport_fastrtps_c__visibility_control.h
[1.105s] -- Up-to-date symlink: /home/autonomous-car/Desktop/Autonomous_car_ros2/install/custom_msgs/lib/libnew_msg__rosidl_typesupport_fastrtps_c.so
[1.106s] -- Up-to-date symlink: /home/autonomous-car/Desktop/Autonomous_car_ros2/install/custom_msgs/include/custom_msgs/msg/radar_scan__rosidl_typesupport_fastrtps_cpp.hpp
[1.106s] -- Up-to-date symlink: /home/autonomous-car/Desktop/Autonomous_car_ros2/install/custom_msgs/include/custom_msgs/msg/rosidl_typesupport_fastrtps_cpp__visibility_control.h
[1.111s] -- Up-to-date symlink: /home/autonomous-car/Desktop/Autonomous_car_ros2/install/custom_msgs/lib/libnew_msg__rosidl_typesupport_fastrtps_cpp.so
[1.113s] -- Up-to-date symlink: /home/autonomous-car/Desktop/Autonomous_car_ros2/install/custom_msgs/share/custom_msgs/environment/pythonpath.sh
[1.113s] -- Up-to-date symlink: /home/autonomous-car/Desktop/Autonomous_car_ros2/install/custom_msgs/share/custom_msgs/environment/pythonpath.dsv
[1.113s] -- Up-to-date symlink: /home/autonomous-car/Desktop/Autonomous_car_ros2/install/custom_msgs/lib/python3.6/site-packages/custom_msgs/__init__.py
[1.114s] -- Up-to-date symlink: /home/autonomous-car/Desktop/Autonomous_car_ros2/install/custom_msgs/lib/python3.6/site-packages/custom_msgs/msg/__init__.py
[1.114s] -- Up-to-date symlink: /home/autonomous-car/Desktop/Autonomous_car_ros2/install/custom_msgs/lib/python3.6/site-packages/custom_msgs/msg/_radar_scan.py
[1.115s] -- Up-to-date symlink: /home/autonomous-car/Desktop/Autonomous_car_ros2/install/custom_msgs/lib/python3.6/site-packages/custom_msgs/custom_msgs_s__rosidl_typesupport_c.cpython-36m-x86_64-linux-gnu.so
[1.116s] -- Up-to-date symlink: /home/autonomous-car/Desktop/Autonomous_car_ros2/install/custom_msgs/lib/python3.6/site-packages/custom_msgs/custom_msgs_s__rosidl_typesupport_fastrtps_c.cpython-36m-x86_64-linux-gnu.so
[1.116s] -- Up-to-date symlink: /home/autonomous-car/Desktop/Autonomous_car_ros2/install/custom_msgs/lib/libnew_msg__python.so
[1.117s] -- Up-to-date symlink: /home/autonomous-car/Desktop/Autonomous_car_ros2/install/custom_msgs/share/custom_msgs/msg/RadarScan.idl
[1.117s] -- Up-to-date symlink: /home/autonomous-car/Desktop/Autonomous_car_ros2/install/custom_msgs/share/custom_msgs/msg/RadarScan.msg
[1.118s] -- Up-to-date symlink: /home/autonomous-car/Desktop/Autonomous_car_ros2/install/custom_msgs/share/ament_index/resource_index/package_run_dependencies/custom_msgs
[1.118s] -- Up-to-date symlink: /home/autonomous-car/Desktop/Autonomous_car_ros2/install/custom_msgs/share/ament_index/resource_index/parent_prefix_path/custom_msgs
[1.119s] -- Up-to-date symlink: /home/autonomous-car/Desktop/Autonomous_car_ros2/install/custom_msgs/share/custom_msgs/environment/ament_prefix_path.sh
[1.119s] -- Up-to-date symlink: /home/autonomous-car/Desktop/Autonomous_car_ros2/install/custom_msgs/share/custom_msgs/environment/ament_prefix_path.dsv
[1.119s] -- Up-to-date symlink: /home/autonomous-car/Desktop/Autonomous_car_ros2/install/custom_msgs/share/custom_msgs/environment/path.sh
[1.119s] -- Up-to-date symlink: /home/autonomous-car/Desktop/Autonomous_car_ros2/install/custom_msgs/share/custom_msgs/environment/path.dsv
[1.120s] -- Up-to-date symlink: /home/autonomous-car/Desktop/Autonomous_car_ros2/install/custom_msgs/share/custom_msgs/local_setup.bash
[1.120s] -- Up-to-date symlink: /home/autonomous-car/Desktop/Autonomous_car_ros2/install/custom_msgs/share/custom_msgs/local_setup.sh
[1.121s] -- Up-to-date symlink: /home/autonomous-car/Desktop/Autonomous_car_ros2/install/custom_msgs/share/custom_msgs/local_setup.zsh
[1.121s] -- Up-to-date symlink: /home/autonomous-car/Desktop/Autonomous_car_ros2/install/custom_msgs/share/custom_msgs/local_setup.dsv
[1.121s] -- Symlinking: /home/autonomous-car/Desktop/Autonomous_car_ros2/install/custom_msgs/share/custom_msgs/package.dsv
[1.129s] -- Up-to-date symlink: /home/autonomous-car/Desktop/Autonomous_car_ros2/install/custom_msgs/share/ament_index/resource_index/packages/custom_msgs
[1.129s] -- Up-to-date symlink: /home/autonomous-car/Desktop/Autonomous_car_ros2/install/custom_msgs/share/custom_msgs/cmake/rosidl_cmake-extras.cmake
[1.129s] -- Up-to-date symlink: /home/autonomous-car/Desktop/Autonomous_car_ros2/install/custom_msgs/share/custom_msgs/cmake/ament_cmake_export_dependencies-extras.cmake
[1.129s] -- Up-to-date symlink: /home/autonomous-car/Desktop/Autonomous_car_ros2/install/custom_msgs/share/custom_msgs/cmake/ament_cmake_export_include_directories-extras.cmake
[1.130s] -- Up-to-date symlink: /home/autonomous-car/Desktop/Autonomous_car_ros2/install/custom_msgs/share/custom_msgs/cmake/ament_cmake_export_libraries-extras.cmake
[1.130s] -- Up-to-date symlink: /home/autonomous-car/Desktop/Autonomous_car_ros2/install/custom_msgs/share/custom_msgs/cmake/custom_msgsConfig.cmake
[1.130s] -- Up-to-date symlink: /home/autonomous-car/Desktop/Autonomous_car_ros2/install/custom_msgs/share/custom_msgs/cmake/custom_msgsConfig-version.cmake
[1.131s] -- Up-to-date symlink: /home/autonomous-car/Desktop/Autonomous_car_ros2/install/custom_msgs/share/custom_msgs/package.xml
[1.167s] Invoked command in '/home/autonomous-car/Desktop/Autonomous_car_ros2/build/custom_msgs' returned '0': CMAKE_PREFIX_PATH=/home/autonomous-car/Desktop/Autonomous_car_ros2/install/cv_bridge:/home/autonomous-car/Desktop/Autonomous_car_ros2/install/vision_opencv:/home/autonomous-car/Desktop/Autonomous_car_ros2/install/image_geometry:/home/autonomous-car/Desktop/Autonomous_car_ros2/install/custom_msgs:/home/autonomous-car/Desktop/Autonomous_car_ros2/install/stereo_yolo3:/home/autonomous-car/Desktop/Autonomous_car_ros2/install/opencv_tests:/home/autonomous-car/Desktop/Autonomous_car_ros2/install/dataset_creator:/opt/ros/eloquent:/opt/ros/melodic LD_LIBRARY_PATH=/home/autonomous-car/Desktop/Autonomous_car_ros2/install/cv_bridge/lib:/home/autonomous-car/Desktop/Autonomous_car_ros2/install/image_geometry/lib:/home/autonomous-car/Desktop/Autonomous_car_ros2/install/custom_msgs/lib:/opt/ros/eloquent/opt/yaml_cpp_vendor/lib:/opt/ros/eloquent/opt/rviz_ogre_vendor/lib:/opt/ros/eloquent/lib:/opt/ros/melodic/lib PYTHONPATH=/home/autonomous-car/Desktop/Autonomous_car_ros2/install/cv_bridge/lib/python3.6/site-packages:/home/autonomous-car/Desktop/Autonomous_car_ros2/build/stereo_yolo3:/home/autonomous-car/Desktop/Autonomous_car_ros2/install/stereo_yolo3/lib/python3.6/site-packages:/home/autonomous-car/Desktop/Autonomous_car_ros2/build/opencv_tests:/home/autonomous-car/Desktop/Autonomous_car_ros2/install/opencv_tests/lib/python3.6/site-packages:/home/autonomous-car/Desktop/Autonomous_car_ros2/install/image_geometry/lib/python3.6/site-packages:/home/autonomous-car/Desktop/Autonomous_car_ros2/build/dataset_creator:/home/autonomous-car/Desktop/Autonomous_car_ros2/install/dataset_creator/lib/python3.6/site-packages:/home/autonomous-car/Desktop/Autonomous_car_ros2/install/custom_msgs/lib/python3.6/site-packages:/opt/ros/eloquent/lib/python3.6/site-packages:/opt/ros/melodic/lib/python2.7/dist-packages /usr/bin/cmake --build /home/autonomous-car/Desktop/Autonomous_car_ros2/build/custom_msgs --target install -- -j6 -l6
