[0.604s] running develop
[0.720s] running egg_info
[0.720s] creating dataset_creator.egg-info
[0.720s] writing dataset_creator.egg-info/PKG-INFO
[0.720s] writing dependency_links to dataset_creator.egg-info/dependency_links.txt
[0.720s] writing entry points to dataset_creator.egg-info/entry_points.txt
[0.720s] writing requirements to dataset_creator.egg-info/requires.txt
[0.720s] writing top-level names to dataset_creator.egg-info/top_level.txt
[0.721s] writing manifest file 'dataset_creator.egg-info/SOURCES.txt'
[0.742s] reading manifest file 'dataset_creator.egg-info/SOURCES.txt'
[0.743s] writing manifest file 'dataset_creator.egg-info/SOURCES.txt'
[0.744s] running build_ext
[0.744s] Creating /home/autonomous-car/Desktop/Autonomous_car_ros2/install/dataset_creator/lib/python3.6/site-packages/site.py
[0.745s] Creating /home/autonomous-car/Desktop/Autonomous_car_ros2/install/dataset_creator/lib/python3.6/site-packages/dataset-creator.egg-link (link to .)
[0.745s] Installing gather_data script to /home/autonomous-car/Desktop/Autonomous_car_ros2/install/dataset_creator/lib/dataset_creator
[0.745s] 
[0.745s] Installed /home/autonomous-car/Desktop/Autonomous_car_ros2/build/dataset_creator
[0.745s] running install_data
[0.745s] creating /home/autonomous-car/Desktop/Autonomous_car_ros2/install/dataset_creator/share/ament_index
[0.745s] creating /home/autonomous-car/Desktop/Autonomous_car_ros2/install/dataset_creator/share/ament_index/resource_index
[0.746s] creating /home/autonomous-car/Desktop/Autonomous_car_ros2/install/dataset_creator/share/ament_index/resource_index/packages
[0.746s] copying resource/dataset_creator -> /home/autonomous-car/Desktop/Autonomous_car_ros2/install/dataset_creator/share/ament_index/resource_index/packages
[0.746s] copying package.xml -> /home/autonomous-car/Desktop/Autonomous_car_ros2/install/dataset_creator/share/dataset_creator
[0.746s] copying launch/record_everything.launch.py -> /home/autonomous-car/Desktop/Autonomous_car_ros2/install/dataset_creator/share/dataset_creator
