[0.417s] Invoking command in '/home/autonomous-car/Desktop/Autonomous_car_ros2/build/vision_opencv': AMENT_PREFIX_PATH=/home/autonomous-car/Desktop/Autonomous_car_ros2/install/image_geometry:/home/autonomous-car/Desktop/Autonomous_car_ros2/install/cv_bridge:${AMENT_PREFIX_PATH} CMAKE_PREFIX_PATH=/home/autonomous-car/Desktop/Autonomous_car_ros2/install/image_geometry:/home/autonomous-car/Desktop/Autonomous_car_ros2/install/cv_bridge:/opt/ros/eloquent:${CMAKE_PREFIX_PATH} LD_LIBRARY_PATH=/home/autonomous-car/Desktop/Autonomous_car_ros2/install/image_geometry/lib:/home/autonomous-car/Desktop/Autonomous_car_ros2/install/cv_bridge/lib:${LD_LIBRARY_PATH} PYTHONPATH=/home/autonomous-car/Desktop/Autonomous_car_ros2/install/image_geometry/lib/python3.6/site-packages:/home/autonomous-car/Desktop/Autonomous_car_ros2/install/cv_bridge/lib/python3.6/site-packages:${PYTHONPATH} /usr/bin/cmake --build /home/autonomous-car/Desktop/Autonomous_car_ros2/build/vision_opencv -- -j6 -l6
[0.625s] Invoked command in '/home/autonomous-car/Desktop/Autonomous_car_ros2/build/vision_opencv' returned '0': AMENT_PREFIX_PATH=/home/autonomous-car/Desktop/Autonomous_car_ros2/install/image_geometry:/home/autonomous-car/Desktop/Autonomous_car_ros2/install/cv_bridge:${AMENT_PREFIX_PATH} CMAKE_PREFIX_PATH=/home/autonomous-car/Desktop/Autonomous_car_ros2/install/image_geometry:/home/autonomous-car/Desktop/Autonomous_car_ros2/install/cv_bridge:/opt/ros/eloquent:${CMAKE_PREFIX_PATH} LD_LIBRARY_PATH=/home/autonomous-car/Desktop/Autonomous_car_ros2/install/image_geometry/lib:/home/autonomous-car/Desktop/Autonomous_car_ros2/install/cv_bridge/lib:${LD_LIBRARY_PATH} PYTHONPATH=/home/autonomous-car/Desktop/Autonomous_car_ros2/install/image_geometry/lib/python3.6/site-packages:/home/autonomous-car/Desktop/Autonomous_car_ros2/install/cv_bridge/lib/python3.6/site-packages:${PYTHONPATH} /usr/bin/cmake --build /home/autonomous-car/Desktop/Autonomous_car_ros2/build/vision_opencv -- -j6 -l6
[0.642s] Invoking command in '/home/autonomous-car/Desktop/Autonomous_car_ros2/build/vision_opencv': AMENT_PREFIX_PATH=/home/autonomous-car/Desktop/Autonomous_car_ros2/install/image_geometry:/home/autonomous-car/Desktop/Autonomous_car_ros2/install/cv_bridge:${AMENT_PREFIX_PATH} CMAKE_PREFIX_PATH=/home/autonomous-car/Desktop/Autonomous_car_ros2/install/image_geometry:/home/autonomous-car/Desktop/Autonomous_car_ros2/install/cv_bridge:/opt/ros/eloquent:${CMAKE_PREFIX_PATH} LD_LIBRARY_PATH=/home/autonomous-car/Desktop/Autonomous_car_ros2/install/image_geometry/lib:/home/autonomous-car/Desktop/Autonomous_car_ros2/install/cv_bridge/lib:${LD_LIBRARY_PATH} PYTHONPATH=/home/autonomous-car/Desktop/Autonomous_car_ros2/install/image_geometry/lib/python3.6/site-packages:/home/autonomous-car/Desktop/Autonomous_car_ros2/install/cv_bridge/lib/python3.6/site-packages:${PYTHONPATH} /usr/bin/cmake --build /home/autonomous-car/Desktop/Autonomous_car_ros2/build/vision_opencv --target install -- -j6 -l6
[0.686s] [36mInstall the project...[0m
[0.693s] -- Install configuration: ""
[0.693s] -- Execute custom install script
[0.694s] -- Up-to-date symlink: /home/autonomous-car/Desktop/Autonomous_car_ros2/install/vision_opencv/share/ament_index/resource_index/package_run_dependencies/vision_opencv
[0.694s] -- Up-to-date symlink: /home/autonomous-car/Desktop/Autonomous_car_ros2/install/vision_opencv/share/ament_index/resource_index/parent_prefix_path/vision_opencv
[0.694s] -- Up-to-date symlink: /home/autonomous-car/Desktop/Autonomous_car_ros2/install/vision_opencv/share/vision_opencv/environment/ament_prefix_path.sh
[0.694s] -- Up-to-date symlink: /home/autonomous-car/Desktop/Autonomous_car_ros2/install/vision_opencv/share/vision_opencv/environment/ament_prefix_path.dsv
[0.695s] -- Up-to-date symlink: /home/autonomous-car/Desktop/Autonomous_car_ros2/install/vision_opencv/share/vision_opencv/environment/path.sh
[0.695s] -- Up-to-date symlink: /home/autonomous-car/Desktop/Autonomous_car_ros2/install/vision_opencv/share/vision_opencv/environment/path.dsv
[0.695s] -- Up-to-date symlink: /home/autonomous-car/Desktop/Autonomous_car_ros2/install/vision_opencv/share/vision_opencv/local_setup.bash
[0.695s] -- Up-to-date symlink: /home/autonomous-car/Desktop/Autonomous_car_ros2/install/vision_opencv/share/vision_opencv/local_setup.sh
[0.696s] -- Up-to-date symlink: /home/autonomous-car/Desktop/Autonomous_car_ros2/install/vision_opencv/share/vision_opencv/local_setup.zsh
[0.696s] -- Up-to-date symlink: /home/autonomous-car/Desktop/Autonomous_car_ros2/install/vision_opencv/share/vision_opencv/local_setup.dsv
[0.696s] -- Symlinking: /home/autonomous-car/Desktop/Autonomous_car_ros2/install/vision_opencv/share/vision_opencv/package.dsv
[0.703s] -- Up-to-date symlink: /home/autonomous-car/Desktop/Autonomous_car_ros2/install/vision_opencv/share/ament_index/resource_index/packages/vision_opencv
[0.703s] -- Up-to-date symlink: /home/autonomous-car/Desktop/Autonomous_car_ros2/install/vision_opencv/share/vision_opencv/cmake/vision_opencvConfig.cmake
[0.703s] -- Up-to-date symlink: /home/autonomous-car/Desktop/Autonomous_car_ros2/install/vision_opencv/share/vision_opencv/cmake/vision_opencvConfig-version.cmake
[0.704s] -- Up-to-date symlink: /home/autonomous-car/Desktop/Autonomous_car_ros2/install/vision_opencv/share/vision_opencv/package.xml
[0.706s] Invoked command in '/home/autonomous-car/Desktop/Autonomous_car_ros2/build/vision_opencv' returned '0': AMENT_PREFIX_PATH=/home/autonomous-car/Desktop/Autonomous_car_ros2/install/image_geometry:/home/autonomous-car/Desktop/Autonomous_car_ros2/install/cv_bridge:${AMENT_PREFIX_PATH} CMAKE_PREFIX_PATH=/home/autonomous-car/Desktop/Autonomous_car_ros2/install/image_geometry:/home/autonomous-car/Desktop/Autonomous_car_ros2/install/cv_bridge:/opt/ros/eloquent:${CMAKE_PREFIX_PATH} LD_LIBRARY_PATH=/home/autonomous-car/Desktop/Autonomous_car_ros2/install/image_geometry/lib:/home/autonomous-car/Desktop/Autonomous_car_ros2/install/cv_bridge/lib:${LD_LIBRARY_PATH} PYTHONPATH=/home/autonomous-car/Desktop/Autonomous_car_ros2/install/image_geometry/lib/python3.6/site-packages:/home/autonomous-car/Desktop/Autonomous_car_ros2/install/cv_bridge/lib/python3.6/site-packages:${PYTHONPATH} /usr/bin/cmake --build /home/autonomous-car/Desktop/Autonomous_car_ros2/build/vision_opencv --target install -- -j6 -l6
