[0.545s] Invoking command in '/home/autonomous-car/Desktop/Autonomous_car_ros2/build/control_accel_ard': PYTHONPATH=/home/autonomous-car/Desktop/Autonomous_car_ros2/install/control_accel_ard/lib/python3.6/site-packages:${PYTHONPATH} /usr/bin/python3 setup.py develop --prefix /home/autonomous-car/Desktop/Autonomous_car_ros2/install/control_accel_ard --uninstall --editable --build-directory /home/autonomous-car/Desktop/Autonomous_car_ros2/build/control_accel_ard/build
[0.822s] running develop
[1.580s] Invoked command in '/home/autonomous-car/Desktop/Autonomous_car_ros2/build/control_accel_ard' returned '0': PYTHONPATH=/home/autonomous-car/Desktop/Autonomous_car_ros2/install/control_accel_ard/lib/python3.6/site-packages:${PYTHONPATH} /usr/bin/python3 setup.py develop --prefix /home/autonomous-car/Desktop/Autonomous_car_ros2/install/control_accel_ard --uninstall --editable --build-directory /home/autonomous-car/Desktop/Autonomous_car_ros2/build/control_accel_ard/build
[1.583s] Invoking command in '/home/autonomous-car/Desktop/Autonomous_car_ros2/src/control_accel_ard': PYTHONPATH=/home/autonomous-car/Desktop/Autonomous_car_ros2/install/control_accel_ard/lib/python3.6/site-packages:${PYTHONPATH} /usr/bin/python3 setup.py egg_info --egg-base /home/autonomous-car/Desktop/Autonomous_car_ros2/build/control_accel_ard build --build-base /home/autonomous-car/Desktop/Autonomous_car_ros2/build/control_accel_ard/build install --prefix /home/autonomous-car/Desktop/Autonomous_car_ros2/install/control_accel_ard --record /home/autonomous-car/Desktop/Autonomous_car_ros2/build/control_accel_ard/install.log --single-version-externally-managed
[1.824s] running egg_info
[1.824s] writing /home/autonomous-car/Desktop/Autonomous_car_ros2/build/control_accel_ard/control_accel_ard.egg-info/PKG-INFO
[1.824s] writing dependency_links to /home/autonomous-car/Desktop/Autonomous_car_ros2/build/control_accel_ard/control_accel_ard.egg-info/dependency_links.txt
[1.824s] writing entry points to /home/autonomous-car/Desktop/Autonomous_car_ros2/build/control_accel_ard/control_accel_ard.egg-info/entry_points.txt
[1.824s] writing requirements to /home/autonomous-car/Desktop/Autonomous_car_ros2/build/control_accel_ard/control_accel_ard.egg-info/requires.txt
[1.824s] writing top-level names to /home/autonomous-car/Desktop/Autonomous_car_ros2/build/control_accel_ard/control_accel_ard.egg-info/top_level.txt
[1.841s] reading manifest file '/home/autonomous-car/Desktop/Autonomous_car_ros2/build/control_accel_ard/control_accel_ard.egg-info/SOURCES.txt'
[1.841s] writing manifest file '/home/autonomous-car/Desktop/Autonomous_car_ros2/build/control_accel_ard/control_accel_ard.egg-info/SOURCES.txt'
[1.843s] running build
[1.843s] running build_py
[1.843s] copying control_accel_ard/recv_data.py -> /home/autonomous-car/Desktop/Autonomous_car_ros2/build/control_accel_ard/build/lib/control_accel_ard
[1.844s] running install
[1.844s] running install_lib
[1.844s] copying /home/autonomous-car/Desktop/Autonomous_car_ros2/build/control_accel_ard/build/lib/control_accel_ard/recv_data.py -> /home/autonomous-car/Desktop/Autonomous_car_ros2/install/control_accel_ard/lib/python3.6/site-packages/control_accel_ard
[1.844s] byte-compiling /home/autonomous-car/Desktop/Autonomous_car_ros2/install/control_accel_ard/lib/python3.6/site-packages/control_accel_ard/recv_data.py to recv_data.cpython-36.pyc
[1.844s] running install_data
[1.844s] running install_egg_info
[1.845s] removing '/home/autonomous-car/Desktop/Autonomous_car_ros2/install/control_accel_ard/lib/python3.6/site-packages/control_accel_ard-0.0.0-py3.6.egg-info' (and everything under it)
[1.846s] Copying /home/autonomous-car/Desktop/Autonomous_car_ros2/build/control_accel_ard/control_accel_ard.egg-info to /home/autonomous-car/Desktop/Autonomous_car_ros2/install/control_accel_ard/lib/python3.6/site-packages/control_accel_ard-0.0.0-py3.6.egg-info
[1.846s] running install_scripts
[1.866s] writing list of installed files to '/home/autonomous-car/Desktop/Autonomous_car_ros2/build/control_accel_ard/install.log'
[1.894s] Invoked command in '/home/autonomous-car/Desktop/Autonomous_car_ros2/src/control_accel_ard' returned '0': PYTHONPATH=/home/autonomous-car/Desktop/Autonomous_car_ros2/install/control_accel_ard/lib/python3.6/site-packages:${PYTHONPATH} /usr/bin/python3 setup.py egg_info --egg-base /home/autonomous-car/Desktop/Autonomous_car_ros2/build/control_accel_ard build --build-base /home/autonomous-car/Desktop/Autonomous_car_ros2/build/control_accel_ard/build install --prefix /home/autonomous-car/Desktop/Autonomous_car_ros2/install/control_accel_ard --record /home/autonomous-car/Desktop/Autonomous_car_ros2/build/control_accel_ard/install.log --single-version-externally-managed
