[0.925s] running develop
[1.329s] running egg_info
[1.329s] writing /home/autonomous-car/Desktop/Autonomous_car_ros2/build/stereo_yolo3/stereo_yolo3.egg-info/PKG-INFO
[1.329s] writing dependency_links to /home/autonomous-car/Desktop/Autonomous_car_ros2/build/stereo_yolo3/stereo_yolo3.egg-info/dependency_links.txt
[1.330s] writing entry points to /home/autonomous-car/Desktop/Autonomous_car_ros2/build/stereo_yolo3/stereo_yolo3.egg-info/entry_points.txt
[1.330s] writing requirements to /home/autonomous-car/Desktop/Autonomous_car_ros2/build/stereo_yolo3/stereo_yolo3.egg-info/requires.txt
[1.330s] writing top-level names to /home/autonomous-car/Desktop/Autonomous_car_ros2/build/stereo_yolo3/stereo_yolo3.egg-info/top_level.txt
[1.355s] reading manifest file '/home/autonomous-car/Desktop/Autonomous_car_ros2/build/stereo_yolo3/stereo_yolo3.egg-info/SOURCES.txt'
[1.356s] writing manifest file '/home/autonomous-car/Desktop/Autonomous_car_ros2/build/stereo_yolo3/stereo_yolo3.egg-info/SOURCES.txt'
[1.356s] running build
[1.356s] running build_py
[1.356s] running install
[1.356s] running install_lib
[1.357s] running install_data
[1.358s] running install_egg_info
[1.359s] removing '/home/autonomous-car/Desktop/Autonomous_car_ros2/install/stereo_yolo3/lib/python3.6/site-packages/stereo_yolo3-0.0.0-py3.6.egg-info' (and everything under it)
[1.359s] Copying /home/autonomous-car/Desktop/Autonomous_car_ros2/build/stereo_yolo3/stereo_yolo3.egg-info to /home/autonomous-car/Desktop/Autonomous_car_ros2/install/stereo_yolo3/lib/python3.6/site-packages/stereo_yolo3-0.0.0-py3.6.egg-info
[1.360s] running install_scripts
[1.372s] Installing stereo_image_pub script to /home/autonomous-car/Desktop/Autonomous_car_ros2/install/stereo_yolo3/lib/stereo_yolo3
[1.373s] writing list of installed files to '/home/autonomous-car/Desktop/Autonomous_car_ros2/build/stereo_yolo3/install.log'
