[4.379s] [ 12%] Built target gtest
[4.380s] [ 25%] Built target gtest_main
[4.417s] [ 43%] Built target cv_bridge
[4.488s] [ 81%] Built target cv_bridge-utest
[4.491s] [100%] Built target cv_bridge_boost
[4.606s] [ 12%] Built target gtest_main
[4.609s] [ 25%] Built target gtest
[4.610s] [ 43%] Built target cv_bridge
[4.635s] [ 81%] Built target cv_bridge-utest
[4.638s] [100%] Built target cv_bridge_boost
[4.657s] [36mInstall the project...[0m
[4.664s] -- Install configuration: ""
[4.666s] -- Execute custom install script
[4.667s] -- Up-to-date symlink: /home/autonomous-car/Desktop/Autonomous_car_ros2/install/cv_bridge/share/cv_bridge/environment/pythonpath.sh
[4.667s] -- Up-to-date symlink: /home/autonomous-car/Desktop/Autonomous_car_ros2/install/cv_bridge/share/cv_bridge/environment/pythonpath.dsv
[4.668s] -- Up-to-date symlink: /home/autonomous-car/Desktop/Autonomous_car_ros2/install/cv_bridge/lib/python3.6/site-packages/cv_bridge/__init__.py
[4.668s] -- Up-to-date symlink: /home/autonomous-car/Desktop/Autonomous_car_ros2/install/cv_bridge/lib/python3.6/site-packages/cv_bridge/core.py
[4.670s] -- Up-to-date symlink: /home/autonomous-car/Desktop/Autonomous_car_ros2/install/cv_bridge/lib/libcv_bridge.so
[4.670s] -- Up-to-date symlink: /home/autonomous-car/Desktop/Autonomous_car_ros2/install/cv_bridge/include/cv_bridge/cv_bridge_export.h
[4.672s] -- Up-to-date symlink: /home/autonomous-car/Desktop/Autonomous_car_ros2/install/cv_bridge/lib/python3.6/site-packages/cv_bridge/boost//cv_bridge_boost.so
[4.672s] -- Up-to-date symlink: /home/autonomous-car/Desktop/Autonomous_car_ros2/install/cv_bridge/share/cv_bridge/environment/library_path.sh
[4.672s] -- Up-to-date symlink: /home/autonomous-car/Desktop/Autonomous_car_ros2/install/cv_bridge/share/cv_bridge/environment/library_path.dsv
[4.673s] -- Up-to-date symlink: /home/autonomous-car/Desktop/Autonomous_car_ros2/install/cv_bridge/include/cv_bridge/cv_bridge.h
[4.673s] -- Up-to-date symlink: /home/autonomous-car/Desktop/Autonomous_car_ros2/install/cv_bridge/include/cv_bridge/rgb_colors.h
[4.674s] -- Up-to-date symlink: /home/autonomous-car/Desktop/Autonomous_car_ros2/install/cv_bridge/share/ament_index/resource_index/package_run_dependencies/cv_bridge
[4.674s] -- Up-to-date symlink: /home/autonomous-car/Desktop/Autonomous_car_ros2/install/cv_bridge/share/ament_index/resource_index/parent_prefix_path/cv_bridge
[4.675s] -- Up-to-date symlink: /home/autonomous-car/Desktop/Autonomous_car_ros2/install/cv_bridge/share/cv_bridge/environment/ament_prefix_path.sh
[4.675s] -- Up-to-date symlink: /home/autonomous-car/Desktop/Autonomous_car_ros2/install/cv_bridge/share/cv_bridge/environment/ament_prefix_path.dsv
[4.675s] -- Up-to-date symlink: /home/autonomous-car/Desktop/Autonomous_car_ros2/install/cv_bridge/share/cv_bridge/environment/path.sh
[4.676s] -- Up-to-date symlink: /home/autonomous-car/Desktop/Autonomous_car_ros2/install/cv_bridge/share/cv_bridge/environment/path.dsv
[4.676s] -- Up-to-date symlink: /home/autonomous-car/Desktop/Autonomous_car_ros2/install/cv_bridge/share/cv_bridge/local_setup.bash
[4.677s] -- Up-to-date symlink: /home/autonomous-car/Desktop/Autonomous_car_ros2/install/cv_bridge/share/cv_bridge/local_setup.sh
[4.677s] -- Up-to-date symlink: /home/autonomous-car/Desktop/Autonomous_car_ros2/install/cv_bridge/share/cv_bridge/local_setup.zsh
[4.677s] -- Up-to-date symlink: /home/autonomous-car/Desktop/Autonomous_car_ros2/install/cv_bridge/share/cv_bridge/local_setup.dsv
[4.678s] -- Symlinking: /home/autonomous-car/Desktop/Autonomous_car_ros2/install/cv_bridge/share/cv_bridge/package.dsv
[4.688s] -- Up-to-date symlink: /home/autonomous-car/Desktop/Autonomous_car_ros2/install/cv_bridge/share/ament_index/resource_index/packages/cv_bridge
[4.688s] -- Up-to-date symlink: /home/autonomous-car/Desktop/Autonomous_car_ros2/install/cv_bridge/share/cv_bridge/cmake/cv_bridge-extras.cmake
[4.688s] -- Up-to-date symlink: /home/autonomous-car/Desktop/Autonomous_car_ros2/install/cv_bridge/share/cv_bridge/cmake/ament_cmake_export_dependencies-extras.cmake
[4.688s] -- Up-to-date symlink: /home/autonomous-car/Desktop/Autonomous_car_ros2/install/cv_bridge/share/cv_bridge/cmake/ament_cmake_export_include_directories-extras.cmake
[4.689s] -- Up-to-date symlink: /home/autonomous-car/Desktop/Autonomous_car_ros2/install/cv_bridge/share/cv_bridge/cmake/ament_cmake_export_libraries-extras.cmake
[4.689s] -- Up-to-date symlink: /home/autonomous-car/Desktop/Autonomous_car_ros2/install/cv_bridge/share/cv_bridge/cmake/cv_bridgeConfig.cmake
[4.689s] -- Up-to-date symlink: /home/autonomous-car/Desktop/Autonomous_car_ros2/install/cv_bridge/share/cv_bridge/cmake/cv_bridgeConfig-version.cmake
[4.689s] -- Up-to-date symlink: /home/autonomous-car/Desktop/Autonomous_car_ros2/install/cv_bridge/share/cv_bridge/package.xml
[4.728s] Listing '/home/autonomous-car/Desktop/Autonomous_car_ros2/install/cv_bridge/lib/python3.6/site-packages/cv_bridge'...
[4.728s] Listing '/home/autonomous-car/Desktop/Autonomous_car_ros2/install/cv_bridge/lib/python3.6/site-packages/cv_bridge/boost'...
