[0.531s] Invoking command in '/home/autonomous-car/Desktop/Autonomous_car_ros2/build/arduino_serial': PYTHONPATH=/home/autonomous-car/Desktop/Autonomous_car_ros2/install/arduino_serial/lib/python3.6/site-packages:${PYTHONPATH} /usr/bin/python3 setup.py develop --prefix /home/autonomous-car/Desktop/Autonomous_car_ros2/install/arduino_serial --uninstall --editable --build-directory /home/autonomous-car/Desktop/Autonomous_car_ros2/build/arduino_serial/build
[0.820s] running develop
[0.972s] Removing /home/autonomous-car/Desktop/Autonomous_car_ros2/install/arduino_serial/lib/python3.6/site-packages/arduino-serial.egg-link (link to .)
[0.998s] Invoked command in '/home/autonomous-car/Desktop/Autonomous_car_ros2/build/arduino_serial' returned '0': PYTHONPATH=/home/autonomous-car/Desktop/Autonomous_car_ros2/install/arduino_serial/lib/python3.6/site-packages:${PYTHONPATH} /usr/bin/python3 setup.py develop --prefix /home/autonomous-car/Desktop/Autonomous_car_ros2/install/arduino_serial --uninstall --editable --build-directory /home/autonomous-car/Desktop/Autonomous_car_ros2/build/arduino_serial/build
[1.000s] Invoking command in '/home/autonomous-car/Desktop/Autonomous_car_ros2/src/arduino_serial': PYTHONPATH=/home/autonomous-car/Desktop/Autonomous_car_ros2/install/arduino_serial/lib/python3.6/site-packages:${PYTHONPATH} /usr/bin/python3 setup.py egg_info --egg-base /home/autonomous-car/Desktop/Autonomous_car_ros2/build/arduino_serial build --build-base /home/autonomous-car/Desktop/Autonomous_car_ros2/build/arduino_serial/build install --prefix /home/autonomous-car/Desktop/Autonomous_car_ros2/install/arduino_serial --record /home/autonomous-car/Desktop/Autonomous_car_ros2/build/arduino_serial/install.log --single-version-externally-managed
[1.231s] running egg_info
[1.232s] writing /home/autonomous-car/Desktop/Autonomous_car_ros2/build/arduino_serial/arduino_serial.egg-info/PKG-INFO
[1.232s] writing dependency_links to /home/autonomous-car/Desktop/Autonomous_car_ros2/build/arduino_serial/arduino_serial.egg-info/dependency_links.txt
[1.232s] writing entry points to /home/autonomous-car/Desktop/Autonomous_car_ros2/build/arduino_serial/arduino_serial.egg-info/entry_points.txt
[1.232s] writing requirements to /home/autonomous-car/Desktop/Autonomous_car_ros2/build/arduino_serial/arduino_serial.egg-info/requires.txt
[1.232s] writing top-level names to /home/autonomous-car/Desktop/Autonomous_car_ros2/build/arduino_serial/arduino_serial.egg-info/top_level.txt
[1.295s] reading manifest file '/home/autonomous-car/Desktop/Autonomous_car_ros2/build/arduino_serial/arduino_serial.egg-info/SOURCES.txt'
[1.297s] writing manifest file '/home/autonomous-car/Desktop/Autonomous_car_ros2/build/arduino_serial/arduino_serial.egg-info/SOURCES.txt'
[1.297s] running build
[1.297s] running build_py
[1.297s] creating /home/autonomous-car/Desktop/Autonomous_car_ros2/build/arduino_serial/build
[1.297s] creating /home/autonomous-car/Desktop/Autonomous_car_ros2/build/arduino_serial/build/lib
[1.297s] creating /home/autonomous-car/Desktop/Autonomous_car_ros2/build/arduino_serial/build/lib/arduino_serial
[1.297s] copying arduino_serial/pot_data.py -> /home/autonomous-car/Desktop/Autonomous_car_ros2/build/arduino_serial/build/lib/arduino_serial
[1.297s] copying arduino_serial/accel.py -> /home/autonomous-car/Desktop/Autonomous_car_ros2/build/arduino_serial/build/lib/arduino_serial
[1.298s] copying arduino_serial/__init__.py -> /home/autonomous-car/Desktop/Autonomous_car_ros2/build/arduino_serial/build/lib/arduino_serial
[1.298s] running install
[1.298s] running install_lib
[1.299s] creating /home/autonomous-car/Desktop/Autonomous_car_ros2/install/arduino_serial/lib/python3.6/site-packages/arduino_serial
[1.299s] copying /home/autonomous-car/Desktop/Autonomous_car_ros2/build/arduino_serial/build/lib/arduino_serial/pot_data.py -> /home/autonomous-car/Desktop/Autonomous_car_ros2/install/arduino_serial/lib/python3.6/site-packages/arduino_serial
[1.299s] copying /home/autonomous-car/Desktop/Autonomous_car_ros2/build/arduino_serial/build/lib/arduino_serial/accel.py -> /home/autonomous-car/Desktop/Autonomous_car_ros2/install/arduino_serial/lib/python3.6/site-packages/arduino_serial
[1.299s] copying /home/autonomous-car/Desktop/Autonomous_car_ros2/build/arduino_serial/build/lib/arduino_serial/__init__.py -> /home/autonomous-car/Desktop/Autonomous_car_ros2/install/arduino_serial/lib/python3.6/site-packages/arduino_serial
[1.303s] byte-compiling /home/autonomous-car/Desktop/Autonomous_car_ros2/install/arduino_serial/lib/python3.6/site-packages/arduino_serial/pot_data.py to pot_data.cpython-36.pyc
[1.304s] byte-compiling /home/autonomous-car/Desktop/Autonomous_car_ros2/install/arduino_serial/lib/python3.6/site-packages/arduino_serial/accel.py to accel.cpython-36.pyc
[1.304s] byte-compiling /home/autonomous-car/Desktop/Autonomous_car_ros2/install/arduino_serial/lib/python3.6/site-packages/arduino_serial/__init__.py to __init__.cpython-36.pyc
[1.304s] running install_data
[1.304s] running install_egg_info
[1.304s] Copying /home/autonomous-car/Desktop/Autonomous_car_ros2/build/arduino_serial/arduino_serial.egg-info to /home/autonomous-car/Desktop/Autonomous_car_ros2/install/arduino_serial/lib/python3.6/site-packages/arduino_serial-0.0.0-py3.6.egg-info
[1.306s] running install_scripts
[1.321s] Installing Arduino_Serial script to /home/autonomous-car/Desktop/Autonomous_car_ros2/install/arduino_serial/lib/arduino_serial
[1.321s] Installing Pot_Serial script to /home/autonomous-car/Desktop/Autonomous_car_ros2/install/arduino_serial/lib/arduino_serial
[1.321s] writing list of installed files to '/home/autonomous-car/Desktop/Autonomous_car_ros2/build/arduino_serial/install.log'
[1.341s] Invoked command in '/home/autonomous-car/Desktop/Autonomous_car_ros2/src/arduino_serial' returned '0': PYTHONPATH=/home/autonomous-car/Desktop/Autonomous_car_ros2/install/arduino_serial/lib/python3.6/site-packages:${PYTHONPATH} /usr/bin/python3 setup.py egg_info --egg-base /home/autonomous-car/Desktop/Autonomous_car_ros2/build/arduino_serial build --build-base /home/autonomous-car/Desktop/Autonomous_car_ros2/build/arduino_serial/build install --prefix /home/autonomous-car/Desktop/Autonomous_car_ros2/install/arduino_serial --record /home/autonomous-car/Desktop/Autonomous_car_ros2/build/arduino_serial/install.log --single-version-externally-managed
