[2.124s] running develop
[2.269s] Removing /home/autonomous-car/Desktop/Autonomous_car_ros2/install/stereo_yolo3/lib/python3.6/site-packages/stereo-yolo3.egg-link (link to .)
[2.558s] running egg_info
[2.561s] writing /home/autonomous-car/Desktop/Autonomous_car_ros2/build/stereo_yolo3/stereo_yolo3.egg-info/PKG-INFO
[2.561s] writing dependency_links to /home/autonomous-car/Desktop/Autonomous_car_ros2/build/stereo_yolo3/stereo_yolo3.egg-info/dependency_links.txt
[2.561s] writing entry points to /home/autonomous-car/Desktop/Autonomous_car_ros2/build/stereo_yolo3/stereo_yolo3.egg-info/entry_points.txt
[2.561s] writing requirements to /home/autonomous-car/Desktop/Autonomous_car_ros2/build/stereo_yolo3/stereo_yolo3.egg-info/requires.txt
[2.561s] writing top-level names to /home/autonomous-car/Desktop/Autonomous_car_ros2/build/stereo_yolo3/stereo_yolo3.egg-info/top_level.txt
[2.616s] reading manifest file '/home/autonomous-car/Desktop/Autonomous_car_ros2/build/stereo_yolo3/stereo_yolo3.egg-info/SOURCES.txt'
[2.623s] writing manifest file '/home/autonomous-car/Desktop/Autonomous_car_ros2/build/stereo_yolo3/stereo_yolo3.egg-info/SOURCES.txt'
[2.623s] running build
[2.623s] running build_py
[2.623s] running install
[2.624s] running install_lib
[2.624s] creating /home/autonomous-car/Desktop/Autonomous_car_ros2/install/stereo_yolo3/lib/python3.6/site-packages/stereo_yolo3
[2.624s] copying /home/autonomous-car/Desktop/Autonomous_car_ros2/build/stereo_yolo3/build/lib/stereo_yolo3/run_this.py -> /home/autonomous-car/Desktop/Autonomous_car_ros2/install/stereo_yolo3/lib/python3.6/site-packages/stereo_yolo3
[2.624s] copying /home/autonomous-car/Desktop/Autonomous_car_ros2/build/stereo_yolo3/build/lib/stereo_yolo3/__init__.py -> /home/autonomous-car/Desktop/Autonomous_car_ros2/install/stereo_yolo3/lib/python3.6/site-packages/stereo_yolo3
[2.624s] byte-compiling /home/autonomous-car/Desktop/Autonomous_car_ros2/install/stereo_yolo3/lib/python3.6/site-packages/stereo_yolo3/run_this.py to run_this.cpython-36.pyc
[2.624s] byte-compiling /home/autonomous-car/Desktop/Autonomous_car_ros2/install/stereo_yolo3/lib/python3.6/site-packages/stereo_yolo3/__init__.py to __init__.cpython-36.pyc
[2.624s] running install_data
[2.624s] running install_egg_info
[2.624s] Copying /home/autonomous-car/Desktop/Autonomous_car_ros2/build/stereo_yolo3/stereo_yolo3.egg-info to /home/autonomous-car/Desktop/Autonomous_car_ros2/install/stereo_yolo3/lib/python3.6/site-packages/stereo_yolo3-0.0.0-py3.6.egg-info
[2.627s] running install_scripts
[2.652s] Installing stereo_image_pub script to /home/autonomous-car/Desktop/Autonomous_car_ros2/install/stereo_yolo3/lib/stereo_yolo3
[2.657s] writing list of installed files to '/home/autonomous-car/Desktop/Autonomous_car_ros2/build/stereo_yolo3/install.log'
