[1.448s] running develop
[1.566s] running egg_info
[1.566s] creating control_accel_ard.egg-info
[1.566s] writing control_accel_ard.egg-info/PKG-INFO
[1.566s] writing dependency_links to control_accel_ard.egg-info/dependency_links.txt
[1.566s] writing entry points to control_accel_ard.egg-info/entry_points.txt
[1.567s] writing requirements to control_accel_ard.egg-info/requires.txt
[1.567s] writing top-level names to control_accel_ard.egg-info/top_level.txt
[1.567s] writing manifest file 'control_accel_ard.egg-info/SOURCES.txt'
[1.589s] reading manifest file 'control_accel_ard.egg-info/SOURCES.txt'
[1.589s] writing manifest file 'control_accel_ard.egg-info/SOURCES.txt'
[1.590s] running build_ext
[1.590s] Creating /home/autonomous-car/Desktop/Autonomous_car_ros2/install/control_accel_ard/lib/python3.6/site-packages/site.py
[1.591s] Creating /home/autonomous-car/Desktop/Autonomous_car_ros2/install/control_accel_ard/lib/python3.6/site-packages/control-accel-ard.egg-link (link to .)
[1.592s] 
[1.592s] Installed /home/autonomous-car/Desktop/Autonomous_car_ros2/build/control_accel_ard
[1.592s] running install_data
[1.592s] creating /home/autonomous-car/Desktop/Autonomous_car_ros2/install/control_accel_ard/share/ament_index
[1.592s] creating /home/autonomous-car/Desktop/Autonomous_car_ros2/install/control_accel_ard/share/ament_index/resource_index
[1.592s] creating /home/autonomous-car/Desktop/Autonomous_car_ros2/install/control_accel_ard/share/ament_index/resource_index/packages
[1.592s] copying resource/control_accel_ard -> /home/autonomous-car/Desktop/Autonomous_car_ros2/install/control_accel_ard/share/ament_index/resource_index/packages
[1.592s] copying package.xml -> /home/autonomous-car/Desktop/Autonomous_car_ros2/install/control_accel_ard/share/control_accel_ard
