[0.050s] [ 22%] Built target gtest
[0.052s] [ 44%] Built target gtest_main
[0.054s] [ 77%] Built target image_geometry
[0.072s] [100%] Built target image_geometry-utest
[0.141s] [ 55%] Built target image_geometry
[0.141s] [ 55%] Built target gtest_main
[0.144s] [ 77%] Built target gtest
[0.166s] [100%] Built target image_geometry-utest
[0.180s] [36mInstall the project...[0m
[0.186s] -- Install configuration: ""
[0.190s] -- Execute custom install script
[0.191s] -- Up-to-date symlink: /home/autonomous-car/Desktop/Autonomous_car_ros2/install/image_geometry/share/image_geometry/environment/pythonpath.sh
[0.191s] -- Up-to-date symlink: /home/autonomous-car/Desktop/Autonomous_car_ros2/install/image_geometry/share/image_geometry/environment/pythonpath.dsv
[0.191s] -- Up-to-date symlink: /home/autonomous-car/Desktop/Autonomous_car_ros2/install/image_geometry/lib/python3.6/site-packages/image_geometry/__init__.py
[0.191s] -- Up-to-date symlink: /home/autonomous-car/Desktop/Autonomous_car_ros2/install/image_geometry/lib/python3.6/site-packages/image_geometry/cameramodels.py
[0.191s] -- Up-to-date symlink: /home/autonomous-car/Desktop/Autonomous_car_ros2/install/image_geometry/include/image_geometry/pinhole_camera_model.h
[0.191s] -- Up-to-date symlink: /home/autonomous-car/Desktop/Autonomous_car_ros2/install/image_geometry/include/image_geometry/stereo_camera_model.h
[0.191s] -- Up-to-date symlink: /home/autonomous-car/Desktop/Autonomous_car_ros2/install/image_geometry/include/image_geometry/visibility_control.hpp
[0.191s] -- Up-to-date symlink: /home/autonomous-car/Desktop/Autonomous_car_ros2/install/image_geometry/lib/libimage_geometry.so
[0.191s] -- Up-to-date symlink: /home/autonomous-car/Desktop/Autonomous_car_ros2/install/image_geometry/share/image_geometry/environment/library_path.sh
[0.191s] -- Up-to-date symlink: /home/autonomous-car/Desktop/Autonomous_car_ros2/install/image_geometry/share/image_geometry/environment/library_path.dsv
[0.191s] -- Up-to-date symlink: /home/autonomous-car/Desktop/Autonomous_car_ros2/install/image_geometry/share/ament_index/resource_index/package_run_dependencies/image_geometry
[0.191s] -- Up-to-date symlink: /home/autonomous-car/Desktop/Autonomous_car_ros2/install/image_geometry/share/ament_index/resource_index/parent_prefix_path/image_geometry
[0.191s] -- Up-to-date symlink: /home/autonomous-car/Desktop/Autonomous_car_ros2/install/image_geometry/share/image_geometry/environment/ament_prefix_path.sh
[0.191s] -- Up-to-date symlink: /home/autonomous-car/Desktop/Autonomous_car_ros2/install/image_geometry/share/image_geometry/environment/ament_prefix_path.dsv
[0.191s] -- Up-to-date symlink: /home/autonomous-car/Desktop/Autonomous_car_ros2/install/image_geometry/share/image_geometry/environment/path.sh
[0.191s] -- Up-to-date symlink: /home/autonomous-car/Desktop/Autonomous_car_ros2/install/image_geometry/share/image_geometry/environment/path.dsv
[0.191s] -- Up-to-date symlink: /home/autonomous-car/Desktop/Autonomous_car_ros2/install/image_geometry/share/image_geometry/local_setup.bash
[0.192s] -- Up-to-date symlink: /home/autonomous-car/Desktop/Autonomous_car_ros2/install/image_geometry/share/image_geometry/local_setup.sh
[0.192s] -- Up-to-date symlink: /home/autonomous-car/Desktop/Autonomous_car_ros2/install/image_geometry/share/image_geometry/local_setup.zsh
[0.192s] -- Up-to-date symlink: /home/autonomous-car/Desktop/Autonomous_car_ros2/install/image_geometry/share/image_geometry/local_setup.dsv
[0.192s] -- Symlinking: /home/autonomous-car/Desktop/Autonomous_car_ros2/install/image_geometry/share/image_geometry/package.dsv
[0.199s] -- Up-to-date symlink: /home/autonomous-car/Desktop/Autonomous_car_ros2/install/image_geometry/share/ament_index/resource_index/packages/image_geometry
[0.199s] -- Up-to-date symlink: /home/autonomous-car/Desktop/Autonomous_car_ros2/install/image_geometry/share/image_geometry/cmake/ament_cmake_export_libraries-extras.cmake
[0.199s] -- Up-to-date symlink: /home/autonomous-car/Desktop/Autonomous_car_ros2/install/image_geometry/share/image_geometry/cmake/ament_cmake_export_dependencies-extras.cmake
[0.199s] -- Up-to-date symlink: /home/autonomous-car/Desktop/Autonomous_car_ros2/install/image_geometry/share/image_geometry/cmake/ament_cmake_export_include_directories-extras.cmake
[0.199s] -- Up-to-date symlink: /home/autonomous-car/Desktop/Autonomous_car_ros2/install/image_geometry/share/image_geometry/cmake/image_geometryConfig.cmake
[0.200s] -- Up-to-date symlink: /home/autonomous-car/Desktop/Autonomous_car_ros2/install/image_geometry/share/image_geometry/cmake/image_geometryConfig-version.cmake
[0.200s] -- Up-to-date symlink: /home/autonomous-car/Desktop/Autonomous_car_ros2/install/image_geometry/share/image_geometry/package.xml
[0.227s] Listing '/home/autonomous-car/Desktop/Autonomous_car_ros2/install/image_geometry/lib/python3.6/site-packages/image_geometry'...
