[0.023s] Invoking command in '/home/autonomous-car/Desktop/Autonomous_car_ros2/build/custom_msgs': AMENT_PREFIX_PATH=/home/autonomous-car/Desktop/Autonomous_car_ros2/install/cv_bridge:${AMENT_PREFIX_PATH} CMAKE_PREFIX_PATH=/home/autonomous-car/Desktop/Autonomous_car_ros2/install/cv_bridge:/opt/ros/eloquent:${CMAKE_PREFIX_PATH} LD_LIBRARY_PATH=/home/autonomous-car/Desktop/Autonomous_car_ros2/install/cv_bridge/lib:${LD_LIBRARY_PATH} PYTHONPATH=/home/autonomous-car/Desktop/Autonomous_car_ros2/install/cv_bridge/lib/python3.6/site-packages:${PYTHONPATH} /usr/bin/cmake /home/autonomous-car/Desktop/Autonomous_car_ros2/src/custom_msgs -DAMENT_CMAKE_SYMLINK_INSTALL=1 -DCMAKE_INSTALL_PREFIX=/home/autonomous-car/Desktop/Autonomous_car_ros2/install/custom_msgs
[0.238s] -- The C compiler identification is GNU 7.4.0
[0.238s] -- The CXX compiler identification is GNU 7.4.0
[0.239s] -- Check for working C compiler: /usr/bin/cc
[0.239s] -- Check for working C compiler: /usr/bin/cc -- works
[0.240s] -- Detecting C compiler ABI info
[0.241s] -- Detecting C compiler ABI info - done
[0.241s] -- Detecting C compile features
[0.330s] -- Detecting C compile features - done
[0.330s] -- Check for working CXX compiler: /usr/bin/c++
[0.381s] -- Check for working CXX compiler: /usr/bin/c++ -- works
[0.381s] -- Detecting CXX compiler ABI info
[0.435s] -- Detecting CXX compiler ABI info - done
[0.439s] -- Detecting CXX compile features
[0.661s] -- Detecting CXX compile features - done
[0.664s] -- Found ament_cmake: 0.8.2 (/opt/ros/eloquent/share/ament_cmake/cmake)
[0.683s] -- Found PythonInterp: /usr/bin/python3 (found suitable version "3.6.9", minimum required is "3") 
[0.683s] -- Using PYTHON_EXECUTABLE: /usr/bin/python3
[0.837s] -- Override CMake install command with custom implementation using symlinks instead of copying resources
[0.851s] -- Found cv_bridge: 2.1.4 (/home/autonomous-car/Desktop/Autonomous_car_ros2/install/cv_bridge/share/cv_bridge/cmake)
[0.869s] -- Found rclcpp: 0.8.4 (/opt/ros/eloquent/share/rclcpp/cmake)
[0.890s] -- Found rosidl_adapter: 0.8.2 (/opt/ros/eloquent/share/rosidl_adapter/cmake)
[0.943s] -- Found rmw_implementation_cmake: 0.8.1 (/opt/ros/eloquent/share/rmw_implementation_cmake/cmake)
[0.951s] -- Using RMW implementation 'rmw_fastrtps_cpp' as default
[0.951s] -- Looking for pthread.h
[1.005s] -- Looking for pthread.h - found
[1.005s] -- Looking for pthread_create
[1.054s] -- Looking for pthread_create - not found
[1.054s] -- Looking for pthread_create in pthreads
[1.094s] -- Looking for pthread_create in pthreads - not found
[1.094s] -- Looking for pthread_create in pthread
[1.140s] -- Looking for pthread_create in pthread - found
[1.141s] -- Found Threads: TRUE  
[1.188s] -- Found rclpy: 0.8.4 (/opt/ros/eloquent/share/rclpy/cmake)
[1.189s] -- Found sensor_msgs: 0.8.1 (/opt/ros/eloquent/share/sensor_msgs/cmake)
[1.210s] -- Found rosidl_default_generators: 0.8.0 (/opt/ros/eloquent/share/rosidl_default_generators/cmake)
[1.286s] -- Found OpenSSL: /usr/lib/x86_64-linux-gnu/libcrypto.so (found version "1.1.1") 
[1.303s] -- Found FastRTPS: /opt/ros/eloquent/include  
[1.355s] -- Found ament_lint_auto: 0.8.1 (/opt/ros/eloquent/share/ament_lint_auto/cmake)
[1.424s] -- Found PythonInterp: /usr/bin/python3 (found version "3.6.9") 
[1.489s] -- Using single matching rosidl_typesupport_c: rosidl_typesupport_fastrtps_c
[1.496s] -- Using single matching rosidl_typesupport_cpp: rosidl_typesupport_fastrtps_cpp
[1.593s] -- Found PythonInterp: /usr/bin/python3 (found suitable version "3.6.9", minimum required is "3.5") 
[1.594s] -- Found python_cmake_module: 0.8.0 (/opt/ros/eloquent/share/python_cmake_module/cmake)
[1.622s] -- Found PythonLibs: /usr/lib/x86_64-linux-gnu/libpython3.6m.so (found suitable version "3.6.9", minimum required is "3.5") 
[1.622s] -- Using PYTHON_EXECUTABLE: /usr/bin/python3
[1.622s] -- Using PYTHON_INCLUDE_DIRS: /usr/include/python3.6m
[1.622s] -- Using PYTHON_LIBRARIES: /usr/lib/x86_64-linux-gnu/libpython3.6m.so
[1.638s] -- Found PythonExtra: .so  
[1.747s] -- Added test 'lint_cmake' to check CMake code style
[1.756s] -- Added test 'xmllint' to check XML markup files
[1.760s] -- Configuring done
[1.806s] -- Generating done
[1.809s] -- Build files have been written to: /home/autonomous-car/Desktop/Autonomous_car_ros2/build/custom_msgs
[1.813s] Invoked command in '/home/autonomous-car/Desktop/Autonomous_car_ros2/build/custom_msgs' returned '0': AMENT_PREFIX_PATH=/home/autonomous-car/Desktop/Autonomous_car_ros2/install/cv_bridge:${AMENT_PREFIX_PATH} CMAKE_PREFIX_PATH=/home/autonomous-car/Desktop/Autonomous_car_ros2/install/cv_bridge:/opt/ros/eloquent:${CMAKE_PREFIX_PATH} LD_LIBRARY_PATH=/home/autonomous-car/Desktop/Autonomous_car_ros2/install/cv_bridge/lib:${LD_LIBRARY_PATH} PYTHONPATH=/home/autonomous-car/Desktop/Autonomous_car_ros2/install/cv_bridge/lib/python3.6/site-packages:${PYTHONPATH} /usr/bin/cmake /home/autonomous-car/Desktop/Autonomous_car_ros2/src/custom_msgs -DAMENT_CMAKE_SYMLINK_INSTALL=1 -DCMAKE_INSTALL_PREFIX=/home/autonomous-car/Desktop/Autonomous_car_ros2/install/custom_msgs
[1.815s] Invoking command in '/home/autonomous-car/Desktop/Autonomous_car_ros2/build/custom_msgs': AMENT_PREFIX_PATH=/home/autonomous-car/Desktop/Autonomous_car_ros2/install/cv_bridge:${AMENT_PREFIX_PATH} CMAKE_PREFIX_PATH=/home/autonomous-car/Desktop/Autonomous_car_ros2/install/cv_bridge:/opt/ros/eloquent:${CMAKE_PREFIX_PATH} LD_LIBRARY_PATH=/home/autonomous-car/Desktop/Autonomous_car_ros2/install/cv_bridge/lib:${LD_LIBRARY_PATH} PYTHONPATH=/home/autonomous-car/Desktop/Autonomous_car_ros2/install/cv_bridge/lib/python3.6/site-packages:${PYTHONPATH} /usr/bin/cmake --build /home/autonomous-car/Desktop/Autonomous_car_ros2/build/custom_msgs -- -j6 -l6
[1.844s] [  3%] [34m[1mGenerating C code for ROS interfaces[0m
[1.844s] [35m[1mScanning dependencies of target new_msg__cpp[0m
[1.851s] [  6%] [34m[1mGenerating C++ code for ROS interfaces[0m
[2.054s] [  6%] Built target new_msg__cpp
[2.062s] [ 13%] [34m[1mGenerating C++ type support for eProsima Fast-RTPS[0m
[2.062s] [ 13%] [34m[1mGenerating C++ introspection for ROS interfaces[0m
[2.065s] [35m[1mScanning dependencies of target new_msg__rosidl_generator_c[0m
[2.077s] [ 17%] [32mBuilding C object CMakeFiles/new_msg__rosidl_generator_c.dir/rosidl_generator_c/custom_msgs/msg/radar_scan__functions.c.o[0m
[2.107s] [ 20%] [32m[1mLinking C shared library libnew_msg__rosidl_generator_c.so[0m
[2.130s] [ 20%] Built target new_msg__rosidl_generator_c
[2.137s] [ 24%] [34m[1mGenerating C introspection for ROS interfaces[0m
[2.253s] [35m[1mScanning dependencies of target new_msg__rosidl_typesupport_introspection_cpp[0m
[2.263s] [35m[1mScanning dependencies of target new_msg__rosidl_typesupport_fastrtps_cpp[0m
[2.267s] [ 27%] [32mBuilding CXX object CMakeFiles/new_msg__rosidl_typesupport_introspection_cpp.dir/rosidl_typesupport_introspection_cpp/custom_msgs/msg/radar_scan__type_support.cpp.o[0m
[2.284s] [ 31%] [32mBuilding CXX object CMakeFiles/new_msg__rosidl_typesupport_fastrtps_cpp.dir/rosidl_typesupport_fastrtps_cpp/custom_msgs/msg/dds_fastrtps/radar_scan__type_support.cpp.o[0m
[2.333s] [35m[1mScanning dependencies of target new_msg__rosidl_typesupport_introspection_c[0m
[2.345s] [ 34%] [32mBuilding C object CMakeFiles/new_msg__rosidl_typesupport_introspection_c.dir/rosidl_typesupport_introspection_c/custom_msgs/msg/radar_scan__type_support.c.o[0m
[2.369s] [ 37%] [32m[1mLinking C shared library libnew_msg__rosidl_typesupport_introspection_c.so[0m
[2.392s] [ 37%] Built target new_msg__rosidl_typesupport_introspection_c
[2.463s] [ 41%] [32m[1mLinking CXX shared library libnew_msg__rosidl_typesupport_introspection_cpp.so[0m
[2.506s] [ 41%] Built target new_msg__rosidl_typesupport_introspection_cpp
[2.581s] [ 44%] [32m[1mLinking CXX shared library libnew_msg__rosidl_typesupport_fastrtps_cpp.so[0m
[2.648s] [ 44%] Built target new_msg__rosidl_typesupport_fastrtps_cpp
[2.655s] [ 48%] [34m[1mGenerating C++ type support dispatch for ROS interfaces[0m
[2.655s] [ 51%] [34m[1mGenerating C type support for eProsima Fast-RTPS[0m
[2.827s] [35m[1mScanning dependencies of target new_msg__rosidl_typesupport_cpp[0m
[2.837s] [ 55%] [32mBuilding CXX object CMakeFiles/new_msg__rosidl_typesupport_cpp.dir/rosidl_typesupport_cpp/custom_msgs/msg/radar_scan__type_support.cpp.o[0m
[2.851s] [35m[1mScanning dependencies of target new_msg__rosidl_typesupport_fastrtps_c[0m
[2.863s] [ 58%] [32mBuilding CXX object CMakeFiles/new_msg__rosidl_typesupport_fastrtps_c.dir/rosidl_typesupport_fastrtps_c/custom_msgs/msg/radar_scan__type_support_c.cpp.o[0m
[3.108s] [ 62%] [32m[1mLinking CXX shared library libnew_msg__rosidl_typesupport_fastrtps_c.so[0m
[3.122s] [ 65%] [32m[1mLinking CXX shared library libnew_msg__rosidl_typesupport_cpp.so[0m
[3.166s] [ 65%] Built target new_msg__rosidl_typesupport_fastrtps_c
[3.173s] [ 68%] [34m[1mGenerating C type support dispatch for ROS interfaces[0m
[3.180s] [ 68%] Built target new_msg__rosidl_typesupport_cpp
[3.345s] [35m[1mScanning dependencies of target new_msg__rosidl_typesupport_c[0m
[3.355s] [ 72%] [32mBuilding CXX object CMakeFiles/new_msg__rosidl_typesupport_c.dir/rosidl_typesupport_c/custom_msgs/msg/radar_scan__type_support.cpp.o[0m
[3.375s] [ 75%] [32m[1mLinking CXX shared library libnew_msg__rosidl_typesupport_c.so[0m
[3.409s] [ 75%] Built target new_msg__rosidl_typesupport_c
[3.416s] [35m[1mScanning dependencies of target new_msg[0m
[3.423s] [ 75%] Built target new_msg
[3.430s] [35m[1mScanning dependencies of target new_msg__py[0m
[3.437s] [ 79%] [34m[1mGenerating Python code for ROS interfaces[0m
[3.750s] [ 79%] Built target new_msg__py
[3.757s] [35m[1mScanning dependencies of target new_msg__python[0m
[3.772s] [ 82%] [32mBuilding C object CMakeFiles/new_msg__python.dir/rosidl_generator_py/custom_msgs/msg/_radar_scan_s.c.o[0m
[3.841s] [ 86%] [32m[1mLinking CXX shared library rosidl_generator_py/custom_msgs/libnew_msg__python.so[0m
[3.883s] [ 86%] Built target new_msg__python
[3.890s] [35m[1mScanning dependencies of target custom_msgs__rosidl_typesupport_fastrtps_c__pyext[0m
[3.890s] [35m[1mScanning dependencies of target custom_msgs__rosidl_typesupport_c__pyext[0m
[3.904s] [ 93%] [32mBuilding C object CMakeFiles/custom_msgs__rosidl_typesupport_c__pyext.dir/rosidl_generator_py/custom_msgs/_custom_msgs_s.ep.rosidl_typesupport_c.c.o[0m
[3.905s] [ 93%] [32mBuilding C object CMakeFiles/custom_msgs__rosidl_typesupport_fastrtps_c__pyext.dir/rosidl_generator_py/custom_msgs/_custom_msgs_s.ep.rosidl_typesupport_fastrtps_c.c.o[0m
[3.961s] [100%] [32m[1mLinking CXX shared library rosidl_generator_py/custom_msgs/custom_msgs_s__rosidl_typesupport_fastrtps_c.cpython-36m-x86_64-linux-gnu.so[0m
[3.961s] [100%] [32m[1mLinking CXX shared library rosidl_generator_py/custom_msgs/custom_msgs_s__rosidl_typesupport_c.cpython-36m-x86_64-linux-gnu.so[0m
[4.004s] [100%] Built target custom_msgs__rosidl_typesupport_c__pyext
[4.004s] [100%] Built target custom_msgs__rosidl_typesupport_fastrtps_c__pyext
[4.012s] Invoked command in '/home/autonomous-car/Desktop/Autonomous_car_ros2/build/custom_msgs' returned '0': AMENT_PREFIX_PATH=/home/autonomous-car/Desktop/Autonomous_car_ros2/install/cv_bridge:${AMENT_PREFIX_PATH} CMAKE_PREFIX_PATH=/home/autonomous-car/Desktop/Autonomous_car_ros2/install/cv_bridge:/opt/ros/eloquent:${CMAKE_PREFIX_PATH} LD_LIBRARY_PATH=/home/autonomous-car/Desktop/Autonomous_car_ros2/install/cv_bridge/lib:${LD_LIBRARY_PATH} PYTHONPATH=/home/autonomous-car/Desktop/Autonomous_car_ros2/install/cv_bridge/lib/python3.6/site-packages:${PYTHONPATH} /usr/bin/cmake --build /home/autonomous-car/Desktop/Autonomous_car_ros2/build/custom_msgs -- -j6 -l6
[4.042s] Invoking command in '/home/autonomous-car/Desktop/Autonomous_car_ros2/build/custom_msgs': AMENT_PREFIX_PATH=/home/autonomous-car/Desktop/Autonomous_car_ros2/install/cv_bridge:${AMENT_PREFIX_PATH} CMAKE_PREFIX_PATH=/home/autonomous-car/Desktop/Autonomous_car_ros2/install/cv_bridge:/opt/ros/eloquent:${CMAKE_PREFIX_PATH} LD_LIBRARY_PATH=/home/autonomous-car/Desktop/Autonomous_car_ros2/install/cv_bridge/lib:${LD_LIBRARY_PATH} PYTHONPATH=/home/autonomous-car/Desktop/Autonomous_car_ros2/install/cv_bridge/lib/python3.6/site-packages:${PYTHONPATH} /usr/bin/cmake --build /home/autonomous-car/Desktop/Autonomous_car_ros2/build/custom_msgs --target install -- -j6 -l6
[4.079s] [  3%] Built target new_msg__cpp
[4.080s] [ 13%] Built target new_msg__rosidl_generator_c
[4.095s] [ 24%] Built target new_msg__rosidl_typesupport_introspection_cpp
[4.096s] [ 34%] Built target new_msg__rosidl_typesupport_introspection_c
[4.097s] [ 44%] Built target new_msg__rosidl_typesupport_fastrtps_cpp
[4.116s] [ 65%] Built target new_msg__rosidl_typesupport_cpp
[4.116s] [ 65%] Built target new_msg__rosidl_typesupport_fastrtps_c
[4.134s] [ 75%] Built target new_msg__rosidl_typesupport_c
[4.148s] [ 75%] Built target new_msg
[4.162s] [ 79%] Built target new_msg__py
[4.181s] [ 86%] Built target new_msg__python
[4.200s] [ 93%] Built target custom_msgs__rosidl_typesupport_c__pyext
[4.200s] [100%] Built target custom_msgs__rosidl_typesupport_fastrtps_c__pyext
[4.214s] [36mInstall the project...[0m
[4.220s] -- Install configuration: ""
[4.220s] -- Execute custom install script
[4.221s] -- Symlinking: /home/autonomous-car/Desktop/Autonomous_car_ros2/install/custom_msgs/share/ament_index/resource_index/rosidl_interfaces/custom_msgs
[4.228s] -- Symlinking: /home/autonomous-car/Desktop/Autonomous_car_ros2/install/custom_msgs/include/custom_msgs/msg/radar_scan.hpp
[4.234s] -- Symlinking: /home/autonomous-car/Desktop/Autonomous_car_ros2/install/custom_msgs/include/custom_msgs/msg/radar_scan__struct.hpp
[4.240s] -- Symlinking: /home/autonomous-car/Desktop/Autonomous_car_ros2/install/custom_msgs/include/custom_msgs/msg/radar_scan__traits.hpp
[4.246s] -- Symlinking: /home/autonomous-car/Desktop/Autonomous_car_ros2/install/custom_msgs/include/custom_msgs/msg/radar_scan.h
[4.253s] -- Symlinking: /home/autonomous-car/Desktop/Autonomous_car_ros2/install/custom_msgs/include/custom_msgs/msg/radar_scan__functions.h
[4.259s] -- Symlinking: /home/autonomous-car/Desktop/Autonomous_car_ros2/install/custom_msgs/include/custom_msgs/msg/radar_scan__struct.h
[4.265s] -- Symlinking: /home/autonomous-car/Desktop/Autonomous_car_ros2/install/custom_msgs/include/custom_msgs/msg/radar_scan__type_support.h
[4.271s] -- Symlinking: /home/autonomous-car/Desktop/Autonomous_car_ros2/install/custom_msgs/include/custom_msgs/msg/rosidl_generator_c__visibility_control.h
[4.278s] -- Symlinking: /home/autonomous-car/Desktop/Autonomous_car_ros2/install/custom_msgs/share/custom_msgs/environment/library_path.sh
[4.284s] -- Symlinking: /home/autonomous-car/Desktop/Autonomous_car_ros2/install/custom_msgs/share/custom_msgs/environment/library_path.dsv
[4.290s] -- Symlinking: /home/autonomous-car/Desktop/Autonomous_car_ros2/install/custom_msgs/lib/libnew_msg__rosidl_generator_c.so
[4.297s] -- Symlinking: /home/autonomous-car/Desktop/Autonomous_car_ros2/install/custom_msgs/lib/libnew_msg__rosidl_typesupport_c.so
[4.303s] -- Symlinking: /home/autonomous-car/Desktop/Autonomous_car_ros2/install/custom_msgs/lib/libnew_msg__rosidl_typesupport_cpp.so
[4.311s] -- Symlinking: /home/autonomous-car/Desktop/Autonomous_car_ros2/install/custom_msgs/include/custom_msgs/msg/radar_scan__rosidl_typesupport_introspection_c.h
[4.317s] -- Symlinking: /home/autonomous-car/Desktop/Autonomous_car_ros2/install/custom_msgs/include/custom_msgs/msg/rosidl_typesupport_introspection_c__visibility_control.h
[4.324s] -- Symlinking: /home/autonomous-car/Desktop/Autonomous_car_ros2/install/custom_msgs/lib/libnew_msg__rosidl_typesupport_introspection_c.so
[4.330s] -- Symlinking: /home/autonomous-car/Desktop/Autonomous_car_ros2/install/custom_msgs/include/custom_msgs/msg/radar_scan__rosidl_typesupport_introspection_cpp.hpp
[4.337s] -- Symlinking: /home/autonomous-car/Desktop/Autonomous_car_ros2/install/custom_msgs/lib/libnew_msg__rosidl_typesupport_introspection_cpp.so
[4.343s] -- Symlinking: /home/autonomous-car/Desktop/Autonomous_car_ros2/install/custom_msgs/include/custom_msgs/msg/radar_scan__rosidl_typesupport_fastrtps_c.h
[4.349s] -- Symlinking: /home/autonomous-car/Desktop/Autonomous_car_ros2/install/custom_msgs/include/custom_msgs/msg/rosidl_typesupport_fastrtps_c__visibility_control.h
[4.356s] -- Symlinking: /home/autonomous-car/Desktop/Autonomous_car_ros2/install/custom_msgs/lib/libnew_msg__rosidl_typesupport_fastrtps_c.so
[4.362s] -- Symlinking: /home/autonomous-car/Desktop/Autonomous_car_ros2/install/custom_msgs/include/custom_msgs/msg/radar_scan__rosidl_typesupport_fastrtps_cpp.hpp
[4.368s] -- Symlinking: /home/autonomous-car/Desktop/Autonomous_car_ros2/install/custom_msgs/include/custom_msgs/msg/rosidl_typesupport_fastrtps_cpp__visibility_control.h
[4.375s] -- Symlinking: /home/autonomous-car/Desktop/Autonomous_car_ros2/install/custom_msgs/lib/libnew_msg__rosidl_typesupport_fastrtps_cpp.so
[4.381s] -- Symlinking: /home/autonomous-car/Desktop/Autonomous_car_ros2/install/custom_msgs/share/custom_msgs/environment/pythonpath.sh
[4.388s] -- Symlinking: /home/autonomous-car/Desktop/Autonomous_car_ros2/install/custom_msgs/share/custom_msgs/environment/pythonpath.dsv
[4.394s] -- Symlinking: /home/autonomous-car/Desktop/Autonomous_car_ros2/install/custom_msgs/lib/python3.6/site-packages/custom_msgs/__init__.py
[4.401s] -- Symlinking: /home/autonomous-car/Desktop/Autonomous_car_ros2/install/custom_msgs/lib/python3.6/site-packages/custom_msgs/msg/__init__.py
[4.407s] -- Symlinking: /home/autonomous-car/Desktop/Autonomous_car_ros2/install/custom_msgs/lib/python3.6/site-packages/custom_msgs/msg/_radar_scan.py
[4.414s] -- Symlinking: /home/autonomous-car/Desktop/Autonomous_car_ros2/install/custom_msgs/lib/python3.6/site-packages/custom_msgs/custom_msgs_s__rosidl_typesupport_c.cpython-36m-x86_64-linux-gnu.so
[4.420s] -- Symlinking: /home/autonomous-car/Desktop/Autonomous_car_ros2/install/custom_msgs/lib/python3.6/site-packages/custom_msgs/custom_msgs_s__rosidl_typesupport_fastrtps_c.cpython-36m-x86_64-linux-gnu.so
[4.427s] -- Symlinking: /home/autonomous-car/Desktop/Autonomous_car_ros2/install/custom_msgs/lib/libnew_msg__python.so
[4.434s] -- Symlinking: /home/autonomous-car/Desktop/Autonomous_car_ros2/install/custom_msgs/share/custom_msgs/msg/RadarScan.idl
[4.440s] -- Symlinking: /home/autonomous-car/Desktop/Autonomous_car_ros2/install/custom_msgs/share/custom_msgs/msg/RadarScan.msg
[4.446s] -- Symlinking: /home/autonomous-car/Desktop/Autonomous_car_ros2/install/custom_msgs/share/ament_index/resource_index/package_run_dependencies/custom_msgs
[4.453s] -- Symlinking: /home/autonomous-car/Desktop/Autonomous_car_ros2/install/custom_msgs/share/ament_index/resource_index/parent_prefix_path/custom_msgs
[4.459s] -- Symlinking: /home/autonomous-car/Desktop/Autonomous_car_ros2/install/custom_msgs/share/custom_msgs/environment/ament_prefix_path.sh
[4.465s] -- Symlinking: /home/autonomous-car/Desktop/Autonomous_car_ros2/install/custom_msgs/share/custom_msgs/environment/ament_prefix_path.dsv
[4.471s] -- Symlinking: /home/autonomous-car/Desktop/Autonomous_car_ros2/install/custom_msgs/share/custom_msgs/environment/path.sh
[4.478s] -- Symlinking: /home/autonomous-car/Desktop/Autonomous_car_ros2/install/custom_msgs/share/custom_msgs/environment/path.dsv
[4.484s] -- Symlinking: /home/autonomous-car/Desktop/Autonomous_car_ros2/install/custom_msgs/share/custom_msgs/local_setup.bash
[4.490s] -- Symlinking: /home/autonomous-car/Desktop/Autonomous_car_ros2/install/custom_msgs/share/custom_msgs/local_setup.sh
[4.496s] -- Symlinking: /home/autonomous-car/Desktop/Autonomous_car_ros2/install/custom_msgs/share/custom_msgs/local_setup.zsh
[4.503s] -- Symlinking: /home/autonomous-car/Desktop/Autonomous_car_ros2/install/custom_msgs/share/custom_msgs/local_setup.dsv
[4.509s] -- Symlinking: /home/autonomous-car/Desktop/Autonomous_car_ros2/install/custom_msgs/share/custom_msgs/package.dsv
[4.515s] -- Symlinking: /home/autonomous-car/Desktop/Autonomous_car_ros2/install/custom_msgs/share/ament_index/resource_index/packages/custom_msgs
[4.522s] -- Symlinking: /home/autonomous-car/Desktop/Autonomous_car_ros2/install/custom_msgs/share/custom_msgs/cmake/rosidl_cmake-extras.cmake
[4.529s] -- Symlinking: /home/autonomous-car/Desktop/Autonomous_car_ros2/install/custom_msgs/share/custom_msgs/cmake/ament_cmake_export_dependencies-extras.cmake
[4.535s] -- Symlinking: /home/autonomous-car/Desktop/Autonomous_car_ros2/install/custom_msgs/share/custom_msgs/cmake/ament_cmake_export_include_directories-extras.cmake
[4.541s] -- Symlinking: /home/autonomous-car/Desktop/Autonomous_car_ros2/install/custom_msgs/share/custom_msgs/cmake/ament_cmake_export_libraries-extras.cmake
[4.548s] -- Symlinking: /home/autonomous-car/Desktop/Autonomous_car_ros2/install/custom_msgs/share/custom_msgs/cmake/custom_msgsConfig.cmake
[4.554s] -- Symlinking: /home/autonomous-car/Desktop/Autonomous_car_ros2/install/custom_msgs/share/custom_msgs/cmake/custom_msgsConfig-version.cmake
[4.560s] -- Symlinking: /home/autonomous-car/Desktop/Autonomous_car_ros2/install/custom_msgs/share/custom_msgs/package.xml
[4.589s] Compiling '/home/autonomous-car/Desktop/Autonomous_car_ros2/install/custom_msgs/lib/python3.6/site-packages/custom_msgs/__init__.py'...
[4.594s] Invoked command in '/home/autonomous-car/Desktop/Autonomous_car_ros2/build/custom_msgs' returned '0': AMENT_PREFIX_PATH=/home/autonomous-car/Desktop/Autonomous_car_ros2/install/cv_bridge:${AMENT_PREFIX_PATH} CMAKE_PREFIX_PATH=/home/autonomous-car/Desktop/Autonomous_car_ros2/install/cv_bridge:/opt/ros/eloquent:${CMAKE_PREFIX_PATH} LD_LIBRARY_PATH=/home/autonomous-car/Desktop/Autonomous_car_ros2/install/cv_bridge/lib:${LD_LIBRARY_PATH} PYTHONPATH=/home/autonomous-car/Desktop/Autonomous_car_ros2/install/cv_bridge/lib/python3.6/site-packages:${PYTHONPATH} /usr/bin/cmake --build /home/autonomous-car/Desktop/Autonomous_car_ros2/build/custom_msgs --target install -- -j6 -l6
