[1.932s] running develop
[2.080s] Removing /home/autonomous-car/Desktop/Autonomous_car_ros2/install/dataset_creator/lib/python3.6/site-packages/dataset-creator.egg-link (link to .)
[2.560s] running egg_info
[2.560s] writing /home/autonomous-car/Desktop/Autonomous_car_ros2/build/dataset_creator/dataset_creator.egg-info/PKG-INFO
[2.561s] writing dependency_links to /home/autonomous-car/Desktop/Autonomous_car_ros2/build/dataset_creator/dataset_creator.egg-info/dependency_links.txt
[2.561s] writing entry points to /home/autonomous-car/Desktop/Autonomous_car_ros2/build/dataset_creator/dataset_creator.egg-info/entry_points.txt
[2.561s] writing requirements to /home/autonomous-car/Desktop/Autonomous_car_ros2/build/dataset_creator/dataset_creator.egg-info/requires.txt
[2.561s] writing top-level names to /home/autonomous-car/Desktop/Autonomous_car_ros2/build/dataset_creator/dataset_creator.egg-info/top_level.txt
[2.591s] reading manifest file '/home/autonomous-car/Desktop/Autonomous_car_ros2/build/dataset_creator/dataset_creator.egg-info/SOURCES.txt'
[2.593s] writing manifest file '/home/autonomous-car/Desktop/Autonomous_car_ros2/build/dataset_creator/dataset_creator.egg-info/SOURCES.txt'
[2.593s] running build
[2.593s] running build_py
[2.593s] creating /home/autonomous-car/Desktop/Autonomous_car_ros2/build/dataset_creator/build
[2.593s] creating /home/autonomous-car/Desktop/Autonomous_car_ros2/build/dataset_creator/build/lib
[2.593s] creating /home/autonomous-car/Desktop/Autonomous_car_ros2/build/dataset_creator/build/lib/dataset_creator
[2.593s] copying dataset_creator/gather_data.py -> /home/autonomous-car/Desktop/Autonomous_car_ros2/build/dataset_creator/build/lib/dataset_creator
[2.593s] copying dataset_creator/__init__.py -> /home/autonomous-car/Desktop/Autonomous_car_ros2/build/dataset_creator/build/lib/dataset_creator
[2.594s] running install
[2.594s] running install_lib
[2.595s] creating /home/autonomous-car/Desktop/Autonomous_car_ros2/install/dataset_creator/lib/python3.6/site-packages/dataset_creator
[2.595s] copying /home/autonomous-car/Desktop/Autonomous_car_ros2/build/dataset_creator/build/lib/dataset_creator/gather_data.py -> /home/autonomous-car/Desktop/Autonomous_car_ros2/install/dataset_creator/lib/python3.6/site-packages/dataset_creator
[2.595s] copying /home/autonomous-car/Desktop/Autonomous_car_ros2/build/dataset_creator/build/lib/dataset_creator/__init__.py -> /home/autonomous-car/Desktop/Autonomous_car_ros2/install/dataset_creator/lib/python3.6/site-packages/dataset_creator
[2.595s] byte-compiling /home/autonomous-car/Desktop/Autonomous_car_ros2/install/dataset_creator/lib/python3.6/site-packages/dataset_creator/gather_data.py to gather_data.cpython-36.pyc
[2.596s] byte-compiling /home/autonomous-car/Desktop/Autonomous_car_ros2/install/dataset_creator/lib/python3.6/site-packages/dataset_creator/__init__.py to __init__.cpython-36.pyc
[2.597s] running install_data
[2.597s] running install_egg_info
[2.599s] Copying /home/autonomous-car/Desktop/Autonomous_car_ros2/build/dataset_creator/dataset_creator.egg-info to /home/autonomous-car/Desktop/Autonomous_car_ros2/install/dataset_creator/lib/python3.6/site-packages/dataset_creator-0.0.0-py3.6.egg-info
[2.600s] running install_scripts
[2.623s] Installing gather_data script to /home/autonomous-car/Desktop/Autonomous_car_ros2/install/dataset_creator/lib/dataset_creator
[2.623s] writing list of installed files to '/home/autonomous-car/Desktop/Autonomous_car_ros2/build/dataset_creator/install.log'
