[0.104s] DEBUG:colcon:Command line arguments: ['/usr/bin/colcon', 'build', '--symlink-install']
[0.104s] DEBUG:colcon:Parsed command line arguments: Namespace(ament_cmake_args=None, base_paths=['.'], build_base='build', catkin_cmake_args=None, catkin_skip_building_tests=False, cmake_args=None, cmake_clean_cache=False, cmake_clean_first=False, cmake_force_configure=False, cmake_target=None, cmake_target_skip_unavailable=False, continue_on_error=False, event_handlers=None, executor='parallel', ignore_user_meta=False, install_base='install', log_base=None, log_level=None, main=<bound method BuildVerb.main of <colcon_core.verb.build.BuildVerb object at 0x7ff02a4c0240>>, merge_install=False, metas=['./colcon.meta'], packages_above=None, packages_above_depth=None, packages_end=None, packages_ignore=None, packages_ignore_regex=None, packages_select=None, packages_select_build_failed=False, packages_select_by_dep=None, packages_select_regex=None, packages_select_test_failures=False, packages_skip=None, packages_skip_build_finished=False, packages_skip_by_dep=None, packages_skip_regex=None, packages_skip_test_passed=False, packages_skip_up_to=None, packages_start=None, packages_up_to=None, parallel_workers=6, paths=None, symlink_install=True, test_result_base=None, verb_extension=<colcon_core.verb.build.BuildVerb object at 0x7ff02a4c0240>, verb_name='build', verb_parser=<colcon_defaults.argument_parser.defaults.DefaultArgumentsDecorator object at 0x7ff02a4c0470>)
[0.131s] Level 1:colcon.colcon_core.package_discovery:discover_packages(colcon_meta) check parameters
[0.131s] Level 1:colcon.colcon_core.package_discovery:discover_packages(recursive) check parameters
[0.131s] Level 1:colcon.colcon_core.package_discovery:discover_packages(ignore) check parameters
[0.131s] Level 1:colcon.colcon_core.package_discovery:discover_packages(path) check parameters
[0.131s] Level 1:colcon.colcon_core.package_discovery:discover_packages(colcon_meta) discover
[0.131s] Level 1:colcon.colcon_core.package_discovery:discover_packages(recursive) discover
[0.131s] INFO:colcon.colcon_core.package_discovery:Crawling recursively for packages in '/home/autonomous-car/Desktop/Autonomous_car_ros2'
[0.131s] Level 1:colcon.colcon_core.package_identification:_identify(.) by extensions ['ignore', 'ignore_ament_install']
[0.131s] Level 1:colcon.colcon_core.package_identification:_identify(.) by extension 'ignore'
[0.131s] Level 1:colcon.colcon_core.package_identification:_identify(.) by extension 'ignore_ament_install'
[0.132s] Level 1:colcon.colcon_core.package_identification:_identify(.) by extensions ['colcon_pkg']
[0.132s] Level 1:colcon.colcon_core.package_identification:_identify(.) by extension 'colcon_pkg'
[0.132s] Level 1:colcon.colcon_core.package_identification:_identify(.) by extensions ['colcon_meta']
[0.132s] Level 1:colcon.colcon_core.package_identification:_identify(.) by extension 'colcon_meta'
[0.132s] Level 1:colcon.colcon_core.package_identification:_identify(.) by extensions ['ros']
[0.132s] Level 1:colcon.colcon_core.package_identification:_identify(.) by extension 'ros'
[0.140s] Level 1:colcon.colcon_core.package_identification:_identify(.) by extensions ['cmake', 'python']
[0.140s] Level 1:colcon.colcon_core.package_identification:_identify(.) by extension 'cmake'
[0.141s] Level 1:colcon.colcon_core.package_identification:_identify(.) by extension 'python'
[0.141s] Level 1:colcon.colcon_core.package_identification:_identify(.) by extensions ['python_setup_py']
[0.141s] Level 1:colcon.colcon_core.package_identification:_identify(.) by extension 'python_setup_py'
[0.141s] Level 1:colcon.colcon_core.package_identification:_identify(build) by extensions ['ignore', 'ignore_ament_install']
[0.141s] Level 1:colcon.colcon_core.package_identification:_identify(build) by extension 'ignore'
[0.141s] Level 1:colcon.colcon_core.package_identification:_identify(build) ignored
[0.141s] Level 1:colcon.colcon_core.package_identification:_identify(install) by extensions ['ignore', 'ignore_ament_install']
[0.141s] Level 1:colcon.colcon_core.package_identification:_identify(install) by extension 'ignore'
[0.141s] Level 1:colcon.colcon_core.package_identification:_identify(install) ignored
[0.141s] Level 1:colcon.colcon_core.package_identification:_identify(log) by extensions ['ignore', 'ignore_ament_install']
[0.141s] Level 1:colcon.colcon_core.package_identification:_identify(log) by extension 'ignore'
[0.141s] Level 1:colcon.colcon_core.package_identification:_identify(log) ignored
[0.141s] Level 1:colcon.colcon_core.package_identification:_identify(src) by extensions ['ignore', 'ignore_ament_install']
[0.141s] Level 1:colcon.colcon_core.package_identification:_identify(src) by extension 'ignore'
[0.142s] Level 1:colcon.colcon_core.package_identification:_identify(src) by extension 'ignore_ament_install'
[0.142s] Level 1:colcon.colcon_core.package_identification:_identify(src) by extensions ['colcon_pkg']
[0.142s] Level 1:colcon.colcon_core.package_identification:_identify(src) by extension 'colcon_pkg'
[0.142s] Level 1:colcon.colcon_core.package_identification:_identify(src) by extensions ['colcon_meta']
[0.142s] Level 1:colcon.colcon_core.package_identification:_identify(src) by extension 'colcon_meta'
[0.142s] Level 1:colcon.colcon_core.package_identification:_identify(src) by extensions ['ros']
[0.142s] Level 1:colcon.colcon_core.package_identification:_identify(src) by extension 'ros'
[0.142s] Level 1:colcon.colcon_core.package_identification:_identify(src) by extensions ['cmake', 'python']
[0.142s] Level 1:colcon.colcon_core.package_identification:_identify(src) by extension 'cmake'
[0.142s] Level 1:colcon.colcon_core.package_identification:_identify(src) by extension 'python'
[0.142s] Level 1:colcon.colcon_core.package_identification:_identify(src) by extensions ['python_setup_py']
[0.142s] Level 1:colcon.colcon_core.package_identification:_identify(src) by extension 'python_setup_py'
[0.142s] Level 1:colcon.colcon_core.package_identification:_identify(src/custom_msgs) by extensions ['ignore', 'ignore_ament_install']
[0.142s] Level 1:colcon.colcon_core.package_identification:_identify(src/custom_msgs) by extension 'ignore'
[0.142s] Level 1:colcon.colcon_core.package_identification:_identify(src/custom_msgs) by extension 'ignore_ament_install'
[0.142s] Level 1:colcon.colcon_core.package_identification:_identify(src/custom_msgs) by extensions ['colcon_pkg']
[0.142s] Level 1:colcon.colcon_core.package_identification:_identify(src/custom_msgs) by extension 'colcon_pkg'
[0.142s] Level 1:colcon.colcon_core.package_identification:_identify(src/custom_msgs) by extensions ['colcon_meta']
[0.142s] Level 1:colcon.colcon_core.package_identification:_identify(src/custom_msgs) by extension 'colcon_meta'
[0.142s] Level 1:colcon.colcon_core.package_identification:_identify(src/custom_msgs) by extensions ['ros']
[0.142s] Level 1:colcon.colcon_core.package_identification:_identify(src/custom_msgs) by extension 'ros'
[0.144s] DEBUG:colcon.colcon_core.package_identification:Package 'src/custom_msgs' with type 'ros.ament_cmake' and name 'custom_msgs'
[0.144s] Level 1:colcon.colcon_core.package_identification:_identify(src/dataset_creator) by extensions ['ignore', 'ignore_ament_install']
[0.144s] Level 1:colcon.colcon_core.package_identification:_identify(src/dataset_creator) by extension 'ignore'
[0.144s] Level 1:colcon.colcon_core.package_identification:_identify(src/dataset_creator) by extension 'ignore_ament_install'
[0.145s] Level 1:colcon.colcon_core.package_identification:_identify(src/dataset_creator) by extensions ['colcon_pkg']
[0.145s] Level 1:colcon.colcon_core.package_identification:_identify(src/dataset_creator) by extension 'colcon_pkg'
[0.145s] Level 1:colcon.colcon_core.package_identification:_identify(src/dataset_creator) by extensions ['colcon_meta']
[0.145s] Level 1:colcon.colcon_core.package_identification:_identify(src/dataset_creator) by extension 'colcon_meta'
[0.145s] Level 1:colcon.colcon_core.package_identification:_identify(src/dataset_creator) by extensions ['ros']
[0.145s] Level 1:colcon.colcon_core.package_identification:_identify(src/dataset_creator) by extension 'ros'
[0.146s] DEBUG:colcon.colcon_core.package_identification:Package 'src/dataset_creator' with type 'ros.ament_python' and name 'dataset_creator'
[0.146s] Level 1:colcon.colcon_core.package_identification:_identify(src/stereo_yolo3) by extensions ['ignore', 'ignore_ament_install']
[0.146s] Level 1:colcon.colcon_core.package_identification:_identify(src/stereo_yolo3) by extension 'ignore'
[0.146s] Level 1:colcon.colcon_core.package_identification:_identify(src/stereo_yolo3) by extension 'ignore_ament_install'
[0.146s] Level 1:colcon.colcon_core.package_identification:_identify(src/stereo_yolo3) by extensions ['colcon_pkg']
[0.146s] Level 1:colcon.colcon_core.package_identification:_identify(src/stereo_yolo3) by extension 'colcon_pkg'
[0.146s] Level 1:colcon.colcon_core.package_identification:_identify(src/stereo_yolo3) by extensions ['colcon_meta']
[0.146s] Level 1:colcon.colcon_core.package_identification:_identify(src/stereo_yolo3) by extension 'colcon_meta'
[0.146s] Level 1:colcon.colcon_core.package_identification:_identify(src/stereo_yolo3) by extensions ['ros']
[0.146s] Level 1:colcon.colcon_core.package_identification:_identify(src/stereo_yolo3) by extension 'ros'
[0.147s] DEBUG:colcon.colcon_core.package_identification:Package 'src/stereo_yolo3' with type 'ros.ament_python' and name 'stereo_yolo3'
[0.147s] Level 1:colcon.colcon_core.package_identification:_identify(src/vision_opencv) by extensions ['ignore', 'ignore_ament_install']
[0.147s] Level 1:colcon.colcon_core.package_identification:_identify(src/vision_opencv) by extension 'ignore'
[0.147s] Level 1:colcon.colcon_core.package_identification:_identify(src/vision_opencv) by extension 'ignore_ament_install'
[0.147s] Level 1:colcon.colcon_core.package_identification:_identify(src/vision_opencv) by extensions ['colcon_pkg']
[0.147s] Level 1:colcon.colcon_core.package_identification:_identify(src/vision_opencv) by extension 'colcon_pkg'
[0.147s] Level 1:colcon.colcon_core.package_identification:_identify(src/vision_opencv) by extensions ['colcon_meta']
[0.147s] Level 1:colcon.colcon_core.package_identification:_identify(src/vision_opencv) by extension 'colcon_meta'
[0.147s] Level 1:colcon.colcon_core.package_identification:_identify(src/vision_opencv) by extensions ['ros']
[0.147s] Level 1:colcon.colcon_core.package_identification:_identify(src/vision_opencv) by extension 'ros'
[0.147s] Level 1:colcon.colcon_core.package_identification:_identify(src/vision_opencv) by extensions ['cmake', 'python']
[0.147s] Level 1:colcon.colcon_core.package_identification:_identify(src/vision_opencv) by extension 'cmake'
[0.147s] Level 1:colcon.colcon_core.package_identification:_identify(src/vision_opencv) by extension 'python'
[0.147s] Level 1:colcon.colcon_core.package_identification:_identify(src/vision_opencv) by extensions ['python_setup_py']
[0.147s] Level 1:colcon.colcon_core.package_identification:_identify(src/vision_opencv) by extension 'python_setup_py'
[0.147s] Level 1:colcon.colcon_core.package_identification:_identify(src/vision_opencv/cv_bridge) by extensions ['ignore', 'ignore_ament_install']
[0.147s] Level 1:colcon.colcon_core.package_identification:_identify(src/vision_opencv/cv_bridge) by extension 'ignore'
[0.147s] Level 1:colcon.colcon_core.package_identification:_identify(src/vision_opencv/cv_bridge) by extension 'ignore_ament_install'
[0.147s] Level 1:colcon.colcon_core.package_identification:_identify(src/vision_opencv/cv_bridge) by extensions ['colcon_pkg']
[0.148s] Level 1:colcon.colcon_core.package_identification:_identify(src/vision_opencv/cv_bridge) by extension 'colcon_pkg'
[0.148s] Level 1:colcon.colcon_core.package_identification:_identify(src/vision_opencv/cv_bridge) by extensions ['colcon_meta']
[0.148s] Level 1:colcon.colcon_core.package_identification:_identify(src/vision_opencv/cv_bridge) by extension 'colcon_meta'
[0.148s] Level 1:colcon.colcon_core.package_identification:_identify(src/vision_opencv/cv_bridge) by extensions ['ros']
[0.148s] Level 1:colcon.colcon_core.package_identification:_identify(src/vision_opencv/cv_bridge) by extension 'ros'
[0.148s] DEBUG:colcon.colcon_core.package_identification:Package 'src/vision_opencv/cv_bridge' with type 'ros.ament_cmake' and name 'cv_bridge'
[0.148s] Level 1:colcon.colcon_core.package_identification:_identify(src/vision_opencv/image_geometry) by extensions ['ignore', 'ignore_ament_install']
[0.149s] Level 1:colcon.colcon_core.package_identification:_identify(src/vision_opencv/image_geometry) by extension 'ignore'
[0.149s] Level 1:colcon.colcon_core.package_identification:_identify(src/vision_opencv/image_geometry) by extension 'ignore_ament_install'
[0.149s] Level 1:colcon.colcon_core.package_identification:_identify(src/vision_opencv/image_geometry) by extensions ['colcon_pkg']
[0.149s] Level 1:colcon.colcon_core.package_identification:_identify(src/vision_opencv/image_geometry) by extension 'colcon_pkg'
[0.149s] Level 1:colcon.colcon_core.package_identification:_identify(src/vision_opencv/image_geometry) by extensions ['colcon_meta']
[0.149s] Level 1:colcon.colcon_core.package_identification:_identify(src/vision_opencv/image_geometry) by extension 'colcon_meta'
[0.149s] Level 1:colcon.colcon_core.package_identification:_identify(src/vision_opencv/image_geometry) by extensions ['ros']
[0.149s] Level 1:colcon.colcon_core.package_identification:_identify(src/vision_opencv/image_geometry) by extension 'ros'
[0.149s] DEBUG:colcon.colcon_core.package_identification:Package 'src/vision_opencv/image_geometry' with type 'ros.ament_cmake' and name 'image_geometry'
[0.149s] Level 1:colcon.colcon_core.package_identification:_identify(src/vision_opencv/opencv_tests) by extensions ['ignore', 'ignore_ament_install']
[0.150s] Level 1:colcon.colcon_core.package_identification:_identify(src/vision_opencv/opencv_tests) by extension 'ignore'
[0.150s] Level 1:colcon.colcon_core.package_identification:_identify(src/vision_opencv/opencv_tests) by extension 'ignore_ament_install'
[0.150s] Level 1:colcon.colcon_core.package_identification:_identify(src/vision_opencv/opencv_tests) by extensions ['colcon_pkg']
[0.150s] Level 1:colcon.colcon_core.package_identification:_identify(src/vision_opencv/opencv_tests) by extension 'colcon_pkg'
[0.150s] Level 1:colcon.colcon_core.package_identification:_identify(src/vision_opencv/opencv_tests) by extensions ['colcon_meta']
[0.150s] Level 1:colcon.colcon_core.package_identification:_identify(src/vision_opencv/opencv_tests) by extension 'colcon_meta'
[0.150s] Level 1:colcon.colcon_core.package_identification:_identify(src/vision_opencv/opencv_tests) by extensions ['ros']
[0.150s] Level 1:colcon.colcon_core.package_identification:_identify(src/vision_opencv/opencv_tests) by extension 'ros'
[0.151s] DEBUG:colcon.colcon_core.package_identification:Package 'src/vision_opencv/opencv_tests' with type 'ros.ament_python' and name 'opencv_tests'
[0.151s] Level 1:colcon.colcon_core.package_identification:_identify(src/vision_opencv/vision_opencv) by extensions ['ignore', 'ignore_ament_install']
[0.151s] Level 1:colcon.colcon_core.package_identification:_identify(src/vision_opencv/vision_opencv) by extension 'ignore'
[0.151s] Level 1:colcon.colcon_core.package_identification:_identify(src/vision_opencv/vision_opencv) by extension 'ignore_ament_install'
[0.151s] Level 1:colcon.colcon_core.package_identification:_identify(src/vision_opencv/vision_opencv) by extensions ['colcon_pkg']
[0.151s] Level 1:colcon.colcon_core.package_identification:_identify(src/vision_opencv/vision_opencv) by extension 'colcon_pkg'
[0.151s] Level 1:colcon.colcon_core.package_identification:_identify(src/vision_opencv/vision_opencv) by extensions ['colcon_meta']
[0.151s] Level 1:colcon.colcon_core.package_identification:_identify(src/vision_opencv/vision_opencv) by extension 'colcon_meta'
[0.151s] Level 1:colcon.colcon_core.package_identification:_identify(src/vision_opencv/vision_opencv) by extensions ['ros']
[0.151s] Level 1:colcon.colcon_core.package_identification:_identify(src/vision_opencv/vision_opencv) by extension 'ros'
[0.152s] DEBUG:colcon.colcon_core.package_identification:Package 'src/vision_opencv/vision_opencv' with type 'ros.ament_cmake' and name 'vision_opencv'
[0.152s] Level 1:colcon.colcon_core.package_discovery:discover_packages(recursive) using defaults
[0.152s] Level 1:colcon.colcon_core.package_discovery:discover_packages(ignore) discover
[0.152s] Level 1:colcon.colcon_core.package_discovery:discover_packages(ignore) using defaults
[0.152s] Level 1:colcon.colcon_core.package_discovery:discover_packages(path) discover
[0.152s] Level 1:colcon.colcon_core.package_discovery:discover_packages(path) using defaults
[0.153s] Level 1:colcon.colcon_core.package_augmentation.check_dependency_constraint:custom_msgs depends on cv_bridge which has version 2.1.4: constraints {}
[0.153s] Level 1:colcon.colcon_core.package_augmentation.check_dependency_constraint:stereo_yolo3 depends on cv_bridge which has version 2.1.4: constraints {}
[0.153s] Level 1:colcon.colcon_core.package_augmentation.check_dependency_constraint:dataset_creator depends on cv_bridge which has version 2.1.4: constraints {}
[0.153s] Level 1:colcon.colcon_core.package_augmentation.check_dependency_constraint:dataset_creator depends on custom_msgs which has version 0.0.0: constraints {}
[0.154s] Level 1:colcon.colcon_core.package_augmentation.check_dependency_constraint:opencv_tests depends on cv_bridge which has version 2.1.4: constraints {}
[0.154s] Level 1:colcon.colcon_core.package_augmentation.check_dependency_constraint:vision_opencv depends on image_geometry which has version 2.1.4: constraints {}
[0.154s] Level 1:colcon.colcon_core.package_augmentation.check_dependency_constraint:vision_opencv depends on cv_bridge which has version 2.1.4: constraints {}
[0.157s] Level 5:colcon.colcon_core.verb:set package 'cv_bridge' build argument 'cmake_args' from command line to 'None'
[0.157s] Level 5:colcon.colcon_core.verb:set package 'cv_bridge' build argument 'cmake_target' from command line to 'None'
[0.157s] Level 5:colcon.colcon_core.verb:set package 'cv_bridge' build argument 'cmake_target_skip_unavailable' from command line to 'False'
[0.157s] Level 5:colcon.colcon_core.verb:set package 'cv_bridge' build argument 'cmake_clean_cache' from command line to 'False'
[0.157s] Level 5:colcon.colcon_core.verb:set package 'cv_bridge' build argument 'cmake_clean_first' from command line to 'False'
[0.157s] Level 5:colcon.colcon_core.verb:set package 'cv_bridge' build argument 'cmake_force_configure' from command line to 'False'
[0.157s] Level 5:colcon.colcon_core.verb:set package 'cv_bridge' build argument 'ament_cmake_args' from command line to 'None'
[0.157s] Level 5:colcon.colcon_core.verb:set package 'cv_bridge' build argument 'catkin_cmake_args' from command line to 'None'
[0.157s] Level 5:colcon.colcon_core.verb:set package 'cv_bridge' build argument 'catkin_skip_building_tests' from command line to 'False'
[0.157s] DEBUG:colcon.colcon_core.verb:Building package 'cv_bridge' with the following arguments: {'ament_cmake_args': None, 'build_base': '/home/autonomous-car/Desktop/Autonomous_car_ros2/build/cv_bridge', 'catkin_cmake_args': None, 'catkin_skip_building_tests': False, 'cmake_args': None, 'cmake_clean_cache': False, 'cmake_clean_first': False, 'cmake_force_configure': False, 'cmake_target': None, 'cmake_target_skip_unavailable': False, 'install_base': '/home/autonomous-car/Desktop/Autonomous_car_ros2/install/cv_bridge', 'merge_install': False, 'path': '/home/autonomous-car/Desktop/Autonomous_car_ros2/src/vision_opencv/cv_bridge', 'symlink_install': True, 'test_result_base': None}
[0.159s] Level 5:colcon.colcon_core.verb:set package 'image_geometry' build argument 'cmake_args' from command line to 'None'
[0.159s] Level 5:colcon.colcon_core.verb:set package 'image_geometry' build argument 'cmake_target' from command line to 'None'
[0.159s] Level 5:colcon.colcon_core.verb:set package 'image_geometry' build argument 'cmake_target_skip_unavailable' from command line to 'False'
[0.159s] Level 5:colcon.colcon_core.verb:set package 'image_geometry' build argument 'cmake_clean_cache' from command line to 'False'
[0.159s] Level 5:colcon.colcon_core.verb:set package 'image_geometry' build argument 'cmake_clean_first' from command line to 'False'
[0.159s] Level 5:colcon.colcon_core.verb:set package 'image_geometry' build argument 'cmake_force_configure' from command line to 'False'
[0.159s] Level 5:colcon.colcon_core.verb:set package 'image_geometry' build argument 'ament_cmake_args' from command line to 'None'
[0.159s] Level 5:colcon.colcon_core.verb:set package 'image_geometry' build argument 'catkin_cmake_args' from command line to 'None'
[0.159s] Level 5:colcon.colcon_core.verb:set package 'image_geometry' build argument 'catkin_skip_building_tests' from command line to 'False'
[0.159s] DEBUG:colcon.colcon_core.verb:Building package 'image_geometry' with the following arguments: {'ament_cmake_args': None, 'build_base': '/home/autonomous-car/Desktop/Autonomous_car_ros2/build/image_geometry', 'catkin_cmake_args': None, 'catkin_skip_building_tests': False, 'cmake_args': None, 'cmake_clean_cache': False, 'cmake_clean_first': False, 'cmake_force_configure': False, 'cmake_target': None, 'cmake_target_skip_unavailable': False, 'install_base': '/home/autonomous-car/Desktop/Autonomous_car_ros2/install/image_geometry', 'merge_install': False, 'path': '/home/autonomous-car/Desktop/Autonomous_car_ros2/src/vision_opencv/image_geometry', 'symlink_install': True, 'test_result_base': None}
[0.169s] Level 5:colcon.colcon_core.verb:set package 'custom_msgs' build argument 'cmake_args' from command line to 'None'
[0.169s] Level 5:colcon.colcon_core.verb:set package 'custom_msgs' build argument 'cmake_target' from command line to 'None'
[0.169s] Level 5:colcon.colcon_core.verb:set package 'custom_msgs' build argument 'cmake_target_skip_unavailable' from command line to 'False'
[0.169s] Level 5:colcon.colcon_core.verb:set package 'custom_msgs' build argument 'cmake_clean_cache' from command line to 'False'
[0.169s] Level 5:colcon.colcon_core.verb:set package 'custom_msgs' build argument 'cmake_clean_first' from command line to 'False'
[0.169s] Level 5:colcon.colcon_core.verb:set package 'custom_msgs' build argument 'cmake_force_configure' from command line to 'False'
[0.169s] Level 5:colcon.colcon_core.verb:set package 'custom_msgs' build argument 'ament_cmake_args' from command line to 'None'
[0.169s] Level 5:colcon.colcon_core.verb:set package 'custom_msgs' build argument 'catkin_cmake_args' from command line to 'None'
[0.169s] Level 5:colcon.colcon_core.verb:set package 'custom_msgs' build argument 'catkin_skip_building_tests' from command line to 'False'
[0.169s] DEBUG:colcon.colcon_core.verb:Building package 'custom_msgs' with the following arguments: {'ament_cmake_args': None, 'build_base': '/home/autonomous-car/Desktop/Autonomous_car_ros2/build/custom_msgs', 'catkin_cmake_args': None, 'catkin_skip_building_tests': False, 'cmake_args': None, 'cmake_clean_cache': False, 'cmake_clean_first': False, 'cmake_force_configure': False, 'cmake_target': None, 'cmake_target_skip_unavailable': False, 'install_base': '/home/autonomous-car/Desktop/Autonomous_car_ros2/install/custom_msgs', 'merge_install': False, 'path': '/home/autonomous-car/Desktop/Autonomous_car_ros2/src/custom_msgs', 'symlink_install': True, 'test_result_base': None}
[0.171s] Level 5:colcon.colcon_core.verb:set package 'opencv_tests' build argument 'cmake_args' from command line to 'None'
[0.171s] Level 5:colcon.colcon_core.verb:set package 'opencv_tests' build argument 'cmake_target' from command line to 'None'
[0.171s] Level 5:colcon.colcon_core.verb:set package 'opencv_tests' build argument 'cmake_target_skip_unavailable' from command line to 'False'
[0.171s] Level 5:colcon.colcon_core.verb:set package 'opencv_tests' build argument 'cmake_clean_cache' from command line to 'False'
[0.171s] Level 5:colcon.colcon_core.verb:set package 'opencv_tests' build argument 'cmake_clean_first' from command line to 'False'
[0.171s] Level 5:colcon.colcon_core.verb:set package 'opencv_tests' build argument 'cmake_force_configure' from command line to 'False'
[0.171s] Level 5:colcon.colcon_core.verb:set package 'opencv_tests' build argument 'ament_cmake_args' from command line to 'None'
[0.171s] Level 5:colcon.colcon_core.verb:set package 'opencv_tests' build argument 'catkin_cmake_args' from command line to 'None'
[0.171s] Level 5:colcon.colcon_core.verb:set package 'opencv_tests' build argument 'catkin_skip_building_tests' from command line to 'False'
[0.171s] DEBUG:colcon.colcon_core.verb:Building package 'opencv_tests' with the following arguments: {'ament_cmake_args': None, 'build_base': '/home/autonomous-car/Desktop/Autonomous_car_ros2/build/opencv_tests', 'catkin_cmake_args': None, 'catkin_skip_building_tests': False, 'cmake_args': None, 'cmake_clean_cache': False, 'cmake_clean_first': False, 'cmake_force_configure': False, 'cmake_target': None, 'cmake_target_skip_unavailable': False, 'install_base': '/home/autonomous-car/Desktop/Autonomous_car_ros2/install/opencv_tests', 'merge_install': False, 'path': '/home/autonomous-car/Desktop/Autonomous_car_ros2/src/vision_opencv/opencv_tests', 'symlink_install': True, 'test_result_base': None}
[0.173s] Level 5:colcon.colcon_core.verb:set package 'stereo_yolo3' build argument 'cmake_args' from command line to 'None'
[0.173s] Level 5:colcon.colcon_core.verb:set package 'stereo_yolo3' build argument 'cmake_target' from command line to 'None'
[0.173s] Level 5:colcon.colcon_core.verb:set package 'stereo_yolo3' build argument 'cmake_target_skip_unavailable' from command line to 'False'
[0.173s] Level 5:colcon.colcon_core.verb:set package 'stereo_yolo3' build argument 'cmake_clean_cache' from command line to 'False'
[0.173s] Level 5:colcon.colcon_core.verb:set package 'stereo_yolo3' build argument 'cmake_clean_first' from command line to 'False'
[0.173s] Level 5:colcon.colcon_core.verb:set package 'stereo_yolo3' build argument 'cmake_force_configure' from command line to 'False'
[0.173s] Level 5:colcon.colcon_core.verb:set package 'stereo_yolo3' build argument 'ament_cmake_args' from command line to 'None'
[0.173s] Level 5:colcon.colcon_core.verb:set package 'stereo_yolo3' build argument 'catkin_cmake_args' from command line to 'None'
[0.173s] Level 5:colcon.colcon_core.verb:set package 'stereo_yolo3' build argument 'catkin_skip_building_tests' from command line to 'False'
[0.173s] DEBUG:colcon.colcon_core.verb:Building package 'stereo_yolo3' with the following arguments: {'ament_cmake_args': None, 'build_base': '/home/autonomous-car/Desktop/Autonomous_car_ros2/build/stereo_yolo3', 'catkin_cmake_args': None, 'catkin_skip_building_tests': False, 'cmake_args': None, 'cmake_clean_cache': False, 'cmake_clean_first': False, 'cmake_force_configure': False, 'cmake_target': None, 'cmake_target_skip_unavailable': False, 'install_base': '/home/autonomous-car/Desktop/Autonomous_car_ros2/install/stereo_yolo3', 'merge_install': False, 'path': '/home/autonomous-car/Desktop/Autonomous_car_ros2/src/stereo_yolo3', 'symlink_install': True, 'test_result_base': None}
[0.175s] Level 5:colcon.colcon_core.verb:set package 'vision_opencv' build argument 'cmake_args' from command line to 'None'
[0.175s] Level 5:colcon.colcon_core.verb:set package 'vision_opencv' build argument 'cmake_target' from command line to 'None'
[0.175s] Level 5:colcon.colcon_core.verb:set package 'vision_opencv' build argument 'cmake_target_skip_unavailable' from command line to 'False'
[0.175s] Level 5:colcon.colcon_core.verb:set package 'vision_opencv' build argument 'cmake_clean_cache' from command line to 'False'
[0.175s] Level 5:colcon.colcon_core.verb:set package 'vision_opencv' build argument 'cmake_clean_first' from command line to 'False'
[0.175s] Level 5:colcon.colcon_core.verb:set package 'vision_opencv' build argument 'cmake_force_configure' from command line to 'False'
[0.175s] Level 5:colcon.colcon_core.verb:set package 'vision_opencv' build argument 'ament_cmake_args' from command line to 'None'
[0.175s] Level 5:colcon.colcon_core.verb:set package 'vision_opencv' build argument 'catkin_cmake_args' from command line to 'None'
[0.175s] Level 5:colcon.colcon_core.verb:set package 'vision_opencv' build argument 'catkin_skip_building_tests' from command line to 'False'
[0.175s] DEBUG:colcon.colcon_core.verb:Building package 'vision_opencv' with the following arguments: {'ament_cmake_args': None, 'build_base': '/home/autonomous-car/Desktop/Autonomous_car_ros2/build/vision_opencv', 'catkin_cmake_args': None, 'catkin_skip_building_tests': False, 'cmake_args': None, 'cmake_clean_cache': False, 'cmake_clean_first': False, 'cmake_force_configure': False, 'cmake_target': None, 'cmake_target_skip_unavailable': False, 'install_base': '/home/autonomous-car/Desktop/Autonomous_car_ros2/install/vision_opencv', 'merge_install': False, 'path': '/home/autonomous-car/Desktop/Autonomous_car_ros2/src/vision_opencv/vision_opencv', 'symlink_install': True, 'test_result_base': None}
[0.177s] Level 5:colcon.colcon_core.verb:set package 'dataset_creator' build argument 'cmake_args' from command line to 'None'
[0.177s] Level 5:colcon.colcon_core.verb:set package 'dataset_creator' build argument 'cmake_target' from command line to 'None'
[0.177s] Level 5:colcon.colcon_core.verb:set package 'dataset_creator' build argument 'cmake_target_skip_unavailable' from command line to 'False'
[0.177s] Level 5:colcon.colcon_core.verb:set package 'dataset_creator' build argument 'cmake_clean_cache' from command line to 'False'
[0.177s] Level 5:colcon.colcon_core.verb:set package 'dataset_creator' build argument 'cmake_clean_first' from command line to 'False'
[0.177s] Level 5:colcon.colcon_core.verb:set package 'dataset_creator' build argument 'cmake_force_configure' from command line to 'False'
[0.177s] Level 5:colcon.colcon_core.verb:set package 'dataset_creator' build argument 'ament_cmake_args' from command line to 'None'
[0.177s] Level 5:colcon.colcon_core.verb:set package 'dataset_creator' build argument 'catkin_cmake_args' from command line to 'None'
[0.177s] Level 5:colcon.colcon_core.verb:set package 'dataset_creator' build argument 'catkin_skip_building_tests' from command line to 'False'
[0.178s] DEBUG:colcon.colcon_core.verb:Building package 'dataset_creator' with the following arguments: {'ament_cmake_args': None, 'build_base': '/home/autonomous-car/Desktop/Autonomous_car_ros2/build/dataset_creator', 'catkin_cmake_args': None, 'catkin_skip_building_tests': False, 'cmake_args': None, 'cmake_clean_cache': False, 'cmake_clean_first': False, 'cmake_force_configure': False, 'cmake_target': None, 'cmake_target_skip_unavailable': False, 'install_base': '/home/autonomous-car/Desktop/Autonomous_car_ros2/install/dataset_creator', 'merge_install': False, 'path': '/home/autonomous-car/Desktop/Autonomous_car_ros2/src/dataset_creator', 'symlink_install': True, 'test_result_base': None}
[0.178s] INFO:colcon.colcon_core.executor:Executing jobs using 'parallel' executor
[0.179s] DEBUG:colcon.colcon_parallel_executor.executor.parallel:run_until_complete
[0.179s] INFO:colcon.colcon_ros.task.ament_cmake.build:Building ROS package in '/home/autonomous-car/Desktop/Autonomous_car_ros2/src/vision_opencv/cv_bridge' with build type 'ament_cmake'
[0.182s] INFO:colcon.colcon_core.plugin_system:Skipping extension 'colcon_core.shell.bat': Not used on non-Windows systems
[0.182s] INFO:colcon.colcon_cmake.task.cmake.build:Building CMake package in '/home/autonomous-car/Desktop/Autonomous_car_ros2/src/vision_opencv/cv_bridge'
[0.182s] INFO:colcon.colcon_core.shell:Skip shell extension 'powershell' for command environment: Not usable outside of PowerShell
[0.182s] DEBUG:colcon.colcon_core.shell:Skip shell extension 'dsv' for command environment
[0.184s] DEBUG:colcon.colcon_core.shell:Ignoring prefix path '/opt/ros/eloquent'
[0.184s] DEBUG:colcon.colcon_core.shell:Ignoring prefix path '/opt/ros/melodic'
[0.186s] INFO:colcon.colcon_ros.task.ament_cmake.build:Building ROS package in '/home/autonomous-car/Desktop/Autonomous_car_ros2/src/vision_opencv/image_geometry' with build type 'ament_cmake'
[0.186s] INFO:colcon.colcon_cmake.task.cmake.build:Building CMake package in '/home/autonomous-car/Desktop/Autonomous_car_ros2/src/vision_opencv/image_geometry'
[0.187s] INFO:colcon.colcon_core.shell:Skip shell extension 'powershell' for command environment: Not usable outside of PowerShell
[0.187s] DEBUG:colcon.colcon_core.shell:Skip shell extension 'dsv' for command environment
[0.188s] DEBUG:colcon.colcon_core.shell:Ignoring prefix path '/opt/ros/eloquent'
[0.188s] DEBUG:colcon.colcon_core.shell:Ignoring prefix path '/opt/ros/melodic'
[0.194s] DEBUG:colcon.colcon_core.event_handler.log_command:Invoking command in '/home/autonomous-car/Desktop/Autonomous_car_ros2/build/cv_bridge': CMAKE_PREFIX_PATH=/opt/ros/eloquent:${CMAKE_PREFIX_PATH} /usr/bin/cmake --build /home/autonomous-car/Desktop/Autonomous_car_ros2/build/cv_bridge -- -j6 -l6
[0.199s] DEBUG:colcon.colcon_core.event_handler.log_command:Invoking command in '/home/autonomous-car/Desktop/Autonomous_car_ros2/build/image_geometry': CMAKE_PREFIX_PATH=/opt/ros/eloquent:${CMAKE_PREFIX_PATH} /usr/bin/cmake --build /home/autonomous-car/Desktop/Autonomous_car_ros2/build/image_geometry -- -j6 -l6
[0.263s] DEBUG:colcon.colcon_core.event_handler.log_command:Invoked command in '/home/autonomous-car/Desktop/Autonomous_car_ros2/build/cv_bridge' returned '0': CMAKE_PREFIX_PATH=/opt/ros/eloquent:${CMAKE_PREFIX_PATH} /usr/bin/cmake --build /home/autonomous-car/Desktop/Autonomous_car_ros2/build/cv_bridge -- -j6 -l6
[0.269s] DEBUG:colcon.colcon_core.event_handler.log_command:Invoked command in '/home/autonomous-car/Desktop/Autonomous_car_ros2/build/image_geometry' returned '0': CMAKE_PREFIX_PATH=/opt/ros/eloquent:${CMAKE_PREFIX_PATH} /usr/bin/cmake --build /home/autonomous-car/Desktop/Autonomous_car_ros2/build/image_geometry -- -j6 -l6
[0.280s] DEBUG:colcon.colcon_core.event_handler.log_command:Invoking command in '/home/autonomous-car/Desktop/Autonomous_car_ros2/build/cv_bridge': CMAKE_PREFIX_PATH=/opt/ros/eloquent:${CMAKE_PREFIX_PATH} /usr/bin/cmake --build /home/autonomous-car/Desktop/Autonomous_car_ros2/build/cv_bridge --target install -- -j6 -l6
[0.291s] DEBUG:colcon.colcon_core.event_handler.log_command:Invoking command in '/home/autonomous-car/Desktop/Autonomous_car_ros2/build/image_geometry': CMAKE_PREFIX_PATH=/opt/ros/eloquent:${CMAKE_PREFIX_PATH} /usr/bin/cmake --build /home/autonomous-car/Desktop/Autonomous_car_ros2/build/image_geometry --target install -- -j6 -l6
[0.401s] Level 1:colcon.colcon_core.environment:create_environment_scripts_only(cv_bridge)
[0.402s] DEBUG:colcon.colcon_core.event_handler.log_command:Invoked command in '/home/autonomous-car/Desktop/Autonomous_car_ros2/build/cv_bridge' returned '0': CMAKE_PREFIX_PATH=/opt/ros/eloquent:${CMAKE_PREFIX_PATH} /usr/bin/cmake --build /home/autonomous-car/Desktop/Autonomous_car_ros2/build/cv_bridge --target install -- -j6 -l6
[0.404s] Level 1:colcon.colcon_core.environment:checking '/home/autonomous-car/Desktop/Autonomous_car_ros2/install/cv_bridge' for CMake module files
[0.405s] Level 1:colcon.colcon_core.environment:checking '/home/autonomous-car/Desktop/Autonomous_car_ros2/install/cv_bridge' for CMake config files
[0.405s] Level 1:colcon.colcon_core.shell:create_environment_hook('cv_bridge', 'cmake_prefix_path')
[0.405s] INFO:colcon.colcon_core.shell:Creating environment hook '/home/autonomous-car/Desktop/Autonomous_car_ros2/install/cv_bridge/share/cv_bridge/hook/cmake_prefix_path.ps1'
[0.406s] INFO:colcon.colcon_core.shell:Creating environment descriptor '/home/autonomous-car/Desktop/Autonomous_car_ros2/install/cv_bridge/share/cv_bridge/hook/cmake_prefix_path.dsv'
[0.406s] INFO:colcon.colcon_core.shell:Creating environment hook '/home/autonomous-car/Desktop/Autonomous_car_ros2/install/cv_bridge/share/cv_bridge/hook/cmake_prefix_path.sh'
[0.407s] Level 1:colcon.colcon_core.environment:checking '/home/autonomous-car/Desktop/Autonomous_car_ros2/install/cv_bridge/lib'
[0.407s] Level 1:colcon.colcon_core.shell:create_environment_hook('cv_bridge', 'ld_library_path_lib')
[0.407s] INFO:colcon.colcon_core.shell:Creating environment hook '/home/autonomous-car/Desktop/Autonomous_car_ros2/install/cv_bridge/share/cv_bridge/hook/ld_library_path_lib.ps1'
[0.408s] INFO:colcon.colcon_core.shell:Creating environment descriptor '/home/autonomous-car/Desktop/Autonomous_car_ros2/install/cv_bridge/share/cv_bridge/hook/ld_library_path_lib.dsv'
[0.408s] INFO:colcon.colcon_core.shell:Creating environment hook '/home/autonomous-car/Desktop/Autonomous_car_ros2/install/cv_bridge/share/cv_bridge/hook/ld_library_path_lib.sh'
[0.408s] Level 1:colcon.colcon_core.environment:checking '/home/autonomous-car/Desktop/Autonomous_car_ros2/install/cv_bridge/bin'
[0.408s] Level 1:colcon.colcon_core.environment:checking '/home/autonomous-car/Desktop/Autonomous_car_ros2/install/cv_bridge/lib/pkgconfig/cv_bridge.pc'
[0.408s] Level 1:colcon.colcon_core.environment:checking '/home/autonomous-car/Desktop/Autonomous_car_ros2/install/cv_bridge/lib/python3.6/site-packages'
[0.408s] Level 1:colcon.colcon_core.shell:create_environment_hook('cv_bridge', 'pythonpath')
[0.409s] INFO:colcon.colcon_core.shell:Creating environment hook '/home/autonomous-car/Desktop/Autonomous_car_ros2/install/cv_bridge/share/cv_bridge/hook/pythonpath.ps1'
[0.409s] INFO:colcon.colcon_core.shell:Creating environment descriptor '/home/autonomous-car/Desktop/Autonomous_car_ros2/install/cv_bridge/share/cv_bridge/hook/pythonpath.dsv'
[0.409s] INFO:colcon.colcon_core.shell:Creating environment hook '/home/autonomous-car/Desktop/Autonomous_car_ros2/install/cv_bridge/share/cv_bridge/hook/pythonpath.sh'
[0.410s] INFO:colcon.colcon_core.shell:Creating package script '/home/autonomous-car/Desktop/Autonomous_car_ros2/install/cv_bridge/share/cv_bridge/package.ps1'
[0.411s] INFO:colcon.colcon_core.shell:Creating package descriptor '/home/autonomous-car/Desktop/Autonomous_car_ros2/install/cv_bridge/share/cv_bridge/package.dsv'
[0.411s] INFO:colcon.colcon_core.shell:Creating package script '/home/autonomous-car/Desktop/Autonomous_car_ros2/install/cv_bridge/share/cv_bridge/package.sh'
[0.412s] INFO:colcon.colcon_core.shell:Creating package script '/home/autonomous-car/Desktop/Autonomous_car_ros2/install/cv_bridge/share/cv_bridge/package.bash'
[0.412s] INFO:colcon.colcon_core.shell:Creating package script '/home/autonomous-car/Desktop/Autonomous_car_ros2/install/cv_bridge/share/cv_bridge/package.zsh'
[0.413s] Level 1:colcon.colcon_core.environment:create_file_with_runtime_dependencies(/home/autonomous-car/Desktop/Autonomous_car_ros2/install/cv_bridge/share/colcon-core/packages/cv_bridge)
[0.413s] INFO:colcon.colcon_ros.task.ament_cmake.build:Building ROS package in '/home/autonomous-car/Desktop/Autonomous_car_ros2/src/custom_msgs' with build type 'ament_cmake'
[0.414s] INFO:colcon.colcon_cmake.task.cmake.build:Building CMake package in '/home/autonomous-car/Desktop/Autonomous_car_ros2/src/custom_msgs'
[0.414s] INFO:colcon.colcon_core.shell:Skip shell extension 'powershell' for command environment: Not usable outside of PowerShell
[0.414s] DEBUG:colcon.colcon_core.shell:Skip shell extension 'dsv' for command environment
[0.415s] DEBUG:colcon.colcon_core.shell:Ignoring prefix path '/opt/ros/eloquent'
[0.415s] DEBUG:colcon.colcon_core.shell:Ignoring prefix path '/opt/ros/melodic'
[0.417s] INFO:colcon.colcon_ros.task.ament_python.build:Building ROS package in '/home/autonomous-car/Desktop/Autonomous_car_ros2/src/vision_opencv/opencv_tests' with build type 'ament_python'
[0.417s] Level 1:colcon.colcon_core.shell:create_environment_hook('opencv_tests', 'ament_prefix_path')
[0.418s] INFO:colcon.colcon_core.shell:Creating environment hook '/home/autonomous-car/Desktop/Autonomous_car_ros2/install/opencv_tests/share/opencv_tests/hook/ament_prefix_path.ps1'
[0.418s] INFO:colcon.colcon_core.shell:Creating environment descriptor '/home/autonomous-car/Desktop/Autonomous_car_ros2/install/opencv_tests/share/opencv_tests/hook/ament_prefix_path.dsv'
[0.419s] INFO:colcon.colcon_core.shell:Creating environment hook '/home/autonomous-car/Desktop/Autonomous_car_ros2/install/opencv_tests/share/opencv_tests/hook/ament_prefix_path.sh'
[0.419s] INFO:colcon.colcon_core.shell:Skip shell extension 'powershell' for command environment: Not usable outside of PowerShell
[0.419s] DEBUG:colcon.colcon_core.shell:Skip shell extension 'dsv' for command environment
[0.420s] DEBUG:colcon.colcon_core.shell:Ignoring prefix path '/opt/ros/eloquent'
[0.420s] DEBUG:colcon.colcon_core.shell:Ignoring prefix path '/opt/ros/melodic'
[0.422s] INFO:colcon.colcon_ros.task.ament_python.build:Building ROS package in '/home/autonomous-car/Desktop/Autonomous_car_ros2/src/stereo_yolo3' with build type 'ament_python'
[0.422s] Level 1:colcon.colcon_core.shell:create_environment_hook('stereo_yolo3', 'ament_prefix_path')
[0.423s] INFO:colcon.colcon_core.shell:Creating environment hook '/home/autonomous-car/Desktop/Autonomous_car_ros2/install/stereo_yolo3/share/stereo_yolo3/hook/ament_prefix_path.ps1'
[0.423s] INFO:colcon.colcon_core.shell:Creating environment descriptor '/home/autonomous-car/Desktop/Autonomous_car_ros2/install/stereo_yolo3/share/stereo_yolo3/hook/ament_prefix_path.dsv'
[0.423s] INFO:colcon.colcon_core.shell:Creating environment hook '/home/autonomous-car/Desktop/Autonomous_car_ros2/install/stereo_yolo3/share/stereo_yolo3/hook/ament_prefix_path.sh'
[0.424s] INFO:colcon.colcon_core.shell:Skip shell extension 'powershell' for command environment: Not usable outside of PowerShell
[0.424s] DEBUG:colcon.colcon_core.shell:Skip shell extension 'dsv' for command environment
[0.425s] DEBUG:colcon.colcon_core.shell:Ignoring prefix path '/opt/ros/eloquent'
[0.425s] DEBUG:colcon.colcon_core.shell:Ignoring prefix path '/opt/ros/melodic'
[0.428s] Level 1:colcon.colcon_core.environment:create_environment_scripts_only(image_geometry)
[0.429s] Level 1:colcon.colcon_core.environment:checking '/home/autonomous-car/Desktop/Autonomous_car_ros2/install/image_geometry' for CMake module files
[0.429s] DEBUG:colcon.colcon_core.event_handler.log_command:Invoked command in '/home/autonomous-car/Desktop/Autonomous_car_ros2/build/image_geometry' returned '0': CMAKE_PREFIX_PATH=/opt/ros/eloquent:${CMAKE_PREFIX_PATH} /usr/bin/cmake --build /home/autonomous-car/Desktop/Autonomous_car_ros2/build/image_geometry --target install -- -j6 -l6
[0.429s] Level 1:colcon.colcon_core.environment:checking '/home/autonomous-car/Desktop/Autonomous_car_ros2/install/image_geometry' for CMake config files
[0.430s] Level 1:colcon.colcon_core.shell:create_environment_hook('image_geometry', 'cmake_prefix_path')
[0.430s] INFO:colcon.colcon_core.shell:Creating environment hook '/home/autonomous-car/Desktop/Autonomous_car_ros2/install/image_geometry/share/image_geometry/hook/cmake_prefix_path.ps1'
[0.430s] INFO:colcon.colcon_core.shell:Creating environment descriptor '/home/autonomous-car/Desktop/Autonomous_car_ros2/install/image_geometry/share/image_geometry/hook/cmake_prefix_path.dsv'
[0.431s] INFO:colcon.colcon_core.shell:Creating environment hook '/home/autonomous-car/Desktop/Autonomous_car_ros2/install/image_geometry/share/image_geometry/hook/cmake_prefix_path.sh'
[0.431s] Level 1:colcon.colcon_core.environment:checking '/home/autonomous-car/Desktop/Autonomous_car_ros2/install/image_geometry/lib'
[0.431s] Level 1:colcon.colcon_core.shell:create_environment_hook('image_geometry', 'ld_library_path_lib')
[0.432s] INFO:colcon.colcon_core.shell:Creating environment hook '/home/autonomous-car/Desktop/Autonomous_car_ros2/install/image_geometry/share/image_geometry/hook/ld_library_path_lib.ps1'
[0.432s] INFO:colcon.colcon_core.shell:Creating environment descriptor '/home/autonomous-car/Desktop/Autonomous_car_ros2/install/image_geometry/share/image_geometry/hook/ld_library_path_lib.dsv'
[0.432s] INFO:colcon.colcon_core.shell:Creating environment hook '/home/autonomous-car/Desktop/Autonomous_car_ros2/install/image_geometry/share/image_geometry/hook/ld_library_path_lib.sh'
[0.432s] Level 1:colcon.colcon_core.environment:checking '/home/autonomous-car/Desktop/Autonomous_car_ros2/install/image_geometry/bin'
[0.432s] Level 1:colcon.colcon_core.environment:checking '/home/autonomous-car/Desktop/Autonomous_car_ros2/install/image_geometry/lib/pkgconfig/image_geometry.pc'
[0.432s] Level 1:colcon.colcon_core.environment:checking '/home/autonomous-car/Desktop/Autonomous_car_ros2/install/image_geometry/lib/python3.6/site-packages'
[0.433s] Level 1:colcon.colcon_core.shell:create_environment_hook('image_geometry', 'pythonpath')
[0.433s] INFO:colcon.colcon_core.shell:Creating environment hook '/home/autonomous-car/Desktop/Autonomous_car_ros2/install/image_geometry/share/image_geometry/hook/pythonpath.ps1'
[0.433s] INFO:colcon.colcon_core.shell:Creating environment descriptor '/home/autonomous-car/Desktop/Autonomous_car_ros2/install/image_geometry/share/image_geometry/hook/pythonpath.dsv'
[0.433s] INFO:colcon.colcon_core.shell:Creating environment hook '/home/autonomous-car/Desktop/Autonomous_car_ros2/install/image_geometry/share/image_geometry/hook/pythonpath.sh'
[0.434s] INFO:colcon.colcon_core.shell:Creating package script '/home/autonomous-car/Desktop/Autonomous_car_ros2/install/image_geometry/share/image_geometry/package.ps1'
[0.434s] INFO:colcon.colcon_core.shell:Creating package descriptor '/home/autonomous-car/Desktop/Autonomous_car_ros2/install/image_geometry/share/image_geometry/package.dsv'
[0.435s] INFO:colcon.colcon_core.shell:Creating package script '/home/autonomous-car/Desktop/Autonomous_car_ros2/install/image_geometry/share/image_geometry/package.sh'
[0.435s] INFO:colcon.colcon_core.shell:Creating package script '/home/autonomous-car/Desktop/Autonomous_car_ros2/install/image_geometry/share/image_geometry/package.bash'
[0.435s] INFO:colcon.colcon_core.shell:Creating package script '/home/autonomous-car/Desktop/Autonomous_car_ros2/install/image_geometry/share/image_geometry/package.zsh'
[0.436s] Level 1:colcon.colcon_core.environment:create_file_with_runtime_dependencies(/home/autonomous-car/Desktop/Autonomous_car_ros2/install/image_geometry/share/colcon-core/packages/image_geometry)
[0.438s] DEBUG:colcon.colcon_core.event_handler.log_command:Invoking command in '/home/autonomous-car/Desktop/Autonomous_car_ros2/build/custom_msgs': AMENT_PREFIX_PATH=/home/autonomous-car/Desktop/Autonomous_car_ros2/install/cv_bridge:${AMENT_PREFIX_PATH} CMAKE_PREFIX_PATH=/home/autonomous-car/Desktop/Autonomous_car_ros2/install/cv_bridge:/opt/ros/eloquent:${CMAKE_PREFIX_PATH} LD_LIBRARY_PATH=/home/autonomous-car/Desktop/Autonomous_car_ros2/install/cv_bridge/lib:${LD_LIBRARY_PATH} PYTHONPATH=/home/autonomous-car/Desktop/Autonomous_car_ros2/install/cv_bridge/lib/python3.6/site-packages:${PYTHONPATH} /usr/bin/cmake /home/autonomous-car/Desktop/Autonomous_car_ros2/src/custom_msgs -DAMENT_CMAKE_SYMLINK_INSTALL=1 -DCMAKE_INSTALL_PREFIX=/home/autonomous-car/Desktop/Autonomous_car_ros2/install/custom_msgs
[0.644s] INFO:colcon.colcon_core.task.python.build:Building Python package in '/home/autonomous-car/Desktop/Autonomous_car_ros2/src/vision_opencv/opencv_tests'
[0.645s] INFO:colcon.colcon_core.shell:Skip shell extension 'powershell' for command environment: Not usable outside of PowerShell
[0.645s] DEBUG:colcon.colcon_core.shell:Skip shell extension 'dsv' for command environment
[0.646s] DEBUG:colcon.colcon_core.shell:Ignoring prefix path '/opt/ros/eloquent'
[0.646s] DEBUG:colcon.colcon_core.shell:Ignoring prefix path '/opt/ros/melodic'
[0.648s] INFO:colcon.colcon_ros.task.ament_cmake.build:Building ROS package in '/home/autonomous-car/Desktop/Autonomous_car_ros2/src/vision_opencv/vision_opencv' with build type 'ament_cmake'
[0.649s] INFO:colcon.colcon_cmake.task.cmake.build:Building CMake package in '/home/autonomous-car/Desktop/Autonomous_car_ros2/src/vision_opencv/vision_opencv'
[0.649s] INFO:colcon.colcon_core.shell:Skip shell extension 'powershell' for command environment: Not usable outside of PowerShell
[0.649s] DEBUG:colcon.colcon_core.shell:Skip shell extension 'dsv' for command environment
[0.651s] DEBUG:colcon.colcon_core.shell:Ignoring prefix path '/opt/ros/eloquent'
[0.651s] DEBUG:colcon.colcon_core.shell:Ignoring prefix path '/opt/ros/melodic'
[0.860s] INFO:colcon.colcon_core.task.python.build:Building Python package in '/home/autonomous-car/Desktop/Autonomous_car_ros2/src/stereo_yolo3'
[0.861s] INFO:colcon.colcon_core.shell:Skip shell extension 'powershell' for command environment: Not usable outside of PowerShell
[0.861s] DEBUG:colcon.colcon_core.shell:Skip shell extension 'dsv' for command environment
[0.862s] DEBUG:colcon.colcon_core.shell:Ignoring prefix path '/opt/ros/eloquent'
[0.862s] DEBUG:colcon.colcon_core.shell:Ignoring prefix path '/opt/ros/melodic'
[1.072s] DEBUG:colcon.colcon_core.event_handler.log_command:Invoking command in '/home/autonomous-car/Desktop/Autonomous_car_ros2/build/opencv_tests': AMENT_PREFIX_PATH=/home/autonomous-car/Desktop/Autonomous_car_ros2/install/cv_bridge:${AMENT_PREFIX_PATH} CMAKE_PREFIX_PATH=/home/autonomous-car/Desktop/Autonomous_car_ros2/install/cv_bridge:${CMAKE_PREFIX_PATH} LD_LIBRARY_PATH=/home/autonomous-car/Desktop/Autonomous_car_ros2/install/cv_bridge/lib:${LD_LIBRARY_PATH} PYTHONPATH=/home/autonomous-car/Desktop/Autonomous_car_ros2/install/opencv_tests/lib/python3.6/site-packages:/home/autonomous-car/Desktop/Autonomous_car_ros2/install/cv_bridge/lib/python3.6/site-packages:${PYTHONPATH} /usr/bin/python3 setup.py develop --prefix /home/autonomous-car/Desktop/Autonomous_car_ros2/install/opencv_tests --editable --build-directory /home/autonomous-car/Desktop/Autonomous_car_ros2/build/opencv_tests/build --no-deps install_data --install-dir /home/autonomous-car/Desktop/Autonomous_car_ros2/install/opencv_tests
[1.076s] DEBUG:colcon.colcon_core.event_handler.log_command:Invoking command in '/home/autonomous-car/Desktop/Autonomous_car_ros2/build/vision_opencv': AMENT_PREFIX_PATH=/home/autonomous-car/Desktop/Autonomous_car_ros2/install/image_geometry:/home/autonomous-car/Desktop/Autonomous_car_ros2/install/cv_bridge:${AMENT_PREFIX_PATH} CMAKE_PREFIX_PATH=/home/autonomous-car/Desktop/Autonomous_car_ros2/install/image_geometry:/home/autonomous-car/Desktop/Autonomous_car_ros2/install/cv_bridge:/opt/ros/eloquent:${CMAKE_PREFIX_PATH} LD_LIBRARY_PATH=/home/autonomous-car/Desktop/Autonomous_car_ros2/install/image_geometry/lib:/home/autonomous-car/Desktop/Autonomous_car_ros2/install/cv_bridge/lib:${LD_LIBRARY_PATH} PYTHONPATH=/home/autonomous-car/Desktop/Autonomous_car_ros2/install/image_geometry/lib/python3.6/site-packages:/home/autonomous-car/Desktop/Autonomous_car_ros2/install/cv_bridge/lib/python3.6/site-packages:${PYTHONPATH} /usr/bin/cmake --build /home/autonomous-car/Desktop/Autonomous_car_ros2/build/vision_opencv -- -j6 -l6
[1.291s] DEBUG:colcon.colcon_core.event_handler.log_command:Invoking command in '/home/autonomous-car/Desktop/Autonomous_car_ros2/build/stereo_yolo3': AMENT_PREFIX_PATH=/home/autonomous-car/Desktop/Autonomous_car_ros2/install/cv_bridge:${AMENT_PREFIX_PATH} CMAKE_PREFIX_PATH=/home/autonomous-car/Desktop/Autonomous_car_ros2/install/cv_bridge:${CMAKE_PREFIX_PATH} LD_LIBRARY_PATH=/home/autonomous-car/Desktop/Autonomous_car_ros2/install/cv_bridge/lib:${LD_LIBRARY_PATH} PYTHONPATH=/home/autonomous-car/Desktop/Autonomous_car_ros2/install/stereo_yolo3/lib/python3.6/site-packages:/home/autonomous-car/Desktop/Autonomous_car_ros2/install/cv_bridge/lib/python3.6/site-packages:${PYTHONPATH} /usr/bin/python3 setup.py develop --prefix /home/autonomous-car/Desktop/Autonomous_car_ros2/install/stereo_yolo3 --editable --build-directory /home/autonomous-car/Desktop/Autonomous_car_ros2/build/stereo_yolo3/build --no-deps install_data --install-dir /home/autonomous-car/Desktop/Autonomous_car_ros2/install/stereo_yolo3
[1.292s] DEBUG:colcon.colcon_core.event_handler.log_command:Invoked command in '/home/autonomous-car/Desktop/Autonomous_car_ros2/build/vision_opencv' returned '0': AMENT_PREFIX_PATH=/home/autonomous-car/Desktop/Autonomous_car_ros2/install/image_geometry:/home/autonomous-car/Desktop/Autonomous_car_ros2/install/cv_bridge:${AMENT_PREFIX_PATH} CMAKE_PREFIX_PATH=/home/autonomous-car/Desktop/Autonomous_car_ros2/install/image_geometry:/home/autonomous-car/Desktop/Autonomous_car_ros2/install/cv_bridge:/opt/ros/eloquent:${CMAKE_PREFIX_PATH} LD_LIBRARY_PATH=/home/autonomous-car/Desktop/Autonomous_car_ros2/install/image_geometry/lib:/home/autonomous-car/Desktop/Autonomous_car_ros2/install/cv_bridge/lib:${LD_LIBRARY_PATH} PYTHONPATH=/home/autonomous-car/Desktop/Autonomous_car_ros2/install/image_geometry/lib/python3.6/site-packages:/home/autonomous-car/Desktop/Autonomous_car_ros2/install/cv_bridge/lib/python3.6/site-packages:${PYTHONPATH} /usr/bin/cmake --build /home/autonomous-car/Desktop/Autonomous_car_ros2/build/vision_opencv -- -j6 -l6
[1.309s] DEBUG:colcon.colcon_core.event_handler.log_command:Invoking command in '/home/autonomous-car/Desktop/Autonomous_car_ros2/build/vision_opencv': AMENT_PREFIX_PATH=/home/autonomous-car/Desktop/Autonomous_car_ros2/install/image_geometry:/home/autonomous-car/Desktop/Autonomous_car_ros2/install/cv_bridge:${AMENT_PREFIX_PATH} CMAKE_PREFIX_PATH=/home/autonomous-car/Desktop/Autonomous_car_ros2/install/image_geometry:/home/autonomous-car/Desktop/Autonomous_car_ros2/install/cv_bridge:/opt/ros/eloquent:${CMAKE_PREFIX_PATH} LD_LIBRARY_PATH=/home/autonomous-car/Desktop/Autonomous_car_ros2/install/image_geometry/lib:/home/autonomous-car/Desktop/Autonomous_car_ros2/install/cv_bridge/lib:${LD_LIBRARY_PATH} PYTHONPATH=/home/autonomous-car/Desktop/Autonomous_car_ros2/install/image_geometry/lib/python3.6/site-packages:/home/autonomous-car/Desktop/Autonomous_car_ros2/install/cv_bridge/lib/python3.6/site-packages:${PYTHONPATH} /usr/bin/cmake --build /home/autonomous-car/Desktop/Autonomous_car_ros2/build/vision_opencv --target install -- -j6 -l6
[1.364s] Level 1:colcon.colcon_core.environment:create_environment_scripts_only(vision_opencv)
[1.366s] Level 1:colcon.colcon_core.environment:checking '/home/autonomous-car/Desktop/Autonomous_car_ros2/install/vision_opencv' for CMake module files
[1.366s] DEBUG:colcon.colcon_core.event_handler.log_command:Invoked command in '/home/autonomous-car/Desktop/Autonomous_car_ros2/build/vision_opencv' returned '0': AMENT_PREFIX_PATH=/home/autonomous-car/Desktop/Autonomous_car_ros2/install/image_geometry:/home/autonomous-car/Desktop/Autonomous_car_ros2/install/cv_bridge:${AMENT_PREFIX_PATH} CMAKE_PREFIX_PATH=/home/autonomous-car/Desktop/Autonomous_car_ros2/install/image_geometry:/home/autonomous-car/Desktop/Autonomous_car_ros2/install/cv_bridge:/opt/ros/eloquent:${CMAKE_PREFIX_PATH} LD_LIBRARY_PATH=/home/autonomous-car/Desktop/Autonomous_car_ros2/install/image_geometry/lib:/home/autonomous-car/Desktop/Autonomous_car_ros2/install/cv_bridge/lib:${LD_LIBRARY_PATH} PYTHONPATH=/home/autonomous-car/Desktop/Autonomous_car_ros2/install/image_geometry/lib/python3.6/site-packages:/home/autonomous-car/Desktop/Autonomous_car_ros2/install/cv_bridge/lib/python3.6/site-packages:${PYTHONPATH} /usr/bin/cmake --build /home/autonomous-car/Desktop/Autonomous_car_ros2/build/vision_opencv --target install -- -j6 -l6
[1.367s] Level 1:colcon.colcon_core.environment:checking '/home/autonomous-car/Desktop/Autonomous_car_ros2/install/vision_opencv' for CMake config files
[1.367s] Level 1:colcon.colcon_core.shell:create_environment_hook('vision_opencv', 'cmake_prefix_path')
[1.367s] INFO:colcon.colcon_core.shell:Creating environment hook '/home/autonomous-car/Desktop/Autonomous_car_ros2/install/vision_opencv/share/vision_opencv/hook/cmake_prefix_path.ps1'
[1.368s] INFO:colcon.colcon_core.shell:Creating environment descriptor '/home/autonomous-car/Desktop/Autonomous_car_ros2/install/vision_opencv/share/vision_opencv/hook/cmake_prefix_path.dsv'
[1.368s] INFO:colcon.colcon_core.shell:Creating environment hook '/home/autonomous-car/Desktop/Autonomous_car_ros2/install/vision_opencv/share/vision_opencv/hook/cmake_prefix_path.sh'
[1.368s] Level 1:colcon.colcon_core.environment:checking '/home/autonomous-car/Desktop/Autonomous_car_ros2/install/vision_opencv/bin'
[1.369s] Level 1:colcon.colcon_core.environment:checking '/home/autonomous-car/Desktop/Autonomous_car_ros2/install/vision_opencv/lib/pkgconfig/vision_opencv.pc'
[1.369s] Level 1:colcon.colcon_core.environment:checking '/home/autonomous-car/Desktop/Autonomous_car_ros2/install/vision_opencv/lib/python3.6/site-packages'
[1.369s] INFO:colcon.colcon_core.shell:Creating package script '/home/autonomous-car/Desktop/Autonomous_car_ros2/install/vision_opencv/share/vision_opencv/package.ps1'
[1.369s] INFO:colcon.colcon_core.shell:Creating package descriptor '/home/autonomous-car/Desktop/Autonomous_car_ros2/install/vision_opencv/share/vision_opencv/package.dsv'
[1.370s] INFO:colcon.colcon_core.shell:Creating package script '/home/autonomous-car/Desktop/Autonomous_car_ros2/install/vision_opencv/share/vision_opencv/package.sh'
[1.370s] INFO:colcon.colcon_core.shell:Creating package script '/home/autonomous-car/Desktop/Autonomous_car_ros2/install/vision_opencv/share/vision_opencv/package.bash'
[1.370s] INFO:colcon.colcon_core.shell:Creating package script '/home/autonomous-car/Desktop/Autonomous_car_ros2/install/vision_opencv/share/vision_opencv/package.zsh'
[1.371s] Level 1:colcon.colcon_core.environment:create_file_with_runtime_dependencies(/home/autonomous-car/Desktop/Autonomous_car_ros2/install/vision_opencv/share/colcon-core/packages/vision_opencv)
[1.432s] Level 1:colcon.colcon_core.shell:create_environment_hook('opencv_tests', 'pythonpath_develop')
[1.433s] INFO:colcon.colcon_core.shell:Creating environment hook '/home/autonomous-car/Desktop/Autonomous_car_ros2/build/opencv_tests/share/opencv_tests/hook/pythonpath_develop.ps1'
[1.433s] DEBUG:colcon.colcon_core.event_handler.log_command:Invoked command in '/home/autonomous-car/Desktop/Autonomous_car_ros2/build/opencv_tests' returned '0': AMENT_PREFIX_PATH=/home/autonomous-car/Desktop/Autonomous_car_ros2/install/cv_bridge:${AMENT_PREFIX_PATH} CMAKE_PREFIX_PATH=/home/autonomous-car/Desktop/Autonomous_car_ros2/install/cv_bridge:${CMAKE_PREFIX_PATH} LD_LIBRARY_PATH=/home/autonomous-car/Desktop/Autonomous_car_ros2/install/cv_bridge/lib:${LD_LIBRARY_PATH} PYTHONPATH=/home/autonomous-car/Desktop/Autonomous_car_ros2/install/opencv_tests/lib/python3.6/site-packages:/home/autonomous-car/Desktop/Autonomous_car_ros2/install/cv_bridge/lib/python3.6/site-packages:${PYTHONPATH} /usr/bin/python3 setup.py develop --prefix /home/autonomous-car/Desktop/Autonomous_car_ros2/install/opencv_tests --editable --build-directory /home/autonomous-car/Desktop/Autonomous_car_ros2/build/opencv_tests/build --no-deps install_data --install-dir /home/autonomous-car/Desktop/Autonomous_car_ros2/install/opencv_tests
[1.434s] INFO:colcon.colcon_core.shell:Creating environment descriptor '/home/autonomous-car/Desktop/Autonomous_car_ros2/build/opencv_tests/share/opencv_tests/hook/pythonpath_develop.dsv'
[1.434s] INFO:colcon.colcon_core.shell:Creating environment hook '/home/autonomous-car/Desktop/Autonomous_car_ros2/build/opencv_tests/share/opencv_tests/hook/pythonpath_develop.sh'
[1.435s] Level 1:colcon.colcon_core.environment:checking '/home/autonomous-car/Desktop/Autonomous_car_ros2/install/opencv_tests' for CMake module files
[1.435s] Level 1:colcon.colcon_core.environment:checking '/home/autonomous-car/Desktop/Autonomous_car_ros2/install/opencv_tests' for CMake config files
[1.435s] Level 1:colcon.colcon_core.environment:checking '/home/autonomous-car/Desktop/Autonomous_car_ros2/install/opencv_tests/lib'
[1.435s] Level 1:colcon.colcon_core.environment:checking '/home/autonomous-car/Desktop/Autonomous_car_ros2/install/opencv_tests/bin'
[1.435s] Level 1:colcon.colcon_core.environment:checking '/home/autonomous-car/Desktop/Autonomous_car_ros2/install/opencv_tests/lib/pkgconfig/opencv_tests.pc'
[1.436s] Level 1:colcon.colcon_core.environment:checking '/home/autonomous-car/Desktop/Autonomous_car_ros2/install/opencv_tests/lib/python3.6/site-packages'
[1.436s] Level 1:colcon.colcon_core.shell:create_environment_hook('opencv_tests', 'pythonpath')
[1.436s] INFO:colcon.colcon_core.shell:Creating environment hook '/home/autonomous-car/Desktop/Autonomous_car_ros2/install/opencv_tests/share/opencv_tests/hook/pythonpath.ps1'
[1.436s] INFO:colcon.colcon_core.shell:Creating environment descriptor '/home/autonomous-car/Desktop/Autonomous_car_ros2/install/opencv_tests/share/opencv_tests/hook/pythonpath.dsv'
[1.436s] INFO:colcon.colcon_core.shell:Creating environment hook '/home/autonomous-car/Desktop/Autonomous_car_ros2/install/opencv_tests/share/opencv_tests/hook/pythonpath.sh'
[1.437s] Level 1:colcon.colcon_core.environment:create_environment_scripts_only(opencv_tests)
[1.437s] INFO:colcon.colcon_core.shell:Creating package script '/home/autonomous-car/Desktop/Autonomous_car_ros2/install/opencv_tests/share/opencv_tests/package.ps1'
[1.437s] INFO:colcon.colcon_core.shell:Creating package descriptor '/home/autonomous-car/Desktop/Autonomous_car_ros2/install/opencv_tests/share/opencv_tests/package.dsv'
[1.438s] INFO:colcon.colcon_core.shell:Creating package script '/home/autonomous-car/Desktop/Autonomous_car_ros2/install/opencv_tests/share/opencv_tests/package.sh'
[1.438s] INFO:colcon.colcon_core.shell:Creating package script '/home/autonomous-car/Desktop/Autonomous_car_ros2/install/opencv_tests/share/opencv_tests/package.bash'
[1.438s] INFO:colcon.colcon_core.shell:Creating package script '/home/autonomous-car/Desktop/Autonomous_car_ros2/install/opencv_tests/share/opencv_tests/package.zsh'
[1.438s] Level 1:colcon.colcon_core.environment:create_file_with_runtime_dependencies(/home/autonomous-car/Desktop/Autonomous_car_ros2/install/opencv_tests/share/colcon-core/packages/opencv_tests)
[1.642s] Level 1:colcon.colcon_core.shell:create_environment_hook('stereo_yolo3', 'pythonpath_develop')
[1.642s] INFO:colcon.colcon_core.shell:Creating environment hook '/home/autonomous-car/Desktop/Autonomous_car_ros2/build/stereo_yolo3/share/stereo_yolo3/hook/pythonpath_develop.ps1'
[1.643s] DEBUG:colcon.colcon_core.event_handler.log_command:Invoked command in '/home/autonomous-car/Desktop/Autonomous_car_ros2/build/stereo_yolo3' returned '0': AMENT_PREFIX_PATH=/home/autonomous-car/Desktop/Autonomous_car_ros2/install/cv_bridge:${AMENT_PREFIX_PATH} CMAKE_PREFIX_PATH=/home/autonomous-car/Desktop/Autonomous_car_ros2/install/cv_bridge:${CMAKE_PREFIX_PATH} LD_LIBRARY_PATH=/home/autonomous-car/Desktop/Autonomous_car_ros2/install/cv_bridge/lib:${LD_LIBRARY_PATH} PYTHONPATH=/home/autonomous-car/Desktop/Autonomous_car_ros2/install/stereo_yolo3/lib/python3.6/site-packages:/home/autonomous-car/Desktop/Autonomous_car_ros2/install/cv_bridge/lib/python3.6/site-packages:${PYTHONPATH} /usr/bin/python3 setup.py develop --prefix /home/autonomous-car/Desktop/Autonomous_car_ros2/install/stereo_yolo3 --editable --build-directory /home/autonomous-car/Desktop/Autonomous_car_ros2/build/stereo_yolo3/build --no-deps install_data --install-dir /home/autonomous-car/Desktop/Autonomous_car_ros2/install/stereo_yolo3
[1.643s] INFO:colcon.colcon_core.shell:Creating environment descriptor '/home/autonomous-car/Desktop/Autonomous_car_ros2/build/stereo_yolo3/share/stereo_yolo3/hook/pythonpath_develop.dsv'
[1.643s] INFO:colcon.colcon_core.shell:Creating environment hook '/home/autonomous-car/Desktop/Autonomous_car_ros2/build/stereo_yolo3/share/stereo_yolo3/hook/pythonpath_develop.sh'
[1.644s] Level 1:colcon.colcon_core.environment:checking '/home/autonomous-car/Desktop/Autonomous_car_ros2/install/stereo_yolo3' for CMake module files
[1.644s] Level 1:colcon.colcon_core.environment:checking '/home/autonomous-car/Desktop/Autonomous_car_ros2/install/stereo_yolo3' for CMake config files
[1.645s] Level 1:colcon.colcon_core.environment:checking '/home/autonomous-car/Desktop/Autonomous_car_ros2/install/stereo_yolo3/lib'
[1.645s] Level 1:colcon.colcon_core.environment:checking '/home/autonomous-car/Desktop/Autonomous_car_ros2/install/stereo_yolo3/bin'
[1.645s] Level 1:colcon.colcon_core.environment:checking '/home/autonomous-car/Desktop/Autonomous_car_ros2/install/stereo_yolo3/lib/pkgconfig/stereo_yolo3.pc'
[1.645s] Level 1:colcon.colcon_core.environment:checking '/home/autonomous-car/Desktop/Autonomous_car_ros2/install/stereo_yolo3/lib/python3.6/site-packages'
[1.645s] Level 1:colcon.colcon_core.shell:create_environment_hook('stereo_yolo3', 'pythonpath')
[1.645s] INFO:colcon.colcon_core.shell:Creating environment hook '/home/autonomous-car/Desktop/Autonomous_car_ros2/install/stereo_yolo3/share/stereo_yolo3/hook/pythonpath.ps1'
[1.646s] INFO:colcon.colcon_core.shell:Creating environment descriptor '/home/autonomous-car/Desktop/Autonomous_car_ros2/install/stereo_yolo3/share/stereo_yolo3/hook/pythonpath.dsv'
[1.646s] INFO:colcon.colcon_core.shell:Creating environment hook '/home/autonomous-car/Desktop/Autonomous_car_ros2/install/stereo_yolo3/share/stereo_yolo3/hook/pythonpath.sh'
[1.646s] Level 1:colcon.colcon_core.environment:create_environment_scripts_only(stereo_yolo3)
[1.646s] INFO:colcon.colcon_core.shell:Creating package script '/home/autonomous-car/Desktop/Autonomous_car_ros2/install/stereo_yolo3/share/stereo_yolo3/package.ps1'
[1.647s] INFO:colcon.colcon_core.shell:Creating package descriptor '/home/autonomous-car/Desktop/Autonomous_car_ros2/install/stereo_yolo3/share/stereo_yolo3/package.dsv'
[1.647s] INFO:colcon.colcon_core.shell:Creating package script '/home/autonomous-car/Desktop/Autonomous_car_ros2/install/stereo_yolo3/share/stereo_yolo3/package.sh'
[1.647s] INFO:colcon.colcon_core.shell:Creating package script '/home/autonomous-car/Desktop/Autonomous_car_ros2/install/stereo_yolo3/share/stereo_yolo3/package.bash'
[1.647s] INFO:colcon.colcon_core.shell:Creating package script '/home/autonomous-car/Desktop/Autonomous_car_ros2/install/stereo_yolo3/share/stereo_yolo3/package.zsh'
[1.648s] Level 1:colcon.colcon_core.environment:create_file_with_runtime_dependencies(/home/autonomous-car/Desktop/Autonomous_car_ros2/install/stereo_yolo3/share/colcon-core/packages/stereo_yolo3)
[2.228s] DEBUG:colcon.colcon_core.event_handler.log_command:Invoked command in '/home/autonomous-car/Desktop/Autonomous_car_ros2/build/custom_msgs' returned '0': AMENT_PREFIX_PATH=/home/autonomous-car/Desktop/Autonomous_car_ros2/install/cv_bridge:${AMENT_PREFIX_PATH} CMAKE_PREFIX_PATH=/home/autonomous-car/Desktop/Autonomous_car_ros2/install/cv_bridge:/opt/ros/eloquent:${CMAKE_PREFIX_PATH} LD_LIBRARY_PATH=/home/autonomous-car/Desktop/Autonomous_car_ros2/install/cv_bridge/lib:${LD_LIBRARY_PATH} PYTHONPATH=/home/autonomous-car/Desktop/Autonomous_car_ros2/install/cv_bridge/lib/python3.6/site-packages:${PYTHONPATH} /usr/bin/cmake /home/autonomous-car/Desktop/Autonomous_car_ros2/src/custom_msgs -DAMENT_CMAKE_SYMLINK_INSTALL=1 -DCMAKE_INSTALL_PREFIX=/home/autonomous-car/Desktop/Autonomous_car_ros2/install/custom_msgs
[2.230s] DEBUG:colcon.colcon_core.event_handler.log_command:Invoking command in '/home/autonomous-car/Desktop/Autonomous_car_ros2/build/custom_msgs': AMENT_PREFIX_PATH=/home/autonomous-car/Desktop/Autonomous_car_ros2/install/cv_bridge:${AMENT_PREFIX_PATH} CMAKE_PREFIX_PATH=/home/autonomous-car/Desktop/Autonomous_car_ros2/install/cv_bridge:/opt/ros/eloquent:${CMAKE_PREFIX_PATH} LD_LIBRARY_PATH=/home/autonomous-car/Desktop/Autonomous_car_ros2/install/cv_bridge/lib:${LD_LIBRARY_PATH} PYTHONPATH=/home/autonomous-car/Desktop/Autonomous_car_ros2/install/cv_bridge/lib/python3.6/site-packages:${PYTHONPATH} /usr/bin/cmake --build /home/autonomous-car/Desktop/Autonomous_car_ros2/build/custom_msgs -- -j6 -l6
[4.427s] DEBUG:colcon.colcon_core.event_handler.log_command:Invoked command in '/home/autonomous-car/Desktop/Autonomous_car_ros2/build/custom_msgs' returned '0': AMENT_PREFIX_PATH=/home/autonomous-car/Desktop/Autonomous_car_ros2/install/cv_bridge:${AMENT_PREFIX_PATH} CMAKE_PREFIX_PATH=/home/autonomous-car/Desktop/Autonomous_car_ros2/install/cv_bridge:/opt/ros/eloquent:${CMAKE_PREFIX_PATH} LD_LIBRARY_PATH=/home/autonomous-car/Desktop/Autonomous_car_ros2/install/cv_bridge/lib:${LD_LIBRARY_PATH} PYTHONPATH=/home/autonomous-car/Desktop/Autonomous_car_ros2/install/cv_bridge/lib/python3.6/site-packages:${PYTHONPATH} /usr/bin/cmake --build /home/autonomous-car/Desktop/Autonomous_car_ros2/build/custom_msgs -- -j6 -l6
[4.458s] DEBUG:colcon.colcon_core.event_handler.log_command:Invoking command in '/home/autonomous-car/Desktop/Autonomous_car_ros2/build/custom_msgs': AMENT_PREFIX_PATH=/home/autonomous-car/Desktop/Autonomous_car_ros2/install/cv_bridge:${AMENT_PREFIX_PATH} CMAKE_PREFIX_PATH=/home/autonomous-car/Desktop/Autonomous_car_ros2/install/cv_bridge:/opt/ros/eloquent:${CMAKE_PREFIX_PATH} LD_LIBRARY_PATH=/home/autonomous-car/Desktop/Autonomous_car_ros2/install/cv_bridge/lib:${LD_LIBRARY_PATH} PYTHONPATH=/home/autonomous-car/Desktop/Autonomous_car_ros2/install/cv_bridge/lib/python3.6/site-packages:${PYTHONPATH} /usr/bin/cmake --build /home/autonomous-car/Desktop/Autonomous_car_ros2/build/custom_msgs --target install -- -j6 -l6
[5.009s] Level 1:colcon.colcon_core.environment:create_environment_scripts_only(custom_msgs)
[5.009s] Level 1:colcon.colcon_core.environment:checking '/home/autonomous-car/Desktop/Autonomous_car_ros2/install/custom_msgs' for CMake module files
[5.010s] DEBUG:colcon.colcon_core.event_handler.log_command:Invoked command in '/home/autonomous-car/Desktop/Autonomous_car_ros2/build/custom_msgs' returned '0': AMENT_PREFIX_PATH=/home/autonomous-car/Desktop/Autonomous_car_ros2/install/cv_bridge:${AMENT_PREFIX_PATH} CMAKE_PREFIX_PATH=/home/autonomous-car/Desktop/Autonomous_car_ros2/install/cv_bridge:/opt/ros/eloquent:${CMAKE_PREFIX_PATH} LD_LIBRARY_PATH=/home/autonomous-car/Desktop/Autonomous_car_ros2/install/cv_bridge/lib:${LD_LIBRARY_PATH} PYTHONPATH=/home/autonomous-car/Desktop/Autonomous_car_ros2/install/cv_bridge/lib/python3.6/site-packages:${PYTHONPATH} /usr/bin/cmake --build /home/autonomous-car/Desktop/Autonomous_car_ros2/build/custom_msgs --target install -- -j6 -l6
[5.010s] Level 1:colcon.colcon_core.environment:checking '/home/autonomous-car/Desktop/Autonomous_car_ros2/install/custom_msgs' for CMake config files
[5.011s] Level 1:colcon.colcon_core.shell:create_environment_hook('custom_msgs', 'cmake_prefix_path')
[5.011s] INFO:colcon.colcon_core.shell:Creating environment hook '/home/autonomous-car/Desktop/Autonomous_car_ros2/install/custom_msgs/share/custom_msgs/hook/cmake_prefix_path.ps1'
[5.011s] INFO:colcon.colcon_core.shell:Creating environment descriptor '/home/autonomous-car/Desktop/Autonomous_car_ros2/install/custom_msgs/share/custom_msgs/hook/cmake_prefix_path.dsv'
[5.012s] INFO:colcon.colcon_core.shell:Creating environment hook '/home/autonomous-car/Desktop/Autonomous_car_ros2/install/custom_msgs/share/custom_msgs/hook/cmake_prefix_path.sh'
[5.012s] Level 1:colcon.colcon_core.environment:checking '/home/autonomous-car/Desktop/Autonomous_car_ros2/install/custom_msgs/lib'
[5.012s] Level 1:colcon.colcon_core.shell:create_environment_hook('custom_msgs', 'ld_library_path_lib')
[5.013s] INFO:colcon.colcon_core.shell:Creating environment hook '/home/autonomous-car/Desktop/Autonomous_car_ros2/install/custom_msgs/share/custom_msgs/hook/ld_library_path_lib.ps1'
[5.013s] INFO:colcon.colcon_core.shell:Creating environment descriptor '/home/autonomous-car/Desktop/Autonomous_car_ros2/install/custom_msgs/share/custom_msgs/hook/ld_library_path_lib.dsv'
[5.013s] INFO:colcon.colcon_core.shell:Creating environment hook '/home/autonomous-car/Desktop/Autonomous_car_ros2/install/custom_msgs/share/custom_msgs/hook/ld_library_path_lib.sh'
[5.013s] Level 1:colcon.colcon_core.environment:checking '/home/autonomous-car/Desktop/Autonomous_car_ros2/install/custom_msgs/bin'
[5.013s] Level 1:colcon.colcon_core.environment:checking '/home/autonomous-car/Desktop/Autonomous_car_ros2/install/custom_msgs/lib/pkgconfig/custom_msgs.pc'
[5.013s] Level 1:colcon.colcon_core.environment:checking '/home/autonomous-car/Desktop/Autonomous_car_ros2/install/custom_msgs/lib/python3.6/site-packages'
[5.013s] Level 1:colcon.colcon_core.shell:create_environment_hook('custom_msgs', 'pythonpath')
[5.014s] INFO:colcon.colcon_core.shell:Creating environment hook '/home/autonomous-car/Desktop/Autonomous_car_ros2/install/custom_msgs/share/custom_msgs/hook/pythonpath.ps1'
[5.014s] INFO:colcon.colcon_core.shell:Creating environment descriptor '/home/autonomous-car/Desktop/Autonomous_car_ros2/install/custom_msgs/share/custom_msgs/hook/pythonpath.dsv'
[5.014s] INFO:colcon.colcon_core.shell:Creating environment hook '/home/autonomous-car/Desktop/Autonomous_car_ros2/install/custom_msgs/share/custom_msgs/hook/pythonpath.sh'
[5.015s] INFO:colcon.colcon_core.shell:Creating package script '/home/autonomous-car/Desktop/Autonomous_car_ros2/install/custom_msgs/share/custom_msgs/package.ps1'
[5.015s] INFO:colcon.colcon_core.shell:Creating package descriptor '/home/autonomous-car/Desktop/Autonomous_car_ros2/install/custom_msgs/share/custom_msgs/package.dsv'
[5.015s] INFO:colcon.colcon_core.shell:Creating package script '/home/autonomous-car/Desktop/Autonomous_car_ros2/install/custom_msgs/share/custom_msgs/package.sh'
[5.016s] INFO:colcon.colcon_core.shell:Creating package script '/home/autonomous-car/Desktop/Autonomous_car_ros2/install/custom_msgs/share/custom_msgs/package.bash'
[5.016s] INFO:colcon.colcon_core.shell:Creating package script '/home/autonomous-car/Desktop/Autonomous_car_ros2/install/custom_msgs/share/custom_msgs/package.zsh'
[5.016s] Level 1:colcon.colcon_core.environment:create_file_with_runtime_dependencies(/home/autonomous-car/Desktop/Autonomous_car_ros2/install/custom_msgs/share/colcon-core/packages/custom_msgs)
[5.016s] INFO:colcon.colcon_ros.task.ament_python.build:Building ROS package in '/home/autonomous-car/Desktop/Autonomous_car_ros2/src/dataset_creator' with build type 'ament_python'
[5.017s] Level 1:colcon.colcon_core.shell:create_environment_hook('dataset_creator', 'ament_prefix_path')
[5.017s] INFO:colcon.colcon_core.shell:Creating environment hook '/home/autonomous-car/Desktop/Autonomous_car_ros2/install/dataset_creator/share/dataset_creator/hook/ament_prefix_path.ps1'
[5.018s] INFO:colcon.colcon_core.shell:Creating environment descriptor '/home/autonomous-car/Desktop/Autonomous_car_ros2/install/dataset_creator/share/dataset_creator/hook/ament_prefix_path.dsv'
[5.018s] INFO:colcon.colcon_core.shell:Creating environment hook '/home/autonomous-car/Desktop/Autonomous_car_ros2/install/dataset_creator/share/dataset_creator/hook/ament_prefix_path.sh'
[5.018s] INFO:colcon.colcon_core.shell:Skip shell extension 'powershell' for command environment: Not usable outside of PowerShell
[5.018s] DEBUG:colcon.colcon_core.shell:Skip shell extension 'dsv' for command environment
[5.019s] DEBUG:colcon.colcon_core.shell:Ignoring prefix path '/opt/ros/eloquent'
[5.019s] DEBUG:colcon.colcon_core.shell:Ignoring prefix path '/opt/ros/melodic'
[5.229s] INFO:colcon.colcon_core.task.python.build:Building Python package in '/home/autonomous-car/Desktop/Autonomous_car_ros2/src/dataset_creator'
[5.230s] INFO:colcon.colcon_core.shell:Skip shell extension 'powershell' for command environment: Not usable outside of PowerShell
[5.230s] DEBUG:colcon.colcon_core.shell:Skip shell extension 'dsv' for command environment
[5.231s] DEBUG:colcon.colcon_core.shell:Ignoring prefix path '/opt/ros/eloquent'
[5.231s] DEBUG:colcon.colcon_core.shell:Ignoring prefix path '/opt/ros/melodic'
[5.436s] DEBUG:colcon.colcon_core.event_handler.log_command:Invoking command in '/home/autonomous-car/Desktop/Autonomous_car_ros2/build/dataset_creator': AMENT_PREFIX_PATH=/home/autonomous-car/Desktop/Autonomous_car_ros2/install/custom_msgs:/home/autonomous-car/Desktop/Autonomous_car_ros2/install/cv_bridge:${AMENT_PREFIX_PATH} CMAKE_PREFIX_PATH=/home/autonomous-car/Desktop/Autonomous_car_ros2/install/custom_msgs:/home/autonomous-car/Desktop/Autonomous_car_ros2/install/cv_bridge:${CMAKE_PREFIX_PATH} LD_LIBRARY_PATH=/home/autonomous-car/Desktop/Autonomous_car_ros2/install/custom_msgs/lib:/home/autonomous-car/Desktop/Autonomous_car_ros2/install/cv_bridge/lib:${LD_LIBRARY_PATH} PYTHONPATH=/home/autonomous-car/Desktop/Autonomous_car_ros2/install/dataset_creator/lib/python3.6/site-packages:/home/autonomous-car/Desktop/Autonomous_car_ros2/install/custom_msgs/lib/python3.6/site-packages:/home/autonomous-car/Desktop/Autonomous_car_ros2/install/cv_bridge/lib/python3.6/site-packages:${PYTHONPATH} /usr/bin/python3 setup.py develop --prefix /home/autonomous-car/Desktop/Autonomous_car_ros2/install/dataset_creator --editable --build-directory /home/autonomous-car/Desktop/Autonomous_car_ros2/build/dataset_creator/build --no-deps install_data --install-dir /home/autonomous-car/Desktop/Autonomous_car_ros2/install/dataset_creator
[5.781s] Level 1:colcon.colcon_core.shell:create_environment_hook('dataset_creator', 'pythonpath_develop')
[5.782s] INFO:colcon.colcon_core.shell:Creating environment hook '/home/autonomous-car/Desktop/Autonomous_car_ros2/build/dataset_creator/share/dataset_creator/hook/pythonpath_develop.ps1'
[5.782s] DEBUG:colcon.colcon_core.event_handler.log_command:Invoked command in '/home/autonomous-car/Desktop/Autonomous_car_ros2/build/dataset_creator' returned '0': AMENT_PREFIX_PATH=/home/autonomous-car/Desktop/Autonomous_car_ros2/install/custom_msgs:/home/autonomous-car/Desktop/Autonomous_car_ros2/install/cv_bridge:${AMENT_PREFIX_PATH} CMAKE_PREFIX_PATH=/home/autonomous-car/Desktop/Autonomous_car_ros2/install/custom_msgs:/home/autonomous-car/Desktop/Autonomous_car_ros2/install/cv_bridge:${CMAKE_PREFIX_PATH} LD_LIBRARY_PATH=/home/autonomous-car/Desktop/Autonomous_car_ros2/install/custom_msgs/lib:/home/autonomous-car/Desktop/Autonomous_car_ros2/install/cv_bridge/lib:${LD_LIBRARY_PATH} PYTHONPATH=/home/autonomous-car/Desktop/Autonomous_car_ros2/install/dataset_creator/lib/python3.6/site-packages:/home/autonomous-car/Desktop/Autonomous_car_ros2/install/custom_msgs/lib/python3.6/site-packages:/home/autonomous-car/Desktop/Autonomous_car_ros2/install/cv_bridge/lib/python3.6/site-packages:${PYTHONPATH} /usr/bin/python3 setup.py develop --prefix /home/autonomous-car/Desktop/Autonomous_car_ros2/install/dataset_creator --editable --build-directory /home/autonomous-car/Desktop/Autonomous_car_ros2/build/dataset_creator/build --no-deps install_data --install-dir /home/autonomous-car/Desktop/Autonomous_car_ros2/install/dataset_creator
[5.782s] INFO:colcon.colcon_core.shell:Creating environment descriptor '/home/autonomous-car/Desktop/Autonomous_car_ros2/build/dataset_creator/share/dataset_creator/hook/pythonpath_develop.dsv'
[5.783s] INFO:colcon.colcon_core.shell:Creating environment hook '/home/autonomous-car/Desktop/Autonomous_car_ros2/build/dataset_creator/share/dataset_creator/hook/pythonpath_develop.sh'
[5.783s] Level 1:colcon.colcon_core.environment:checking '/home/autonomous-car/Desktop/Autonomous_car_ros2/install/dataset_creator' for CMake module files
[5.784s] Level 1:colcon.colcon_core.environment:checking '/home/autonomous-car/Desktop/Autonomous_car_ros2/install/dataset_creator' for CMake config files
[5.784s] Level 1:colcon.colcon_core.environment:checking '/home/autonomous-car/Desktop/Autonomous_car_ros2/install/dataset_creator/lib'
[5.784s] Level 1:colcon.colcon_core.environment:checking '/home/autonomous-car/Desktop/Autonomous_car_ros2/install/dataset_creator/bin'
[5.784s] Level 1:colcon.colcon_core.environment:checking '/home/autonomous-car/Desktop/Autonomous_car_ros2/install/dataset_creator/lib/pkgconfig/dataset_creator.pc'
[5.784s] Level 1:colcon.colcon_core.environment:checking '/home/autonomous-car/Desktop/Autonomous_car_ros2/install/dataset_creator/lib/python3.6/site-packages'
[5.784s] Level 1:colcon.colcon_core.shell:create_environment_hook('dataset_creator', 'pythonpath')
[5.785s] INFO:colcon.colcon_core.shell:Creating environment hook '/home/autonomous-car/Desktop/Autonomous_car_ros2/install/dataset_creator/share/dataset_creator/hook/pythonpath.ps1'
[5.785s] INFO:colcon.colcon_core.shell:Creating environment descriptor '/home/autonomous-car/Desktop/Autonomous_car_ros2/install/dataset_creator/share/dataset_creator/hook/pythonpath.dsv'
[5.785s] INFO:colcon.colcon_core.shell:Creating environment hook '/home/autonomous-car/Desktop/Autonomous_car_ros2/install/dataset_creator/share/dataset_creator/hook/pythonpath.sh'
[5.785s] Level 1:colcon.colcon_core.environment:create_environment_scripts_only(dataset_creator)
[5.786s] INFO:colcon.colcon_core.shell:Creating package script '/home/autonomous-car/Desktop/Autonomous_car_ros2/install/dataset_creator/share/dataset_creator/package.ps1'
[5.786s] INFO:colcon.colcon_core.shell:Creating package descriptor '/home/autonomous-car/Desktop/Autonomous_car_ros2/install/dataset_creator/share/dataset_creator/package.dsv'
[5.787s] INFO:colcon.colcon_core.shell:Creating package script '/home/autonomous-car/Desktop/Autonomous_car_ros2/install/dataset_creator/share/dataset_creator/package.sh'
[5.787s] INFO:colcon.colcon_core.shell:Creating package script '/home/autonomous-car/Desktop/Autonomous_car_ros2/install/dataset_creator/share/dataset_creator/package.bash'
[5.787s] INFO:colcon.colcon_core.shell:Creating package script '/home/autonomous-car/Desktop/Autonomous_car_ros2/install/dataset_creator/share/dataset_creator/package.zsh'
[5.787s] Level 1:colcon.colcon_core.environment:create_file_with_runtime_dependencies(/home/autonomous-car/Desktop/Autonomous_car_ros2/install/dataset_creator/share/colcon-core/packages/dataset_creator)
[5.788s] DEBUG:colcon.colcon_parallel_executor.executor.parallel:closing loop
[5.788s] DEBUG:colcon.colcon_parallel_executor.executor.parallel:loop closed
[5.788s] DEBUG:colcon.colcon_parallel_executor.executor.parallel:run_until_complete finished with '0'
[5.789s] DEBUG:colcon.colcon_core.event_reactor:joining thread
[5.793s] INFO:colcon.colcon_core.plugin_system:Skipping extension 'colcon_notification.desktop_notification.terminal_notifier': Not used on non-Darwin systems
[5.793s] INFO:colcon.colcon_core.plugin_system:Skipping extension 'colcon_notification.desktop_notification.win32': Not used on non-Windows systems
[5.793s] INFO:colcon.colcon_notification.desktop_notification:Sending desktop notification using 'notify2'
[5.794s] DEBUG:colcon.colcon_core.event_reactor:joined thread
[5.795s] INFO:colcon.colcon_core.shell:Creating prefix script '/home/autonomous-car/Desktop/Autonomous_car_ros2/install/local_setup.ps1'
[5.796s] INFO:colcon.colcon_core.shell:Creating prefix util module '/home/autonomous-car/Desktop/Autonomous_car_ros2/install/_local_setup_util_ps1.py'
[5.797s] INFO:colcon.colcon_core.shell:Creating prefix chain script '/home/autonomous-car/Desktop/Autonomous_car_ros2/install/setup.ps1'
[5.798s] INFO:colcon.colcon_core.shell:Creating prefix script '/home/autonomous-car/Desktop/Autonomous_car_ros2/install/local_setup.sh'
[5.799s] INFO:colcon.colcon_core.shell:Creating prefix util module '/home/autonomous-car/Desktop/Autonomous_car_ros2/install/_local_setup_util_sh.py'
[5.799s] INFO:colcon.colcon_core.shell:Creating prefix chain script '/home/autonomous-car/Desktop/Autonomous_car_ros2/install/setup.sh'
[5.801s] INFO:colcon.colcon_core.shell:Creating prefix script '/home/autonomous-car/Desktop/Autonomous_car_ros2/install/local_setup.bash'
[5.801s] INFO:colcon.colcon_core.shell:Creating prefix chain script '/home/autonomous-car/Desktop/Autonomous_car_ros2/install/setup.bash'
[5.803s] INFO:colcon.colcon_core.shell:Creating prefix script '/home/autonomous-car/Desktop/Autonomous_car_ros2/install/local_setup.zsh'
[5.803s] INFO:colcon.colcon_core.shell:Creating prefix chain script '/home/autonomous-car/Desktop/Autonomous_car_ros2/install/setup.zsh'
