[0.621s] Invoking command in '/home/autonomous-car/Desktop/Autonomous_car_ros2/build/control_accel_ard': PYTHONPATH=/home/autonomous-car/Desktop/Autonomous_car_ros2/install/control_accel_ard/lib/python3.8/site-packages:${PYTHONPATH} /usr/bin/python3 setup.py develop --prefix /home/autonomous-car/Desktop/Autonomous_car_ros2/install/control_accel_ard --editable --build-directory /home/autonomous-car/Desktop/Autonomous_car_ros2/build/control_accel_ard/build --no-deps install_data --install-dir /home/autonomous-car/Desktop/Autonomous_car_ros2/install/control_accel_ard
[0.818s] running develop
[0.946s] running egg_info
[0.946s] creating control_accel_ard.egg-info
[0.946s] writing control_accel_ard.egg-info/PKG-INFO
[0.946s] writing dependency_links to control_accel_ard.egg-info/dependency_links.txt
[0.946s] writing entry points to control_accel_ard.egg-info/entry_points.txt
[0.946s] writing requirements to control_accel_ard.egg-info/requires.txt
[0.947s] writing top-level names to control_accel_ard.egg-info/top_level.txt
[0.947s] writing manifest file 'control_accel_ard.egg-info/SOURCES.txt'
[0.970s] reading manifest file 'control_accel_ard.egg-info/SOURCES.txt'
[0.971s] writing manifest file 'control_accel_ard.egg-info/SOURCES.txt'
[0.998s] running build_ext
[0.998s] Creating /home/autonomous-car/Desktop/Autonomous_car_ros2/install/control_accel_ard/lib/python3.8/site-packages/site.py
[1.000s] Creating /home/autonomous-car/Desktop/Autonomous_car_ros2/install/control_accel_ard/lib/python3.8/site-packages/control-accel-ard.egg-link (link to .)
[1.000s] 
[1.000s] Installed /home/autonomous-car/Desktop/Autonomous_car_ros2/build/control_accel_ard
[1.001s] running install_data
[1.001s] creating /home/autonomous-car/Desktop/Autonomous_car_ros2/install/control_accel_ard/share/ament_index
[1.001s] creating /home/autonomous-car/Desktop/Autonomous_car_ros2/install/control_accel_ard/share/ament_index/resource_index
[1.001s] creating /home/autonomous-car/Desktop/Autonomous_car_ros2/install/control_accel_ard/share/ament_index/resource_index/packages
[1.001s] copying resource/control_accel_ard -> /home/autonomous-car/Desktop/Autonomous_car_ros2/install/control_accel_ard/share/ament_index/resource_index/packages
[1.001s] copying package.xml -> /home/autonomous-car/Desktop/Autonomous_car_ros2/install/control_accel_ard/share/control_accel_ard
[1.031s] Invoked command in '/home/autonomous-car/Desktop/Autonomous_car_ros2/build/control_accel_ard' returned '0': PYTHONPATH=/home/autonomous-car/Desktop/Autonomous_car_ros2/install/control_accel_ard/lib/python3.8/site-packages:${PYTHONPATH} /usr/bin/python3 setup.py develop --prefix /home/autonomous-car/Desktop/Autonomous_car_ros2/install/control_accel_ard --editable --build-directory /home/autonomous-car/Desktop/Autonomous_car_ros2/build/control_accel_ard/build --no-deps install_data --install-dir /home/autonomous-car/Desktop/Autonomous_car_ros2/install/control_accel_ard
