[0.059s] -- The C compiler identification is GNU 7.4.0
[0.095s] -- The CXX compiler identification is GNU 7.4.0
[0.097s] -- Check for working C compiler: /usr/bin/cc
[0.146s] -- Check for working C compiler: /usr/bin/cc -- works
[0.146s] -- Detecting C compiler ABI info
[0.194s] -- Detecting C compiler ABI info - done
[0.198s] -- Detecting C compile features
[0.340s] -- Detecting C compile features - done
[0.341s] -- Check for working CXX compiler: /usr/bin/c++
[0.397s] -- Check for working CXX compiler: /usr/bin/c++ -- works
[0.398s] -- Detecting CXX compiler ABI info
[0.454s] -- Detecting CXX compiler ABI info - done
[0.458s] -- Detecting CXX compile features
[0.691s] -- Detecting CXX compile features - done
[0.692s] -- Found ament_cmake_ros: 0.8.0 (/opt/ros/eloquent/share/ament_cmake_ros/cmake)
[0.715s] -- Found PythonInterp: /usr/bin/python3 (found suitable version "3.6.9", minimum required is "3") 
[0.715s] -- Using PYTHON_EXECUTABLE: /usr/bin/python3
[0.868s] -- Override CMake install command with custom implementation using symlinks instead of copying resources
[0.889s] -- Found PythonLibs: /usr/lib/x86_64-linux-gnu/libpython3.6m.so (found version "3.6.9") 
[0.930s] -- Boost version: 1.65.1
[0.930s] -- Found the following Boost libraries:
[0.930s] --   python3
[0.931s] -- Found sensor_msgs: 0.8.1 (/opt/ros/eloquent/share/sensor_msgs/cmake)
[0.941s] -- Found rosidl_adapter: 0.8.2 (/opt/ros/eloquent/share/rosidl_adapter/cmake)
[0.993s] -- Found OpenCV: /usr (found suitable version "3.2.0", minimum required is "3") found components:  opencv_core opencv_imgproc opencv_imgcodecs 
[1.016s] -- Performing Test COMPILER_HAS_HIDDEN_VISIBILITY
[1.073s] -- Performing Test COMPILER_HAS_HIDDEN_VISIBILITY - Success
[1.074s] -- Performing Test COMPILER_HAS_HIDDEN_INLINE_VISIBILITY
[1.127s] -- Performing Test COMPILER_HAS_HIDDEN_INLINE_VISIBILITY - Success
[1.127s] -- Performing Test COMPILER_HAS_DEPRECATED_ATTR
[1.185s] -- Performing Test COMPILER_HAS_DEPRECATED_ATTR - Success
[1.203s] -- Found PythonInterp: /usr/bin/python3 (found version "3.6.9") 
[1.204s] -- Found PythonLibs: /usr/lib/x86_64-linux-gnu/libpython3.6m.so (found suitable version "3.6.9", minimum required is "3.6") 
[1.301s] -- Found ament_lint_auto: 0.8.1 (/opt/ros/eloquent/share/ament_lint_auto/cmake)
[1.361s] -- Found gtest sources under '/opt/ros/eloquent/src/gtest_vendor': C++ tests using 'Google Test' will be built
[1.362s] -- Looking for pthread.h
[1.415s] -- Looking for pthread.h - found
[1.415s] -- Looking for pthread_create
[1.478s] -- Looking for pthread_create - not found
[1.481s] -- Check if compiler accepts -pthread
[1.536s] -- Check if compiler accepts -pthread - yes
[1.537s] -- Found Threads: TRUE  
[2.569s] -- Configuring done
[2.588s] -- Generating done
[2.589s] -- Build files have been written to: /home/autonomous-car/Desktop/Autonomous_car_ros2/build/cv_bridge
