[0.619s] Invoking command in '/home/autonomous-car/Desktop/Autonomous_car_ros2/build/arduino_serial': PYTHONPATH=/home/autonomous-car/Desktop/Autonomous_car_ros2/install/arduino_serial/lib/python3.8/site-packages:${PYTHONPATH} /usr/bin/python3 setup.py develop --prefix /home/autonomous-car/Desktop/Autonomous_car_ros2/install/arduino_serial --editable --build-directory /home/autonomous-car/Desktop/Autonomous_car_ros2/build/arduino_serial/build --no-deps install_data --install-dir /home/autonomous-car/Desktop/Autonomous_car_ros2/install/arduino_serial
[0.807s] running develop
[0.928s] running egg_info
[0.928s] creating arduino_serial.egg-info
[0.929s] writing arduino_serial.egg-info/PKG-INFO
[0.929s] writing dependency_links to arduino_serial.egg-info/dependency_links.txt
[0.929s] writing entry points to arduino_serial.egg-info/entry_points.txt
[0.929s] writing requirements to arduino_serial.egg-info/requires.txt
[0.929s] writing top-level names to arduino_serial.egg-info/top_level.txt
[0.929s] writing manifest file 'arduino_serial.egg-info/SOURCES.txt'
[0.951s] reading manifest file 'arduino_serial.egg-info/SOURCES.txt'
[0.951s] writing manifest file 'arduino_serial.egg-info/SOURCES.txt'
[0.979s] running build_ext
[0.979s] Creating /home/autonomous-car/Desktop/Autonomous_car_ros2/install/arduino_serial/lib/python3.8/site-packages/site.py
[0.981s] Creating /home/autonomous-car/Desktop/Autonomous_car_ros2/install/arduino_serial/lib/python3.8/site-packages/arduino-serial.egg-link (link to .)
[0.982s] Installing Arduino_Serial script to /home/autonomous-car/Desktop/Autonomous_car_ros2/install/arduino_serial/lib/arduino_serial
[0.984s] Installing Pot_Serial script to /home/autonomous-car/Desktop/Autonomous_car_ros2/install/arduino_serial/lib/arduino_serial
[0.984s] Installing pots2 script to /home/autonomous-car/Desktop/Autonomous_car_ros2/install/arduino_serial/lib/arduino_serial
[0.984s] 
[0.985s] Installed /home/autonomous-car/Desktop/Autonomous_car_ros2/build/arduino_serial
[0.985s] running install_data
[0.985s] creating /home/autonomous-car/Desktop/Autonomous_car_ros2/install/arduino_serial/share/ament_index
[0.985s] creating /home/autonomous-car/Desktop/Autonomous_car_ros2/install/arduino_serial/share/ament_index/resource_index
[0.985s] creating /home/autonomous-car/Desktop/Autonomous_car_ros2/install/arduino_serial/share/ament_index/resource_index/packages
[0.985s] copying resource/arduino_serial -> /home/autonomous-car/Desktop/Autonomous_car_ros2/install/arduino_serial/share/ament_index/resource_index/packages
[0.985s] copying package.xml -> /home/autonomous-car/Desktop/Autonomous_car_ros2/install/arduino_serial/share/arduino_serial
[1.030s] Invoked command in '/home/autonomous-car/Desktop/Autonomous_car_ros2/build/arduino_serial' returned '0': PYTHONPATH=/home/autonomous-car/Desktop/Autonomous_car_ros2/install/arduino_serial/lib/python3.8/site-packages:${PYTHONPATH} /usr/bin/python3 setup.py develop --prefix /home/autonomous-car/Desktop/Autonomous_car_ros2/install/arduino_serial --editable --build-directory /home/autonomous-car/Desktop/Autonomous_car_ros2/build/arduino_serial/build --no-deps install_data --install-dir /home/autonomous-car/Desktop/Autonomous_car_ros2/install/arduino_serial
