[1.414s] running develop
[1.568s] running egg_info
[1.569s] creating gui.egg-info
[1.569s] writing gui.egg-info/PKG-INFO
[1.569s] writing dependency_links to gui.egg-info/dependency_links.txt
[1.569s] writing entry points to gui.egg-info/entry_points.txt
[1.569s] writing requirements to gui.egg-info/requires.txt
[1.569s] writing top-level names to gui.egg-info/top_level.txt
[1.571s] writing manifest file 'gui.egg-info/SOURCES.txt'
[1.600s] reading manifest file 'gui.egg-info/SOURCES.txt'
[1.601s] writing manifest file 'gui.egg-info/SOURCES.txt'
[1.603s] running build_ext
[1.603s] Creating /home/autonomous-car/Desktop/Autonomous_car_ros2/install/gui/lib/python3.6/site-packages/site.py
[1.604s] Creating /home/autonomous-car/Desktop/Autonomous_car_ros2/install/gui/lib/python3.6/site-packages/gui.egg-link (link to .)
[1.605s] Installing gui script to /home/autonomous-car/Desktop/Autonomous_car_ros2/install/gui/lib/gui
[1.605s] Installing rev_cam script to /home/autonomous-car/Desktop/Autonomous_car_ros2/install/gui/lib/gui
[1.605s] 
[1.605s] Installed /home/autonomous-car/Desktop/Autonomous_car_ros2/build/gui
[1.605s] running install_data
[1.605s] creating /home/autonomous-car/Desktop/Autonomous_car_ros2/install/gui/share/ament_index
[1.606s] creating /home/autonomous-car/Desktop/Autonomous_car_ros2/install/gui/share/ament_index/resource_index
[1.606s] creating /home/autonomous-car/Desktop/Autonomous_car_ros2/install/gui/share/ament_index/resource_index/packages
[1.606s] copying resource/gui -> /home/autonomous-car/Desktop/Autonomous_car_ros2/install/gui/share/ament_index/resource_index/packages
[1.606s] copying package.xml -> /home/autonomous-car/Desktop/Autonomous_car_ros2/install/gui/share/gui
