[1.145s] Invoking command in '/home/autonomous-car/Desktop/Autonomous_car_ros2/build/gui': CMAKE_PREFIX_PATH=/home/autonomous-car/Desktop/Autonomous_car_ros2/install/cv_bridge:/home/autonomous-car/Desktop/Autonomous_car_ros2/install/vision_opencv:/home/autonomous-car/Desktop/Autonomous_car_ros2/install/image_geometry:/home/autonomous-car/Desktop/Autonomous_car_ros2/install/custom_msgs:/opt/ros/melodic LD_LIBRARY_PATH=/home/autonomous-car/Desktop/Autonomous_car_ros2/install/cv_bridge/lib:/home/autonomous-car/Desktop/Autonomous_car_ros2/install/image_geometry/lib:/home/autonomous-car/Desktop/Autonomous_car_ros2/install/custom_msgs/lib:/opt/ros/eloquent/opt/yaml_cpp_vendor/lib:/opt/ros/eloquent/opt/rviz_ogre_vendor/lib:/opt/ros/eloquent/lib:/opt/ros/melodic/lib PYTHONPATH=/home/autonomous-car/Desktop/Autonomous_car_ros2/install/gui/lib/python3.6/site-packages:/home/autonomous-car/Desktop/Autonomous_car_ros2/install/cv_bridge/lib/python3.6/site-packages:/home/autonomous-car/Desktop/Autonomous_car_ros2/build/stereo_yolo3:/home/autonomous-car/Desktop/Autonomous_car_ros2/install/stereo_yolo3/lib/python3.6/site-packages:/home/autonomous-car/Desktop/Autonomous_car_ros2/build/opencv_tests:/home/autonomous-car/Desktop/Autonomous_car_ros2/install/opencv_tests/lib/python3.6/site-packages:/home/autonomous-car/Desktop/Autonomous_car_ros2/install/image_geometry/lib/python3.6/site-packages:/home/autonomous-car/Desktop/Autonomous_car_ros2/build/dataset_creator:/home/autonomous-car/Desktop/Autonomous_car_ros2/install/dataset_creator/lib/python3.6/site-packages:/home/autonomous-car/Desktop/Autonomous_car_ros2/install/custom_msgs/lib/python3.6/site-packages:/home/autonomous-car/Desktop/Autonomous_car_ros2/build/brain:/home/autonomous-car/Desktop/Autonomous_car_ros2/install/brain/lib/python3.6/site-packages:/home/autonomous-car/Desktop/Autonomous_car_ros2/build/control_accel_ard:/home/autonomous-car/Desktop/Autonomous_car_ros2/install/control_accel_ard/lib/python3.6/site-packages:/home/autonomous-car/Desktop/Autonomous_car_ros2/build/arduino_serial:/home/autonomous-car/Desktop/Autonomous_car_ros2/install/arduino_serial/lib/python3.6/site-packages:/home/autonomous-car/Desktop/Autonomous_car_ros2/build/GUI:/home/autonomous-car/Desktop/Autonomous_car_ros2/install/GUI/lib/python3.6/site-packages:/opt/ros/eloquent/lib/python3.6/site-packages:/opt/ros/melodic/lib/python2.7/dist-packages /usr/bin/python3 setup.py develop --prefix /home/autonomous-car/Desktop/Autonomous_car_ros2/install/gui --editable --build-directory /home/autonomous-car/Desktop/Autonomous_car_ros2/build/gui/build --no-deps install_data --install-dir /home/autonomous-car/Desktop/Autonomous_car_ros2/install/gui
[1.414s] running develop
[1.568s] running egg_info
[1.569s] creating gui.egg-info
[1.569s] writing gui.egg-info/PKG-INFO
[1.569s] writing dependency_links to gui.egg-info/dependency_links.txt
[1.569s] writing entry points to gui.egg-info/entry_points.txt
[1.569s] writing requirements to gui.egg-info/requires.txt
[1.569s] writing top-level names to gui.egg-info/top_level.txt
[1.571s] writing manifest file 'gui.egg-info/SOURCES.txt'
[1.600s] reading manifest file 'gui.egg-info/SOURCES.txt'
[1.601s] writing manifest file 'gui.egg-info/SOURCES.txt'
[1.603s] running build_ext
[1.603s] Creating /home/autonomous-car/Desktop/Autonomous_car_ros2/install/gui/lib/python3.6/site-packages/site.py
[1.604s] Creating /home/autonomous-car/Desktop/Autonomous_car_ros2/install/gui/lib/python3.6/site-packages/gui.egg-link (link to .)
[1.605s] Installing gui script to /home/autonomous-car/Desktop/Autonomous_car_ros2/install/gui/lib/gui
[1.605s] Installing rev_cam script to /home/autonomous-car/Desktop/Autonomous_car_ros2/install/gui/lib/gui
[1.605s] 
[1.605s] Installed /home/autonomous-car/Desktop/Autonomous_car_ros2/build/gui
[1.605s] running install_data
[1.605s] creating /home/autonomous-car/Desktop/Autonomous_car_ros2/install/gui/share/ament_index
[1.606s] creating /home/autonomous-car/Desktop/Autonomous_car_ros2/install/gui/share/ament_index/resource_index
[1.606s] creating /home/autonomous-car/Desktop/Autonomous_car_ros2/install/gui/share/ament_index/resource_index/packages
[1.606s] copying resource/gui -> /home/autonomous-car/Desktop/Autonomous_car_ros2/install/gui/share/ament_index/resource_index/packages
[1.606s] copying package.xml -> /home/autonomous-car/Desktop/Autonomous_car_ros2/install/gui/share/gui
[1.648s] Invoked command in '/home/autonomous-car/Desktop/Autonomous_car_ros2/build/gui' returned '0': CMAKE_PREFIX_PATH=/home/autonomous-car/Desktop/Autonomous_car_ros2/install/cv_bridge:/home/autonomous-car/Desktop/Autonomous_car_ros2/install/vision_opencv:/home/autonomous-car/Desktop/Autonomous_car_ros2/install/image_geometry:/home/autonomous-car/Desktop/Autonomous_car_ros2/install/custom_msgs:/opt/ros/melodic LD_LIBRARY_PATH=/home/autonomous-car/Desktop/Autonomous_car_ros2/install/cv_bridge/lib:/home/autonomous-car/Desktop/Autonomous_car_ros2/install/image_geometry/lib:/home/autonomous-car/Desktop/Autonomous_car_ros2/install/custom_msgs/lib:/opt/ros/eloquent/opt/yaml_cpp_vendor/lib:/opt/ros/eloquent/opt/rviz_ogre_vendor/lib:/opt/ros/eloquent/lib:/opt/ros/melodic/lib PYTHONPATH=/home/autonomous-car/Desktop/Autonomous_car_ros2/install/gui/lib/python3.6/site-packages:/home/autonomous-car/Desktop/Autonomous_car_ros2/install/cv_bridge/lib/python3.6/site-packages:/home/autonomous-car/Desktop/Autonomous_car_ros2/build/stereo_yolo3:/home/autonomous-car/Desktop/Autonomous_car_ros2/install/stereo_yolo3/lib/python3.6/site-packages:/home/autonomous-car/Desktop/Autonomous_car_ros2/build/opencv_tests:/home/autonomous-car/Desktop/Autonomous_car_ros2/install/opencv_tests/lib/python3.6/site-packages:/home/autonomous-car/Desktop/Autonomous_car_ros2/install/image_geometry/lib/python3.6/site-packages:/home/autonomous-car/Desktop/Autonomous_car_ros2/build/dataset_creator:/home/autonomous-car/Desktop/Autonomous_car_ros2/install/dataset_creator/lib/python3.6/site-packages:/home/autonomous-car/Desktop/Autonomous_car_ros2/install/custom_msgs/lib/python3.6/site-packages:/home/autonomous-car/Desktop/Autonomous_car_ros2/build/brain:/home/autonomous-car/Desktop/Autonomous_car_ros2/install/brain/lib/python3.6/site-packages:/home/autonomous-car/Desktop/Autonomous_car_ros2/build/control_accel_ard:/home/autonomous-car/Desktop/Autonomous_car_ros2/install/control_accel_ard/lib/python3.6/site-packages:/home/autonomous-car/Desktop/Autonomous_car_ros2/build/arduino_serial:/home/autonomous-car/Desktop/Autonomous_car_ros2/install/arduino_serial/lib/python3.6/site-packages:/home/autonomous-car/Desktop/Autonomous_car_ros2/build/GUI:/home/autonomous-car/Desktop/Autonomous_car_ros2/install/GUI/lib/python3.6/site-packages:/opt/ros/eloquent/lib/python3.6/site-packages:/opt/ros/melodic/lib/python2.7/dist-packages /usr/bin/python3 setup.py develop --prefix /home/autonomous-car/Desktop/Autonomous_car_ros2/install/gui --editable --build-directory /home/autonomous-car/Desktop/Autonomous_car_ros2/build/gui/build --no-deps install_data --install-dir /home/autonomous-car/Desktop/Autonomous_car_ros2/install/gui
