[0.025s] Invoking command in '/home/autonomous-car/Desktop/Autonomous_car_ros2/build/image_geometry': CMAKE_PREFIX_PATH=/home/autonomous-car/Desktop/Autonomous_car_ros2/install/vision_opencv:/home/autonomous-car/Desktop/Autonomous_car_ros2/install/image_geometry:/home/autonomous-car/Desktop/Autonomous_car_ros2/install/custom_msgs:/home/autonomous-car/Desktop/Autonomous_car_ros2/install/cv_bridge:/home/autonomous-car/Desktop/Autonomous_car_ros2/install/gui:/home/autonomous-car/Desktop/Autonomous_car_ros2/install/stereo_yolo3:/home/autonomous-car/Desktop/Autonomous_car_ros2/install/opencv_tests:/home/autonomous-car/Desktop/Autonomous_car_ros2/install/dataset_creator:/home/autonomous-car/Desktop/Autonomous_car_ros2/install/brain:/home/autonomous-car/Desktop/Autonomous_car_ros2/install/control_accel_ard:/home/autonomous-car/Desktop/Autonomous_car_ros2/install/arduino_serial:/home/autonomous-car/Desktop/Autonomous_car_ros2/install/GUI:/opt/ros/eloquent:/opt/ros/melodic /usr/bin/cmake --build /home/autonomous-car/Desktop/Autonomous_car_ros2/build/image_geometry -- -j6 -l6
[0.255s] [ 55%] Built target gtest
[0.255s] [ 55%] Built target image_geometry
[0.255s] [ 77%] Built target gtest_main
[0.255s] [100%] Built target image_geometry-utest
[0.479s] Invoked command in '/home/autonomous-car/Desktop/Autonomous_car_ros2/build/image_geometry' returned '0': CMAKE_PREFIX_PATH=/home/autonomous-car/Desktop/Autonomous_car_ros2/install/vision_opencv:/home/autonomous-car/Desktop/Autonomous_car_ros2/install/image_geometry:/home/autonomous-car/Desktop/Autonomous_car_ros2/install/custom_msgs:/home/autonomous-car/Desktop/Autonomous_car_ros2/install/cv_bridge:/home/autonomous-car/Desktop/Autonomous_car_ros2/install/gui:/home/autonomous-car/Desktop/Autonomous_car_ros2/install/stereo_yolo3:/home/autonomous-car/Desktop/Autonomous_car_ros2/install/opencv_tests:/home/autonomous-car/Desktop/Autonomous_car_ros2/install/dataset_creator:/home/autonomous-car/Desktop/Autonomous_car_ros2/install/brain:/home/autonomous-car/Desktop/Autonomous_car_ros2/install/control_accel_ard:/home/autonomous-car/Desktop/Autonomous_car_ros2/install/arduino_serial:/home/autonomous-car/Desktop/Autonomous_car_ros2/install/GUI:/opt/ros/eloquent:/opt/ros/melodic /usr/bin/cmake --build /home/autonomous-car/Desktop/Autonomous_car_ros2/build/image_geometry -- -j6 -l6
[0.511s] Invoking command in '/home/autonomous-car/Desktop/Autonomous_car_ros2/build/image_geometry': CMAKE_PREFIX_PATH=/home/autonomous-car/Desktop/Autonomous_car_ros2/install/vision_opencv:/home/autonomous-car/Desktop/Autonomous_car_ros2/install/image_geometry:/home/autonomous-car/Desktop/Autonomous_car_ros2/install/custom_msgs:/home/autonomous-car/Desktop/Autonomous_car_ros2/install/cv_bridge:/home/autonomous-car/Desktop/Autonomous_car_ros2/install/gui:/home/autonomous-car/Desktop/Autonomous_car_ros2/install/stereo_yolo3:/home/autonomous-car/Desktop/Autonomous_car_ros2/install/opencv_tests:/home/autonomous-car/Desktop/Autonomous_car_ros2/install/dataset_creator:/home/autonomous-car/Desktop/Autonomous_car_ros2/install/brain:/home/autonomous-car/Desktop/Autonomous_car_ros2/install/control_accel_ard:/home/autonomous-car/Desktop/Autonomous_car_ros2/install/arduino_serial:/home/autonomous-car/Desktop/Autonomous_car_ros2/install/GUI:/opt/ros/eloquent:/opt/ros/melodic /usr/bin/cmake --build /home/autonomous-car/Desktop/Autonomous_car_ros2/build/image_geometry --target install -- -j6 -l6
[0.560s] [ 22%] Built target gtest_main
[0.564s] [ 44%] Built target gtest
[0.564s] [ 77%] Built target image_geometry
[0.590s] [100%] Built target image_geometry-utest
[0.605s] [36mInstall the project...[0m
[0.612s] -- Install configuration: ""
[0.612s] -- Execute custom install script
[0.613s] -- Up-to-date symlink: /home/autonomous-car/Desktop/Autonomous_car_ros2/install/image_geometry/share/image_geometry/environment/pythonpath.sh
[0.613s] -- Up-to-date symlink: /home/autonomous-car/Desktop/Autonomous_car_ros2/install/image_geometry/share/image_geometry/environment/pythonpath.dsv
[0.613s] -- Up-to-date symlink: /home/autonomous-car/Desktop/Autonomous_car_ros2/install/image_geometry/lib/python3.6/site-packages/image_geometry/__init__.py
[0.613s] -- Up-to-date symlink: /home/autonomous-car/Desktop/Autonomous_car_ros2/install/image_geometry/lib/python3.6/site-packages/image_geometry/cameramodels.py
[0.618s] -- Up-to-date symlink: /home/autonomous-car/Desktop/Autonomous_car_ros2/install/image_geometry/include/image_geometry/pinhole_camera_model.h
[0.618s] -- Up-to-date symlink: /home/autonomous-car/Desktop/Autonomous_car_ros2/install/image_geometry/include/image_geometry/stereo_camera_model.h
[0.618s] -- Up-to-date symlink: /home/autonomous-car/Desktop/Autonomous_car_ros2/install/image_geometry/include/image_geometry/visibility_control.hpp
[0.618s] -- Up-to-date symlink: /home/autonomous-car/Desktop/Autonomous_car_ros2/install/image_geometry/lib/libimage_geometry.so
[0.618s] -- Up-to-date symlink: /home/autonomous-car/Desktop/Autonomous_car_ros2/install/image_geometry/share/image_geometry/environment/library_path.sh
[0.618s] -- Up-to-date symlink: /home/autonomous-car/Desktop/Autonomous_car_ros2/install/image_geometry/share/image_geometry/environment/library_path.dsv
[0.619s] -- Up-to-date symlink: /home/autonomous-car/Desktop/Autonomous_car_ros2/install/image_geometry/share/ament_index/resource_index/package_run_dependencies/image_geometry
[0.619s] -- Up-to-date symlink: /home/autonomous-car/Desktop/Autonomous_car_ros2/install/image_geometry/share/ament_index/resource_index/parent_prefix_path/image_geometry
[0.619s] -- Up-to-date symlink: /home/autonomous-car/Desktop/Autonomous_car_ros2/install/image_geometry/share/image_geometry/environment/ament_prefix_path.sh
[0.619s] -- Up-to-date symlink: /home/autonomous-car/Desktop/Autonomous_car_ros2/install/image_geometry/share/image_geometry/environment/ament_prefix_path.dsv
[0.619s] -- Up-to-date symlink: /home/autonomous-car/Desktop/Autonomous_car_ros2/install/image_geometry/share/image_geometry/environment/path.sh
[0.619s] -- Up-to-date symlink: /home/autonomous-car/Desktop/Autonomous_car_ros2/install/image_geometry/share/image_geometry/environment/path.dsv
[0.619s] -- Up-to-date symlink: /home/autonomous-car/Desktop/Autonomous_car_ros2/install/image_geometry/share/image_geometry/local_setup.bash
[0.619s] -- Up-to-date symlink: /home/autonomous-car/Desktop/Autonomous_car_ros2/install/image_geometry/share/image_geometry/local_setup.sh
[0.619s] -- Up-to-date symlink: /home/autonomous-car/Desktop/Autonomous_car_ros2/install/image_geometry/share/image_geometry/local_setup.zsh
[0.619s] -- Up-to-date symlink: /home/autonomous-car/Desktop/Autonomous_car_ros2/install/image_geometry/share/image_geometry/local_setup.dsv
[0.619s] -- Symlinking: /home/autonomous-car/Desktop/Autonomous_car_ros2/install/image_geometry/share/image_geometry/package.dsv
[0.628s] -- Up-to-date symlink: /home/autonomous-car/Desktop/Autonomous_car_ros2/install/image_geometry/share/ament_index/resource_index/packages/image_geometry
[0.629s] -- Up-to-date symlink: /home/autonomous-car/Desktop/Autonomous_car_ros2/install/image_geometry/share/image_geometry/cmake/ament_cmake_export_libraries-extras.cmake
[0.629s] -- Up-to-date symlink: /home/autonomous-car/Desktop/Autonomous_car_ros2/install/image_geometry/share/image_geometry/cmake/ament_cmake_export_dependencies-extras.cmake
[0.629s] -- Up-to-date symlink: /home/autonomous-car/Desktop/Autonomous_car_ros2/install/image_geometry/share/image_geometry/cmake/ament_cmake_export_include_directories-extras.cmake
[0.629s] -- Up-to-date symlink: /home/autonomous-car/Desktop/Autonomous_car_ros2/install/image_geometry/share/image_geometry/cmake/image_geometryConfig.cmake
[0.630s] -- Up-to-date symlink: /home/autonomous-car/Desktop/Autonomous_car_ros2/install/image_geometry/share/image_geometry/cmake/image_geometryConfig-version.cmake
[0.630s] -- Up-to-date symlink: /home/autonomous-car/Desktop/Autonomous_car_ros2/install/image_geometry/share/image_geometry/package.xml
[0.676s] Listing '/home/autonomous-car/Desktop/Autonomous_car_ros2/install/image_geometry/lib/python3.6/site-packages/image_geometry'...
[1.168s] Invoked command in '/home/autonomous-car/Desktop/Autonomous_car_ros2/build/image_geometry' returned '0': CMAKE_PREFIX_PATH=/home/autonomous-car/Desktop/Autonomous_car_ros2/install/vision_opencv:/home/autonomous-car/Desktop/Autonomous_car_ros2/install/image_geometry:/home/autonomous-car/Desktop/Autonomous_car_ros2/install/custom_msgs:/home/autonomous-car/Desktop/Autonomous_car_ros2/install/cv_bridge:/home/autonomous-car/Desktop/Autonomous_car_ros2/install/gui:/home/autonomous-car/Desktop/Autonomous_car_ros2/install/stereo_yolo3:/home/autonomous-car/Desktop/Autonomous_car_ros2/install/opencv_tests:/home/autonomous-car/Desktop/Autonomous_car_ros2/install/dataset_creator:/home/autonomous-car/Desktop/Autonomous_car_ros2/install/brain:/home/autonomous-car/Desktop/Autonomous_car_ros2/install/control_accel_ard:/home/autonomous-car/Desktop/Autonomous_car_ros2/install/arduino_serial:/home/autonomous-car/Desktop/Autonomous_car_ros2/install/GUI:/opt/ros/eloquent:/opt/ros/melodic /usr/bin/cmake --build /home/autonomous-car/Desktop/Autonomous_car_ros2/build/image_geometry --target install -- -j6 -l6
