[0.014s] Invoking command in '/home/autonomous-car/Desktop/Autonomous_car_ros2/build/image_geometry': CMAKE_PREFIX_PATH=/opt/ros/eloquent:${CMAKE_PREFIX_PATH} /usr/bin/cmake /home/autonomous-car/Desktop/Autonomous_car_ros2/src/vision_opencv/image_geometry -DAMENT_CMAKE_SYMLINK_INSTALL=1 -DCMAKE_INSTALL_PREFIX=/home/autonomous-car/Desktop/Autonomous_car_ros2/install/image_geometry
[0.053s] -- The C compiler identification is GNU 7.4.0
[0.090s] -- The CXX compiler identification is GNU 7.4.0
[0.092s] -- Check for working C compiler: /usr/bin/cc
[0.140s] -- Check for working C compiler: /usr/bin/cc -- works
[0.140s] -- Detecting C compiler ABI info
[0.187s] -- Detecting C compiler ABI info - done
[0.191s] -- Detecting C compile features
[0.339s] -- Detecting C compile features - done
[0.340s] -- Check for working CXX compiler: /usr/bin/c++
[0.393s] -- Check for working CXX compiler: /usr/bin/c++ -- works
[0.393s] -- Detecting CXX compiler ABI info
[0.448s] -- Detecting CXX compiler ABI info - done
[0.452s] -- Detecting CXX compile features
[0.676s] -- Detecting CXX compile features - done
[0.677s] -- Found ament_cmake_python: 0.8.2 (/opt/ros/eloquent/share/ament_cmake_python/cmake)
[0.678s] -- Found ament_cmake_ros: 0.8.0 (/opt/ros/eloquent/share/ament_cmake_ros/cmake)
[0.702s] -- Found PythonInterp: /usr/bin/python3 (found suitable version "3.6.9", minimum required is "3") 
[0.702s] -- Using PYTHON_EXECUTABLE: /usr/bin/python3
[0.852s] -- Override CMake install command with custom implementation using symlinks instead of copying resources
[0.894s] -- Found OpenCV: /usr (found version "3.2.0") found components:  calib3d core highgui imgproc 
[0.895s] -- Found sensor_msgs: 0.8.1 (/opt/ros/eloquent/share/sensor_msgs/cmake)
[0.904s] -- Found rosidl_adapter: 0.8.2 (/opt/ros/eloquent/share/rosidl_adapter/cmake)
[0.955s] -- Found gtest sources under '/opt/ros/eloquent/src/gtest_vendor': C++ tests using 'Google Test' will be built
[0.956s] -- Looking for pthread.h
[1.005s] -- Looking for pthread.h - found
[1.005s] -- Looking for pthread_create
[1.054s] -- Looking for pthread_create - not found
[1.054s] -- Check if compiler accepts -pthread
[1.105s] -- Check if compiler accepts -pthread - yes
[1.106s] -- Found Threads: TRUE  
[1.155s] -- Configuring done
[1.168s] -- Generating done
[1.169s] -- Build files have been written to: /home/autonomous-car/Desktop/Autonomous_car_ros2/build/image_geometry
[1.174s] Invoked command in '/home/autonomous-car/Desktop/Autonomous_car_ros2/build/image_geometry' returned '0': CMAKE_PREFIX_PATH=/opt/ros/eloquent:${CMAKE_PREFIX_PATH} /usr/bin/cmake /home/autonomous-car/Desktop/Autonomous_car_ros2/src/vision_opencv/image_geometry -DAMENT_CMAKE_SYMLINK_INSTALL=1 -DCMAKE_INSTALL_PREFIX=/home/autonomous-car/Desktop/Autonomous_car_ros2/install/image_geometry
[1.175s] Invoking command in '/home/autonomous-car/Desktop/Autonomous_car_ros2/build/image_geometry': CMAKE_PREFIX_PATH=/opt/ros/eloquent:${CMAKE_PREFIX_PATH} /usr/bin/cmake --build /home/autonomous-car/Desktop/Autonomous_car_ros2/build/image_geometry -- -j6 -l6
[1.210s] [35m[1mScanning dependencies of target gtest_main[0m
[1.210s] [35m[1mScanning dependencies of target image_geometry[0m
[1.210s] [35m[1mScanning dependencies of target gtest[0m
[1.220s] [ 11%] [32mBuilding CXX object CMakeFiles/image_geometry.dir/src/pinhole_camera_model.cpp.o[0m
[1.222s] [ 22%] [32mBuilding CXX object CMakeFiles/image_geometry.dir/src/stereo_camera_model.cpp.o[0m
[1.225s] [ 33%] [32mBuilding CXX object gtest/CMakeFiles/gtest.dir/src/gtest-all.cc.o[0m
[1.229s] [ 44%] [32mBuilding CXX object gtest/CMakeFiles/gtest_main.dir/src/gtest_main.cc.o[0m
[1.832s] [ 55%] [32m[1mLinking CXX static library libgtest_main.a[0m
[1.856s] [ 55%] Built target gtest_main
[2.041s] [ 66%] [32m[1mLinking CXX shared library libimage_geometry.so[0m
[2.123s] [ 66%] Built target image_geometry
[3.585s] [ 77%] [32m[1mLinking CXX static library libgtest.a[0m
[3.619s] [ 77%] Built target gtest
[3.626s] [35m[1mScanning dependencies of target image_geometry-utest[0m
[3.639s] [ 88%] [32mBuilding CXX object test/CMakeFiles/image_geometry-utest.dir/utest.cpp.o[0m
[4.600s] [100%] [32m[1mLinking CXX executable image_geometry-utest[0m
[4.728s] [100%] Built target image_geometry-utest
