[0.386s] Traceback (most recent call last):
[0.386s]   File "/home/autonomous-car/Desktop/Autonomous_car_ros2/build/serial/catkin_generated/generate_cached_setup.py", line 22, in <module>
[0.386s]     code = generate_environment_script('/home/autonomous-car/Desktop/Autonomous_car_ros2/build/serial/devel/env.sh')
[0.386s]   File "/opt/ros/melodic/lib/python2.7/dist-packages/catkin/environment_cache.py", line 62, in generate_environment_script
[0.386s]     env_after = ast.literal_eval(output.decode('utf8'))
[0.386s]   File "/usr/lib/python3.6/ast.py", line 48, in literal_eval
[0.386s]     node_or_string = parse(node_or_string, mode='eval')
[0.386s]   File "/usr/lib/python3.6/ast.py", line 35, in parse
[0.386s]     return compile(source, filename, mode, PyCF_ONLY_AST)
[0.386s]   File "<unknown>", line 1
[0.386s]     ROS_DISTRO was set to 'eloquent' before. Please make sure that the environment does not mix paths from different distributions.
[0.386s]                  ^
[0.386s] SyntaxError: invalid syntax
[0.394s] CMake Error at /opt/ros/melodic/share/catkin/cmake/safe_execute_process.cmake:11 (message):
[0.394s]   execute_process(/usr/bin/python3
[0.394s]   "/home/autonomous-car/Desktop/Autonomous_car_ros2/build/serial/catkin_generated/generate_cached_setup.py")
[0.394s]   returned error code 1
[0.395s] Call Stack (most recent call first):
[0.395s]   /opt/ros/melodic/share/catkin/cmake/all.cmake:208 (safe_execute_process)
[0.395s]   /opt/ros/melodic/share/catkin/cmake/catkinConfig.cmake:20 (include)
[0.395s]   CMakeLists.txt:5 (find_package)
[0.395s] 
[0.395s] 
