[1.300s] Traceback (most recent call last):
[1.300s]   File "/home/autonomous-car/Desktop/Autonomous_car_ros2/build/serial/catkin_generated/generate_cached_setup.py", line 22, in <module>
[1.300s]     code = generate_environment_script('/home/autonomous-car/Desktop/Autonomous_car_ros2/build/serial/devel/env.sh')
[1.300s]   File "/opt/ros/melodic/lib/python2.7/dist-packages/catkin/environment_cache.py", line 62, in generate_environment_script
[1.300s]     env_after = ast.literal_eval(output.decode('utf8'))
[1.300s]   File "/usr/lib/python3.6/ast.py", line 48, in literal_eval
[1.300s]     node_or_string = parse(node_or_string, mode='eval')
[1.300s]   File "/usr/lib/python3.6/ast.py", line 35, in parse
[1.300s]     return compile(source, filename, mode, PyCF_ONLY_AST)
[1.300s]   File "<unknown>", line 1
[1.300s]     ROS_DISTRO was set to 'eloquent' before. Please make sure that the environment does not mix paths from different distributions.
[1.300s]                  ^
[1.300s] SyntaxError: invalid syntax
[1.310s] CMake Error at /opt/ros/melodic/share/catkin/cmake/safe_execute_process.cmake:11 (message):
[1.310s]   execute_process(/usr/bin/python3
[1.310s]   "/home/autonomous-car/Desktop/Autonomous_car_ros2/build/serial/catkin_generated/generate_cached_setup.py")
[1.310s]   returned error code 1
[1.310s] Call Stack (most recent call first):
[1.310s]   /opt/ros/melodic/share/catkin/cmake/all.cmake:208 (safe_execute_process)
[1.311s]   /opt/ros/melodic/share/catkin/cmake/catkinConfig.cmake:20 (include)
[1.312s]   CMakeLists.txt:5 (find_package)
[1.312s] 
[1.312s] 
