[0.013s] Invoking command in '/home/autonomous-car/Desktop/Autonomous_car_ros2/build/serial': /usr/bin/cmake /home/autonomous-car/Desktop/Autonomous_car_ros2/src/serial-ros2 -DCATKIN_INSTALL_INTO_PREFIX_ROOT=0 -DCMAKE_INSTALL_PREFIX=/home/autonomous-car/Desktop/Autonomous_car_ros2/install/serial
[0.061s] -- The C compiler identification is GNU 7.4.0
[0.106s] -- The CXX compiler identification is GNU 7.4.0
[0.110s] -- Check for working C compiler: /usr/bin/cc
[0.159s] -- Check for working C compiler: /usr/bin/cc -- works
[0.160s] -- Detecting C compiler ABI info
[0.210s] -- Detecting C compiler ABI info - done
[0.217s] -- Detecting C compile features
[0.364s] -- Detecting C compile features - done
[0.366s] -- Check for working CXX compiler: /usr/bin/c++
[0.423s] -- Check for working CXX compiler: /usr/bin/c++ -- works
[0.424s] -- Detecting CXX compiler ABI info
[0.487s] -- Detecting CXX compiler ABI info - done
[0.493s] -- Detecting CXX compile features
[0.736s] -- Detecting CXX compile features - done
[0.738s] -- Using CATKIN_DEVEL_PREFIX: /home/autonomous-car/Desktop/Autonomous_car_ros2/build/serial/devel
[0.738s] -- Using CMAKE_PREFIX_PATH: /opt/ros/melodic
[0.738s] -- This workspace overlays: /opt/ros/melodic
[0.756s] -- Found PythonInterp: /usr/bin/python3 (found suitable version "3.6.9", minimum required is "3") 
[0.757s] -- Using PYTHON_EXECUTABLE: /usr/bin/python3
[0.757s] -- Using Debian Python package layout
[0.757s] -- Using empy: /usr/bin/empy
[0.861s] -- Using CATKIN_ENABLE_TESTING: ON
[0.862s] -- Call enable_testing()
[0.863s] -- Using CATKIN_TEST_RESULTS_DIR: /home/autonomous-car/Desktop/Autonomous_car_ros2/build/serial/test_results
[0.878s] -- Found gtest sources under '/usr/src/googletest': gtests will be built
[0.878s] -- Found gmock sources under '/usr/src/googletest': gmock will be built
[0.896s] -- Found PythonInterp: /usr/bin/python3 (found version "3.6.9") 
[0.897s] -- Looking for pthread.h
[0.948s] -- Looking for pthread.h - found
[0.948s] -- Looking for pthread_create
[0.995s] -- Looking for pthread_create - not found
[0.996s] -- Looking for pthread_create in pthreads
[1.035s] -- Looking for pthread_create in pthreads - not found
[1.036s] -- Looking for pthread_create in pthread
[1.085s] -- Looking for pthread_create in pthread - found
[1.086s] -- Found Threads: TRUE  
[1.089s] -- Using Python nosetests: /usr/bin/nosetests
[1.133s] -- catkin 0.7.20
[1.133s] -- BUILD_SHARED_LIBS is on
[1.300s] Traceback (most recent call last):
[1.300s]   File "/home/autonomous-car/Desktop/Autonomous_car_ros2/build/serial/catkin_generated/generate_cached_setup.py", line 22, in <module>
[1.300s]     code = generate_environment_script('/home/autonomous-car/Desktop/Autonomous_car_ros2/build/serial/devel/env.sh')
[1.300s]   File "/opt/ros/melodic/lib/python2.7/dist-packages/catkin/environment_cache.py", line 62, in generate_environment_script
[1.300s]     env_after = ast.literal_eval(output.decode('utf8'))
[1.300s]   File "/usr/lib/python3.6/ast.py", line 48, in literal_eval
[1.300s]     node_or_string = parse(node_or_string, mode='eval')
[1.300s]   File "/usr/lib/python3.6/ast.py", line 35, in parse
[1.300s]     return compile(source, filename, mode, PyCF_ONLY_AST)
[1.300s]   File "<unknown>", line 1
[1.300s]     ROS_DISTRO was set to 'eloquent' before. Please make sure that the environment does not mix paths from different distributions.
[1.300s]                  ^
[1.300s] SyntaxError: invalid syntax
[1.310s] CMake Error at /opt/ros/melodic/share/catkin/cmake/safe_execute_process.cmake:11 (message):
[1.310s]   execute_process(/usr/bin/python3
[1.310s]   "/home/autonomous-car/Desktop/Autonomous_car_ros2/build/serial/catkin_generated/generate_cached_setup.py")
[1.310s]   returned error code 1
[1.310s] Call Stack (most recent call first):
[1.310s]   /opt/ros/melodic/share/catkin/cmake/all.cmake:208 (safe_execute_process)
[1.311s]   /opt/ros/melodic/share/catkin/cmake/catkinConfig.cmake:20 (include)
[1.312s]   CMakeLists.txt:5 (find_package)
[1.312s] 
[1.312s] 
[1.312s] -- Configuring incomplete, errors occurred!
[1.312s] See also "/home/autonomous-car/Desktop/Autonomous_car_ros2/build/serial/CMakeFiles/CMakeOutput.log".
[1.312s] See also "/home/autonomous-car/Desktop/Autonomous_car_ros2/build/serial/CMakeFiles/CMakeError.log".
[1.319s] Invoked command in '/home/autonomous-car/Desktop/Autonomous_car_ros2/build/serial' returned '1': /usr/bin/cmake /home/autonomous-car/Desktop/Autonomous_car_ros2/src/serial-ros2 -DCATKIN_INSTALL_INTO_PREFIX_ROOT=0 -DCMAKE_INSTALL_PREFIX=/home/autonomous-car/Desktop/Autonomous_car_ros2/install/serial
