[2.311s] running develop
[2.578s] Removing /home/autonomous-car/Desktop/Autonomous_car_ros2/install/dataset_creator/lib/python3.6/site-packages/dataset-creator.egg-link (link to .)
[2.875s] running egg_info
[2.876s] writing /home/autonomous-car/Desktop/Autonomous_car_ros2/build/dataset_creator/dataset_creator.egg-info/PKG-INFO
[2.876s] writing dependency_links to /home/autonomous-car/Desktop/Autonomous_car_ros2/build/dataset_creator/dataset_creator.egg-info/dependency_links.txt
[2.876s] writing entry points to /home/autonomous-car/Desktop/Autonomous_car_ros2/build/dataset_creator/dataset_creator.egg-info/entry_points.txt
[2.876s] writing requirements to /home/autonomous-car/Desktop/Autonomous_car_ros2/build/dataset_creator/dataset_creator.egg-info/requires.txt
[2.876s] writing top-level names to /home/autonomous-car/Desktop/Autonomous_car_ros2/build/dataset_creator/dataset_creator.egg-info/top_level.txt
[2.902s] reading manifest file '/home/autonomous-car/Desktop/Autonomous_car_ros2/build/dataset_creator/dataset_creator.egg-info/SOURCES.txt'
[2.903s] writing manifest file '/home/autonomous-car/Desktop/Autonomous_car_ros2/build/dataset_creator/dataset_creator.egg-info/SOURCES.txt'
[2.903s] running build
[2.904s] running build_py
[2.904s] copying dataset_creator/gather_data.py -> /home/autonomous-car/Desktop/Autonomous_car_ros2/build/dataset_creator/build/lib/dataset_creator
[2.905s] running install
[2.905s] running install_lib
[2.906s] creating /home/autonomous-car/Desktop/Autonomous_car_ros2/install/dataset_creator/lib/python3.6/site-packages/dataset_creator
[2.906s] copying /home/autonomous-car/Desktop/Autonomous_car_ros2/build/dataset_creator/build/lib/dataset_creator/gather_data.py -> /home/autonomous-car/Desktop/Autonomous_car_ros2/install/dataset_creator/lib/python3.6/site-packages/dataset_creator
[2.906s] copying /home/autonomous-car/Desktop/Autonomous_car_ros2/build/dataset_creator/build/lib/dataset_creator/__init__.py -> /home/autonomous-car/Desktop/Autonomous_car_ros2/install/dataset_creator/lib/python3.6/site-packages/dataset_creator
[2.906s] byte-compiling /home/autonomous-car/Desktop/Autonomous_car_ros2/install/dataset_creator/lib/python3.6/site-packages/dataset_creator/gather_data.py to gather_data.cpython-36.pyc
[2.907s] byte-compiling /home/autonomous-car/Desktop/Autonomous_car_ros2/install/dataset_creator/lib/python3.6/site-packages/dataset_creator/__init__.py to __init__.cpython-36.pyc
[2.907s] running install_data
[2.908s] running install_egg_info
[2.909s] Copying /home/autonomous-car/Desktop/Autonomous_car_ros2/build/dataset_creator/dataset_creator.egg-info to /home/autonomous-car/Desktop/Autonomous_car_ros2/install/dataset_creator/lib/python3.6/site-packages/dataset_creator-0.0.0-py3.6.egg-info
[2.910s] running install_scripts
[2.923s] Installing gather_data script to /home/autonomous-car/Desktop/Autonomous_car_ros2/install/dataset_creator/lib/dataset_creator
[2.924s] writing list of installed files to '/home/autonomous-car/Desktop/Autonomous_car_ros2/build/dataset_creator/install.log'
