[0.219s] DEBUG:colcon:Command line arguments: ['/usr/bin/colcon', 'build', '--symlink-install']
[0.219s] DEBUG:colcon:Parsed command line arguments: Namespace(ament_cmake_args=None, base_paths=['.'], build_base='build', catkin_cmake_args=None, catkin_skip_building_tests=False, cmake_args=None, cmake_clean_cache=False, cmake_clean_first=False, cmake_force_configure=False, cmake_target=None, cmake_target_skip_unavailable=False, continue_on_error=False, event_handlers=None, executor='parallel', ignore_user_meta=False, install_base='install', log_base=None, log_level=None, main=<bound method BuildVerb.main of <colcon_core.verb.build.BuildVerb object at 0x7fd72fdf2278>>, merge_install=False, metas=['./colcon.meta'], packages_above=None, packages_above_depth=None, packages_end=None, packages_ignore=None, packages_ignore_regex=None, packages_select=None, packages_select_build_failed=False, packages_select_by_dep=None, packages_select_regex=None, packages_select_test_failures=False, packages_skip=None, packages_skip_build_finished=False, packages_skip_by_dep=None, packages_skip_regex=None, packages_skip_test_passed=False, packages_skip_up_to=None, packages_start=None, packages_up_to=None, parallel_workers=6, paths=None, symlink_install=True, test_result_base=None, verb_extension=<colcon_core.verb.build.BuildVerb object at 0x7fd72fdf2278>, verb_name='build', verb_parser=<colcon_defaults.argument_parser.defaults.DefaultArgumentsDecorator object at 0x7fd72fdf24a8>)
[0.279s] Level 1:colcon.colcon_core.package_discovery:discover_packages(colcon_meta) check parameters
[0.279s] Level 1:colcon.colcon_core.package_discovery:discover_packages(recursive) check parameters
[0.279s] Level 1:colcon.colcon_core.package_discovery:discover_packages(ignore) check parameters
[0.279s] Level 1:colcon.colcon_core.package_discovery:discover_packages(path) check parameters
[0.279s] Level 1:colcon.colcon_core.package_discovery:discover_packages(colcon_meta) discover
[0.280s] Level 1:colcon.colcon_core.package_discovery:discover_packages(recursive) discover
[0.280s] INFO:colcon.colcon_core.package_discovery:Crawling recursively for packages in '/home/autonomous-car/Desktop/Autonomous_car_ros2'
[0.280s] Level 1:colcon.colcon_core.package_identification:_identify(.) by extensions ['ignore', 'ignore_ament_install']
[0.280s] Level 1:colcon.colcon_core.package_identification:_identify(.) by extension 'ignore'
[0.280s] Level 1:colcon.colcon_core.package_identification:_identify(.) by extension 'ignore_ament_install'
[0.280s] Level 1:colcon.colcon_core.package_identification:_identify(.) by extensions ['colcon_pkg']
[0.280s] Level 1:colcon.colcon_core.package_identification:_identify(.) by extension 'colcon_pkg'
[0.280s] Level 1:colcon.colcon_core.package_identification:_identify(.) by extensions ['colcon_meta']
[0.280s] Level 1:colcon.colcon_core.package_identification:_identify(.) by extension 'colcon_meta'
[0.280s] Level 1:colcon.colcon_core.package_identification:_identify(.) by extensions ['ros']
[0.280s] Level 1:colcon.colcon_core.package_identification:_identify(.) by extension 'ros'
[0.289s] Level 1:colcon.colcon_core.package_identification:_identify(.) by extensions ['cmake', 'python']
[0.289s] Level 1:colcon.colcon_core.package_identification:_identify(.) by extension 'cmake'
[0.290s] Level 1:colcon.colcon_core.package_identification:_identify(.) by extension 'python'
[0.290s] Level 1:colcon.colcon_core.package_identification:_identify(.) by extensions ['python_setup_py']
[0.290s] Level 1:colcon.colcon_core.package_identification:_identify(.) by extension 'python_setup_py'
[0.290s] Level 1:colcon.colcon_core.package_identification:_identify(build) by extensions ['ignore', 'ignore_ament_install']
[0.290s] Level 1:colcon.colcon_core.package_identification:_identify(build) by extension 'ignore'
[0.290s] Level 1:colcon.colcon_core.package_identification:_identify(build) ignored
[0.290s] Level 1:colcon.colcon_core.package_identification:_identify(install) by extensions ['ignore', 'ignore_ament_install']
[0.290s] Level 1:colcon.colcon_core.package_identification:_identify(install) by extension 'ignore'
[0.290s] Level 1:colcon.colcon_core.package_identification:_identify(install) ignored
[0.290s] Level 1:colcon.colcon_core.package_identification:_identify(log) by extensions ['ignore', 'ignore_ament_install']
[0.290s] Level 1:colcon.colcon_core.package_identification:_identify(log) by extension 'ignore'
[0.290s] Level 1:colcon.colcon_core.package_identification:_identify(log) ignored
[0.291s] Level 1:colcon.colcon_core.package_identification:_identify(src) by extensions ['ignore', 'ignore_ament_install']
[0.291s] Level 1:colcon.colcon_core.package_identification:_identify(src) by extension 'ignore'
[0.291s] Level 1:colcon.colcon_core.package_identification:_identify(src) by extension 'ignore_ament_install'
[0.291s] Level 1:colcon.colcon_core.package_identification:_identify(src) by extensions ['colcon_pkg']
[0.291s] Level 1:colcon.colcon_core.package_identification:_identify(src) by extension 'colcon_pkg'
[0.291s] Level 1:colcon.colcon_core.package_identification:_identify(src) by extensions ['colcon_meta']
[0.291s] Level 1:colcon.colcon_core.package_identification:_identify(src) by extension 'colcon_meta'
[0.291s] Level 1:colcon.colcon_core.package_identification:_identify(src) by extensions ['ros']
[0.291s] Level 1:colcon.colcon_core.package_identification:_identify(src) by extension 'ros'
[0.291s] Level 1:colcon.colcon_core.package_identification:_identify(src) by extensions ['cmake', 'python']
[0.291s] Level 1:colcon.colcon_core.package_identification:_identify(src) by extension 'cmake'
[0.291s] Level 1:colcon.colcon_core.package_identification:_identify(src) by extension 'python'
[0.291s] Level 1:colcon.colcon_core.package_identification:_identify(src) by extensions ['python_setup_py']
[0.291s] Level 1:colcon.colcon_core.package_identification:_identify(src) by extension 'python_setup_py'
[0.291s] Level 1:colcon.colcon_core.package_identification:_identify(src/dataset_creator) by extensions ['ignore', 'ignore_ament_install']
[0.291s] Level 1:colcon.colcon_core.package_identification:_identify(src/dataset_creator) by extension 'ignore'
[0.291s] Level 1:colcon.colcon_core.package_identification:_identify(src/dataset_creator) by extension 'ignore_ament_install'
[0.291s] Level 1:colcon.colcon_core.package_identification:_identify(src/dataset_creator) by extensions ['colcon_pkg']
[0.291s] Level 1:colcon.colcon_core.package_identification:_identify(src/dataset_creator) by extension 'colcon_pkg'
[0.291s] Level 1:colcon.colcon_core.package_identification:_identify(src/dataset_creator) by extensions ['colcon_meta']
[0.291s] Level 1:colcon.colcon_core.package_identification:_identify(src/dataset_creator) by extension 'colcon_meta'
[0.291s] Level 1:colcon.colcon_core.package_identification:_identify(src/dataset_creator) by extensions ['ros']
[0.292s] Level 1:colcon.colcon_core.package_identification:_identify(src/dataset_creator) by extension 'ros'
[0.296s] DEBUG:colcon.colcon_core.package_identification:Package 'src/dataset_creator' with type 'ros.ament_python' and name 'dataset_creator'
[0.296s] Level 1:colcon.colcon_core.package_identification:_identify(src/stereo_yolo3) by extensions ['ignore', 'ignore_ament_install']
[0.296s] Level 1:colcon.colcon_core.package_identification:_identify(src/stereo_yolo3) by extension 'ignore'
[0.296s] Level 1:colcon.colcon_core.package_identification:_identify(src/stereo_yolo3) by extension 'ignore_ament_install'
[0.296s] Level 1:colcon.colcon_core.package_identification:_identify(src/stereo_yolo3) by extensions ['colcon_pkg']
[0.296s] Level 1:colcon.colcon_core.package_identification:_identify(src/stereo_yolo3) by extension 'colcon_pkg'
[0.296s] Level 1:colcon.colcon_core.package_identification:_identify(src/stereo_yolo3) by extensions ['colcon_meta']
[0.296s] Level 1:colcon.colcon_core.package_identification:_identify(src/stereo_yolo3) by extension 'colcon_meta'
[0.296s] Level 1:colcon.colcon_core.package_identification:_identify(src/stereo_yolo3) by extensions ['ros']
[0.296s] Level 1:colcon.colcon_core.package_identification:_identify(src/stereo_yolo3) by extension 'ros'
[0.298s] DEBUG:colcon.colcon_core.package_identification:Package 'src/stereo_yolo3' with type 'ros.ament_python' and name 'stereo_yolo3'
[0.298s] Level 1:colcon.colcon_core.package_identification:_identify(src/vision_opencv) by extensions ['ignore', 'ignore_ament_install']
[0.298s] Level 1:colcon.colcon_core.package_identification:_identify(src/vision_opencv) by extension 'ignore'
[0.298s] Level 1:colcon.colcon_core.package_identification:_identify(src/vision_opencv) by extension 'ignore_ament_install'
[0.298s] Level 1:colcon.colcon_core.package_identification:_identify(src/vision_opencv) by extensions ['colcon_pkg']
[0.298s] Level 1:colcon.colcon_core.package_identification:_identify(src/vision_opencv) by extension 'colcon_pkg'
[0.298s] Level 1:colcon.colcon_core.package_identification:_identify(src/vision_opencv) by extensions ['colcon_meta']
[0.298s] Level 1:colcon.colcon_core.package_identification:_identify(src/vision_opencv) by extension 'colcon_meta'
[0.298s] Level 1:colcon.colcon_core.package_identification:_identify(src/vision_opencv) by extensions ['ros']
[0.298s] Level 1:colcon.colcon_core.package_identification:_identify(src/vision_opencv) by extension 'ros'
[0.298s] Level 1:colcon.colcon_core.package_identification:_identify(src/vision_opencv) by extensions ['cmake', 'python']
[0.298s] Level 1:colcon.colcon_core.package_identification:_identify(src/vision_opencv) by extension 'cmake'
[0.298s] Level 1:colcon.colcon_core.package_identification:_identify(src/vision_opencv) by extension 'python'
[0.298s] Level 1:colcon.colcon_core.package_identification:_identify(src/vision_opencv) by extensions ['python_setup_py']
[0.298s] Level 1:colcon.colcon_core.package_identification:_identify(src/vision_opencv) by extension 'python_setup_py'
[0.299s] Level 1:colcon.colcon_core.package_identification:_identify(src/vision_opencv/cv_bridge) by extensions ['ignore', 'ignore_ament_install']
[0.299s] Level 1:colcon.colcon_core.package_identification:_identify(src/vision_opencv/cv_bridge) by extension 'ignore'
[0.299s] Level 1:colcon.colcon_core.package_identification:_identify(src/vision_opencv/cv_bridge) by extension 'ignore_ament_install'
[0.299s] Level 1:colcon.colcon_core.package_identification:_identify(src/vision_opencv/cv_bridge) by extensions ['colcon_pkg']
[0.299s] Level 1:colcon.colcon_core.package_identification:_identify(src/vision_opencv/cv_bridge) by extension 'colcon_pkg'
[0.299s] Level 1:colcon.colcon_core.package_identification:_identify(src/vision_opencv/cv_bridge) by extensions ['colcon_meta']
[0.299s] Level 1:colcon.colcon_core.package_identification:_identify(src/vision_opencv/cv_bridge) by extension 'colcon_meta'
[0.299s] Level 1:colcon.colcon_core.package_identification:_identify(src/vision_opencv/cv_bridge) by extensions ['ros']
[0.299s] Level 1:colcon.colcon_core.package_identification:_identify(src/vision_opencv/cv_bridge) by extension 'ros'
[0.300s] DEBUG:colcon.colcon_core.package_identification:Package 'src/vision_opencv/cv_bridge' with type 'ros.ament_cmake' and name 'cv_bridge'
[0.300s] Level 1:colcon.colcon_core.package_identification:_identify(src/vision_opencv/image_geometry) by extensions ['ignore', 'ignore_ament_install']
[0.300s] Level 1:colcon.colcon_core.package_identification:_identify(src/vision_opencv/image_geometry) by extension 'ignore'
[0.300s] Level 1:colcon.colcon_core.package_identification:_identify(src/vision_opencv/image_geometry) by extension 'ignore_ament_install'
[0.300s] Level 1:colcon.colcon_core.package_identification:_identify(src/vision_opencv/image_geometry) by extensions ['colcon_pkg']
[0.300s] Level 1:colcon.colcon_core.package_identification:_identify(src/vision_opencv/image_geometry) by extension 'colcon_pkg'
[0.300s] Level 1:colcon.colcon_core.package_identification:_identify(src/vision_opencv/image_geometry) by extensions ['colcon_meta']
[0.300s] Level 1:colcon.colcon_core.package_identification:_identify(src/vision_opencv/image_geometry) by extension 'colcon_meta'
[0.300s] Level 1:colcon.colcon_core.package_identification:_identify(src/vision_opencv/image_geometry) by extensions ['ros']
[0.301s] Level 1:colcon.colcon_core.package_identification:_identify(src/vision_opencv/image_geometry) by extension 'ros'
[0.302s] DEBUG:colcon.colcon_core.package_identification:Package 'src/vision_opencv/image_geometry' with type 'ros.ament_cmake' and name 'image_geometry'
[0.302s] Level 1:colcon.colcon_core.package_identification:_identify(src/vision_opencv/opencv_tests) by extensions ['ignore', 'ignore_ament_install']
[0.302s] Level 1:colcon.colcon_core.package_identification:_identify(src/vision_opencv/opencv_tests) by extension 'ignore'
[0.302s] Level 1:colcon.colcon_core.package_identification:_identify(src/vision_opencv/opencv_tests) by extension 'ignore_ament_install'
[0.302s] Level 1:colcon.colcon_core.package_identification:_identify(src/vision_opencv/opencv_tests) by extensions ['colcon_pkg']
[0.302s] Level 1:colcon.colcon_core.package_identification:_identify(src/vision_opencv/opencv_tests) by extension 'colcon_pkg'
[0.302s] Level 1:colcon.colcon_core.package_identification:_identify(src/vision_opencv/opencv_tests) by extensions ['colcon_meta']
[0.302s] Level 1:colcon.colcon_core.package_identification:_identify(src/vision_opencv/opencv_tests) by extension 'colcon_meta'
[0.302s] Level 1:colcon.colcon_core.package_identification:_identify(src/vision_opencv/opencv_tests) by extensions ['ros']
[0.302s] Level 1:colcon.colcon_core.package_identification:_identify(src/vision_opencv/opencv_tests) by extension 'ros'
[0.303s] DEBUG:colcon.colcon_core.package_identification:Package 'src/vision_opencv/opencv_tests' with type 'ros.ament_python' and name 'opencv_tests'
[0.303s] Level 1:colcon.colcon_core.package_identification:_identify(src/vision_opencv/vision_opencv) by extensions ['ignore', 'ignore_ament_install']
[0.303s] Level 1:colcon.colcon_core.package_identification:_identify(src/vision_opencv/vision_opencv) by extension 'ignore'
[0.303s] Level 1:colcon.colcon_core.package_identification:_identify(src/vision_opencv/vision_opencv) by extension 'ignore_ament_install'
[0.304s] Level 1:colcon.colcon_core.package_identification:_identify(src/vision_opencv/vision_opencv) by extensions ['colcon_pkg']
[0.304s] Level 1:colcon.colcon_core.package_identification:_identify(src/vision_opencv/vision_opencv) by extension 'colcon_pkg'
[0.304s] Level 1:colcon.colcon_core.package_identification:_identify(src/vision_opencv/vision_opencv) by extensions ['colcon_meta']
[0.304s] Level 1:colcon.colcon_core.package_identification:_identify(src/vision_opencv/vision_opencv) by extension 'colcon_meta'
[0.304s] Level 1:colcon.colcon_core.package_identification:_identify(src/vision_opencv/vision_opencv) by extensions ['ros']
[0.304s] Level 1:colcon.colcon_core.package_identification:_identify(src/vision_opencv/vision_opencv) by extension 'ros'
[0.304s] DEBUG:colcon.colcon_core.package_identification:Package 'src/vision_opencv/vision_opencv' with type 'ros.ament_cmake' and name 'vision_opencv'
[0.304s] Level 1:colcon.colcon_core.package_discovery:discover_packages(recursive) using defaults
[0.305s] Level 1:colcon.colcon_core.package_discovery:discover_packages(ignore) discover
[0.305s] Level 1:colcon.colcon_core.package_discovery:discover_packages(ignore) using defaults
[0.305s] Level 1:colcon.colcon_core.package_discovery:discover_packages(path) discover
[0.305s] Level 1:colcon.colcon_core.package_discovery:discover_packages(path) using defaults
[0.308s] Level 1:colcon.colcon_core.package_augmentation.check_dependency_constraint:opencv_tests depends on cv_bridge which has version 2.1.4: constraints {}
[0.308s] Level 1:colcon.colcon_core.package_augmentation.check_dependency_constraint:dataset_creator depends on cv_bridge which has version 2.1.4: constraints {}
[0.308s] Level 1:colcon.colcon_core.package_augmentation.check_dependency_constraint:vision_opencv depends on cv_bridge which has version 2.1.4: constraints {}
[0.308s] Level 1:colcon.colcon_core.package_augmentation.check_dependency_constraint:vision_opencv depends on image_geometry which has version 2.1.4: constraints {}
[0.308s] Level 1:colcon.colcon_core.package_augmentation.check_dependency_constraint:stereo_yolo3 depends on cv_bridge which has version 2.1.4: constraints {}
[0.312s] Level 5:colcon.colcon_core.verb:set package 'cv_bridge' build argument 'cmake_args' from command line to 'None'
[0.312s] Level 5:colcon.colcon_core.verb:set package 'cv_bridge' build argument 'cmake_target' from command line to 'None'
[0.312s] Level 5:colcon.colcon_core.verb:set package 'cv_bridge' build argument 'cmake_target_skip_unavailable' from command line to 'False'
[0.312s] Level 5:colcon.colcon_core.verb:set package 'cv_bridge' build argument 'cmake_clean_cache' from command line to 'False'
[0.312s] Level 5:colcon.colcon_core.verb:set package 'cv_bridge' build argument 'cmake_clean_first' from command line to 'False'
[0.312s] Level 5:colcon.colcon_core.verb:set package 'cv_bridge' build argument 'cmake_force_configure' from command line to 'False'
[0.312s] Level 5:colcon.colcon_core.verb:set package 'cv_bridge' build argument 'ament_cmake_args' from command line to 'None'
[0.312s] Level 5:colcon.colcon_core.verb:set package 'cv_bridge' build argument 'catkin_cmake_args' from command line to 'None'
[0.312s] Level 5:colcon.colcon_core.verb:set package 'cv_bridge' build argument 'catkin_skip_building_tests' from command line to 'False'
[0.312s] DEBUG:colcon.colcon_core.verb:Building package 'cv_bridge' with the following arguments: {'ament_cmake_args': None, 'build_base': '/home/autonomous-car/Desktop/Autonomous_car_ros2/build/cv_bridge', 'catkin_cmake_args': None, 'catkin_skip_building_tests': False, 'cmake_args': None, 'cmake_clean_cache': False, 'cmake_clean_first': False, 'cmake_force_configure': False, 'cmake_target': None, 'cmake_target_skip_unavailable': False, 'install_base': '/home/autonomous-car/Desktop/Autonomous_car_ros2/install/cv_bridge', 'merge_install': False, 'path': '/home/autonomous-car/Desktop/Autonomous_car_ros2/src/vision_opencv/cv_bridge', 'symlink_install': True, 'test_result_base': None}
[0.314s] Level 5:colcon.colcon_core.verb:set package 'image_geometry' build argument 'cmake_args' from command line to 'None'
[0.314s] Level 5:colcon.colcon_core.verb:set package 'image_geometry' build argument 'cmake_target' from command line to 'None'
[0.314s] Level 5:colcon.colcon_core.verb:set package 'image_geometry' build argument 'cmake_target_skip_unavailable' from command line to 'False'
[0.314s] Level 5:colcon.colcon_core.verb:set package 'image_geometry' build argument 'cmake_clean_cache' from command line to 'False'
[0.314s] Level 5:colcon.colcon_core.verb:set package 'image_geometry' build argument 'cmake_clean_first' from command line to 'False'
[0.314s] Level 5:colcon.colcon_core.verb:set package 'image_geometry' build argument 'cmake_force_configure' from command line to 'False'
[0.314s] Level 5:colcon.colcon_core.verb:set package 'image_geometry' build argument 'ament_cmake_args' from command line to 'None'
[0.314s] Level 5:colcon.colcon_core.verb:set package 'image_geometry' build argument 'catkin_cmake_args' from command line to 'None'
[0.314s] Level 5:colcon.colcon_core.verb:set package 'image_geometry' build argument 'catkin_skip_building_tests' from command line to 'False'
[0.314s] DEBUG:colcon.colcon_core.verb:Building package 'image_geometry' with the following arguments: {'ament_cmake_args': None, 'build_base': '/home/autonomous-car/Desktop/Autonomous_car_ros2/build/image_geometry', 'catkin_cmake_args': None, 'catkin_skip_building_tests': False, 'cmake_args': None, 'cmake_clean_cache': False, 'cmake_clean_first': False, 'cmake_force_configure': False, 'cmake_target': None, 'cmake_target_skip_unavailable': False, 'install_base': '/home/autonomous-car/Desktop/Autonomous_car_ros2/install/image_geometry', 'merge_install': False, 'path': '/home/autonomous-car/Desktop/Autonomous_car_ros2/src/vision_opencv/image_geometry', 'symlink_install': True, 'test_result_base': None}
[0.317s] Level 5:colcon.colcon_core.verb:set package 'dataset_creator' build argument 'cmake_args' from command line to 'None'
[0.317s] Level 5:colcon.colcon_core.verb:set package 'dataset_creator' build argument 'cmake_target' from command line to 'None'
[0.317s] Level 5:colcon.colcon_core.verb:set package 'dataset_creator' build argument 'cmake_target_skip_unavailable' from command line to 'False'
[0.317s] Level 5:colcon.colcon_core.verb:set package 'dataset_creator' build argument 'cmake_clean_cache' from command line to 'False'
[0.317s] Level 5:colcon.colcon_core.verb:set package 'dataset_creator' build argument 'cmake_clean_first' from command line to 'False'
[0.317s] Level 5:colcon.colcon_core.verb:set package 'dataset_creator' build argument 'cmake_force_configure' from command line to 'False'
[0.317s] Level 5:colcon.colcon_core.verb:set package 'dataset_creator' build argument 'ament_cmake_args' from command line to 'None'
[0.317s] Level 5:colcon.colcon_core.verb:set package 'dataset_creator' build argument 'catkin_cmake_args' from command line to 'None'
[0.317s] Level 5:colcon.colcon_core.verb:set package 'dataset_creator' build argument 'catkin_skip_building_tests' from command line to 'False'
[0.317s] DEBUG:colcon.colcon_core.verb:Building package 'dataset_creator' with the following arguments: {'ament_cmake_args': None, 'build_base': '/home/autonomous-car/Desktop/Autonomous_car_ros2/build/dataset_creator', 'catkin_cmake_args': None, 'catkin_skip_building_tests': False, 'cmake_args': None, 'cmake_clean_cache': False, 'cmake_clean_first': False, 'cmake_force_configure': False, 'cmake_target': None, 'cmake_target_skip_unavailable': False, 'install_base': '/home/autonomous-car/Desktop/Autonomous_car_ros2/install/dataset_creator', 'merge_install': False, 'path': '/home/autonomous-car/Desktop/Autonomous_car_ros2/src/dataset_creator', 'symlink_install': True, 'test_result_base': None}
[0.319s] Level 5:colcon.colcon_core.verb:set package 'opencv_tests' build argument 'cmake_args' from command line to 'None'
[0.319s] Level 5:colcon.colcon_core.verb:set package 'opencv_tests' build argument 'cmake_target' from command line to 'None'
[0.319s] Level 5:colcon.colcon_core.verb:set package 'opencv_tests' build argument 'cmake_target_skip_unavailable' from command line to 'False'
[0.319s] Level 5:colcon.colcon_core.verb:set package 'opencv_tests' build argument 'cmake_clean_cache' from command line to 'False'
[0.319s] Level 5:colcon.colcon_core.verb:set package 'opencv_tests' build argument 'cmake_clean_first' from command line to 'False'
[0.319s] Level 5:colcon.colcon_core.verb:set package 'opencv_tests' build argument 'cmake_force_configure' from command line to 'False'
[0.319s] Level 5:colcon.colcon_core.verb:set package 'opencv_tests' build argument 'ament_cmake_args' from command line to 'None'
[0.319s] Level 5:colcon.colcon_core.verb:set package 'opencv_tests' build argument 'catkin_cmake_args' from command line to 'None'
[0.319s] Level 5:colcon.colcon_core.verb:set package 'opencv_tests' build argument 'catkin_skip_building_tests' from command line to 'False'
[0.319s] DEBUG:colcon.colcon_core.verb:Building package 'opencv_tests' with the following arguments: {'ament_cmake_args': None, 'build_base': '/home/autonomous-car/Desktop/Autonomous_car_ros2/build/opencv_tests', 'catkin_cmake_args': None, 'catkin_skip_building_tests': False, 'cmake_args': None, 'cmake_clean_cache': False, 'cmake_clean_first': False, 'cmake_force_configure': False, 'cmake_target': None, 'cmake_target_skip_unavailable': False, 'install_base': '/home/autonomous-car/Desktop/Autonomous_car_ros2/install/opencv_tests', 'merge_install': False, 'path': '/home/autonomous-car/Desktop/Autonomous_car_ros2/src/vision_opencv/opencv_tests', 'symlink_install': True, 'test_result_base': None}
[0.321s] Level 5:colcon.colcon_core.verb:set package 'stereo_yolo3' build argument 'cmake_args' from command line to 'None'
[0.321s] Level 5:colcon.colcon_core.verb:set package 'stereo_yolo3' build argument 'cmake_target' from command line to 'None'
[0.321s] Level 5:colcon.colcon_core.verb:set package 'stereo_yolo3' build argument 'cmake_target_skip_unavailable' from command line to 'False'
[0.321s] Level 5:colcon.colcon_core.verb:set package 'stereo_yolo3' build argument 'cmake_clean_cache' from command line to 'False'
[0.321s] Level 5:colcon.colcon_core.verb:set package 'stereo_yolo3' build argument 'cmake_clean_first' from command line to 'False'
[0.321s] Level 5:colcon.colcon_core.verb:set package 'stereo_yolo3' build argument 'cmake_force_configure' from command line to 'False'
[0.321s] Level 5:colcon.colcon_core.verb:set package 'stereo_yolo3' build argument 'ament_cmake_args' from command line to 'None'
[0.321s] Level 5:colcon.colcon_core.verb:set package 'stereo_yolo3' build argument 'catkin_cmake_args' from command line to 'None'
[0.321s] Level 5:colcon.colcon_core.verb:set package 'stereo_yolo3' build argument 'catkin_skip_building_tests' from command line to 'False'
[0.321s] DEBUG:colcon.colcon_core.verb:Building package 'stereo_yolo3' with the following arguments: {'ament_cmake_args': None, 'build_base': '/home/autonomous-car/Desktop/Autonomous_car_ros2/build/stereo_yolo3', 'catkin_cmake_args': None, 'catkin_skip_building_tests': False, 'cmake_args': None, 'cmake_clean_cache': False, 'cmake_clean_first': False, 'cmake_force_configure': False, 'cmake_target': None, 'cmake_target_skip_unavailable': False, 'install_base': '/home/autonomous-car/Desktop/Autonomous_car_ros2/install/stereo_yolo3', 'merge_install': False, 'path': '/home/autonomous-car/Desktop/Autonomous_car_ros2/src/stereo_yolo3', 'symlink_install': True, 'test_result_base': None}
[0.323s] Level 5:colcon.colcon_core.verb:set package 'vision_opencv' build argument 'cmake_args' from command line to 'None'
[0.323s] Level 5:colcon.colcon_core.verb:set package 'vision_opencv' build argument 'cmake_target' from command line to 'None'
[0.323s] Level 5:colcon.colcon_core.verb:set package 'vision_opencv' build argument 'cmake_target_skip_unavailable' from command line to 'False'
[0.323s] Level 5:colcon.colcon_core.verb:set package 'vision_opencv' build argument 'cmake_clean_cache' from command line to 'False'
[0.323s] Level 5:colcon.colcon_core.verb:set package 'vision_opencv' build argument 'cmake_clean_first' from command line to 'False'
[0.323s] Level 5:colcon.colcon_core.verb:set package 'vision_opencv' build argument 'cmake_force_configure' from command line to 'False'
[0.323s] Level 5:colcon.colcon_core.verb:set package 'vision_opencv' build argument 'ament_cmake_args' from command line to 'None'
[0.323s] Level 5:colcon.colcon_core.verb:set package 'vision_opencv' build argument 'catkin_cmake_args' from command line to 'None'
[0.323s] Level 5:colcon.colcon_core.verb:set package 'vision_opencv' build argument 'catkin_skip_building_tests' from command line to 'False'
[0.324s] DEBUG:colcon.colcon_core.verb:Building package 'vision_opencv' with the following arguments: {'ament_cmake_args': None, 'build_base': '/home/autonomous-car/Desktop/Autonomous_car_ros2/build/vision_opencv', 'catkin_cmake_args': None, 'catkin_skip_building_tests': False, 'cmake_args': None, 'cmake_clean_cache': False, 'cmake_clean_first': False, 'cmake_force_configure': False, 'cmake_target': None, 'cmake_target_skip_unavailable': False, 'install_base': '/home/autonomous-car/Desktop/Autonomous_car_ros2/install/vision_opencv', 'merge_install': False, 'path': '/home/autonomous-car/Desktop/Autonomous_car_ros2/src/vision_opencv/vision_opencv', 'symlink_install': True, 'test_result_base': None}
[0.324s] INFO:colcon.colcon_core.executor:Executing jobs using 'parallel' executor
[0.334s] DEBUG:colcon.colcon_parallel_executor.executor.parallel:run_until_complete
[0.334s] INFO:colcon.colcon_ros.task.ament_cmake.build:Building ROS package in '/home/autonomous-car/Desktop/Autonomous_car_ros2/src/vision_opencv/cv_bridge' with build type 'ament_cmake'
[0.342s] INFO:colcon.colcon_core.plugin_system:Skipping extension 'colcon_core.shell.bat': Not used on non-Windows systems
[0.342s] INFO:colcon.colcon_cmake.task.cmake.build:Building CMake package in '/home/autonomous-car/Desktop/Autonomous_car_ros2/src/vision_opencv/cv_bridge'
[0.342s] INFO:colcon.colcon_core.shell:Skip shell extension 'powershell' for command environment: Not usable outside of PowerShell
[0.342s] DEBUG:colcon.colcon_core.shell:Skip shell extension 'dsv' for command environment
[0.346s] DEBUG:colcon.colcon_core.shell:Ignoring prefix path '/opt/ros/eloquent'
[0.346s] DEBUG:colcon.colcon_core.shell:Ignoring prefix path '/opt/ros/melodic'
[0.348s] INFO:colcon.colcon_ros.task.ament_cmake.build:Building ROS package in '/home/autonomous-car/Desktop/Autonomous_car_ros2/src/vision_opencv/image_geometry' with build type 'ament_cmake'
[0.349s] INFO:colcon.colcon_cmake.task.cmake.build:Building CMake package in '/home/autonomous-car/Desktop/Autonomous_car_ros2/src/vision_opencv/image_geometry'
[0.350s] INFO:colcon.colcon_core.shell:Skip shell extension 'powershell' for command environment: Not usable outside of PowerShell
[0.350s] DEBUG:colcon.colcon_core.shell:Skip shell extension 'dsv' for command environment
[0.351s] DEBUG:colcon.colcon_core.shell:Ignoring prefix path '/opt/ros/eloquent'
[0.351s] DEBUG:colcon.colcon_core.shell:Ignoring prefix path '/opt/ros/melodic'
[0.359s] DEBUG:colcon.colcon_core.event_handler.log_command:Invoking command in '/home/autonomous-car/Desktop/Autonomous_car_ros2/build/cv_bridge': CMAKE_PREFIX_PATH=/home/autonomous-car/Desktop/Autonomous_car_ros2/install/vision_opencv:/home/autonomous-car/Desktop/Autonomous_car_ros2/install/image_geometry:/home/autonomous-car/Desktop/Autonomous_car_ros2/install/custom_msgs:/home/autonomous-car/Desktop/Autonomous_car_ros2/install/cv_bridge:/home/autonomous-car/Desktop/Autonomous_car_ros2/install/stereo_yolo3:/home/autonomous-car/Desktop/Autonomous_car_ros2/install/opencv_tests:/home/autonomous-car/Desktop/Autonomous_car_ros2/install/dataset_creator:/opt/ros/eloquent:/opt/ros/melodic /usr/bin/cmake --build /home/autonomous-car/Desktop/Autonomous_car_ros2/build/cv_bridge -- -j6 -l6
[0.372s] DEBUG:colcon.colcon_core.event_handler.log_command:Invoking command in '/home/autonomous-car/Desktop/Autonomous_car_ros2/build/image_geometry': CMAKE_PREFIX_PATH=/home/autonomous-car/Desktop/Autonomous_car_ros2/install/vision_opencv:/home/autonomous-car/Desktop/Autonomous_car_ros2/install/image_geometry:/home/autonomous-car/Desktop/Autonomous_car_ros2/install/custom_msgs:/home/autonomous-car/Desktop/Autonomous_car_ros2/install/cv_bridge:/home/autonomous-car/Desktop/Autonomous_car_ros2/install/stereo_yolo3:/home/autonomous-car/Desktop/Autonomous_car_ros2/install/opencv_tests:/home/autonomous-car/Desktop/Autonomous_car_ros2/install/dataset_creator:/opt/ros/eloquent:/opt/ros/melodic /usr/bin/cmake --build /home/autonomous-car/Desktop/Autonomous_car_ros2/build/image_geometry -- -j6 -l6
[0.571s] DEBUG:colcon.colcon_core.event_handler.log_command:Invoked command in '/home/autonomous-car/Desktop/Autonomous_car_ros2/build/image_geometry' returned '0': CMAKE_PREFIX_PATH=/home/autonomous-car/Desktop/Autonomous_car_ros2/install/vision_opencv:/home/autonomous-car/Desktop/Autonomous_car_ros2/install/image_geometry:/home/autonomous-car/Desktop/Autonomous_car_ros2/install/custom_msgs:/home/autonomous-car/Desktop/Autonomous_car_ros2/install/cv_bridge:/home/autonomous-car/Desktop/Autonomous_car_ros2/install/stereo_yolo3:/home/autonomous-car/Desktop/Autonomous_car_ros2/install/opencv_tests:/home/autonomous-car/Desktop/Autonomous_car_ros2/install/dataset_creator:/opt/ros/eloquent:/opt/ros/melodic /usr/bin/cmake --build /home/autonomous-car/Desktop/Autonomous_car_ros2/build/image_geometry -- -j6 -l6
[0.581s] DEBUG:colcon.colcon_core.event_handler.log_command:Invoked command in '/home/autonomous-car/Desktop/Autonomous_car_ros2/build/cv_bridge' returned '0': CMAKE_PREFIX_PATH=/home/autonomous-car/Desktop/Autonomous_car_ros2/install/vision_opencv:/home/autonomous-car/Desktop/Autonomous_car_ros2/install/image_geometry:/home/autonomous-car/Desktop/Autonomous_car_ros2/install/custom_msgs:/home/autonomous-car/Desktop/Autonomous_car_ros2/install/cv_bridge:/home/autonomous-car/Desktop/Autonomous_car_ros2/install/stereo_yolo3:/home/autonomous-car/Desktop/Autonomous_car_ros2/install/opencv_tests:/home/autonomous-car/Desktop/Autonomous_car_ros2/install/dataset_creator:/opt/ros/eloquent:/opt/ros/melodic /usr/bin/cmake --build /home/autonomous-car/Desktop/Autonomous_car_ros2/build/cv_bridge -- -j6 -l6
[0.602s] DEBUG:colcon.colcon_core.event_handler.log_command:Invoking command in '/home/autonomous-car/Desktop/Autonomous_car_ros2/build/image_geometry': CMAKE_PREFIX_PATH=/home/autonomous-car/Desktop/Autonomous_car_ros2/install/vision_opencv:/home/autonomous-car/Desktop/Autonomous_car_ros2/install/image_geometry:/home/autonomous-car/Desktop/Autonomous_car_ros2/install/custom_msgs:/home/autonomous-car/Desktop/Autonomous_car_ros2/install/cv_bridge:/home/autonomous-car/Desktop/Autonomous_car_ros2/install/stereo_yolo3:/home/autonomous-car/Desktop/Autonomous_car_ros2/install/opencv_tests:/home/autonomous-car/Desktop/Autonomous_car_ros2/install/dataset_creator:/opt/ros/eloquent:/opt/ros/melodic /usr/bin/cmake --build /home/autonomous-car/Desktop/Autonomous_car_ros2/build/image_geometry --target install -- -j6 -l6
[0.605s] DEBUG:colcon.colcon_core.event_handler.log_command:Invoking command in '/home/autonomous-car/Desktop/Autonomous_car_ros2/build/cv_bridge': CMAKE_PREFIX_PATH=/home/autonomous-car/Desktop/Autonomous_car_ros2/install/vision_opencv:/home/autonomous-car/Desktop/Autonomous_car_ros2/install/image_geometry:/home/autonomous-car/Desktop/Autonomous_car_ros2/install/custom_msgs:/home/autonomous-car/Desktop/Autonomous_car_ros2/install/cv_bridge:/home/autonomous-car/Desktop/Autonomous_car_ros2/install/stereo_yolo3:/home/autonomous-car/Desktop/Autonomous_car_ros2/install/opencv_tests:/home/autonomous-car/Desktop/Autonomous_car_ros2/install/dataset_creator:/opt/ros/eloquent:/opt/ros/melodic /usr/bin/cmake --build /home/autonomous-car/Desktop/Autonomous_car_ros2/build/cv_bridge --target install -- -j6 -l6
[0.748s] Level 1:colcon.colcon_core.environment:create_environment_scripts_only(image_geometry)
[0.749s] DEBUG:colcon.colcon_core.event_handler.log_command:Invoked command in '/home/autonomous-car/Desktop/Autonomous_car_ros2/build/image_geometry' returned '0': CMAKE_PREFIX_PATH=/home/autonomous-car/Desktop/Autonomous_car_ros2/install/vision_opencv:/home/autonomous-car/Desktop/Autonomous_car_ros2/install/image_geometry:/home/autonomous-car/Desktop/Autonomous_car_ros2/install/custom_msgs:/home/autonomous-car/Desktop/Autonomous_car_ros2/install/cv_bridge:/home/autonomous-car/Desktop/Autonomous_car_ros2/install/stereo_yolo3:/home/autonomous-car/Desktop/Autonomous_car_ros2/install/opencv_tests:/home/autonomous-car/Desktop/Autonomous_car_ros2/install/dataset_creator:/opt/ros/eloquent:/opt/ros/melodic /usr/bin/cmake --build /home/autonomous-car/Desktop/Autonomous_car_ros2/build/image_geometry --target install -- -j6 -l6
[0.778s] Level 1:colcon.colcon_core.environment:checking '/home/autonomous-car/Desktop/Autonomous_car_ros2/install/image_geometry' for CMake module files
[0.778s] Level 1:colcon.colcon_core.environment:checking '/home/autonomous-car/Desktop/Autonomous_car_ros2/install/image_geometry' for CMake config files
[0.779s] Level 1:colcon.colcon_core.shell:create_environment_hook('image_geometry', 'cmake_prefix_path')
[0.779s] INFO:colcon.colcon_core.shell:Creating environment hook '/home/autonomous-car/Desktop/Autonomous_car_ros2/install/image_geometry/share/image_geometry/hook/cmake_prefix_path.ps1'
[0.783s] INFO:colcon.colcon_core.shell:Creating environment descriptor '/home/autonomous-car/Desktop/Autonomous_car_ros2/install/image_geometry/share/image_geometry/hook/cmake_prefix_path.dsv'
[0.784s] INFO:colcon.colcon_core.shell:Creating environment hook '/home/autonomous-car/Desktop/Autonomous_car_ros2/install/image_geometry/share/image_geometry/hook/cmake_prefix_path.sh'
[0.785s] Level 1:colcon.colcon_core.environment:checking '/home/autonomous-car/Desktop/Autonomous_car_ros2/install/image_geometry/lib'
[0.785s] Level 1:colcon.colcon_core.shell:create_environment_hook('image_geometry', 'ld_library_path_lib')
[0.786s] INFO:colcon.colcon_core.shell:Creating environment hook '/home/autonomous-car/Desktop/Autonomous_car_ros2/install/image_geometry/share/image_geometry/hook/ld_library_path_lib.ps1'
[0.786s] INFO:colcon.colcon_core.shell:Creating environment descriptor '/home/autonomous-car/Desktop/Autonomous_car_ros2/install/image_geometry/share/image_geometry/hook/ld_library_path_lib.dsv'
[0.786s] INFO:colcon.colcon_core.shell:Creating environment hook '/home/autonomous-car/Desktop/Autonomous_car_ros2/install/image_geometry/share/image_geometry/hook/ld_library_path_lib.sh'
[0.786s] Level 1:colcon.colcon_core.environment:checking '/home/autonomous-car/Desktop/Autonomous_car_ros2/install/image_geometry/bin'
[0.786s] Level 1:colcon.colcon_core.environment:checking '/home/autonomous-car/Desktop/Autonomous_car_ros2/install/image_geometry/lib/pkgconfig/image_geometry.pc'
[0.786s] Level 1:colcon.colcon_core.environment:checking '/home/autonomous-car/Desktop/Autonomous_car_ros2/install/image_geometry/lib/python3.6/site-packages'
[0.787s] Level 1:colcon.colcon_core.shell:create_environment_hook('image_geometry', 'pythonpath')
[0.787s] INFO:colcon.colcon_core.shell:Creating environment hook '/home/autonomous-car/Desktop/Autonomous_car_ros2/install/image_geometry/share/image_geometry/hook/pythonpath.ps1'
[0.787s] INFO:colcon.colcon_core.shell:Creating environment descriptor '/home/autonomous-car/Desktop/Autonomous_car_ros2/install/image_geometry/share/image_geometry/hook/pythonpath.dsv'
[0.787s] INFO:colcon.colcon_core.shell:Creating environment hook '/home/autonomous-car/Desktop/Autonomous_car_ros2/install/image_geometry/share/image_geometry/hook/pythonpath.sh'
[0.788s] INFO:colcon.colcon_core.shell:Creating package script '/home/autonomous-car/Desktop/Autonomous_car_ros2/install/image_geometry/share/image_geometry/package.ps1'
[0.789s] INFO:colcon.colcon_core.shell:Creating package descriptor '/home/autonomous-car/Desktop/Autonomous_car_ros2/install/image_geometry/share/image_geometry/package.dsv'
[0.790s] INFO:colcon.colcon_core.shell:Creating package script '/home/autonomous-car/Desktop/Autonomous_car_ros2/install/image_geometry/share/image_geometry/package.sh'
[0.791s] INFO:colcon.colcon_core.shell:Creating package script '/home/autonomous-car/Desktop/Autonomous_car_ros2/install/image_geometry/share/image_geometry/package.bash'
[0.792s] INFO:colcon.colcon_core.shell:Creating package script '/home/autonomous-car/Desktop/Autonomous_car_ros2/install/image_geometry/share/image_geometry/package.zsh'
[0.795s] Level 1:colcon.colcon_core.environment:create_file_with_runtime_dependencies(/home/autonomous-car/Desktop/Autonomous_car_ros2/install/image_geometry/share/colcon-core/packages/image_geometry)
[0.796s] Level 1:colcon.colcon_core.environment:create_environment_scripts_only(cv_bridge)
[0.796s] Level 1:colcon.colcon_core.environment:checking '/home/autonomous-car/Desktop/Autonomous_car_ros2/install/cv_bridge' for CMake module files
[0.797s] DEBUG:colcon.colcon_core.event_handler.log_command:Invoked command in '/home/autonomous-car/Desktop/Autonomous_car_ros2/build/cv_bridge' returned '0': CMAKE_PREFIX_PATH=/home/autonomous-car/Desktop/Autonomous_car_ros2/install/vision_opencv:/home/autonomous-car/Desktop/Autonomous_car_ros2/install/image_geometry:/home/autonomous-car/Desktop/Autonomous_car_ros2/install/custom_msgs:/home/autonomous-car/Desktop/Autonomous_car_ros2/install/cv_bridge:/home/autonomous-car/Desktop/Autonomous_car_ros2/install/stereo_yolo3:/home/autonomous-car/Desktop/Autonomous_car_ros2/install/opencv_tests:/home/autonomous-car/Desktop/Autonomous_car_ros2/install/dataset_creator:/opt/ros/eloquent:/opt/ros/melodic /usr/bin/cmake --build /home/autonomous-car/Desktop/Autonomous_car_ros2/build/cv_bridge --target install -- -j6 -l6
[0.797s] Level 1:colcon.colcon_core.environment:checking '/home/autonomous-car/Desktop/Autonomous_car_ros2/install/cv_bridge' for CMake config files
[0.797s] Level 1:colcon.colcon_core.shell:create_environment_hook('cv_bridge', 'cmake_prefix_path')
[0.798s] INFO:colcon.colcon_core.shell:Creating environment hook '/home/autonomous-car/Desktop/Autonomous_car_ros2/install/cv_bridge/share/cv_bridge/hook/cmake_prefix_path.ps1'
[0.798s] INFO:colcon.colcon_core.shell:Creating environment descriptor '/home/autonomous-car/Desktop/Autonomous_car_ros2/install/cv_bridge/share/cv_bridge/hook/cmake_prefix_path.dsv'
[0.798s] INFO:colcon.colcon_core.shell:Creating environment hook '/home/autonomous-car/Desktop/Autonomous_car_ros2/install/cv_bridge/share/cv_bridge/hook/cmake_prefix_path.sh'
[0.799s] Level 1:colcon.colcon_core.environment:checking '/home/autonomous-car/Desktop/Autonomous_car_ros2/install/cv_bridge/lib'
[0.799s] Level 1:colcon.colcon_core.shell:create_environment_hook('cv_bridge', 'ld_library_path_lib')
[0.799s] INFO:colcon.colcon_core.shell:Creating environment hook '/home/autonomous-car/Desktop/Autonomous_car_ros2/install/cv_bridge/share/cv_bridge/hook/ld_library_path_lib.ps1'
[0.799s] INFO:colcon.colcon_core.shell:Creating environment descriptor '/home/autonomous-car/Desktop/Autonomous_car_ros2/install/cv_bridge/share/cv_bridge/hook/ld_library_path_lib.dsv'
[0.800s] INFO:colcon.colcon_core.shell:Creating environment hook '/home/autonomous-car/Desktop/Autonomous_car_ros2/install/cv_bridge/share/cv_bridge/hook/ld_library_path_lib.sh'
[0.800s] Level 1:colcon.colcon_core.environment:checking '/home/autonomous-car/Desktop/Autonomous_car_ros2/install/cv_bridge/bin'
[0.800s] Level 1:colcon.colcon_core.environment:checking '/home/autonomous-car/Desktop/Autonomous_car_ros2/install/cv_bridge/lib/pkgconfig/cv_bridge.pc'
[0.800s] Level 1:colcon.colcon_core.environment:checking '/home/autonomous-car/Desktop/Autonomous_car_ros2/install/cv_bridge/lib/python3.6/site-packages'
[0.800s] Level 1:colcon.colcon_core.shell:create_environment_hook('cv_bridge', 'pythonpath')
[0.800s] INFO:colcon.colcon_core.shell:Creating environment hook '/home/autonomous-car/Desktop/Autonomous_car_ros2/install/cv_bridge/share/cv_bridge/hook/pythonpath.ps1'
[0.801s] INFO:colcon.colcon_core.shell:Creating environment descriptor '/home/autonomous-car/Desktop/Autonomous_car_ros2/install/cv_bridge/share/cv_bridge/hook/pythonpath.dsv'
[0.801s] INFO:colcon.colcon_core.shell:Creating environment hook '/home/autonomous-car/Desktop/Autonomous_car_ros2/install/cv_bridge/share/cv_bridge/hook/pythonpath.sh'
[0.801s] INFO:colcon.colcon_core.shell:Creating package script '/home/autonomous-car/Desktop/Autonomous_car_ros2/install/cv_bridge/share/cv_bridge/package.ps1'
[0.802s] INFO:colcon.colcon_core.shell:Creating package descriptor '/home/autonomous-car/Desktop/Autonomous_car_ros2/install/cv_bridge/share/cv_bridge/package.dsv'
[0.802s] INFO:colcon.colcon_core.shell:Creating package script '/home/autonomous-car/Desktop/Autonomous_car_ros2/install/cv_bridge/share/cv_bridge/package.sh'
[0.802s] INFO:colcon.colcon_core.shell:Creating package script '/home/autonomous-car/Desktop/Autonomous_car_ros2/install/cv_bridge/share/cv_bridge/package.bash'
[0.803s] INFO:colcon.colcon_core.shell:Creating package script '/home/autonomous-car/Desktop/Autonomous_car_ros2/install/cv_bridge/share/cv_bridge/package.zsh'
[0.803s] Level 1:colcon.colcon_core.environment:create_file_with_runtime_dependencies(/home/autonomous-car/Desktop/Autonomous_car_ros2/install/cv_bridge/share/colcon-core/packages/cv_bridge)
[0.803s] INFO:colcon.colcon_ros.task.ament_python.build:Building ROS package in '/home/autonomous-car/Desktop/Autonomous_car_ros2/src/dataset_creator' with build type 'ament_python'
[0.803s] Level 1:colcon.colcon_core.shell:create_environment_hook('dataset_creator', 'ament_prefix_path')
[0.804s] INFO:colcon.colcon_core.shell:Creating environment hook '/home/autonomous-car/Desktop/Autonomous_car_ros2/install/dataset_creator/share/dataset_creator/hook/ament_prefix_path.ps1'
[0.805s] INFO:colcon.colcon_core.shell:Creating environment descriptor '/home/autonomous-car/Desktop/Autonomous_car_ros2/install/dataset_creator/share/dataset_creator/hook/ament_prefix_path.dsv'
[0.805s] INFO:colcon.colcon_core.shell:Creating environment hook '/home/autonomous-car/Desktop/Autonomous_car_ros2/install/dataset_creator/share/dataset_creator/hook/ament_prefix_path.sh'
[0.805s] INFO:colcon.colcon_core.shell:Skip shell extension 'powershell' for command environment: Not usable outside of PowerShell
[0.806s] DEBUG:colcon.colcon_core.shell:Skip shell extension 'dsv' for command environment
[0.807s] DEBUG:colcon.colcon_core.shell:Ignoring prefix path '/opt/ros/eloquent'
[0.807s] DEBUG:colcon.colcon_core.shell:Ignoring prefix path '/opt/ros/melodic'
[0.809s] INFO:colcon.colcon_ros.task.ament_python.build:Building ROS package in '/home/autonomous-car/Desktop/Autonomous_car_ros2/src/vision_opencv/opencv_tests' with build type 'ament_python'
[0.809s] Level 1:colcon.colcon_core.shell:create_environment_hook('opencv_tests', 'ament_prefix_path')
[0.810s] INFO:colcon.colcon_core.shell:Creating environment hook '/home/autonomous-car/Desktop/Autonomous_car_ros2/install/opencv_tests/share/opencv_tests/hook/ament_prefix_path.ps1'
[0.810s] INFO:colcon.colcon_core.shell:Creating environment descriptor '/home/autonomous-car/Desktop/Autonomous_car_ros2/install/opencv_tests/share/opencv_tests/hook/ament_prefix_path.dsv'
[0.810s] INFO:colcon.colcon_core.shell:Creating environment hook '/home/autonomous-car/Desktop/Autonomous_car_ros2/install/opencv_tests/share/opencv_tests/hook/ament_prefix_path.sh'
[0.811s] INFO:colcon.colcon_core.shell:Skip shell extension 'powershell' for command environment: Not usable outside of PowerShell
[0.811s] DEBUG:colcon.colcon_core.shell:Skip shell extension 'dsv' for command environment
[0.813s] DEBUG:colcon.colcon_core.shell:Ignoring prefix path '/opt/ros/eloquent'
[0.813s] DEBUG:colcon.colcon_core.shell:Ignoring prefix path '/opt/ros/melodic'
[0.815s] INFO:colcon.colcon_ros.task.ament_python.build:Building ROS package in '/home/autonomous-car/Desktop/Autonomous_car_ros2/src/stereo_yolo3' with build type 'ament_python'
[0.815s] Level 1:colcon.colcon_core.shell:create_environment_hook('stereo_yolo3', 'ament_prefix_path')
[0.816s] INFO:colcon.colcon_core.shell:Creating environment hook '/home/autonomous-car/Desktop/Autonomous_car_ros2/install/stereo_yolo3/share/stereo_yolo3/hook/ament_prefix_path.ps1'
[0.817s] INFO:colcon.colcon_core.shell:Creating environment descriptor '/home/autonomous-car/Desktop/Autonomous_car_ros2/install/stereo_yolo3/share/stereo_yolo3/hook/ament_prefix_path.dsv'
[0.817s] INFO:colcon.colcon_core.shell:Creating environment hook '/home/autonomous-car/Desktop/Autonomous_car_ros2/install/stereo_yolo3/share/stereo_yolo3/hook/ament_prefix_path.sh'
[0.817s] INFO:colcon.colcon_core.shell:Skip shell extension 'powershell' for command environment: Not usable outside of PowerShell
[0.818s] DEBUG:colcon.colcon_core.shell:Skip shell extension 'dsv' for command environment
[0.819s] DEBUG:colcon.colcon_core.shell:Ignoring prefix path '/opt/ros/eloquent'
[0.819s] DEBUG:colcon.colcon_core.shell:Ignoring prefix path '/opt/ros/melodic'
[0.821s] INFO:colcon.colcon_ros.task.ament_cmake.build:Building ROS package in '/home/autonomous-car/Desktop/Autonomous_car_ros2/src/vision_opencv/vision_opencv' with build type 'ament_cmake'
[0.822s] INFO:colcon.colcon_cmake.task.cmake.build:Building CMake package in '/home/autonomous-car/Desktop/Autonomous_car_ros2/src/vision_opencv/vision_opencv'
[0.822s] INFO:colcon.colcon_core.shell:Skip shell extension 'powershell' for command environment: Not usable outside of PowerShell
[0.822s] DEBUG:colcon.colcon_core.shell:Skip shell extension 'dsv' for command environment
[0.824s] DEBUG:colcon.colcon_core.shell:Ignoring prefix path '/opt/ros/eloquent'
[0.824s] DEBUG:colcon.colcon_core.shell:Ignoring prefix path '/opt/ros/melodic'
[1.043s] INFO:colcon.colcon_core.task.python.build:Building Python package in '/home/autonomous-car/Desktop/Autonomous_car_ros2/src/dataset_creator'
[1.044s] INFO:colcon.colcon_core.shell:Skip shell extension 'powershell' for command environment: Not usable outside of PowerShell
[1.044s] DEBUG:colcon.colcon_core.shell:Skip shell extension 'dsv' for command environment
[1.045s] DEBUG:colcon.colcon_core.shell:Ignoring prefix path '/opt/ros/eloquent'
[1.045s] DEBUG:colcon.colcon_core.shell:Ignoring prefix path '/opt/ros/melodic'
[1.263s] INFO:colcon.colcon_core.task.python.build:Building Python package in '/home/autonomous-car/Desktop/Autonomous_car_ros2/src/vision_opencv/opencv_tests'
[1.264s] INFO:colcon.colcon_core.shell:Skip shell extension 'powershell' for command environment: Not usable outside of PowerShell
[1.264s] DEBUG:colcon.colcon_core.shell:Skip shell extension 'dsv' for command environment
[1.266s] DEBUG:colcon.colcon_core.shell:Ignoring prefix path '/opt/ros/eloquent'
[1.266s] DEBUG:colcon.colcon_core.shell:Ignoring prefix path '/opt/ros/melodic'
[1.483s] INFO:colcon.colcon_core.task.python.build:Building Python package in '/home/autonomous-car/Desktop/Autonomous_car_ros2/src/stereo_yolo3'
[1.484s] INFO:colcon.colcon_core.shell:Skip shell extension 'powershell' for command environment: Not usable outside of PowerShell
[1.484s] DEBUG:colcon.colcon_core.shell:Skip shell extension 'dsv' for command environment
[1.486s] DEBUG:colcon.colcon_core.shell:Ignoring prefix path '/opt/ros/eloquent'
[1.486s] DEBUG:colcon.colcon_core.shell:Ignoring prefix path '/opt/ros/melodic'
[1.493s] DEBUG:colcon.colcon_core.event_handler.log_command:Invoking command in '/home/autonomous-car/Desktop/Autonomous_car_ros2/build/vision_opencv': CMAKE_PREFIX_PATH=/home/autonomous-car/Desktop/Autonomous_car_ros2/install/image_geometry:/home/autonomous-car/Desktop/Autonomous_car_ros2/install/cv_bridge:/home/autonomous-car/Desktop/Autonomous_car_ros2/install/vision_opencv:/home/autonomous-car/Desktop/Autonomous_car_ros2/install/custom_msgs:/home/autonomous-car/Desktop/Autonomous_car_ros2/install/stereo_yolo3:/home/autonomous-car/Desktop/Autonomous_car_ros2/install/opencv_tests:/home/autonomous-car/Desktop/Autonomous_car_ros2/install/dataset_creator:/opt/ros/eloquent:/opt/ros/melodic LD_LIBRARY_PATH=/home/autonomous-car/Desktop/Autonomous_car_ros2/install/image_geometry/lib:/home/autonomous-car/Desktop/Autonomous_car_ros2/install/cv_bridge/lib:/home/autonomous-car/Desktop/Autonomous_car_ros2/install/custom_msgs/lib:/opt/ros/eloquent/opt/yaml_cpp_vendor/lib:/opt/ros/eloquent/opt/rviz_ogre_vendor/lib:/opt/ros/eloquent/lib:/opt/ros/melodic/lib PYTHONPATH=/home/autonomous-car/Desktop/Autonomous_car_ros2/install/image_geometry/lib/python3.6/site-packages:/home/autonomous-car/Desktop/Autonomous_car_ros2/install/cv_bridge/lib/python3.6/site-packages:/home/autonomous-car/Desktop/Autonomous_car_ros2/build/stereo_yolo3:/home/autonomous-car/Desktop/Autonomous_car_ros2/install/stereo_yolo3/lib/python3.6/site-packages:/home/autonomous-car/Desktop/Autonomous_car_ros2/build/opencv_tests:/home/autonomous-car/Desktop/Autonomous_car_ros2/install/opencv_tests/lib/python3.6/site-packages:/home/autonomous-car/Desktop/Autonomous_car_ros2/build/dataset_creator:/home/autonomous-car/Desktop/Autonomous_car_ros2/install/dataset_creator/lib/python3.6/site-packages:/home/autonomous-car/Desktop/Autonomous_car_ros2/install/custom_msgs/lib/python3.6/site-packages:/opt/ros/eloquent/lib/python3.6/site-packages:/opt/ros/melodic/lib/python2.7/dist-packages /usr/bin/cmake --build /home/autonomous-car/Desktop/Autonomous_car_ros2/build/vision_opencv -- -j6 -l6
[1.711s] DEBUG:colcon.colcon_core.event_handler.log_command:Invoking command in '/home/autonomous-car/Desktop/Autonomous_car_ros2/build/dataset_creator': CMAKE_PREFIX_PATH=/home/autonomous-car/Desktop/Autonomous_car_ros2/install/cv_bridge:/home/autonomous-car/Desktop/Autonomous_car_ros2/install/vision_opencv:/home/autonomous-car/Desktop/Autonomous_car_ros2/install/image_geometry:/home/autonomous-car/Desktop/Autonomous_car_ros2/install/custom_msgs:/opt/ros/melodic LD_LIBRARY_PATH=/home/autonomous-car/Desktop/Autonomous_car_ros2/install/cv_bridge/lib:/home/autonomous-car/Desktop/Autonomous_car_ros2/install/image_geometry/lib:/home/autonomous-car/Desktop/Autonomous_car_ros2/install/custom_msgs/lib:/opt/ros/eloquent/opt/yaml_cpp_vendor/lib:/opt/ros/eloquent/opt/rviz_ogre_vendor/lib:/opt/ros/eloquent/lib:/opt/ros/melodic/lib PYTHONPATH=/home/autonomous-car/Desktop/Autonomous_car_ros2/install/dataset_creator/lib/python3.6/site-packages:/home/autonomous-car/Desktop/Autonomous_car_ros2/install/cv_bridge/lib/python3.6/site-packages:/home/autonomous-car/Desktop/Autonomous_car_ros2/build/stereo_yolo3:/home/autonomous-car/Desktop/Autonomous_car_ros2/install/stereo_yolo3/lib/python3.6/site-packages:/home/autonomous-car/Desktop/Autonomous_car_ros2/build/opencv_tests:/home/autonomous-car/Desktop/Autonomous_car_ros2/install/opencv_tests/lib/python3.6/site-packages:/home/autonomous-car/Desktop/Autonomous_car_ros2/install/image_geometry/lib/python3.6/site-packages:/home/autonomous-car/Desktop/Autonomous_car_ros2/build/dataset_creator:/home/autonomous-car/Desktop/Autonomous_car_ros2/install/dataset_creator/lib/python3.6/site-packages:/home/autonomous-car/Desktop/Autonomous_car_ros2/install/custom_msgs/lib/python3.6/site-packages:/opt/ros/eloquent/lib/python3.6/site-packages:/opt/ros/melodic/lib/python2.7/dist-packages /usr/bin/python3 setup.py develop --prefix /home/autonomous-car/Desktop/Autonomous_car_ros2/install/dataset_creator --editable --build-directory /home/autonomous-car/Desktop/Autonomous_car_ros2/build/dataset_creator/build --no-deps install_data --install-dir /home/autonomous-car/Desktop/Autonomous_car_ros2/install/dataset_creator
[1.928s] DEBUG:colcon.colcon_core.event_handler.log_command:Invoking command in '/home/autonomous-car/Desktop/Autonomous_car_ros2/build/opencv_tests': CMAKE_PREFIX_PATH=/home/autonomous-car/Desktop/Autonomous_car_ros2/install/cv_bridge:/home/autonomous-car/Desktop/Autonomous_car_ros2/install/vision_opencv:/home/autonomous-car/Desktop/Autonomous_car_ros2/install/image_geometry:/home/autonomous-car/Desktop/Autonomous_car_ros2/install/custom_msgs:/opt/ros/melodic LD_LIBRARY_PATH=/home/autonomous-car/Desktop/Autonomous_car_ros2/install/cv_bridge/lib:/home/autonomous-car/Desktop/Autonomous_car_ros2/install/image_geometry/lib:/home/autonomous-car/Desktop/Autonomous_car_ros2/install/custom_msgs/lib:/opt/ros/eloquent/opt/yaml_cpp_vendor/lib:/opt/ros/eloquent/opt/rviz_ogre_vendor/lib:/opt/ros/eloquent/lib:/opt/ros/melodic/lib PYTHONPATH=/home/autonomous-car/Desktop/Autonomous_car_ros2/install/opencv_tests/lib/python3.6/site-packages:/home/autonomous-car/Desktop/Autonomous_car_ros2/install/cv_bridge/lib/python3.6/site-packages:/home/autonomous-car/Desktop/Autonomous_car_ros2/build/stereo_yolo3:/home/autonomous-car/Desktop/Autonomous_car_ros2/install/stereo_yolo3/lib/python3.6/site-packages:/home/autonomous-car/Desktop/Autonomous_car_ros2/build/opencv_tests:/home/autonomous-car/Desktop/Autonomous_car_ros2/install/opencv_tests/lib/python3.6/site-packages:/home/autonomous-car/Desktop/Autonomous_car_ros2/install/image_geometry/lib/python3.6/site-packages:/home/autonomous-car/Desktop/Autonomous_car_ros2/build/dataset_creator:/home/autonomous-car/Desktop/Autonomous_car_ros2/install/dataset_creator/lib/python3.6/site-packages:/home/autonomous-car/Desktop/Autonomous_car_ros2/install/custom_msgs/lib/python3.6/site-packages:/opt/ros/eloquent/lib/python3.6/site-packages:/opt/ros/melodic/lib/python2.7/dist-packages /usr/bin/python3 setup.py develop --prefix /home/autonomous-car/Desktop/Autonomous_car_ros2/install/opencv_tests --editable --build-directory /home/autonomous-car/Desktop/Autonomous_car_ros2/build/opencv_tests/build --no-deps install_data --install-dir /home/autonomous-car/Desktop/Autonomous_car_ros2/install/opencv_tests
[1.930s] DEBUG:colcon.colcon_core.event_handler.log_command:Invoked command in '/home/autonomous-car/Desktop/Autonomous_car_ros2/build/vision_opencv' returned '0': CMAKE_PREFIX_PATH=/home/autonomous-car/Desktop/Autonomous_car_ros2/install/image_geometry:/home/autonomous-car/Desktop/Autonomous_car_ros2/install/cv_bridge:/home/autonomous-car/Desktop/Autonomous_car_ros2/install/vision_opencv:/home/autonomous-car/Desktop/Autonomous_car_ros2/install/custom_msgs:/home/autonomous-car/Desktop/Autonomous_car_ros2/install/stereo_yolo3:/home/autonomous-car/Desktop/Autonomous_car_ros2/install/opencv_tests:/home/autonomous-car/Desktop/Autonomous_car_ros2/install/dataset_creator:/opt/ros/eloquent:/opt/ros/melodic LD_LIBRARY_PATH=/home/autonomous-car/Desktop/Autonomous_car_ros2/install/image_geometry/lib:/home/autonomous-car/Desktop/Autonomous_car_ros2/install/cv_bridge/lib:/home/autonomous-car/Desktop/Autonomous_car_ros2/install/custom_msgs/lib:/opt/ros/eloquent/opt/yaml_cpp_vendor/lib:/opt/ros/eloquent/opt/rviz_ogre_vendor/lib:/opt/ros/eloquent/lib:/opt/ros/melodic/lib PYTHONPATH=/home/autonomous-car/Desktop/Autonomous_car_ros2/install/image_geometry/lib/python3.6/site-packages:/home/autonomous-car/Desktop/Autonomous_car_ros2/install/cv_bridge/lib/python3.6/site-packages:/home/autonomous-car/Desktop/Autonomous_car_ros2/build/stereo_yolo3:/home/autonomous-car/Desktop/Autonomous_car_ros2/install/stereo_yolo3/lib/python3.6/site-packages:/home/autonomous-car/Desktop/Autonomous_car_ros2/build/opencv_tests:/home/autonomous-car/Desktop/Autonomous_car_ros2/install/opencv_tests/lib/python3.6/site-packages:/home/autonomous-car/Desktop/Autonomous_car_ros2/build/dataset_creator:/home/autonomous-car/Desktop/Autonomous_car_ros2/install/dataset_creator/lib/python3.6/site-packages:/home/autonomous-car/Desktop/Autonomous_car_ros2/install/custom_msgs/lib/python3.6/site-packages:/opt/ros/eloquent/lib/python3.6/site-packages:/opt/ros/melodic/lib/python2.7/dist-packages /usr/bin/cmake --build /home/autonomous-car/Desktop/Autonomous_car_ros2/build/vision_opencv -- -j6 -l6
[2.154s] DEBUG:colcon.colcon_core.event_handler.log_command:Invoking command in '/home/autonomous-car/Desktop/Autonomous_car_ros2/build/stereo_yolo3': CMAKE_PREFIX_PATH=/home/autonomous-car/Desktop/Autonomous_car_ros2/install/cv_bridge:/home/autonomous-car/Desktop/Autonomous_car_ros2/install/vision_opencv:/home/autonomous-car/Desktop/Autonomous_car_ros2/install/image_geometry:/home/autonomous-car/Desktop/Autonomous_car_ros2/install/custom_msgs:/opt/ros/melodic LD_LIBRARY_PATH=/home/autonomous-car/Desktop/Autonomous_car_ros2/install/cv_bridge/lib:/home/autonomous-car/Desktop/Autonomous_car_ros2/install/image_geometry/lib:/home/autonomous-car/Desktop/Autonomous_car_ros2/install/custom_msgs/lib:/opt/ros/eloquent/opt/yaml_cpp_vendor/lib:/opt/ros/eloquent/opt/rviz_ogre_vendor/lib:/opt/ros/eloquent/lib:/opt/ros/melodic/lib PYTHONPATH=/home/autonomous-car/Desktop/Autonomous_car_ros2/install/stereo_yolo3/lib/python3.6/site-packages:/home/autonomous-car/Desktop/Autonomous_car_ros2/install/cv_bridge/lib/python3.6/site-packages:/home/autonomous-car/Desktop/Autonomous_car_ros2/build/stereo_yolo3:/home/autonomous-car/Desktop/Autonomous_car_ros2/install/stereo_yolo3/lib/python3.6/site-packages:/home/autonomous-car/Desktop/Autonomous_car_ros2/build/opencv_tests:/home/autonomous-car/Desktop/Autonomous_car_ros2/install/opencv_tests/lib/python3.6/site-packages:/home/autonomous-car/Desktop/Autonomous_car_ros2/install/image_geometry/lib/python3.6/site-packages:/home/autonomous-car/Desktop/Autonomous_car_ros2/build/dataset_creator:/home/autonomous-car/Desktop/Autonomous_car_ros2/install/dataset_creator/lib/python3.6/site-packages:/home/autonomous-car/Desktop/Autonomous_car_ros2/install/custom_msgs/lib/python3.6/site-packages:/opt/ros/eloquent/lib/python3.6/site-packages:/opt/ros/melodic/lib/python2.7/dist-packages /usr/bin/python3 setup.py develop --prefix /home/autonomous-car/Desktop/Autonomous_car_ros2/install/stereo_yolo3 --editable --build-directory /home/autonomous-car/Desktop/Autonomous_car_ros2/build/stereo_yolo3/build --no-deps install_data --install-dir /home/autonomous-car/Desktop/Autonomous_car_ros2/install/stereo_yolo3
[2.156s] Level 1:colcon.colcon_core.shell:create_environment_hook('dataset_creator', 'pythonpath_develop')
[2.156s] INFO:colcon.colcon_core.shell:Creating environment hook '/home/autonomous-car/Desktop/Autonomous_car_ros2/build/dataset_creator/share/dataset_creator/hook/pythonpath_develop.ps1'
[2.157s] INFO:colcon.colcon_core.shell:Creating environment descriptor '/home/autonomous-car/Desktop/Autonomous_car_ros2/build/dataset_creator/share/dataset_creator/hook/pythonpath_develop.dsv'
[2.157s] INFO:colcon.colcon_core.shell:Creating environment hook '/home/autonomous-car/Desktop/Autonomous_car_ros2/build/dataset_creator/share/dataset_creator/hook/pythonpath_develop.sh'
[2.158s] Level 1:colcon.colcon_core.environment:checking '/home/autonomous-car/Desktop/Autonomous_car_ros2/install/dataset_creator' for CMake module files
[2.158s] Level 1:colcon.colcon_core.environment:checking '/home/autonomous-car/Desktop/Autonomous_car_ros2/install/dataset_creator' for CMake config files
[2.159s] Level 1:colcon.colcon_core.environment:checking '/home/autonomous-car/Desktop/Autonomous_car_ros2/install/dataset_creator/lib'
[2.159s] Level 1:colcon.colcon_core.environment:checking '/home/autonomous-car/Desktop/Autonomous_car_ros2/install/dataset_creator/bin'
[2.159s] Level 1:colcon.colcon_core.environment:checking '/home/autonomous-car/Desktop/Autonomous_car_ros2/install/dataset_creator/lib/pkgconfig/dataset_creator.pc'
[2.159s] Level 1:colcon.colcon_core.environment:checking '/home/autonomous-car/Desktop/Autonomous_car_ros2/install/dataset_creator/lib/python3.6/site-packages'
[2.159s] Level 1:colcon.colcon_core.shell:create_environment_hook('dataset_creator', 'pythonpath')
[2.159s] INFO:colcon.colcon_core.shell:Creating environment hook '/home/autonomous-car/Desktop/Autonomous_car_ros2/install/dataset_creator/share/dataset_creator/hook/pythonpath.ps1'
[2.160s] INFO:colcon.colcon_core.shell:Creating environment descriptor '/home/autonomous-car/Desktop/Autonomous_car_ros2/install/dataset_creator/share/dataset_creator/hook/pythonpath.dsv'
[2.160s] INFO:colcon.colcon_core.shell:Creating environment hook '/home/autonomous-car/Desktop/Autonomous_car_ros2/install/dataset_creator/share/dataset_creator/hook/pythonpath.sh'
[2.160s] Level 1:colcon.colcon_core.environment:create_environment_scripts_only(dataset_creator)
[2.161s] INFO:colcon.colcon_core.shell:Creating package script '/home/autonomous-car/Desktop/Autonomous_car_ros2/install/dataset_creator/share/dataset_creator/package.ps1'
[2.161s] INFO:colcon.colcon_core.shell:Creating package descriptor '/home/autonomous-car/Desktop/Autonomous_car_ros2/install/dataset_creator/share/dataset_creator/package.dsv'
[2.161s] INFO:colcon.colcon_core.shell:Creating package script '/home/autonomous-car/Desktop/Autonomous_car_ros2/install/dataset_creator/share/dataset_creator/package.sh'
[2.162s] INFO:colcon.colcon_core.shell:Creating package script '/home/autonomous-car/Desktop/Autonomous_car_ros2/install/dataset_creator/share/dataset_creator/package.bash'
[2.162s] DEBUG:colcon.colcon_core.event_handler.log_command:Invoked command in '/home/autonomous-car/Desktop/Autonomous_car_ros2/build/dataset_creator' returned '0': CMAKE_PREFIX_PATH=/home/autonomous-car/Desktop/Autonomous_car_ros2/install/cv_bridge:/home/autonomous-car/Desktop/Autonomous_car_ros2/install/vision_opencv:/home/autonomous-car/Desktop/Autonomous_car_ros2/install/image_geometry:/home/autonomous-car/Desktop/Autonomous_car_ros2/install/custom_msgs:/opt/ros/melodic LD_LIBRARY_PATH=/home/autonomous-car/Desktop/Autonomous_car_ros2/install/cv_bridge/lib:/home/autonomous-car/Desktop/Autonomous_car_ros2/install/image_geometry/lib:/home/autonomous-car/Desktop/Autonomous_car_ros2/install/custom_msgs/lib:/opt/ros/eloquent/opt/yaml_cpp_vendor/lib:/opt/ros/eloquent/opt/rviz_ogre_vendor/lib:/opt/ros/eloquent/lib:/opt/ros/melodic/lib PYTHONPATH=/home/autonomous-car/Desktop/Autonomous_car_ros2/install/dataset_creator/lib/python3.6/site-packages:/home/autonomous-car/Desktop/Autonomous_car_ros2/install/cv_bridge/lib/python3.6/site-packages:/home/autonomous-car/Desktop/Autonomous_car_ros2/build/stereo_yolo3:/home/autonomous-car/Desktop/Autonomous_car_ros2/install/stereo_yolo3/lib/python3.6/site-packages:/home/autonomous-car/Desktop/Autonomous_car_ros2/build/opencv_tests:/home/autonomous-car/Desktop/Autonomous_car_ros2/install/opencv_tests/lib/python3.6/site-packages:/home/autonomous-car/Desktop/Autonomous_car_ros2/install/image_geometry/lib/python3.6/site-packages:/home/autonomous-car/Desktop/Autonomous_car_ros2/build/dataset_creator:/home/autonomous-car/Desktop/Autonomous_car_ros2/install/dataset_creator/lib/python3.6/site-packages:/home/autonomous-car/Desktop/Autonomous_car_ros2/install/custom_msgs/lib/python3.6/site-packages:/opt/ros/eloquent/lib/python3.6/site-packages:/opt/ros/melodic/lib/python2.7/dist-packages /usr/bin/python3 setup.py develop --prefix /home/autonomous-car/Desktop/Autonomous_car_ros2/install/dataset_creator --editable --build-directory /home/autonomous-car/Desktop/Autonomous_car_ros2/build/dataset_creator/build --no-deps install_data --install-dir /home/autonomous-car/Desktop/Autonomous_car_ros2/install/dataset_creator
[2.162s] INFO:colcon.colcon_core.shell:Creating package script '/home/autonomous-car/Desktop/Autonomous_car_ros2/install/dataset_creator/share/dataset_creator/package.zsh'
[2.162s] Level 1:colcon.colcon_core.environment:create_file_with_runtime_dependencies(/home/autonomous-car/Desktop/Autonomous_car_ros2/install/dataset_creator/share/colcon-core/packages/dataset_creator)
[2.166s] DEBUG:colcon.colcon_core.event_handler.log_command:Invoking command in '/home/autonomous-car/Desktop/Autonomous_car_ros2/build/vision_opencv': CMAKE_PREFIX_PATH=/home/autonomous-car/Desktop/Autonomous_car_ros2/install/image_geometry:/home/autonomous-car/Desktop/Autonomous_car_ros2/install/cv_bridge:/home/autonomous-car/Desktop/Autonomous_car_ros2/install/vision_opencv:/home/autonomous-car/Desktop/Autonomous_car_ros2/install/custom_msgs:/home/autonomous-car/Desktop/Autonomous_car_ros2/install/stereo_yolo3:/home/autonomous-car/Desktop/Autonomous_car_ros2/install/opencv_tests:/home/autonomous-car/Desktop/Autonomous_car_ros2/install/dataset_creator:/opt/ros/eloquent:/opt/ros/melodic LD_LIBRARY_PATH=/home/autonomous-car/Desktop/Autonomous_car_ros2/install/image_geometry/lib:/home/autonomous-car/Desktop/Autonomous_car_ros2/install/cv_bridge/lib:/home/autonomous-car/Desktop/Autonomous_car_ros2/install/custom_msgs/lib:/opt/ros/eloquent/opt/yaml_cpp_vendor/lib:/opt/ros/eloquent/opt/rviz_ogre_vendor/lib:/opt/ros/eloquent/lib:/opt/ros/melodic/lib PYTHONPATH=/home/autonomous-car/Desktop/Autonomous_car_ros2/install/image_geometry/lib/python3.6/site-packages:/home/autonomous-car/Desktop/Autonomous_car_ros2/install/cv_bridge/lib/python3.6/site-packages:/home/autonomous-car/Desktop/Autonomous_car_ros2/build/stereo_yolo3:/home/autonomous-car/Desktop/Autonomous_car_ros2/install/stereo_yolo3/lib/python3.6/site-packages:/home/autonomous-car/Desktop/Autonomous_car_ros2/build/opencv_tests:/home/autonomous-car/Desktop/Autonomous_car_ros2/install/opencv_tests/lib/python3.6/site-packages:/home/autonomous-car/Desktop/Autonomous_car_ros2/build/dataset_creator:/home/autonomous-car/Desktop/Autonomous_car_ros2/install/dataset_creator/lib/python3.6/site-packages:/home/autonomous-car/Desktop/Autonomous_car_ros2/install/custom_msgs/lib/python3.6/site-packages:/opt/ros/eloquent/lib/python3.6/site-packages:/opt/ros/melodic/lib/python2.7/dist-packages /usr/bin/cmake --build /home/autonomous-car/Desktop/Autonomous_car_ros2/build/vision_opencv --target install -- -j6 -l6
[2.225s] Level 1:colcon.colcon_core.environment:create_environment_scripts_only(vision_opencv)
[2.226s] Level 1:colcon.colcon_core.environment:checking '/home/autonomous-car/Desktop/Autonomous_car_ros2/install/vision_opencv' for CMake module files
[2.226s] DEBUG:colcon.colcon_core.event_handler.log_command:Invoked command in '/home/autonomous-car/Desktop/Autonomous_car_ros2/build/vision_opencv' returned '0': CMAKE_PREFIX_PATH=/home/autonomous-car/Desktop/Autonomous_car_ros2/install/image_geometry:/home/autonomous-car/Desktop/Autonomous_car_ros2/install/cv_bridge:/home/autonomous-car/Desktop/Autonomous_car_ros2/install/vision_opencv:/home/autonomous-car/Desktop/Autonomous_car_ros2/install/custom_msgs:/home/autonomous-car/Desktop/Autonomous_car_ros2/install/stereo_yolo3:/home/autonomous-car/Desktop/Autonomous_car_ros2/install/opencv_tests:/home/autonomous-car/Desktop/Autonomous_car_ros2/install/dataset_creator:/opt/ros/eloquent:/opt/ros/melodic LD_LIBRARY_PATH=/home/autonomous-car/Desktop/Autonomous_car_ros2/install/image_geometry/lib:/home/autonomous-car/Desktop/Autonomous_car_ros2/install/cv_bridge/lib:/home/autonomous-car/Desktop/Autonomous_car_ros2/install/custom_msgs/lib:/opt/ros/eloquent/opt/yaml_cpp_vendor/lib:/opt/ros/eloquent/opt/rviz_ogre_vendor/lib:/opt/ros/eloquent/lib:/opt/ros/melodic/lib PYTHONPATH=/home/autonomous-car/Desktop/Autonomous_car_ros2/install/image_geometry/lib/python3.6/site-packages:/home/autonomous-car/Desktop/Autonomous_car_ros2/install/cv_bridge/lib/python3.6/site-packages:/home/autonomous-car/Desktop/Autonomous_car_ros2/build/stereo_yolo3:/home/autonomous-car/Desktop/Autonomous_car_ros2/install/stereo_yolo3/lib/python3.6/site-packages:/home/autonomous-car/Desktop/Autonomous_car_ros2/build/opencv_tests:/home/autonomous-car/Desktop/Autonomous_car_ros2/install/opencv_tests/lib/python3.6/site-packages:/home/autonomous-car/Desktop/Autonomous_car_ros2/build/dataset_creator:/home/autonomous-car/Desktop/Autonomous_car_ros2/install/dataset_creator/lib/python3.6/site-packages:/home/autonomous-car/Desktop/Autonomous_car_ros2/install/custom_msgs/lib/python3.6/site-packages:/opt/ros/eloquent/lib/python3.6/site-packages:/opt/ros/melodic/lib/python2.7/dist-packages /usr/bin/cmake --build /home/autonomous-car/Desktop/Autonomous_car_ros2/build/vision_opencv --target install -- -j6 -l6
[2.227s] Level 1:colcon.colcon_core.environment:checking '/home/autonomous-car/Desktop/Autonomous_car_ros2/install/vision_opencv' for CMake config files
[2.227s] Level 1:colcon.colcon_core.shell:create_environment_hook('vision_opencv', 'cmake_prefix_path')
[2.227s] INFO:colcon.colcon_core.shell:Creating environment hook '/home/autonomous-car/Desktop/Autonomous_car_ros2/install/vision_opencv/share/vision_opencv/hook/cmake_prefix_path.ps1'
[2.228s] INFO:colcon.colcon_core.shell:Creating environment descriptor '/home/autonomous-car/Desktop/Autonomous_car_ros2/install/vision_opencv/share/vision_opencv/hook/cmake_prefix_path.dsv'
[2.228s] INFO:colcon.colcon_core.shell:Creating environment hook '/home/autonomous-car/Desktop/Autonomous_car_ros2/install/vision_opencv/share/vision_opencv/hook/cmake_prefix_path.sh'
[2.229s] Level 1:colcon.colcon_core.environment:checking '/home/autonomous-car/Desktop/Autonomous_car_ros2/install/vision_opencv/bin'
[2.229s] Level 1:colcon.colcon_core.environment:checking '/home/autonomous-car/Desktop/Autonomous_car_ros2/install/vision_opencv/lib/pkgconfig/vision_opencv.pc'
[2.229s] Level 1:colcon.colcon_core.environment:checking '/home/autonomous-car/Desktop/Autonomous_car_ros2/install/vision_opencv/lib/python3.6/site-packages'
[2.229s] INFO:colcon.colcon_core.shell:Creating package script '/home/autonomous-car/Desktop/Autonomous_car_ros2/install/vision_opencv/share/vision_opencv/package.ps1'
[2.230s] INFO:colcon.colcon_core.shell:Creating package descriptor '/home/autonomous-car/Desktop/Autonomous_car_ros2/install/vision_opencv/share/vision_opencv/package.dsv'
[2.230s] INFO:colcon.colcon_core.shell:Creating package script '/home/autonomous-car/Desktop/Autonomous_car_ros2/install/vision_opencv/share/vision_opencv/package.sh'
[2.231s] INFO:colcon.colcon_core.shell:Creating package script '/home/autonomous-car/Desktop/Autonomous_car_ros2/install/vision_opencv/share/vision_opencv/package.bash'
[2.231s] INFO:colcon.colcon_core.shell:Creating package script '/home/autonomous-car/Desktop/Autonomous_car_ros2/install/vision_opencv/share/vision_opencv/package.zsh'
[2.231s] Level 1:colcon.colcon_core.environment:create_file_with_runtime_dependencies(/home/autonomous-car/Desktop/Autonomous_car_ros2/install/vision_opencv/share/colcon-core/packages/vision_opencv)
[2.305s] Level 1:colcon.colcon_core.shell:create_environment_hook('opencv_tests', 'pythonpath_develop')
[2.306s] INFO:colcon.colcon_core.shell:Creating environment hook '/home/autonomous-car/Desktop/Autonomous_car_ros2/build/opencv_tests/share/opencv_tests/hook/pythonpath_develop.ps1'
[2.306s] DEBUG:colcon.colcon_core.event_handler.log_command:Invoked command in '/home/autonomous-car/Desktop/Autonomous_car_ros2/build/opencv_tests' returned '0': CMAKE_PREFIX_PATH=/home/autonomous-car/Desktop/Autonomous_car_ros2/install/cv_bridge:/home/autonomous-car/Desktop/Autonomous_car_ros2/install/vision_opencv:/home/autonomous-car/Desktop/Autonomous_car_ros2/install/image_geometry:/home/autonomous-car/Desktop/Autonomous_car_ros2/install/custom_msgs:/opt/ros/melodic LD_LIBRARY_PATH=/home/autonomous-car/Desktop/Autonomous_car_ros2/install/cv_bridge/lib:/home/autonomous-car/Desktop/Autonomous_car_ros2/install/image_geometry/lib:/home/autonomous-car/Desktop/Autonomous_car_ros2/install/custom_msgs/lib:/opt/ros/eloquent/opt/yaml_cpp_vendor/lib:/opt/ros/eloquent/opt/rviz_ogre_vendor/lib:/opt/ros/eloquent/lib:/opt/ros/melodic/lib PYTHONPATH=/home/autonomous-car/Desktop/Autonomous_car_ros2/install/opencv_tests/lib/python3.6/site-packages:/home/autonomous-car/Desktop/Autonomous_car_ros2/install/cv_bridge/lib/python3.6/site-packages:/home/autonomous-car/Desktop/Autonomous_car_ros2/build/stereo_yolo3:/home/autonomous-car/Desktop/Autonomous_car_ros2/install/stereo_yolo3/lib/python3.6/site-packages:/home/autonomous-car/Desktop/Autonomous_car_ros2/build/opencv_tests:/home/autonomous-car/Desktop/Autonomous_car_ros2/install/opencv_tests/lib/python3.6/site-packages:/home/autonomous-car/Desktop/Autonomous_car_ros2/install/image_geometry/lib/python3.6/site-packages:/home/autonomous-car/Desktop/Autonomous_car_ros2/build/dataset_creator:/home/autonomous-car/Desktop/Autonomous_car_ros2/install/dataset_creator/lib/python3.6/site-packages:/home/autonomous-car/Desktop/Autonomous_car_ros2/install/custom_msgs/lib/python3.6/site-packages:/opt/ros/eloquent/lib/python3.6/site-packages:/opt/ros/melodic/lib/python2.7/dist-packages /usr/bin/python3 setup.py develop --prefix /home/autonomous-car/Desktop/Autonomous_car_ros2/install/opencv_tests --editable --build-directory /home/autonomous-car/Desktop/Autonomous_car_ros2/build/opencv_tests/build --no-deps install_data --install-dir /home/autonomous-car/Desktop/Autonomous_car_ros2/install/opencv_tests
[2.306s] INFO:colcon.colcon_core.shell:Creating environment descriptor '/home/autonomous-car/Desktop/Autonomous_car_ros2/build/opencv_tests/share/opencv_tests/hook/pythonpath_develop.dsv'
[2.307s] INFO:colcon.colcon_core.shell:Creating environment hook '/home/autonomous-car/Desktop/Autonomous_car_ros2/build/opencv_tests/share/opencv_tests/hook/pythonpath_develop.sh'
[2.308s] Level 1:colcon.colcon_core.environment:checking '/home/autonomous-car/Desktop/Autonomous_car_ros2/install/opencv_tests' for CMake module files
[2.308s] Level 1:colcon.colcon_core.environment:checking '/home/autonomous-car/Desktop/Autonomous_car_ros2/install/opencv_tests' for CMake config files
[2.309s] Level 1:colcon.colcon_core.environment:checking '/home/autonomous-car/Desktop/Autonomous_car_ros2/install/opencv_tests/lib'
[2.309s] Level 1:colcon.colcon_core.environment:checking '/home/autonomous-car/Desktop/Autonomous_car_ros2/install/opencv_tests/bin'
[2.309s] Level 1:colcon.colcon_core.environment:checking '/home/autonomous-car/Desktop/Autonomous_car_ros2/install/opencv_tests/lib/pkgconfig/opencv_tests.pc'
[2.309s] Level 1:colcon.colcon_core.environment:checking '/home/autonomous-car/Desktop/Autonomous_car_ros2/install/opencv_tests/lib/python3.6/site-packages'
[2.309s] Level 1:colcon.colcon_core.shell:create_environment_hook('opencv_tests', 'pythonpath')
[2.310s] INFO:colcon.colcon_core.shell:Creating environment hook '/home/autonomous-car/Desktop/Autonomous_car_ros2/install/opencv_tests/share/opencv_tests/hook/pythonpath.ps1'
[2.310s] INFO:colcon.colcon_core.shell:Creating environment descriptor '/home/autonomous-car/Desktop/Autonomous_car_ros2/install/opencv_tests/share/opencv_tests/hook/pythonpath.dsv'
[2.310s] INFO:colcon.colcon_core.shell:Creating environment hook '/home/autonomous-car/Desktop/Autonomous_car_ros2/install/opencv_tests/share/opencv_tests/hook/pythonpath.sh'
[2.310s] Level 1:colcon.colcon_core.environment:create_environment_scripts_only(opencv_tests)
[2.311s] INFO:colcon.colcon_core.shell:Creating package script '/home/autonomous-car/Desktop/Autonomous_car_ros2/install/opencv_tests/share/opencv_tests/package.ps1'
[2.311s] INFO:colcon.colcon_core.shell:Creating package descriptor '/home/autonomous-car/Desktop/Autonomous_car_ros2/install/opencv_tests/share/opencv_tests/package.dsv'
[2.312s] INFO:colcon.colcon_core.shell:Creating package script '/home/autonomous-car/Desktop/Autonomous_car_ros2/install/opencv_tests/share/opencv_tests/package.sh'
[2.312s] INFO:colcon.colcon_core.shell:Creating package script '/home/autonomous-car/Desktop/Autonomous_car_ros2/install/opencv_tests/share/opencv_tests/package.bash'
[2.312s] INFO:colcon.colcon_core.shell:Creating package script '/home/autonomous-car/Desktop/Autonomous_car_ros2/install/opencv_tests/share/opencv_tests/package.zsh'
[2.312s] Level 1:colcon.colcon_core.environment:create_file_with_runtime_dependencies(/home/autonomous-car/Desktop/Autonomous_car_ros2/install/opencv_tests/share/colcon-core/packages/opencv_tests)
[2.530s] Level 1:colcon.colcon_core.shell:create_environment_hook('stereo_yolo3', 'pythonpath_develop')
[2.530s] INFO:colcon.colcon_core.shell:Creating environment hook '/home/autonomous-car/Desktop/Autonomous_car_ros2/build/stereo_yolo3/share/stereo_yolo3/hook/pythonpath_develop.ps1'
[2.531s] DEBUG:colcon.colcon_core.event_handler.log_command:Invoked command in '/home/autonomous-car/Desktop/Autonomous_car_ros2/build/stereo_yolo3' returned '0': CMAKE_PREFIX_PATH=/home/autonomous-car/Desktop/Autonomous_car_ros2/install/cv_bridge:/home/autonomous-car/Desktop/Autonomous_car_ros2/install/vision_opencv:/home/autonomous-car/Desktop/Autonomous_car_ros2/install/image_geometry:/home/autonomous-car/Desktop/Autonomous_car_ros2/install/custom_msgs:/opt/ros/melodic LD_LIBRARY_PATH=/home/autonomous-car/Desktop/Autonomous_car_ros2/install/cv_bridge/lib:/home/autonomous-car/Desktop/Autonomous_car_ros2/install/image_geometry/lib:/home/autonomous-car/Desktop/Autonomous_car_ros2/install/custom_msgs/lib:/opt/ros/eloquent/opt/yaml_cpp_vendor/lib:/opt/ros/eloquent/opt/rviz_ogre_vendor/lib:/opt/ros/eloquent/lib:/opt/ros/melodic/lib PYTHONPATH=/home/autonomous-car/Desktop/Autonomous_car_ros2/install/stereo_yolo3/lib/python3.6/site-packages:/home/autonomous-car/Desktop/Autonomous_car_ros2/install/cv_bridge/lib/python3.6/site-packages:/home/autonomous-car/Desktop/Autonomous_car_ros2/build/stereo_yolo3:/home/autonomous-car/Desktop/Autonomous_car_ros2/install/stereo_yolo3/lib/python3.6/site-packages:/home/autonomous-car/Desktop/Autonomous_car_ros2/build/opencv_tests:/home/autonomous-car/Desktop/Autonomous_car_ros2/install/opencv_tests/lib/python3.6/site-packages:/home/autonomous-car/Desktop/Autonomous_car_ros2/install/image_geometry/lib/python3.6/site-packages:/home/autonomous-car/Desktop/Autonomous_car_ros2/build/dataset_creator:/home/autonomous-car/Desktop/Autonomous_car_ros2/install/dataset_creator/lib/python3.6/site-packages:/home/autonomous-car/Desktop/Autonomous_car_ros2/install/custom_msgs/lib/python3.6/site-packages:/opt/ros/eloquent/lib/python3.6/site-packages:/opt/ros/melodic/lib/python2.7/dist-packages /usr/bin/python3 setup.py develop --prefix /home/autonomous-car/Desktop/Autonomous_car_ros2/install/stereo_yolo3 --editable --build-directory /home/autonomous-car/Desktop/Autonomous_car_ros2/build/stereo_yolo3/build --no-deps install_data --install-dir /home/autonomous-car/Desktop/Autonomous_car_ros2/install/stereo_yolo3
[2.531s] INFO:colcon.colcon_core.shell:Creating environment descriptor '/home/autonomous-car/Desktop/Autonomous_car_ros2/build/stereo_yolo3/share/stereo_yolo3/hook/pythonpath_develop.dsv'
[2.531s] INFO:colcon.colcon_core.shell:Creating environment hook '/home/autonomous-car/Desktop/Autonomous_car_ros2/build/stereo_yolo3/share/stereo_yolo3/hook/pythonpath_develop.sh'
[2.533s] Level 1:colcon.colcon_core.environment:checking '/home/autonomous-car/Desktop/Autonomous_car_ros2/install/stereo_yolo3' for CMake module files
[2.533s] Level 1:colcon.colcon_core.environment:checking '/home/autonomous-car/Desktop/Autonomous_car_ros2/install/stereo_yolo3' for CMake config files
[2.534s] Level 1:colcon.colcon_core.environment:checking '/home/autonomous-car/Desktop/Autonomous_car_ros2/install/stereo_yolo3/lib'
[2.534s] Level 1:colcon.colcon_core.environment:checking '/home/autonomous-car/Desktop/Autonomous_car_ros2/install/stereo_yolo3/bin'
[2.534s] Level 1:colcon.colcon_core.environment:checking '/home/autonomous-car/Desktop/Autonomous_car_ros2/install/stereo_yolo3/lib/pkgconfig/stereo_yolo3.pc'
[2.534s] Level 1:colcon.colcon_core.environment:checking '/home/autonomous-car/Desktop/Autonomous_car_ros2/install/stereo_yolo3/lib/python3.6/site-packages'
[2.534s] Level 1:colcon.colcon_core.shell:create_environment_hook('stereo_yolo3', 'pythonpath')
[2.534s] INFO:colcon.colcon_core.shell:Creating environment hook '/home/autonomous-car/Desktop/Autonomous_car_ros2/install/stereo_yolo3/share/stereo_yolo3/hook/pythonpath.ps1'
[2.535s] INFO:colcon.colcon_core.shell:Creating environment descriptor '/home/autonomous-car/Desktop/Autonomous_car_ros2/install/stereo_yolo3/share/stereo_yolo3/hook/pythonpath.dsv'
[2.535s] INFO:colcon.colcon_core.shell:Creating environment hook '/home/autonomous-car/Desktop/Autonomous_car_ros2/install/stereo_yolo3/share/stereo_yolo3/hook/pythonpath.sh'
[2.535s] Level 1:colcon.colcon_core.environment:create_environment_scripts_only(stereo_yolo3)
[2.536s] INFO:colcon.colcon_core.shell:Creating package script '/home/autonomous-car/Desktop/Autonomous_car_ros2/install/stereo_yolo3/share/stereo_yolo3/package.ps1'
[2.536s] INFO:colcon.colcon_core.shell:Creating package descriptor '/home/autonomous-car/Desktop/Autonomous_car_ros2/install/stereo_yolo3/share/stereo_yolo3/package.dsv'
[2.536s] INFO:colcon.colcon_core.shell:Creating package script '/home/autonomous-car/Desktop/Autonomous_car_ros2/install/stereo_yolo3/share/stereo_yolo3/package.sh'
[2.536s] INFO:colcon.colcon_core.shell:Creating package script '/home/autonomous-car/Desktop/Autonomous_car_ros2/install/stereo_yolo3/share/stereo_yolo3/package.bash'
[2.537s] INFO:colcon.colcon_core.shell:Creating package script '/home/autonomous-car/Desktop/Autonomous_car_ros2/install/stereo_yolo3/share/stereo_yolo3/package.zsh'
[2.537s] Level 1:colcon.colcon_core.environment:create_file_with_runtime_dependencies(/home/autonomous-car/Desktop/Autonomous_car_ros2/install/stereo_yolo3/share/colcon-core/packages/stereo_yolo3)
[2.537s] DEBUG:colcon.colcon_parallel_executor.executor.parallel:closing loop
[2.538s] DEBUG:colcon.colcon_parallel_executor.executor.parallel:loop closed
[2.538s] DEBUG:colcon.colcon_parallel_executor.executor.parallel:run_until_complete finished with '0'
[2.538s] DEBUG:colcon.colcon_core.event_reactor:joining thread
[2.545s] INFO:colcon.colcon_core.plugin_system:Skipping extension 'colcon_notification.desktop_notification.terminal_notifier': Not used on non-Darwin systems
[2.546s] INFO:colcon.colcon_core.plugin_system:Skipping extension 'colcon_notification.desktop_notification.win32': Not used on non-Windows systems
[2.546s] INFO:colcon.colcon_notification.desktop_notification:Sending desktop notification using 'notify2'
[2.547s] DEBUG:colcon.colcon_core.event_reactor:joined thread
[2.548s] INFO:colcon.colcon_core.shell:Creating prefix script '/home/autonomous-car/Desktop/Autonomous_car_ros2/install/local_setup.ps1'
[2.549s] INFO:colcon.colcon_core.shell:Creating prefix util module '/home/autonomous-car/Desktop/Autonomous_car_ros2/install/_local_setup_util_ps1.py'
[2.551s] INFO:colcon.colcon_core.shell:Creating prefix chain script '/home/autonomous-car/Desktop/Autonomous_car_ros2/install/setup.ps1'
[2.553s] INFO:colcon.colcon_core.shell:Creating prefix script '/home/autonomous-car/Desktop/Autonomous_car_ros2/install/local_setup.sh'
[2.554s] INFO:colcon.colcon_core.shell:Creating prefix util module '/home/autonomous-car/Desktop/Autonomous_car_ros2/install/_local_setup_util_sh.py'
[2.555s] INFO:colcon.colcon_core.shell:Creating prefix chain script '/home/autonomous-car/Desktop/Autonomous_car_ros2/install/setup.sh'
[2.557s] INFO:colcon.colcon_core.shell:Creating prefix script '/home/autonomous-car/Desktop/Autonomous_car_ros2/install/local_setup.bash'
[2.559s] INFO:colcon.colcon_core.shell:Creating prefix chain script '/home/autonomous-car/Desktop/Autonomous_car_ros2/install/setup.bash'
[2.561s] INFO:colcon.colcon_core.shell:Creating prefix script '/home/autonomous-car/Desktop/Autonomous_car_ros2/install/local_setup.zsh'
[2.562s] INFO:colcon.colcon_core.shell:Creating prefix chain script '/home/autonomous-car/Desktop/Autonomous_car_ros2/install/setup.zsh'
