[0.096s] -- Found ament_cmake: 0.8.2 (/opt/ros/eloquent/share/ament_cmake/cmake)
[0.135s] -- Using PYTHON_EXECUTABLE: /usr/bin/python3
[0.329s] -- Override CMake install command with custom implementation using symlinks instead of copying resources
[0.406s] -- Configuring done
[0.409s] -- Generating done
[0.410s] -- Build files have been written to: /home/autonomous-car/Desktop/Autonomous_car_ros2/build/vision_opencv
[0.542s] [36mInstall the project...[0m
[0.549s] -- Install configuration: ""
[0.550s] -- Execute custom install script
[0.550s] -- Up-to-date symlink: /home/autonomous-car/Desktop/Autonomous_car_ros2/install/vision_opencv/share/ament_index/resource_index/package_run_dependencies/vision_opencv
[0.550s] -- Up-to-date symlink: /home/autonomous-car/Desktop/Autonomous_car_ros2/install/vision_opencv/share/ament_index/resource_index/parent_prefix_path/vision_opencv
[0.550s] -- Up-to-date symlink: /home/autonomous-car/Desktop/Autonomous_car_ros2/install/vision_opencv/share/vision_opencv/environment/ament_prefix_path.sh
[0.551s] -- Up-to-date symlink: /home/autonomous-car/Desktop/Autonomous_car_ros2/install/vision_opencv/share/vision_opencv/environment/ament_prefix_path.dsv
[0.551s] -- Up-to-date symlink: /home/autonomous-car/Desktop/Autonomous_car_ros2/install/vision_opencv/share/vision_opencv/environment/path.sh
[0.551s] -- Up-to-date symlink: /home/autonomous-car/Desktop/Autonomous_car_ros2/install/vision_opencv/share/vision_opencv/environment/path.dsv
[0.551s] -- Up-to-date symlink: /home/autonomous-car/Desktop/Autonomous_car_ros2/install/vision_opencv/share/vision_opencv/local_setup.bash
[0.552s] -- Up-to-date symlink: /home/autonomous-car/Desktop/Autonomous_car_ros2/install/vision_opencv/share/vision_opencv/local_setup.sh
[0.552s] -- Up-to-date symlink: /home/autonomous-car/Desktop/Autonomous_car_ros2/install/vision_opencv/share/vision_opencv/local_setup.zsh
[0.552s] -- Up-to-date symlink: /home/autonomous-car/Desktop/Autonomous_car_ros2/install/vision_opencv/share/vision_opencv/local_setup.dsv
[0.552s] -- Symlinking: /home/autonomous-car/Desktop/Autonomous_car_ros2/install/vision_opencv/share/vision_opencv/package.dsv
[0.562s] -- Up-to-date symlink: /home/autonomous-car/Desktop/Autonomous_car_ros2/install/vision_opencv/share/ament_index/resource_index/packages/vision_opencv
[0.563s] -- Up-to-date symlink: /home/autonomous-car/Desktop/Autonomous_car_ros2/install/vision_opencv/share/vision_opencv/cmake/vision_opencvConfig.cmake
[0.563s] -- Up-to-date symlink: /home/autonomous-car/Desktop/Autonomous_car_ros2/install/vision_opencv/share/vision_opencv/cmake/vision_opencvConfig-version.cmake
[0.563s] -- Up-to-date symlink: /home/autonomous-car/Desktop/Autonomous_car_ros2/install/vision_opencv/share/vision_opencv/package.xml
