[1.950s] running develop
[2.108s] Removing /home/autonomous-car/Desktop/Autonomous_car_ros2/install/gather_data/lib/python3.6/site-packages/gather-data.egg-link (link to .)
[2.375s] running egg_info
[2.381s] writing /home/autonomous-car/Desktop/Autonomous_car_ros2/build/gather_data/gather_data.egg-info/PKG-INFO
[2.383s] writing dependency_links to /home/autonomous-car/Desktop/Autonomous_car_ros2/build/gather_data/gather_data.egg-info/dependency_links.txt
[2.384s] writing entry points to /home/autonomous-car/Desktop/Autonomous_car_ros2/build/gather_data/gather_data.egg-info/entry_points.txt
[2.386s] writing requirements to /home/autonomous-car/Desktop/Autonomous_car_ros2/build/gather_data/gather_data.egg-info/requires.txt
[2.386s] writing top-level names to /home/autonomous-car/Desktop/Autonomous_car_ros2/build/gather_data/gather_data.egg-info/top_level.txt
[2.428s] reading manifest file '/home/autonomous-car/Desktop/Autonomous_car_ros2/build/gather_data/gather_data.egg-info/SOURCES.txt'
[2.430s] writing manifest file '/home/autonomous-car/Desktop/Autonomous_car_ros2/build/gather_data/gather_data.egg-info/SOURCES.txt'
[2.432s] running build
[2.432s] running build_py
[2.433s] creating /home/autonomous-car/Desktop/Autonomous_car_ros2/build/gather_data/build
[2.436s] creating /home/autonomous-car/Desktop/Autonomous_car_ros2/build/gather_data/build/lib
[2.436s] creating /home/autonomous-car/Desktop/Autonomous_car_ros2/build/gather_data/build/lib/gather_data
[2.436s] copying gather_data/gather_data.py -> /home/autonomous-car/Desktop/Autonomous_car_ros2/build/gather_data/build/lib/gather_data
[2.436s] copying gather_data/__init__.py -> /home/autonomous-car/Desktop/Autonomous_car_ros2/build/gather_data/build/lib/gather_data
[2.436s] running install
[2.437s] running install_lib
[2.437s] creating /home/autonomous-car/Desktop/Autonomous_car_ros2/install/gather_data/lib/python3.6/site-packages/gather_data
[2.437s] copying /home/autonomous-car/Desktop/Autonomous_car_ros2/build/gather_data/build/lib/gather_data/gather_data.py -> /home/autonomous-car/Desktop/Autonomous_car_ros2/install/gather_data/lib/python3.6/site-packages/gather_data
[2.437s] copying /home/autonomous-car/Desktop/Autonomous_car_ros2/build/gather_data/build/lib/gather_data/__init__.py -> /home/autonomous-car/Desktop/Autonomous_car_ros2/install/gather_data/lib/python3.6/site-packages/gather_data
[2.438s] byte-compiling /home/autonomous-car/Desktop/Autonomous_car_ros2/install/gather_data/lib/python3.6/site-packages/gather_data/gather_data.py to gather_data.cpython-36.pyc
[2.438s] byte-compiling /home/autonomous-car/Desktop/Autonomous_car_ros2/install/gather_data/lib/python3.6/site-packages/gather_data/__init__.py to __init__.cpython-36.pyc
[2.438s] running install_data
[2.439s] running install_egg_info
[2.444s] Copying /home/autonomous-car/Desktop/Autonomous_car_ros2/build/gather_data/gather_data.egg-info to /home/autonomous-car/Desktop/Autonomous_car_ros2/install/gather_data/lib/python3.6/site-packages/gather_data-0.0.0-py3.6.egg-info
[2.449s] running install_scripts
[2.491s] writing list of installed files to '/home/autonomous-car/Desktop/Autonomous_car_ros2/build/gather_data/install.log'
