[0.016s] Invoking command in '/home/autonomous-car/Desktop/Autonomous_car_ros2/build/image_geometry': CMAKE_PREFIX_PATH=/opt/ros/eloquent:${CMAKE_PREFIX_PATH} /usr/bin/cmake --build /home/autonomous-car/Desktop/Autonomous_car_ros2/build/image_geometry -- -j6 -l6
[0.055s] [ 22%] Built target gtest
[0.057s] [ 77%] Built target image_geometry
[0.057s] [ 77%] Built target gtest_main
[0.076s] [100%] Built target image_geometry-utest
[0.084s] Invoked command in '/home/autonomous-car/Desktop/Autonomous_car_ros2/build/image_geometry' returned '0': CMAKE_PREFIX_PATH=/opt/ros/eloquent:${CMAKE_PREFIX_PATH} /usr/bin/cmake --build /home/autonomous-car/Desktop/Autonomous_car_ros2/build/image_geometry -- -j6 -l6
[0.103s] Invoking command in '/home/autonomous-car/Desktop/Autonomous_car_ros2/build/image_geometry': CMAKE_PREFIX_PATH=/opt/ros/eloquent:${CMAKE_PREFIX_PATH} /usr/bin/cmake --build /home/autonomous-car/Desktop/Autonomous_car_ros2/build/image_geometry --target install -- -j6 -l6
[0.141s] [ 22%] Built target gtest
[0.148s] [ 66%] Built target image_geometry
[0.148s] [ 77%] Built target gtest_main
[0.167s] [100%] Built target image_geometry-utest
[0.179s] [36mInstall the project...[0m
[0.186s] -- Install configuration: ""
[0.186s] -- Execute custom install script
[0.186s] -- Up-to-date symlink: /home/autonomous-car/Desktop/Autonomous_car_ros2/install/image_geometry/share/image_geometry/environment/pythonpath.sh
[0.186s] -- Up-to-date symlink: /home/autonomous-car/Desktop/Autonomous_car_ros2/install/image_geometry/share/image_geometry/environment/pythonpath.dsv
[0.187s] -- Up-to-date symlink: /home/autonomous-car/Desktop/Autonomous_car_ros2/install/image_geometry/lib/python3.6/site-packages/image_geometry/__init__.py
[0.187s] -- Up-to-date symlink: /home/autonomous-car/Desktop/Autonomous_car_ros2/install/image_geometry/lib/python3.6/site-packages/image_geometry/cameramodels.py
[0.187s] -- Up-to-date symlink: /home/autonomous-car/Desktop/Autonomous_car_ros2/install/image_geometry/include/image_geometry/pinhole_camera_model.h
[0.188s] -- Up-to-date symlink: /home/autonomous-car/Desktop/Autonomous_car_ros2/install/image_geometry/include/image_geometry/stereo_camera_model.h
[0.188s] -- Up-to-date symlink: /home/autonomous-car/Desktop/Autonomous_car_ros2/install/image_geometry/include/image_geometry/visibility_control.hpp
[0.188s] -- Up-to-date symlink: /home/autonomous-car/Desktop/Autonomous_car_ros2/install/image_geometry/lib/libimage_geometry.so
[0.188s] -- Up-to-date symlink: /home/autonomous-car/Desktop/Autonomous_car_ros2/install/image_geometry/share/image_geometry/environment/library_path.sh
[0.188s] -- Up-to-date symlink: /home/autonomous-car/Desktop/Autonomous_car_ros2/install/image_geometry/share/image_geometry/environment/library_path.dsv
[0.189s] -- Up-to-date symlink: /home/autonomous-car/Desktop/Autonomous_car_ros2/install/image_geometry/share/ament_index/resource_index/package_run_dependencies/image_geometry
[0.189s] -- Up-to-date symlink: /home/autonomous-car/Desktop/Autonomous_car_ros2/install/image_geometry/share/ament_index/resource_index/parent_prefix_path/image_geometry
[0.189s] -- Up-to-date symlink: /home/autonomous-car/Desktop/Autonomous_car_ros2/install/image_geometry/share/image_geometry/environment/ament_prefix_path.sh
[0.189s] -- Up-to-date symlink: /home/autonomous-car/Desktop/Autonomous_car_ros2/install/image_geometry/share/image_geometry/environment/ament_prefix_path.dsv
[0.189s] -- Up-to-date symlink: /home/autonomous-car/Desktop/Autonomous_car_ros2/install/image_geometry/share/image_geometry/environment/path.sh
[0.190s] -- Up-to-date symlink: /home/autonomous-car/Desktop/Autonomous_car_ros2/install/image_geometry/share/image_geometry/environment/path.dsv
[0.190s] -- Up-to-date symlink: /home/autonomous-car/Desktop/Autonomous_car_ros2/install/image_geometry/share/image_geometry/local_setup.bash
[0.190s] -- Up-to-date symlink: /home/autonomous-car/Desktop/Autonomous_car_ros2/install/image_geometry/share/image_geometry/local_setup.sh
[0.190s] -- Up-to-date symlink: /home/autonomous-car/Desktop/Autonomous_car_ros2/install/image_geometry/share/image_geometry/local_setup.zsh
[0.190s] -- Up-to-date symlink: /home/autonomous-car/Desktop/Autonomous_car_ros2/install/image_geometry/share/image_geometry/local_setup.dsv
[0.191s] -- Symlinking: /home/autonomous-car/Desktop/Autonomous_car_ros2/install/image_geometry/share/image_geometry/package.dsv
[0.197s] -- Up-to-date symlink: /home/autonomous-car/Desktop/Autonomous_car_ros2/install/image_geometry/share/ament_index/resource_index/packages/image_geometry
[0.197s] -- Up-to-date symlink: /home/autonomous-car/Desktop/Autonomous_car_ros2/install/image_geometry/share/image_geometry/cmake/ament_cmake_export_libraries-extras.cmake
[0.197s] -- Up-to-date symlink: /home/autonomous-car/Desktop/Autonomous_car_ros2/install/image_geometry/share/image_geometry/cmake/ament_cmake_export_dependencies-extras.cmake
[0.198s] -- Up-to-date symlink: /home/autonomous-car/Desktop/Autonomous_car_ros2/install/image_geometry/share/image_geometry/cmake/ament_cmake_export_include_directories-extras.cmake
[0.198s] -- Up-to-date symlink: /home/autonomous-car/Desktop/Autonomous_car_ros2/install/image_geometry/share/image_geometry/cmake/image_geometryConfig.cmake
[0.198s] -- Up-to-date symlink: /home/autonomous-car/Desktop/Autonomous_car_ros2/install/image_geometry/share/image_geometry/cmake/image_geometryConfig-version.cmake
[0.198s] -- Up-to-date symlink: /home/autonomous-car/Desktop/Autonomous_car_ros2/install/image_geometry/share/image_geometry/package.xml
[0.220s] Listing '/home/autonomous-car/Desktop/Autonomous_car_ros2/install/image_geometry/lib/python3.6/site-packages/image_geometry'...
[0.226s] Invoked command in '/home/autonomous-car/Desktop/Autonomous_car_ros2/build/image_geometry' returned '0': CMAKE_PREFIX_PATH=/opt/ros/eloquent:${CMAKE_PREFIX_PATH} /usr/bin/cmake --build /home/autonomous-car/Desktop/Autonomous_car_ros2/build/image_geometry --target install -- -j6 -l6
