[0.819s] running develop
[0.970s] Removing /home/autonomous-car/Desktop/Autonomous_car_ros2/install/control_accel_ard/lib/python3.6/site-packages/control-accel-ard.egg-link (link to .)
[1.226s] running egg_info
[1.226s] writing /home/autonomous-car/Desktop/Autonomous_car_ros2/build/control_accel_ard/control_accel_ard.egg-info/PKG-INFO
[1.227s] writing dependency_links to /home/autonomous-car/Desktop/Autonomous_car_ros2/build/control_accel_ard/control_accel_ard.egg-info/dependency_links.txt
[1.227s] writing entry points to /home/autonomous-car/Desktop/Autonomous_car_ros2/build/control_accel_ard/control_accel_ard.egg-info/entry_points.txt
[1.227s] writing requirements to /home/autonomous-car/Desktop/Autonomous_car_ros2/build/control_accel_ard/control_accel_ard.egg-info/requires.txt
[1.227s] writing top-level names to /home/autonomous-car/Desktop/Autonomous_car_ros2/build/control_accel_ard/control_accel_ard.egg-info/top_level.txt
[1.289s] reading manifest file '/home/autonomous-car/Desktop/Autonomous_car_ros2/build/control_accel_ard/control_accel_ard.egg-info/SOURCES.txt'
[1.290s] writing manifest file '/home/autonomous-car/Desktop/Autonomous_car_ros2/build/control_accel_ard/control_accel_ard.egg-info/SOURCES.txt'
[1.291s] running build
[1.291s] running build_py
[1.291s] running install
[1.292s] running install_lib
[1.293s] creating /home/autonomous-car/Desktop/Autonomous_car_ros2/install/control_accel_ard/lib/python3.6/site-packages/control_accel_ard
[1.293s] copying /home/autonomous-car/Desktop/Autonomous_car_ros2/build/control_accel_ard/build/lib/control_accel_ard/recv_data.py -> /home/autonomous-car/Desktop/Autonomous_car_ros2/install/control_accel_ard/lib/python3.6/site-packages/control_accel_ard
[1.294s] copying /home/autonomous-car/Desktop/Autonomous_car_ros2/build/control_accel_ard/build/lib/control_accel_ard/__init__.py -> /home/autonomous-car/Desktop/Autonomous_car_ros2/install/control_accel_ard/lib/python3.6/site-packages/control_accel_ard
[1.294s] byte-compiling /home/autonomous-car/Desktop/Autonomous_car_ros2/install/control_accel_ard/lib/python3.6/site-packages/control_accel_ard/recv_data.py to recv_data.cpython-36.pyc
[1.294s] byte-compiling /home/autonomous-car/Desktop/Autonomous_car_ros2/install/control_accel_ard/lib/python3.6/site-packages/control_accel_ard/__init__.py to __init__.cpython-36.pyc
[1.294s] running install_data
[1.297s] running install_egg_info
[1.300s] Copying /home/autonomous-car/Desktop/Autonomous_car_ros2/build/control_accel_ard/control_accel_ard.egg-info to /home/autonomous-car/Desktop/Autonomous_car_ros2/install/control_accel_ard/lib/python3.6/site-packages/control_accel_ard-0.0.0-py3.6.egg-info
[1.300s] running install_scripts
[1.317s] writing list of installed files to '/home/autonomous-car/Desktop/Autonomous_car_ros2/build/control_accel_ard/install.log'
