[0.494s] -- The C compiler identification is GNU 7.5.0
[0.494s] -- The CXX compiler identification is GNU 7.5.0
[0.494s] -- Check for working C compiler: /usr/bin/cc
[0.495s] -- Check for working C compiler: /usr/bin/cc -- works
[0.495s] -- Detecting C compiler ABI info
[0.495s] -- Detecting C compiler ABI info - done
[0.496s] -- Detecting C compile features
[0.496s] -- Detecting C compile features - done
[0.496s] -- Check for working CXX compiler: /usr/bin/c++
[0.496s] -- Check for working CXX compiler: /usr/bin/c++ -- works
[0.496s] -- Detecting CXX compiler ABI info
[0.498s] -- Detecting CXX compiler ABI info - done
[0.498s] -- Detecting CXX compile features
[0.803s] -- Detecting CXX compile features - done
[0.804s] -- Found ament_cmake_python: 0.8.2 (/opt/ros/eloquent/share/ament_cmake_python/cmake)
[0.806s] -- Found ament_cmake_ros: 0.8.0 (/opt/ros/eloquent/share/ament_cmake_ros/cmake)
[0.846s] -- Found PythonInterp: /usr/bin/python3 (found suitable version "3.6.9", minimum required is "3") 
[0.846s] -- Using PYTHON_EXECUTABLE: /usr/bin/python3
[1.033s] -- Override CMake install command with custom implementation using symlinks instead of copying resources
[1.094s] -- Found OpenCV: /usr (found version "3.2.0") found components:  calib3d core highgui imgproc 
[1.096s] -- Found sensor_msgs: 0.8.1 (/opt/ros/eloquent/share/sensor_msgs/cmake)
[1.108s] -- Found rosidl_adapter: 0.8.2 (/opt/ros/eloquent/share/rosidl_adapter/cmake)
[1.167s] -- Found gtest sources under '/opt/ros/eloquent/src/gtest_vendor': C++ tests using 'Google Test' will be built
[1.168s] -- Looking for pthread.h
[1.217s] -- Looking for pthread.h - found
[1.217s] -- Looking for pthread_create
[1.266s] -- Looking for pthread_create - not found
[1.267s] -- Check if compiler accepts -pthread
[1.318s] -- Check if compiler accepts -pthread - yes
[1.319s] -- Found Threads: TRUE  
[1.382s] -- Configuring done
[1.396s] -- Generating done
[1.397s] -- Build files have been written to: /home/autonomous-car/Desktop/Autonomous_car_ros2/build/image_geometry
[1.434s] [35m[1mScanning dependencies of target image_geometry[0m
[1.443s] [ 22%] Built target gtest_main
[1.446s] [ 44%] Built target gtest
[1.448s] [ 77%] Built target image_geometry
[1.468s] [100%] Built target image_geometry-utest
[1.589s] [ 22%] Built target gtest_main
[1.590s] [ 44%] Built target gtest
[1.593s] [ 77%] Built target image_geometry
[1.613s] [100%] Built target image_geometry-utest
[1.630s] [36mInstall the project...[0m
[1.637s] -- Install configuration: ""
[1.637s] -- Execute custom install script
[1.638s] -- Up-to-date symlink: /home/autonomous-car/Desktop/Autonomous_car_ros2/install/image_geometry/share/image_geometry/environment/pythonpath.sh
[1.638s] -- Up-to-date symlink: /home/autonomous-car/Desktop/Autonomous_car_ros2/install/image_geometry/share/image_geometry/environment/pythonpath.dsv
[1.638s] -- Up-to-date symlink: /home/autonomous-car/Desktop/Autonomous_car_ros2/install/image_geometry/lib/python3.6/site-packages/image_geometry/__init__.py
[1.638s] -- Up-to-date symlink: /home/autonomous-car/Desktop/Autonomous_car_ros2/install/image_geometry/lib/python3.6/site-packages/image_geometry/cameramodels.py
[1.639s] -- Up-to-date symlink: /home/autonomous-car/Desktop/Autonomous_car_ros2/install/image_geometry/include/image_geometry/pinhole_camera_model.h
[1.639s] -- Up-to-date symlink: /home/autonomous-car/Desktop/Autonomous_car_ros2/install/image_geometry/include/image_geometry/stereo_camera_model.h
[1.639s] -- Up-to-date symlink: /home/autonomous-car/Desktop/Autonomous_car_ros2/install/image_geometry/include/image_geometry/visibility_control.hpp
[1.639s] -- Up-to-date symlink: /home/autonomous-car/Desktop/Autonomous_car_ros2/install/image_geometry/lib/libimage_geometry.so
[1.639s] -- Up-to-date symlink: /home/autonomous-car/Desktop/Autonomous_car_ros2/install/image_geometry/share/image_geometry/environment/library_path.sh
[1.640s] -- Up-to-date symlink: /home/autonomous-car/Desktop/Autonomous_car_ros2/install/image_geometry/share/image_geometry/environment/library_path.dsv
[1.640s] -- Up-to-date symlink: /home/autonomous-car/Desktop/Autonomous_car_ros2/install/image_geometry/share/ament_index/resource_index/package_run_dependencies/image_geometry
[1.640s] -- Up-to-date symlink: /home/autonomous-car/Desktop/Autonomous_car_ros2/install/image_geometry/share/ament_index/resource_index/parent_prefix_path/image_geometry
[1.640s] -- Up-to-date symlink: /home/autonomous-car/Desktop/Autonomous_car_ros2/install/image_geometry/share/image_geometry/environment/ament_prefix_path.sh
[1.641s] -- Up-to-date symlink: /home/autonomous-car/Desktop/Autonomous_car_ros2/install/image_geometry/share/image_geometry/environment/ament_prefix_path.dsv
[1.641s] -- Up-to-date symlink: /home/autonomous-car/Desktop/Autonomous_car_ros2/install/image_geometry/share/image_geometry/environment/path.sh
[1.641s] -- Up-to-date symlink: /home/autonomous-car/Desktop/Autonomous_car_ros2/install/image_geometry/share/image_geometry/environment/path.dsv
[1.641s] -- Up-to-date symlink: /home/autonomous-car/Desktop/Autonomous_car_ros2/install/image_geometry/share/image_geometry/local_setup.bash
[1.641s] -- Up-to-date symlink: /home/autonomous-car/Desktop/Autonomous_car_ros2/install/image_geometry/share/image_geometry/local_setup.sh
[1.642s] -- Up-to-date symlink: /home/autonomous-car/Desktop/Autonomous_car_ros2/install/image_geometry/share/image_geometry/local_setup.zsh
[1.642s] -- Up-to-date symlink: /home/autonomous-car/Desktop/Autonomous_car_ros2/install/image_geometry/share/image_geometry/local_setup.dsv
[1.642s] -- Symlinking: /home/autonomous-car/Desktop/Autonomous_car_ros2/install/image_geometry/share/image_geometry/package.dsv
[1.649s] -- Up-to-date symlink: /home/autonomous-car/Desktop/Autonomous_car_ros2/install/image_geometry/share/ament_index/resource_index/packages/image_geometry
[1.650s] -- Up-to-date symlink: /home/autonomous-car/Desktop/Autonomous_car_ros2/install/image_geometry/share/image_geometry/cmake/ament_cmake_export_libraries-extras.cmake
[1.650s] -- Up-to-date symlink: /home/autonomous-car/Desktop/Autonomous_car_ros2/install/image_geometry/share/image_geometry/cmake/ament_cmake_export_dependencies-extras.cmake
[1.650s] -- Up-to-date symlink: /home/autonomous-car/Desktop/Autonomous_car_ros2/install/image_geometry/share/image_geometry/cmake/ament_cmake_export_include_directories-extras.cmake
[1.650s] -- Up-to-date symlink: /home/autonomous-car/Desktop/Autonomous_car_ros2/install/image_geometry/share/image_geometry/cmake/image_geometryConfig.cmake
[1.650s] -- Up-to-date symlink: /home/autonomous-car/Desktop/Autonomous_car_ros2/install/image_geometry/share/image_geometry/cmake/image_geometryConfig-version.cmake
[1.651s] -- Up-to-date symlink: /home/autonomous-car/Desktop/Autonomous_car_ros2/install/image_geometry/share/image_geometry/package.xml
[1.684s] Listing '/home/autonomous-car/Desktop/Autonomous_car_ros2/install/image_geometry/lib/python3.6/site-packages/image_geometry'...
