[1.468s] running develop
[1.591s] running egg_info
[1.591s] creating brain.egg-info
[1.591s] writing brain.egg-info/PKG-INFO
[1.591s] writing dependency_links to brain.egg-info/dependency_links.txt
[1.591s] writing entry points to brain.egg-info/entry_points.txt
[1.591s] writing requirements to brain.egg-info/requires.txt
[1.591s] writing top-level names to brain.egg-info/top_level.txt
[1.592s] writing manifest file 'brain.egg-info/SOURCES.txt'
[1.616s] reading manifest file 'brain.egg-info/SOURCES.txt'
[1.616s] writing manifest file 'brain.egg-info/SOURCES.txt'
[1.645s] running build_ext
[1.645s] Creating /home/autonomous-car/Desktop/Autonomous_car_ros2/install/brain/lib/python3.8/site-packages/site.py
[1.647s] Creating /home/autonomous-car/Desktop/Autonomous_car_ros2/install/brain/lib/python3.8/site-packages/brain.egg-link (link to .)
[1.648s] Installing RNN script to /home/autonomous-car/Desktop/Autonomous_car_ros2/install/brain/lib/brain
[1.648s] Installing test script to /home/autonomous-car/Desktop/Autonomous_car_ros2/install/brain/lib/brain
[1.648s] 
[1.648s] Installed /home/autonomous-car/Desktop/Autonomous_car_ros2/build/brain
[1.648s] running install_data
[1.648s] creating /home/autonomous-car/Desktop/Autonomous_car_ros2/install/brain/share/ament_index
[1.648s] creating /home/autonomous-car/Desktop/Autonomous_car_ros2/install/brain/share/ament_index/resource_index
[1.648s] creating /home/autonomous-car/Desktop/Autonomous_car_ros2/install/brain/share/ament_index/resource_index/packages
[1.648s] copying resource/brain -> /home/autonomous-car/Desktop/Autonomous_car_ros2/install/brain/share/ament_index/resource_index/packages
[1.648s] copying package.xml -> /home/autonomous-car/Desktop/Autonomous_car_ros2/install/brain/share/brain
