[1.249s] Invoking command in '/home/autonomous-car/Desktop/Autonomous_car_ros2/build/brain': CMAKE_PREFIX_PATH=/home/autonomous-car/Desktop/Autonomous_car_ros2/install/cv_bridge:/home/autonomous-car/Desktop/Autonomous_car_ros2/install/vision_opencv:/home/autonomous-car/Desktop/Autonomous_car_ros2/install/image_geometry:/home/autonomous-car/Desktop/Autonomous_car_ros2/install/custom_msgs:/opt/ros/noetic LD_LIBRARY_PATH=/home/autonomous-car/Desktop/Autonomous_car_ros2/install/cv_bridge/lib:/home/autonomous-car/Desktop/Autonomous_car_ros2/install/image_geometry/lib:/home/autonomous-car/Desktop/Autonomous_car_ros2/install/custom_msgs/lib:/opt/ros/foxy/opt/yaml_cpp_vendor/lib:/opt/ros/foxy/opt/rviz_ogre_vendor/lib:/opt/ros/foxy/lib/x86_64-linux-gnu:/opt/ros/foxy/lib:/opt/ros/noetic/lib PYTHONPATH=/home/autonomous-car/Desktop/Autonomous_car_ros2/install/brain/lib/python3.8/site-packages:/home/autonomous-car/Desktop/Autonomous_car_ros2/install/cv_bridge/lib/python3.8/site-packages:${PYTHONPATH} /usr/bin/python3 setup.py develop --prefix /home/autonomous-car/Desktop/Autonomous_car_ros2/install/brain --editable --build-directory /home/autonomous-car/Desktop/Autonomous_car_ros2/build/brain/build --no-deps install_data --install-dir /home/autonomous-car/Desktop/Autonomous_car_ros2/install/brain
[1.468s] running develop
[1.591s] running egg_info
[1.591s] creating brain.egg-info
[1.591s] writing brain.egg-info/PKG-INFO
[1.591s] writing dependency_links to brain.egg-info/dependency_links.txt
[1.591s] writing entry points to brain.egg-info/entry_points.txt
[1.591s] writing requirements to brain.egg-info/requires.txt
[1.591s] writing top-level names to brain.egg-info/top_level.txt
[1.592s] writing manifest file 'brain.egg-info/SOURCES.txt'
[1.616s] reading manifest file 'brain.egg-info/SOURCES.txt'
[1.616s] writing manifest file 'brain.egg-info/SOURCES.txt'
[1.645s] running build_ext
[1.645s] Creating /home/autonomous-car/Desktop/Autonomous_car_ros2/install/brain/lib/python3.8/site-packages/site.py
[1.647s] Creating /home/autonomous-car/Desktop/Autonomous_car_ros2/install/brain/lib/python3.8/site-packages/brain.egg-link (link to .)
[1.648s] Installing RNN script to /home/autonomous-car/Desktop/Autonomous_car_ros2/install/brain/lib/brain
[1.648s] Installing test script to /home/autonomous-car/Desktop/Autonomous_car_ros2/install/brain/lib/brain
[1.648s] 
[1.648s] Installed /home/autonomous-car/Desktop/Autonomous_car_ros2/build/brain
[1.648s] running install_data
[1.648s] creating /home/autonomous-car/Desktop/Autonomous_car_ros2/install/brain/share/ament_index
[1.648s] creating /home/autonomous-car/Desktop/Autonomous_car_ros2/install/brain/share/ament_index/resource_index
[1.648s] creating /home/autonomous-car/Desktop/Autonomous_car_ros2/install/brain/share/ament_index/resource_index/packages
[1.648s] copying resource/brain -> /home/autonomous-car/Desktop/Autonomous_car_ros2/install/brain/share/ament_index/resource_index/packages
[1.648s] copying package.xml -> /home/autonomous-car/Desktop/Autonomous_car_ros2/install/brain/share/brain
[1.688s] Invoked command in '/home/autonomous-car/Desktop/Autonomous_car_ros2/build/brain' returned '0': CMAKE_PREFIX_PATH=/home/autonomous-car/Desktop/Autonomous_car_ros2/install/cv_bridge:/home/autonomous-car/Desktop/Autonomous_car_ros2/install/vision_opencv:/home/autonomous-car/Desktop/Autonomous_car_ros2/install/image_geometry:/home/autonomous-car/Desktop/Autonomous_car_ros2/install/custom_msgs:/opt/ros/noetic LD_LIBRARY_PATH=/home/autonomous-car/Desktop/Autonomous_car_ros2/install/cv_bridge/lib:/home/autonomous-car/Desktop/Autonomous_car_ros2/install/image_geometry/lib:/home/autonomous-car/Desktop/Autonomous_car_ros2/install/custom_msgs/lib:/opt/ros/foxy/opt/yaml_cpp_vendor/lib:/opt/ros/foxy/opt/rviz_ogre_vendor/lib:/opt/ros/foxy/lib/x86_64-linux-gnu:/opt/ros/foxy/lib:/opt/ros/noetic/lib PYTHONPATH=/home/autonomous-car/Desktop/Autonomous_car_ros2/install/brain/lib/python3.8/site-packages:/home/autonomous-car/Desktop/Autonomous_car_ros2/install/cv_bridge/lib/python3.8/site-packages:${PYTHONPATH} /usr/bin/python3 setup.py develop --prefix /home/autonomous-car/Desktop/Autonomous_car_ros2/install/brain --editable --build-directory /home/autonomous-car/Desktop/Autonomous_car_ros2/build/brain/build --no-deps install_data --install-dir /home/autonomous-car/Desktop/Autonomous_car_ros2/install/brain
