[2.127s] running develop
[2.266s] Removing /home/autonomous-car/Desktop/Autonomous_car_ros2/install/stereo_yolo3/lib/python3.6/site-packages/stereo-yolo3.egg-link (link to .)
[2.545s] running egg_info
[2.545s] writing /home/autonomous-car/Desktop/Autonomous_car_ros2/build/stereo_yolo3/stereo_yolo3.egg-info/PKG-INFO
[2.546s] writing dependency_links to /home/autonomous-car/Desktop/Autonomous_car_ros2/build/stereo_yolo3/stereo_yolo3.egg-info/dependency_links.txt
[2.546s] writing entry points to /home/autonomous-car/Desktop/Autonomous_car_ros2/build/stereo_yolo3/stereo_yolo3.egg-info/entry_points.txt
[2.546s] writing requirements to /home/autonomous-car/Desktop/Autonomous_car_ros2/build/stereo_yolo3/stereo_yolo3.egg-info/requires.txt
[2.546s] writing top-level names to /home/autonomous-car/Desktop/Autonomous_car_ros2/build/stereo_yolo3/stereo_yolo3.egg-info/top_level.txt
[2.578s] reading manifest file '/home/autonomous-car/Desktop/Autonomous_car_ros2/build/stereo_yolo3/stereo_yolo3.egg-info/SOURCES.txt'
[2.580s] writing manifest file '/home/autonomous-car/Desktop/Autonomous_car_ros2/build/stereo_yolo3/stereo_yolo3.egg-info/SOURCES.txt'
[2.580s] running build
[2.580s] running build_py
[2.580s] creating /home/autonomous-car/Desktop/Autonomous_car_ros2/build/stereo_yolo3/build
[2.580s] creating /home/autonomous-car/Desktop/Autonomous_car_ros2/build/stereo_yolo3/build/lib
[2.580s] creating /home/autonomous-car/Desktop/Autonomous_car_ros2/build/stereo_yolo3/build/lib/stereo_yolo3
[2.580s] copying stereo_yolo3/run_this.py -> /home/autonomous-car/Desktop/Autonomous_car_ros2/build/stereo_yolo3/build/lib/stereo_yolo3
[2.581s] copying stereo_yolo3/__init__.py -> /home/autonomous-car/Desktop/Autonomous_car_ros2/build/stereo_yolo3/build/lib/stereo_yolo3
[2.581s] running install
[2.581s] running install_lib
[2.581s] creating /home/autonomous-car/Desktop/Autonomous_car_ros2/install/stereo_yolo3/lib/python3.6/site-packages/stereo_yolo3
[2.581s] copying /home/autonomous-car/Desktop/Autonomous_car_ros2/build/stereo_yolo3/build/lib/stereo_yolo3/run_this.py -> /home/autonomous-car/Desktop/Autonomous_car_ros2/install/stereo_yolo3/lib/python3.6/site-packages/stereo_yolo3
[2.581s] copying /home/autonomous-car/Desktop/Autonomous_car_ros2/build/stereo_yolo3/build/lib/stereo_yolo3/__init__.py -> /home/autonomous-car/Desktop/Autonomous_car_ros2/install/stereo_yolo3/lib/python3.6/site-packages/stereo_yolo3
[2.581s] byte-compiling /home/autonomous-car/Desktop/Autonomous_car_ros2/install/stereo_yolo3/lib/python3.6/site-packages/stereo_yolo3/run_this.py to run_this.cpython-36.pyc
[2.583s] byte-compiling /home/autonomous-car/Desktop/Autonomous_car_ros2/install/stereo_yolo3/lib/python3.6/site-packages/stereo_yolo3/__init__.py to __init__.cpython-36.pyc
[2.583s] running install_data
[2.586s] running install_egg_info
[2.586s] Copying /home/autonomous-car/Desktop/Autonomous_car_ros2/build/stereo_yolo3/stereo_yolo3.egg-info to /home/autonomous-car/Desktop/Autonomous_car_ros2/install/stereo_yolo3/lib/python3.6/site-packages/stereo_yolo3-0.0.0-py3.6.egg-info
[2.586s] running install_scripts
[2.600s] Installing stereo_image_pub script to /home/autonomous-car/Desktop/Autonomous_car_ros2/install/stereo_yolo3/lib/stereo_yolo3
[2.601s] writing list of installed files to '/home/autonomous-car/Desktop/Autonomous_car_ros2/build/stereo_yolo3/install.log'
