[0.014s] Invoking command in '/home/autonomous-car/Desktop/Autonomous_car_ros2/build/serial': /usr/bin/cmake /home/autonomous-car/Desktop/Autonomous_car_ros2/src/serial-ros2 -DCATKIN_INSTALL_INTO_PREFIX_ROOT=0 -DCMAKE_INSTALL_PREFIX=/home/autonomous-car/Desktop/Autonomous_car_ros2/install/serial
[0.027s] -- Using CATKIN_DEVEL_PREFIX: /home/autonomous-car/Desktop/Autonomous_car_ros2/build/serial/devel
[0.027s] -- Using CMAKE_PREFIX_PATH: /opt/ros/melodic
[0.027s] -- This workspace overlays: /opt/ros/melodic
[0.046s] -- Found PythonInterp: /usr/bin/python3 (found suitable version "3.6.9", minimum required is "3") 
[0.046s] -- Using PYTHON_EXECUTABLE: /usr/bin/python3
[0.046s] -- Using Debian Python package layout
[0.046s] -- Using empy: /usr/bin/empy
[0.157s] -- Using CATKIN_ENABLE_TESTING: ON
[0.157s] -- Call enable_testing()
[0.158s] -- Using CATKIN_TEST_RESULTS_DIR: /home/autonomous-car/Desktop/Autonomous_car_ros2/build/serial/test_results
[0.173s] -- Found gtest sources under '/usr/src/googletest': gtests will be built
[0.173s] -- Found gmock sources under '/usr/src/googletest': gmock will be built
[0.191s] -- Found PythonInterp: /usr/bin/python3 (found version "3.6.9") 
[0.196s] -- Using Python nosetests: /usr/bin/nosetests
[0.237s] -- catkin 0.7.20
[0.237s] -- BUILD_SHARED_LIBS is on
[0.377s] Traceback (most recent call last):
[0.377s]   File "/home/autonomous-car/Desktop/Autonomous_car_ros2/build/serial/catkin_generated/generate_cached_setup.py", line 22, in <module>
[0.377s]     code = generate_environment_script('/home/autonomous-car/Desktop/Autonomous_car_ros2/build/serial/devel/env.sh')
[0.377s]   File "/opt/ros/melodic/lib/python2.7/dist-packages/catkin/environment_cache.py", line 62, in generate_environment_script
[0.377s]     env_after = ast.literal_eval(output.decode('utf8'))
[0.377s]   File "/usr/lib/python3.6/ast.py", line 48, in literal_eval
[0.377s]     node_or_string = parse(node_or_string, mode='eval')
[0.377s]   File "/usr/lib/python3.6/ast.py", line 35, in parse
[0.377s]     return compile(source, filename, mode, PyCF_ONLY_AST)
[0.377s]   File "<unknown>", line 1
[0.377s]     ROS_DISTRO was set to 'eloquent' before. Please make sure that the environment does not mix paths from different distributions.
[0.377s]                  ^
[0.377s] SyntaxError: invalid syntax
[0.385s] CMake Error at /opt/ros/melodic/share/catkin/cmake/safe_execute_process.cmake:11 (message):
[0.385s]   execute_process(/usr/bin/python3
[0.385s]   "/home/autonomous-car/Desktop/Autonomous_car_ros2/build/serial/catkin_generated/generate_cached_setup.py")
[0.386s]   returned error code 1
[0.386s] Call Stack (most recent call first):
[0.386s]   /opt/ros/melodic/share/catkin/cmake/all.cmake:208 (safe_execute_process)
[0.386s]   /opt/ros/melodic/share/catkin/cmake/catkinConfig.cmake:20 (include)
[0.386s]   CMakeLists.txt:5 (find_package)
[0.386s] 
[0.386s] 
[0.386s] -- Configuring incomplete, errors occurred!
[0.386s] See also "/home/autonomous-car/Desktop/Autonomous_car_ros2/build/serial/CMakeFiles/CMakeOutput.log".
[0.386s] See also "/home/autonomous-car/Desktop/Autonomous_car_ros2/build/serial/CMakeFiles/CMakeError.log".
[0.678s] Invoked command in '/home/autonomous-car/Desktop/Autonomous_car_ros2/build/serial' returned '1': /usr/bin/cmake /home/autonomous-car/Desktop/Autonomous_car_ros2/src/serial-ros2 -DCATKIN_INSTALL_INTO_PREFIX_ROOT=0 -DCMAKE_INSTALL_PREFIX=/home/autonomous-car/Desktop/Autonomous_car_ros2/install/serial
